[ 2018-01-24T10:49:19+08:00 ] ::1 /enterprise/index.php/Home/Currency
INFO: [ app_init ] --START--
INFO: Run Behavior\BuildLiteBehavior [ RunTime:0.000000s ]
INFO: [ app_init ] --END-- [ RunTime:0.000000s ]
INFO: [ app_begin ] --START--
INFO: Run Behavior\ReadHtmlCacheBehavior [ RunTime:0.000000s ]
INFO: [ app_begin ] --END-- [ RunTime:0.000000s ]
ERR: 1146:Table 'wjy.enpr_info' doesn't exist
 [ SQL语句 ] : SHOW COLUMNS FROM `enpr_info`
ERR: 1146:Table 'wjy.enpr_info' doesn't exist
 [ SQL语句 ] : SHOW COLUMNS FROM `enpr_info`

[ 2018-01-24T10:49:36+08:00 ] ::1 /enterprise/index.php/Home/Currency
INFO: [ app_init ] --START--
INFO: Run Behavior\BuildLiteBehavior [ RunTime:0.000000s ]
INFO: [ app_init ] --END-- [ RunTime:0.000000s ]
INFO: [ app_begin ] --START--
INFO: Run Behavior\ReadHtmlCacheBehavior [ RunTime:0.000000s ]
INFO: [ app_begin ] --END-- [ RunTime:0.000000s ]
ERR: 1146:Table 'wjy.enpr_info' doesn't exist
 [ SQL语句 ] : SHOW COLUMNS FROM `enpr_info`
ERR: 1146:Table 'wjy.enpr_info' doesn't exist
 [ SQL语句 ] : SHOW COLUMNS FROM `enpr_info`

[ 2018-01-24T10:49:36+08:00 ] ::1 /enterprise/index.php/Home/Currency
INFO: [ app_init ] --START--
INFO: Run Behavior\BuildLiteBehavior [ RunTime:0.000000s ]
INFO: [ app_init ] --END-- [ RunTime:0.000000s ]
INFO: [ app_begin ] --START--
INFO: Run Behavior\ReadHtmlCacheBehavior [ RunTime:0.000000s ]
INFO: [ app_begin ] --END-- [ RunTime:0.000000s ]
ERR: 1146:Table 'wjy.enpr_info' doesn't exist
 [ SQL语句 ] : SHOW COLUMNS FROM `enpr_info`
ERR: 1146:Table 'wjy.enpr_info' doesn't exist
 [ SQL语句 ] : SHOW COLUMNS FROM `enpr_info`

[ 2018-01-24T10:49:54+08:00 ] ::1 /enterprise/index.php/Home/Currency
INFO: [ app_init ] --START--
INFO: Run Behavior\BuildLiteBehavior [ RunTime:0.000000s ]
INFO: [ app_init ] --END-- [ RunTime:0.000000s ]
INFO: [ app_begin ] --START--
INFO: Run Behavior\ReadHtmlCacheBehavior [ RunTime:0.000000s ]
INFO: [ app_begin ] --END-- [ RunTime:0.000000s ]
INFO: [ view_parse ] --START--
INFO: [ template_filter ] --START--
INFO: Run Behavior\ContentReplaceBehavior [ RunTime:0.000000s ]
INFO: [ template_filter ] --END-- [ RunTime:0.000000s ]
NOTIC: [8] Undefined variable: enprArr D:\wampp\htdocs\enterprise\Application\Runtime\Cache\Home\86b01305def131b1c62c3379c47a24b8.php 第 8 行.
NOTIC: [8] Undefined variable: enprArr D:\wampp\htdocs\enterprise\Application\Runtime\Cache\Home\86b01305def131b1c62c3379c47a24b8.php 第 33 行.
NOTIC: [8] Undefined variable: enprArr D:\wampp\htdocs\enterprise\Application\Runtime\Cache\Home\86b01305def131b1c62c3379c47a24b8.php 第 33 行.
NOTIC: [8] Undefined variable: enprArr D:\wampp\htdocs\enterprise\Application\Runtime\Cache\Home\86b01305def131b1c62c3379c47a24b8.php 第 47 行.
NOTIC: [8] Undefined variable: enprArr D:\wampp\htdocs\enterprise\Application\Runtime\Cache\Home\86b01305def131b1c62c3379c47a24b8.php 第 48 行.
NOTIC: [8] Undefined variable: enprArr D:\wampp\htdocs\enterprise\Application\Runtime\Cache\Home\86b01305def131b1c62c3379c47a24b8.php 第 51 行.
NOTIC: [8] Undefined variable: user D:\wampp\htdocs\enterprise\Application\Runtime\Cache\Home\86b01305def131b1c62c3379c47a24b8.php 第 62 行.
NOTIC: [8] Trying to get property of non-object D:\wampp\htdocs\enterprise\Application\Runtime\Cache\Home\86b01305def131b1c62c3379c47a24b8.php 第 62 行.
NOTIC: [8] Undefined variable: user D:\wampp\htdocs\enterprise\Application\Runtime\Cache\Home\86b01305def131b1c62c3379c47a24b8.php 第 75 行.
NOTIC: [8] Trying to get property of non-object D:\wampp\htdocs\enterprise\Application\Runtime\Cache\Home\86b01305def131b1c62c3379c47a24b8.php 第 75 行.
NOTIC: [8] Undefined variable: objects D:\wampp\htdocs\enterprise\Application\Runtime\Cache\Home\86b01305def131b1c62c3379c47a24b8.php 第 92 行.
NOTIC: [2] Invalid argument supplied for foreach() D:\wampp\htdocs\enterprise\Application\Runtime\Cache\Home\86b01305def131b1c62c3379c47a24b8.php 第 92 行.
NOTIC: [8] Undefined variable: enprArr D:\wampp\htdocs\enterprise\Application\Runtime\Cache\Home\86b01305def131b1c62c3379c47a24b8.php 第 106 行.
NOTIC: [8] Undefined variable: enprArr D:\wampp\htdocs\enterprise\Application\Runtime\Cache\Home\86b01305def131b1c62c3379c47a24b8.php 第 106 行.
INFO: Run Behavior\ParseTemplateBehavior [ RunTime:0.055003s ]
INFO: [ view_parse ] --END-- [ RunTime:0.055003s ]
INFO: [ view_filter ] --START--
INFO: Run Behavior\WriteHtmlCacheBehavior [ RunTime:0.001000s ]
INFO: [ view_filter ] --END-- [ RunTime:0.001000s ]
INFO: [ app_end ] --START--
INFO: Run Behavior\ShowPageTraceBehavior [ RunTime:0.000000s ]
INFO: [ app_end ] --END-- [ RunTime:0.000000s ]

[ 2018-01-24T10:50:18+08:00 ] ::1 /enterprise/index.php/Home/Currency
INFO: [ app_init ] --START--
INFO: Run Behavior\BuildLiteBehavior [ RunTime:0.000000s ]
INFO: [ app_init ] --END-- [ RunTime:0.001000s ]
INFO: [ app_begin ] --START--
INFO: Run Behavior\ReadHtmlCacheBehavior [ RunTime:0.000000s ]
INFO: [ app_begin ] --END-- [ RunTime:0.001000s ]
INFO: [ view_parse ] --START--
INFO: [ template_filter ] --START--
INFO: Run Behavior\ContentReplaceBehavior [ RunTime:0.000000s ]
INFO: [ template_filter ] --END-- [ RunTime:0.000000s ]
NOTIC: [8] Undefined variable: enprArr D:\wampp\htdocs\enterprise\Application\Runtime\Cache\Home\86b01305def131b1c62c3379c47a24b8.php 第 8 行.
NOTIC: [8] Undefined variable: user D:\wampp\htdocs\enterprise\Application\Runtime\Cache\Home\86b01305def131b1c62c3379c47a24b8.php 第 23 行.
NOTIC: [8] Trying to get property of non-object D:\wampp\htdocs\enterprise\Application\Runtime\Cache\Home\86b01305def131b1c62c3379c47a24b8.php 第 23 行.
NOTIC: [8] Undefined variable: user D:\wampp\htdocs\enterprise\Application\Runtime\Cache\Home\86b01305def131b1c62c3379c47a24b8.php 第 36 行.
NOTIC: [8] Trying to get property of non-object D:\wampp\htdocs\enterprise\Application\Runtime\Cache\Home\86b01305def131b1c62c3379c47a24b8.php 第 36 行.
NOTIC: [8] Undefined variable: objects D:\wampp\htdocs\enterprise\Application\Runtime\Cache\Home\86b01305def131b1c62c3379c47a24b8.php 第 53 行.
NOTIC: [2] Invalid argument supplied for foreach() D:\wampp\htdocs\enterprise\Application\Runtime\Cache\Home\86b01305def131b1c62c3379c47a24b8.php 第 53 行.
INFO: Run Behavior\ParseTemplateBehavior [ RunTime:0.009001s ]
INFO: [ view_parse ] --END-- [ RunTime:0.011001s ]
INFO: [ view_filter ] --START--
INFO: Run Behavior\WriteHtmlCacheBehavior [ RunTime:0.000000s ]
INFO: [ view_filter ] --END-- [ RunTime:0.000000s ]
INFO: [ app_end ] --START--
INFO: Run Behavior\ShowPageTraceBehavior [ RunTime:0.002000s ]
INFO: [ app_end ] --END-- [ RunTime:0.002000s ]

[ 2018-01-24T10:54:01+08:00 ] ::1 /enterprise/index.php/Home/Currency
INFO: [ app_init ] --START--
INFO: Run Behavior\BuildLiteBehavior [ RunTime:0.000000s ]
INFO: [ app_init ] --END-- [ RunTime:0.000000s ]
INFO: [ app_begin ] --START--
INFO: Run Behavior\ReadHtmlCacheBehavior [ RunTime:0.002000s ]
INFO: [ app_begin ] --END-- [ RunTime:0.002000s ]
SQL: SHOW COLUMNS FROM `objects` [ RunTime:0.0030s ]
SQL: SELECT * FROM `objects` WHERE ( is_disabled=0 ) ORDER BY body_rank desc  [ RunTime:0.0000s ]
INFO: [ view_parse ] --START--
INFO: [ template_filter ] --START--
INFO: Run Behavior\ContentReplaceBehavior [ RunTime:0.000000s ]
INFO: [ template_filter ] --END-- [ RunTime:0.000000s ]
NOTIC: [8] Undefined variable: enprArr D:\wampp\htdocs\enterprise\Application\Runtime\Cache\Home\86b01305def131b1c62c3379c47a24b8.php 第 8 行.
NOTIC: [8] Undefined variable: user D:\wampp\htdocs\enterprise\Application\Runtime\Cache\Home\86b01305def131b1c62c3379c47a24b8.php 第 23 行.
NOTIC: [8] Trying to get property of non-object D:\wampp\htdocs\enterprise\Application\Runtime\Cache\Home\86b01305def131b1c62c3379c47a24b8.php 第 23 行.
NOTIC: [8] Undefined variable: user D:\wampp\htdocs\enterprise\Application\Runtime\Cache\Home\86b01305def131b1c62c3379c47a24b8.php 第 36 行.
NOTIC: [8] Trying to get property of non-object D:\wampp\htdocs\enterprise\Application\Runtime\Cache\Home\86b01305def131b1c62c3379c47a24b8.php 第 36 行.
NOTIC: [8] Trying to get property of non-object D:\wampp\htdocs\enterprise\Application\Runtime\Cache\Home\86b01305def131b1c62c3379c47a24b8.php 第 54 行.
NOTIC: [8] Trying to get property of non-object D:\wampp\htdocs\enterprise\Application\Runtime\Cache\Home\86b01305def131b1c62c3379c47a24b8.php 第 55 行.
NOTIC: [8] Trying to get property of non-object D:\wampp\htdocs\enterprise\Application\Runtime\Cache\Home\86b01305def131b1c62c3379c47a24b8.php 第 55 行.
NOTIC: [8] Trying to get property of non-object D:\wampp\htdocs\enterprise\Application\Runtime\Cache\Home\86b01305def131b1c62c3379c47a24b8.php 第 57 行.
NOTIC: [8] Trying to get property of non-object D:\wampp\htdocs\enterprise\Application\Runtime\Cache\Home\86b01305def131b1c62c3379c47a24b8.php 第 57 行.
NOTIC: [8] Trying to get property of non-object D:\wampp\htdocs\enterprise\Application\Runtime\Cache\Home\86b01305def131b1c62c3379c47a24b8.php 第 57 行.
NOTIC: [8] Trying to get property of non-object D:\wampp\htdocs\enterprise\Application\Runtime\Cache\Home\86b01305def131b1c62c3379c47a24b8.php 第 57 行.
NOTIC: [8] Trying to get property of non-object D:\wampp\htdocs\enterprise\Application\Runtime\Cache\Home\86b01305def131b1c62c3379c47a24b8.php 第 59 行.
NOTIC: [8] Trying to get property of non-object D:\wampp\htdocs\enterprise\Application\Runtime\Cache\Home\86b01305def131b1c62c3379c47a24b8.php 第 59 行.
NOTIC: [8] Trying to get property of non-object D:\wampp\htdocs\enterprise\Application\Runtime\Cache\Home\86b01305def131b1c62c3379c47a24b8.php 第 59 行.
NOTIC: [8] Trying to get property of non-object D:\wampp\htdocs\enterprise\Application\Runtime\Cache\Home\86b01305def131b1c62c3379c47a24b8.php 第 59 行.
NOTIC: [8] Trying to get property of non-object D:\wampp\htdocs\enterprise\Application\Runtime\Cache\Home\86b01305def131b1c62c3379c47a24b8.php 第 54 行.
NOTIC: [8] Trying to get property of non-object D:\wampp\htdocs\enterprise\Application\Runtime\Cache\Home\86b01305def131b1c62c3379c47a24b8.php 第 55 行.
NOTIC: [8] Trying to get property of non-object D:\wampp\htdocs\enterprise\Application\Runtime\Cache\Home\86b01305def131b1c62c3379c47a24b8.php 第 55 行.
NOTIC: [8] Trying to get property of non-object D:\wampp\htdocs\enterprise\Application\Runtime\Cache\Home\86b01305def131b1c62c3379c47a24b8.php 第 57 行.
NOTIC: [8] Trying to get property of non-object D:\wampp\htdocs\enterprise\Application\Runtime\Cache\Home\86b01305def131b1c62c3379c47a24b8.php 第 57 行.
NOTIC: [8] Trying to get property of non-object D:\wampp\htdocs\enterprise\Application\Runtime\Cache\Home\86b01305def131b1c62c3379c47a24b8.php 第 57 行.
NOTIC: [8] Trying to get property of non-object D:\wampp\htdocs\enterprise\Application\Runtime\Cache\Home\86b01305def131b1c62c3379c47a24b8.php 第 57 行.
NOTIC: [8] Trying to get property of non-object D:\wampp\htdocs\enterprise\Application\Runtime\Cache\Home\86b01305def131b1c62c3379c47a24b8.php 第 59 行.
NOTIC: [8] Trying to get property of non-object D:\wampp\htdocs\enterprise\Application\Runtime\Cache\Home\86b01305def131b1c62c3379c47a24b8.php 第 59 行.
NOTIC: [8] Trying to get property of non-object D:\wampp\htdocs\enterprise\Application\Runtime\Cache\Home\86b01305def131b1c62c3379c47a24b8.php 第 59 行.
NOTIC: [8] Trying to get property of non-object D:\wampp\htdocs\enterprise\Application\Runtime\Cache\Home\86b01305def131b1c62c3379c47a24b8.php 第 59 行.
NOTIC: [8] Trying to get property of non-object D:\wampp\htdocs\enterprise\Application\Runtime\Cache\Home\86b01305def131b1c62c3379c47a24b8.php 第 54 行.
NOTIC: [8] Trying to get property of non-object D:\wampp\htdocs\enterprise\Application\Runtime\Cache\Home\86b01305def131b1c62c3379c47a24b8.php 第 55 行.
NOTIC: [8] Trying to get property of non-object D:\wampp\htdocs\enterprise\Application\Runtime\Cache\Home\86b01305def131b1c62c3379c47a24b8.php 第 55 行.
NOTIC: [8] Trying to get property of non-object D:\wampp\htdocs\enterprise\Application\Runtime\Cache\Home\86b01305def131b1c62c3379c47a24b8.php 第 57 行.
NOTIC: [8] Trying to get property of non-object D:\wampp\htdocs\enterprise\Application\Runtime\Cache\Home\86b01305def131b1c62c3379c47a24b8.php 第 57 行.
NOTIC: [8] Trying to get property of non-object D:\wampp\htdocs\enterprise\Application\Runtime\Cache\Home\86b01305def131b1c62c3379c47a24b8.php 第 57 行.
NOTIC: [8] Trying to get property of non-object D:\wampp\htdocs\enterprise\Application\Runtime\Cache\Home\86b01305def131b1c62c3379c47a24b8.php 第 57 行.
NOTIC: [8] Trying to get property of non-object D:\wampp\htdocs\enterprise\Application\Runtime\Cache\Home\86b01305def131b1c62c3379c47a24b8.php 第 59 行.
NOTIC: [8] Trying to get property of non-object D:\wampp\htdocs\enterprise\Application\Runtime\Cache\Home\86b01305def131b1c62c3379c47a24b8.php 第 59 行.
NOTIC: [8] Trying to get property of non-object D:\wampp\htdocs\enterprise\Application\Runtime\Cache\Home\86b01305def131b1c62c3379c47a24b8.php 第 59 行.
NOTIC: [8] Trying to get property of non-object D:\wampp\htdocs\enterprise\Application\Runtime\Cache\Home\86b01305def131b1c62c3379c47a24b8.php 第 59 行.
NOTIC: [8] Trying to get property of non-object D:\wampp\htdocs\enterprise\Application\Runtime\Cache\Home\86b01305def131b1c62c3379c47a24b8.php 第 54 行.
NOTIC: [8] Trying to get property of non-object D:\wampp\htdocs\enterprise\Application\Runtime\Cache\Home\86b01305def131b1c62c3379c47a24b8.php 第 55 行.
NOTIC: [8] Trying to get property of non-object D:\wampp\htdocs\enterprise\Application\Runtime\Cache\Home\86b01305def131b1c62c3379c47a24b8.php 第 55 行.
NOTIC: [8] Trying to get property of non-object D:\wampp\htdocs\enterprise\Application\Runtime\Cache\Home\86b01305def131b1c62c3379c47a24b8.php 第 57 行.
NOTIC: [8] Trying to get property of non-object D:\wampp\htdocs\enterprise\Application\Runtime\Cache\Home\86b01305def131b1c62c3379c47a24b8.php 第 57 行.
NOTIC: [8] Trying to get property of non-object D:\wampp\htdocs\enterprise\Application\Runtime\Cache\Home\86b01305def131b1c62c3379c47a24b8.php 第 57 行.
NOTIC: [8] Trying to get property of non-object D:\wampp\htdocs\enterprise\Application\Runtime\Cache\Home\86b01305def131b1c62c3379c47a24b8.php 第 57 行.
NOTIC: [8] Trying to get property of non-object D:\wampp\htdocs\enterprise\Application\Runtime\Cache\Home\86b01305def131b1c62c3379c47a24b8.php 第 59 行.
NOTIC: [8] Trying to get property of non-object D:\wampp\htdocs\enterprise\Application\Runtime\Cache\Home\86b01305def131b1c62c3379c47a24b8.php 第 59 行.
NOTIC: [8] Trying to get property of non-object D:\wampp\htdocs\enterprise\Application\Runtime\Cache\Home\86b01305def131b1c62c3379c47a24b8.php 第 59 行.
NOTIC: [8] Trying to get property of non-object D:\wampp\htdocs\enterprise\Application\Runtime\Cache\Home\86b01305def131b1c62c3379c47a24b8.php 第 59 行.
NOTIC: [8] Trying to get property of non-object D:\wampp\htdocs\enterprise\Application\Runtime\Cache\Home\86b01305def131b1c62c3379c47a24b8.php 第 54 行.
NOTIC: [8] Trying to get property of non-object D:\wampp\htdocs\enterprise\Application\Runtime\Cache\Home\86b01305def131b1c62c3379c47a24b8.php 第 55 行.
NOTIC: [8] Trying to get property of non-object D:\wampp\htdocs\enterprise\Application\Runtime\Cache\Home\86b01305def131b1c62c3379c47a24b8.php 第 55 行.
NOTIC: [8] Trying to get property of non-object D:\wampp\htdocs\enterprise\Application\Runtime\Cache\Home\86b01305def131b1c62c3379c47a24b8.php 第 57 行.
NOTIC: [8] Trying to get property of non-object D:\wampp\htdocs\enterprise\Application\Runtime\Cache\Home\86b01305def131b1c62c3379c47a24b8.php 第 57 行.
NOTIC: [8] Trying to get property of non-object D:\wampp\htdocs\enterprise\Application\Runtime\Cache\Home\86b01305def131b1c62c3379c47a24b8.php 第 57 行.
NOTIC: [8] Trying to get property of non-object D:\wampp\htdocs\enterprise\Application\Runtime\Cache\Home\86b01305def131b1c62c3379c47a24b8.php 第 57 行.
NOTIC: [8] Trying to get property of non-object D:\wampp\htdocs\enterprise\Application\Runtime\Cache\Home\86b01305def131b1c62c3379c47a24b8.php 第 59 行.
NOTIC: [8] Trying to get property of non-object D:\wampp\htdocs\enterprise\Application\Runtime\Cache\Home\86b01305def131b1c62c3379c47a24b8.php 第 59 行.
NOTIC: [8] Trying to get property of non-object D:\wampp\htdocs\enterprise\Application\Runtime\Cache\Home\86b01305def131b1c62c3379c47a24b8.php 第 59 行.
NOTIC: [8] Trying to get property of non-object D:\wampp\htdocs\enterprise\Application\Runtime\Cache\Home\86b01305def131b1c62c3379c47a24b8.php 第 59 行.
NOTIC: [8] Trying to get property of non-object D:\wampp\htdocs\enterprise\Application\Runtime\Cache\Home\86b01305def131b1c62c3379c47a24b8.php 第 54 行.
NOTIC: [8] Trying to get property of non-object D:\wampp\htdocs\enterprise\Application\Runtime\Cache\Home\86b01305def131b1c62c3379c47a24b8.php 第 55 行.
NOTIC: [8] Trying to get property of non-object D:\wampp\htdocs\enterprise\Application\Runtime\Cache\Home\86b01305def131b1c62c3379c47a24b8.php 第 55 行.
NOTIC: [8] Trying to get property of non-object D:\wampp\htdocs\enterprise\Application\Runtime\Cache\Home\86b01305def131b1c62c3379c47a24b8.php 第 57 行.
NOTIC: [8] Trying to get property of non-object D:\wampp\htdocs\enterprise\Application\Runtime\Cache\Home\86b01305def131b1c62c3379c47a24b8.php 第 57 行.
NOTIC: [8] Trying to get property of non-object D:\wampp\htdocs\enterprise\Application\Runtime\Cache\Home\86b01305def131b1c62c3379c47a24b8.php 第 57 行.
NOTIC: [8] Trying to get property of non-object D:\wampp\htdocs\enterprise\Application\Runtime\Cache\Home\86b01305def131b1c62c3379c47a24b8.php 第 57 行.
NOTIC: [8] Trying to get property of non-object D:\wampp\htdocs\enterprise\Application\Runtime\Cache\Home\86b01305def131b1c62c3379c47a24b8.php 第 59 行.
NOTIC: [8] Trying to get property of non-object D:\wampp\htdocs\enterprise\Application\Runtime\Cache\Home\86b01305def131b1c62c3379c47a24b8.php 第 59 行.
NOTIC: [8] Trying to get property of non-object D:\wampp\htdocs\enterprise\Application\Runtime\Cache\Home\86b01305def131b1c62c3379c47a24b8.php 第 59 行.
NOTIC: [8] Trying to get property of non-object D:\wampp\htdocs\enterprise\Application\Runtime\Cache\Home\86b01305def131b1c62c3379c47a24b8.php 第 59 行.
NOTIC: [8] Trying to get property of non-object D:\wampp\htdocs\enterprise\Application\Runtime\Cache\Home\86b01305def131b1c62c3379c47a24b8.php 第 54 行.
NOTIC: [8] Trying to get property of non-object D:\wampp\htdocs\enterprise\Application\Runtime\Cache\Home\86b01305def131b1c62c3379c47a24b8.php 第 55 行.
NOTIC: [8] Trying to get property of non-object D:\wampp\htdocs\enterprise\Application\Runtime\Cache\Home\86b01305def131b1c62c3379c47a24b8.php 第 55 行.
NOTIC: [8] Trying to get property of non-object D:\wampp\htdocs\enterprise\Application\Runtime\Cache\Home\86b01305def131b1c62c3379c47a24b8.php 第 57 行.
NOTIC: [8] Trying to get property of non-object D:\wampp\htdocs\enterprise\Application\Runtime\Cache\Home\86b01305def131b1c62c3379c47a24b8.php 第 57 行.
NOTIC: [8] Trying to get property of non-object D:\wampp\htdocs\enterprise\Application\Runtime\Cache\Home\86b01305def131b1c62c3379c47a24b8.php 第 57 行.
NOTIC: [8] Trying to get property of non-object D:\wampp\htdocs\enterprise\Application\Runtime\Cache\Home\86b01305def131b1c62c3379c47a24b8.php 第 57 行.
NOTIC: [8] Trying to get property of non-object D:\wampp\htdocs\enterprise\Application\Runtime\Cache\Home\86b01305def131b1c62c3379c47a24b8.php 第 59 行.
NOTIC: [8] Trying to get property of non-object D:\wampp\htdocs\enterprise\Application\Runtime\Cache\Home\86b01305def131b1c62c3379c47a24b8.php 第 59 行.
NOTIC: [8] Trying to get property of non-object D:\wampp\htdocs\enterprise\Application\Runtime\Cache\Home\86b01305def131b1c62c3379c47a24b8.php 第 59 行.
NOTIC: [8] Trying to get property of non-object D:\wampp\htdocs\enterprise\Application\Runtime\Cache\Home\86b01305def131b1c62c3379c47a24b8.php 第 59 行.
NOTIC: [8] Trying to get property of non-object D:\wampp\htdocs\enterprise\Application\Runtime\Cache\Home\86b01305def131b1c62c3379c47a24b8.php 第 54 行.
NOTIC: [8] Trying to get property of non-object D:\wampp\htdocs\enterprise\Application\Runtime\Cache\Home\86b01305def131b1c62c3379c47a24b8.php 第 55 行.
NOTIC: [8] Trying to get property of non-object D:\wampp\htdocs\enterprise\Application\Runtime\Cache\Home\86b01305def131b1c62c3379c47a24b8.php 第 55 行.
NOTIC: [8] Trying to get property of non-object D:\wampp\htdocs\enterprise\Application\Runtime\Cache\Home\86b01305def131b1c62c3379c47a24b8.php 第 57 行.
NOTIC: [8] Trying to get property of non-object D:\wampp\htdocs\enterprise\Application\Runtime\Cache\Home\86b01305def131b1c62c3379c47a24b8.php 第 57 行.
NOTIC: [8] Trying to get property of non-object D:\wampp\htdocs\enterprise\Application\Runtime\Cache\Home\86b01305def131b1c62c3379c47a24b8.php 第 57 行.
NOTIC: [8] Trying to get property of non-object D:\wampp\htdocs\enterprise\Application\Runtime\Cache\Home\86b01305def131b1c62c3379c47a24b8.php 第 57 行.
NOTIC: [8] Trying to get property of non-object D:\wampp\htdocs\enterprise\Application\Runtime\Cache\Home\86b01305def131b1c62c3379c47a24b8.php 第 59 行.
NOTIC: [8] Trying to get property of non-object D:\wampp\htdocs\enterprise\Application\Runtime\Cache\Home\86b01305def131b1c62c3379c47a24b8.php 第 59 行.
NOTIC: [8] Trying to get property of non-object D:\wampp\htdocs\enterprise\Application\Runtime\Cache\Home\86b01305def131b1c62c3379c47a24b8.php 第 59 行.
NOTIC: [8] Trying to get property of non-object D:\wampp\htdocs\enterprise\Application\Runtime\Cache\Home\86b01305def131b1c62c3379c47a24b8.php 第 59 行.
NOTIC: [8] Trying to get property of non-object D:\wampp\htdocs\enterprise\Application\Runtime\Cache\Home\86b01305def131b1c62c3379c47a24b8.php 第 54 行.
NOTIC: [8] Trying to get property of non-object D:\wampp\htdocs\enterprise\Application\Runtime\Cache\Home\86b01305def131b1c62c3379c47a24b8.php 第 55 行.
NOTIC: [8] Trying to get property of non-object D:\wampp\htdocs\enterprise\Application\Runtime\Cache\Home\86b01305def131b1c62c3379c47a24b8.php 第 55 行.
NOTIC: [8] Trying to get property of non-object D:\wampp\htdocs\enterprise\Application\Runtime\Cache\Home\86b01305def131b1c62c3379c47a24b8.php 第 57 行.
NOTIC: [8] Trying to get property of non-object D:\wampp\htdocs\enterprise\Application\Runtime\Cache\Home\86b01305def131b1c62c3379c47a24b8.php 第 57 行.
NOTIC: [8] Trying to get property of non-object D:\wampp\htdocs\enterprise\Application\Runtime\Cache\Home\86b01305def131b1c62c3379c47a24b8.php 第 57 行.
NOTIC: [8] Trying to get property of non-object D:\wampp\htdocs\enterprise\Application\Runtime\Cache\Home\86b01305def131b1c62c3379c47a24b8.php 第 57 行.
NOTIC: [8] Trying to get property of non-object D:\wampp\htdocs\enterprise\Application\Runtime\Cache\Home\86b01305def131b1c62c3379c47a24b8.php 第 59 行.
NOTIC: [8] Trying to get property of non-object D:\wampp\htdocs\enterprise\Application\Runtime\Cache\Home\86b01305def131b1c62c3379c47a24b8.php 第 59 行.
NOTIC: [8] Trying to get property of non-object D:\wampp\htdocs\enterprise\Application\Runtime\Cache\Home\86b01305def131b1c62c3379c47a24b8.php 第 59 行.
NOTIC: [8] Trying to get property of non-object D:\wampp\htdocs\enterprise\Application\Runtime\Cache\Home\86b01305def131b1c62c3379c47a24b8.php 第 59 行.
INFO: Run Behavior\ParseTemplateBehavior [ RunTime:0.012000s ]
INFO: [ view_parse ] --END-- [ RunTime:0.012000s ]
INFO: [ view_filter ] --START--
INFO: Run Behavior\WriteHtmlCacheBehavior [ RunTime:0.003000s ]
INFO: [ view_filter ] --END-- [ RunTime:0.003000s ]
INFO: [ app_end ] --START--
INFO: Run Behavior\ShowPageTraceBehavior [ RunTime:0.003001s ]
INFO: [ app_end ] --END-- [ RunTime:0.003001s ]

[ 2018-01-24T17:17:03+08:00 ] ::1 /enterprise/index.php/Home/Currency
INFO: [ app_init ] --START--
INFO: Run Behavior\BuildLiteBehavior [ RunTime:0.000000s ]
INFO: [ app_init ] --END-- [ RunTime:0.001000s ]
INFO: [ app_begin ] --START--
INFO: Run Behavior\ReadHtmlCacheBehavior [ RunTime:0.001000s ]
INFO: [ app_begin ] --END-- [ RunTime:0.001000s ]
SQL: SHOW COLUMNS FROM `objects` [ RunTime:0.0030s ]
SQL: SELECT * FROM `objects` WHERE ( is_disabled=0 ) ORDER BY body_rank desc  [ RunTime:0.0000s ]
INFO: [ view_parse ] --START--
INFO: [ template_filter ] --START--
INFO: Run Behavior\ContentReplaceBehavior [ RunTime:0.000000s ]
INFO: [ template_filter ] --END-- [ RunTime:0.000000s ]
NOTIC: [8] Undefined variable: enprArr D:\wampp\htdocs\enterprise\Application\Runtime\Cache\Home\86b01305def131b1c62c3379c47a24b8.php 第 8 行.
NOTIC: [8] Undefined variable: user D:\wampp\htdocs\enterprise\Application\Runtime\Cache\Home\86b01305def131b1c62c3379c47a24b8.php 第 23 行.
NOTIC: [8] Trying to get property of non-object D:\wampp\htdocs\enterprise\Application\Runtime\Cache\Home\86b01305def131b1c62c3379c47a24b8.php 第 23 行.
NOTIC: [8] Undefined variable: user D:\wampp\htdocs\enterprise\Application\Runtime\Cache\Home\86b01305def131b1c62c3379c47a24b8.php 第 36 行.
NOTIC: [8] Trying to get property of non-object D:\wampp\htdocs\enterprise\Application\Runtime\Cache\Home\86b01305def131b1c62c3379c47a24b8.php 第 36 行.
NOTIC: [8] Trying to get property of non-object D:\wampp\htdocs\enterprise\Application\Runtime\Cache\Home\86b01305def131b1c62c3379c47a24b8.php 第 54 行.
NOTIC: [8] Trying to get property of non-object D:\wampp\htdocs\enterprise\Application\Runtime\Cache\Home\86b01305def131b1c62c3379c47a24b8.php 第 57 行.
NOTIC: [8] Trying to get property of non-object D:\wampp\htdocs\enterprise\Application\Runtime\Cache\Home\86b01305def131b1c62c3379c47a24b8.php 第 57 行.
NOTIC: [8] Trying to get property of non-object D:\wampp\htdocs\enterprise\Application\Runtime\Cache\Home\86b01305def131b1c62c3379c47a24b8.php 第 57 行.
NOTIC: [8] Trying to get property of non-object D:\wampp\htdocs\enterprise\Application\Runtime\Cache\Home\86b01305def131b1c62c3379c47a24b8.php 第 57 行.
NOTIC: [8] Trying to get property of non-object D:\wampp\htdocs\enterprise\Application\Runtime\Cache\Home\86b01305def131b1c62c3379c47a24b8.php 第 59 行.
NOTIC: [8] Trying to get property of non-object D:\wampp\htdocs\enterprise\Application\Runtime\Cache\Home\86b01305def131b1c62c3379c47a24b8.php 第 59 行.
NOTIC: [8] Trying to get property of non-object D:\wampp\htdocs\enterprise\Application\Runtime\Cache\Home\86b01305def131b1c62c3379c47a24b8.php 第 59 行.
NOTIC: [8] Trying to get property of non-object D:\wampp\htdocs\enterprise\Application\Runtime\Cache\Home\86b01305def131b1c62c3379c47a24b8.php 第 59 行.
NOTIC: [8] Trying to get property of non-object D:\wampp\htdocs\enterprise\Application\Runtime\Cache\Home\86b01305def131b1c62c3379c47a24b8.php 第 54 行.
NOTIC: [8] Trying to get property of non-object D:\wampp\htdocs\enterprise\Application\Runtime\Cache\Home\86b01305def131b1c62c3379c47a24b8.php 第 57 行.
NOTIC: [8] Trying to get property of non-object D:\wampp\htdocs\enterprise\Application\Runtime\Cache\Home\86b01305def131b1c62c3379c47a24b8.php 第 57 行.
NOTIC: [8] Trying to get property of non-object D:\wampp\htdocs\enterprise\Application\Runtime\Cache\Home\86b01305def131b1c62c3379c47a24b8.php 第 57 行.
NOTIC: [8] Trying to get property of non-object D:\wampp\htdocs\enterprise\Application\Runtime\Cache\Home\86b01305def131b1c62c3379c47a24b8.php 第 57 行.
NOTIC: [8] Trying to get property of non-object D:\wampp\htdocs\enterprise\Application\Runtime\Cache\Home\86b01305def131b1c62c3379c47a24b8.php 第 59 行.
NOTIC: [8] Trying to get property of non-object D:\wampp\htdocs\enterprise\Application\Runtime\Cache\Home\86b01305def131b1c62c3379c47a24b8.php 第 59 行.
NOTIC: [8] Trying to get property of non-object D:\wampp\htdocs\enterprise\Application\Runtime\Cache\Home\86b01305def131b1c62c3379c47a24b8.php 第 59 行.
NOTIC: [8] Trying to get property of non-object D:\wampp\htdocs\enterprise\Application\Runtime\Cache\Home\86b01305def131b1c62c3379c47a24b8.php 第 59 行.
NOTIC: [8] Trying to get property of non-object D:\wampp\htdocs\enterprise\Application\Runtime\Cache\Home\86b01305def131b1c62c3379c47a24b8.php 第 54 行.
NOTIC: [8] Trying to get property of non-object D:\wampp\htdocs\enterprise\Application\Runtime\Cache\Home\86b01305def131b1c62c3379c47a24b8.php 第 57 行.
NOTIC: [8] Trying to get property of non-object D:\wampp\htdocs\enterprise\Application\Runtime\Cache\Home\86b01305def131b1c62c3379c47a24b8.php 第 57 行.
NOTIC: [8] Trying to get property of non-object D:\wampp\htdocs\enterprise\Application\Runtime\Cache\Home\86b01305def131b1c62c3379c47a24b8.php 第 57 行.
NOTIC: [8] Trying to get property of non-object D:\wampp\htdocs\enterprise\Application\Runtime\Cache\Home\86b01305def131b1c62c3379c47a24b8.php 第 57 行.
NOTIC: [8] Trying to get property of non-object D:\wampp\htdocs\enterprise\Application\Runtime\Cache\Home\86b01305def131b1c62c3379c47a24b8.php 第 59 行.
NOTIC: [8] Trying to get property of non-object D:\wampp\htdocs\enterprise\Application\Runtime\Cache\Home\86b01305def131b1c62c3379c47a24b8.php 第 59 行.
NOTIC: [8] Trying to get property of non-object D:\wampp\htdocs\enterprise\Application\Runtime\Cache\Home\86b01305def131b1c62c3379c47a24b8.php 第 59 行.
NOTIC: [8] Trying to get property of non-object D:\wampp\htdocs\enterprise\Application\Runtime\Cache\Home\86b01305def131b1c62c3379c47a24b8.php 第 59 行.
NOTIC: [8] Trying to get property of non-object D:\wampp\htdocs\enterprise\Application\Runtime\Cache\Home\86b01305def131b1c62c3379c47a24b8.php 第 54 行.
NOTIC: [8] Trying to get property of non-object D:\wampp\htdocs\enterprise\Application\Runtime\Cache\Home\86b01305def131b1c62c3379c47a24b8.php 第 57 行.
NOTIC: [8] Trying to get property of non-object D:\wampp\htdocs\enterprise\Application\Runtime\Cache\Home\86b01305def131b1c62c3379c47a24b8.php 第 57 行.
NOTIC: [8] Trying to get property of non-object D:\wampp\htdocs\enterprise\Application\Runtime\Cache\Home\86b01305def131b1c62c3379c47a24b8.php 第 57 行.
NOTIC: [8] Trying to get property of non-object D:\wampp\htdocs\enterprise\Application\Runtime\Cache\Home\86b01305def131b1c62c3379c47a24b8.php 第 57 行.
NOTIC: [8] Trying to get property of non-object D:\wampp\htdocs\enterprise\Application\Runtime\Cache\Home\86b01305def131b1c62c3379c47a24b8.php 第 59 行.
NOTIC: [8] Trying to get property of non-object D:\wampp\htdocs\enterprise\Application\Runtime\Cache\Home\86b01305def131b1c62c3379c47a24b8.php 第 59 行.
NOTIC: [8] Trying to get property of non-object D:\wampp\htdocs\enterprise\Application\Runtime\Cache\Home\86b01305def131b1c62c3379c47a24b8.php 第 59 行.
NOTIC: [8] Trying to get property of non-object D:\wampp\htdocs\enterprise\Application\Runtime\Cache\Home\86b01305def131b1c62c3379c47a24b8.php 第 59 行.
NOTIC: [8] Trying to get property of non-object D:\wampp\htdocs\enterprise\Application\Runtime\Cache\Home\86b01305def131b1c62c3379c47a24b8.php 第 54 行.
NOTIC: [8] Trying to get property of non-object D:\wampp\htdocs\enterprise\Application\Runtime\Cache\Home\86b01305def131b1c62c3379c47a24b8.php 第 57 行.
NOTIC: [8] Trying to get property of non-object D:\wampp\htdocs\enterprise\Application\Runtime\Cache\Home\86b01305def131b1c62c3379c47a24b8.php 第 57 行.
NOTIC: [8] Trying to get property of non-object D:\wampp\htdocs\enterprise\Application\Runtime\Cache\Home\86b01305def131b1c62c3379c47a24b8.php 第 57 行.
NOTIC: [8] Trying to get property of non-object D:\wampp\htdocs\enterprise\Application\Runtime\Cache\Home\86b01305def131b1c62c3379c47a24b8.php 第 57 行.
NOTIC: [8] Trying to get property of non-object D:\wampp\htdocs\enterprise\Application\Runtime\Cache\Home\86b01305def131b1c62c3379c47a24b8.php 第 59 行.
NOTIC: [8] Trying to get property of non-object D:\wampp\htdocs\enterprise\Application\Runtime\Cache\Home\86b01305def131b1c62c3379c47a24b8.php 第 59 行.
NOTIC: [8] Trying to get property of non-object D:\wampp\htdocs\enterprise\Application\Runtime\Cache\Home\86b01305def131b1c62c3379c47a24b8.php 第 59 行.
NOTIC: [8] Trying to get property of non-object D:\wampp\htdocs\enterprise\Application\Runtime\Cache\Home\86b01305def131b1c62c3379c47a24b8.php 第 59 行.
NOTIC: [8] Trying to get property of non-object D:\wampp\htdocs\enterprise\Application\Runtime\Cache\Home\86b01305def131b1c62c3379c47a24b8.php 第 54 行.
NOTIC: [8] Trying to get property of non-object D:\wampp\htdocs\enterprise\Application\Runtime\Cache\Home\86b01305def131b1c62c3379c47a24b8.php 第 57 行.
NOTIC: [8] Trying to get property of non-object D:\wampp\htdocs\enterprise\Application\Runtime\Cache\Home\86b01305def131b1c62c3379c47a24b8.php 第 57 行.
NOTIC: [8] Trying to get property of non-object D:\wampp\htdocs\enterprise\Application\Runtime\Cache\Home\86b01305def131b1c62c3379c47a24b8.php 第 57 行.
NOTIC: [8] Trying to get property of non-object D:\wampp\htdocs\enterprise\Application\Runtime\Cache\Home\86b01305def131b1c62c3379c47a24b8.php 第 57 行.
NOTIC: [8] Trying to get property of non-object D:\wampp\htdocs\enterprise\Application\Runtime\Cache\Home\86b01305def131b1c62c3379c47a24b8.php 第 59 行.
NOTIC: [8] Trying to get property of non-object D:\wampp\htdocs\enterprise\Application\Runtime\Cache\Home\86b01305def131b1c62c3379c47a24b8.php 第 59 行.
NOTIC: [8] Trying to get property of non-object D:\wampp\htdocs\enterprise\Application\Runtime\Cache\Home\86b01305def131b1c62c3379c47a24b8.php 第 59 行.
NOTIC: [8] Trying to get property of non-object D:\wampp\htdocs\enterprise\Application\Runtime\Cache\Home\86b01305def131b1c62c3379c47a24b8.php 第 59 行.
NOTIC: [8] Trying to get property of non-object D:\wampp\htdocs\enterprise\Application\Runtime\Cache\Home\86b01305def131b1c62c3379c47a24b8.php 第 54 行.
NOTIC: [8] Trying to get property of non-object D:\wampp\htdocs\enterprise\Application\Runtime\Cache\Home\86b01305def131b1c62c3379c47a24b8.php 第 57 行.
NOTIC: [8] Trying to get property of non-object D:\wampp\htdocs\enterprise\Application\Runtime\Cache\Home\86b01305def131b1c62c3379c47a24b8.php 第 57 行.
NOTIC: [8] Trying to get property of non-object D:\wampp\htdocs\enterprise\Application\Runtime\Cache\Home\86b01305def131b1c62c3379c47a24b8.php 第 57 行.
NOTIC: [8] Trying to get property of non-object D:\wampp\htdocs\enterprise\Application\Runtime\Cache\Home\86b01305def131b1c62c3379c47a24b8.php 第 57 行.
NOTIC: [8] Trying to get property of non-object D:\wampp\htdocs\enterprise\Application\Runtime\Cache\Home\86b01305def131b1c62c3379c47a24b8.php 第 59 行.
NOTIC: [8] Trying to get property of non-object D:\wampp\htdocs\enterprise\Application\Runtime\Cache\Home\86b01305def131b1c62c3379c47a24b8.php 第 59 行.
NOTIC: [8] Trying to get property of non-object D:\wampp\htdocs\enterprise\Application\Runtime\Cache\Home\86b01305def131b1c62c3379c47a24b8.php 第 59 行.
NOTIC: [8] Trying to get property of non-object D:\wampp\htdocs\enterprise\Application\Runtime\Cache\Home\86b01305def131b1c62c3379c47a24b8.php 第 59 行.
NOTIC: [8] Trying to get property of non-object D:\wampp\htdocs\enterprise\Application\Runtime\Cache\Home\86b01305def131b1c62c3379c47a24b8.php 第 54 行.
NOTIC: [8] Trying to get property of non-object D:\wampp\htdocs\enterprise\Application\Runtime\Cache\Home\86b01305def131b1c62c3379c47a24b8.php 第 57 行.
NOTIC: [8] Trying to get property of non-object D:\wampp\htdocs\enterprise\Application\Runtime\Cache\Home\86b01305def131b1c62c3379c47a24b8.php 第 57 行.
NOTIC: [8] Trying to get property of non-object D:\wampp\htdocs\enterprise\Application\Runtime\Cache\Home\86b01305def131b1c62c3379c47a24b8.php 第 57 行.
NOTIC: [8] Trying to get property of non-object D:\wampp\htdocs\enterprise\Application\Runtime\Cache\Home\86b01305def131b1c62c3379c47a24b8.php 第 57 行.
NOTIC: [8] Trying to get property of non-object D:\wampp\htdocs\enterprise\Application\Runtime\Cache\Home\86b01305def131b1c62c3379c47a24b8.php 第 59 行.
NOTIC: [8] Trying to get property of non-object D:\wampp\htdocs\enterprise\Application\Runtime\Cache\Home\86b01305def131b1c62c3379c47a24b8.php 第 59 行.
NOTIC: [8] Trying to get property of non-object D:\wampp\htdocs\enterprise\Application\Runtime\Cache\Home\86b01305def131b1c62c3379c47a24b8.php 第 59 行.
NOTIC: [8] Trying to get property of non-object D:\wampp\htdocs\enterprise\Application\Runtime\Cache\Home\86b01305def131b1c62c3379c47a24b8.php 第 59 行.
NOTIC: [8] Trying to get property of non-object D:\wampp\htdocs\enterprise\Application\Runtime\Cache\Home\86b01305def131b1c62c3379c47a24b8.php 第 54 行.
NOTIC: [8] Trying to get property of non-object D:\wampp\htdocs\enterprise\Application\Runtime\Cache\Home\86b01305def131b1c62c3379c47a24b8.php 第 57 行.
NOTIC: [8] Trying to get property of non-object D:\wampp\htdocs\enterprise\Application\Runtime\Cache\Home\86b01305def131b1c62c3379c47a24b8.php 第 57 行.
NOTIC: [8] Trying to get property of non-object D:\wampp\htdocs\enterprise\Application\Runtime\Cache\Home\86b01305def131b1c62c3379c47a24b8.php 第 57 行.
NOTIC: [8] Trying to get property of non-object D:\wampp\htdocs\enterprise\Application\Runtime\Cache\Home\86b01305def131b1c62c3379c47a24b8.php 第 57 行.
NOTIC: [8] Trying to get property of non-object D:\wampp\htdocs\enterprise\Application\Runtime\Cache\Home\86b01305def131b1c62c3379c47a24b8.php 第 59 行.
NOTIC: [8] Trying to get property of non-object D:\wampp\htdocs\enterprise\Application\Runtime\Cache\Home\86b01305def131b1c62c3379c47a24b8.php 第 59 行.
NOTIC: [8] Trying to get property of non-object D:\wampp\htdocs\enterprise\Application\Runtime\Cache\Home\86b01305def131b1c62c3379c47a24b8.php 第 59 行.
NOTIC: [8] Trying to get property of non-object D:\wampp\htdocs\enterprise\Application\Runtime\Cache\Home\86b01305def131b1c62c3379c47a24b8.php 第 59 行.
INFO: Run Behavior\ParseTemplateBehavior [ RunTime:0.033002s ]
INFO: [ view_parse ] --END-- [ RunTime:0.033002s ]
INFO: [ view_filter ] --START--
INFO: Run Behavior\WriteHtmlCacheBehavior [ RunTime:0.017001s ]
INFO: [ view_filter ] --END-- [ RunTime:0.017001s ]
INFO: [ app_end ] --START--
INFO: Run Behavior\ShowPageTraceBehavior [ RunTime:0.001000s ]
INFO: [ app_end ] --END-- [ RunTime:0.001000s ]

[ 2018-01-24T17:17:04+08:00 ] ::1 /enterprise/index.php/Home/Currency
INFO: [ app_init ] --START--
INFO: Run Behavior\BuildLiteBehavior [ RunTime:0.000000s ]
INFO: [ app_init ] --END-- [ RunTime:0.000000s ]
INFO: [ app_begin ] --START--
INFO: Run Behavior\ReadHtmlCacheBehavior [ RunTime:0.000000s ]
INFO: [ app_begin ] --END-- [ RunTime:0.001000s ]
SQL: SHOW COLUMNS FROM `objects` [ RunTime:0.0030s ]
SQL: SELECT * FROM `objects` WHERE ( is_disabled=0 ) ORDER BY body_rank desc  [ RunTime:0.0000s ]
INFO: [ view_parse ] --START--
INFO: [ template_filter ] --START--
INFO: Run Behavior\ContentReplaceBehavior [ RunTime:0.000000s ]
INFO: [ template_filter ] --END-- [ RunTime:0.000000s ]
NOTIC: [8] Undefined variable: enprArr D:\wampp\htdocs\enterprise\Application\Runtime\Cache\Home\86b01305def131b1c62c3379c47a24b8.php 第 8 行.
NOTIC: [8] Undefined variable: user D:\wampp\htdocs\enterprise\Application\Runtime\Cache\Home\86b01305def131b1c62c3379c47a24b8.php 第 23 行.
NOTIC: [8] Trying to get property of non-object D:\wampp\htdocs\enterprise\Application\Runtime\Cache\Home\86b01305def131b1c62c3379c47a24b8.php 第 23 行.
NOTIC: [8] Undefined variable: user D:\wampp\htdocs\enterprise\Application\Runtime\Cache\Home\86b01305def131b1c62c3379c47a24b8.php 第 36 行.
NOTIC: [8] Trying to get property of non-object D:\wampp\htdocs\enterprise\Application\Runtime\Cache\Home\86b01305def131b1c62c3379c47a24b8.php 第 36 行.
NOTIC: [8] Trying to get property of non-object D:\wampp\htdocs\enterprise\Application\Runtime\Cache\Home\86b01305def131b1c62c3379c47a24b8.php 第 54 行.
NOTIC: [8] Trying to get property of non-object D:\wampp\htdocs\enterprise\Application\Runtime\Cache\Home\86b01305def131b1c62c3379c47a24b8.php 第 57 行.
NOTIC: [8] Trying to get property of non-object D:\wampp\htdocs\enterprise\Application\Runtime\Cache\Home\86b01305def131b1c62c3379c47a24b8.php 第 57 行.
NOTIC: [8] Trying to get property of non-object D:\wampp\htdocs\enterprise\Application\Runtime\Cache\Home\86b01305def131b1c62c3379c47a24b8.php 第 57 行.
NOTIC: [8] Trying to get property of non-object D:\wampp\htdocs\enterprise\Application\Runtime\Cache\Home\86b01305def131b1c62c3379c47a24b8.php 第 57 行.
NOTIC: [8] Trying to get property of non-object D:\wampp\htdocs\enterprise\Application\Runtime\Cache\Home\86b01305def131b1c62c3379c47a24b8.php 第 59 行.
NOTIC: [8] Trying to get property of non-object D:\wampp\htdocs\enterprise\Application\Runtime\Cache\Home\86b01305def131b1c62c3379c47a24b8.php 第 59 行.
NOTIC: [8] Trying to get property of non-object D:\wampp\htdocs\enterprise\Application\Runtime\Cache\Home\86b01305def131b1c62c3379c47a24b8.php 第 59 行.
NOTIC: [8] Trying to get property of non-object D:\wampp\htdocs\enterprise\Application\Runtime\Cache\Home\86b01305def131b1c62c3379c47a24b8.php 第 59 行.
NOTIC: [8] Trying to get property of non-object D:\wampp\htdocs\enterprise\Application\Runtime\Cache\Home\86b01305def131b1c62c3379c47a24b8.php 第 54 行.
NOTIC: [8] Trying to get property of non-object D:\wampp\htdocs\enterprise\Application\Runtime\Cache\Home\86b01305def131b1c62c3379c47a24b8.php 第 57 行.
NOTIC: [8] Trying to get property of non-object D:\wampp\htdocs\enterprise\Application\Runtime\Cache\Home\86b01305def131b1c62c3379c47a24b8.php 第 57 行.
NOTIC: [8] Trying to get property of non-object D:\wampp\htdocs\enterprise\Application\Runtime\Cache\Home\86b01305def131b1c62c3379c47a24b8.php 第 57 行.
NOTIC: [8] Trying to get property of non-object D:\wampp\htdocs\enterprise\Application\Runtime\Cache\Home\86b01305def131b1c62c3379c47a24b8.php 第 57 行.
NOTIC: [8] Trying to get property of non-object D:\wampp\htdocs\enterprise\Application\Runtime\Cache\Home\86b01305def131b1c62c3379c47a24b8.php 第 59 行.
NOTIC: [8] Trying to get property of non-object D:\wampp\htdocs\enterprise\Application\Runtime\Cache\Home\86b01305def131b1c62c3379c47a24b8.php 第 59 行.
NOTIC: [8] Trying to get property of non-object D:\wampp\htdocs\enterprise\Application\Runtime\Cache\Home\86b01305def131b1c62c3379c47a24b8.php 第 59 行.
NOTIC: [8] Trying to get property of non-object D:\wampp\htdocs\enterprise\Application\Runtime\Cache\Home\86b01305def131b1c62c3379c47a24b8.php 第 59 行.
NOTIC: [8] Trying to get property of non-object D:\wampp\htdocs\enterprise\Application\Runtime\Cache\Home\86b01305def131b1c62c3379c47a24b8.php 第 54 行.
NOTIC: [8] Trying to get property of non-object D:\wampp\htdocs\enterprise\Application\Runtime\Cache\Home\86b01305def131b1c62c3379c47a24b8.php 第 57 行.
NOTIC: [8] Trying to get property of non-object D:\wampp\htdocs\enterprise\Application\Runtime\Cache\Home\86b01305def131b1c62c3379c47a24b8.php 第 57 行.
NOTIC: [8] Trying to get property of non-object D:\wampp\htdocs\enterprise\Application\Runtime\Cache\Home\86b01305def131b1c62c3379c47a24b8.php 第 57 行.
NOTIC: [8] Trying to get property of non-object D:\wampp\htdocs\enterprise\Application\Runtime\Cache\Home\86b01305def131b1c62c3379c47a24b8.php 第 57 行.
NOTIC: [8] Trying to get property of non-object D:\wampp\htdocs\enterprise\Application\Runtime\Cache\Home\86b01305def131b1c62c3379c47a24b8.php 第 59 行.
NOTIC: [8] Trying to get property of non-object D:\wampp\htdocs\enterprise\Application\Runtime\Cache\Home\86b01305def131b1c62c3379c47a24b8.php 第 59 行.
NOTIC: [8] Trying to get property of non-object D:\wampp\htdocs\enterprise\Application\Runtime\Cache\Home\86b01305def131b1c62c3379c47a24b8.php 第 59 行.
NOTIC: [8] Trying to get property of non-object D:\wampp\htdocs\enterprise\Application\Runtime\Cache\Home\86b01305def131b1c62c3379c47a24b8.php 第 59 行.
NOTIC: [8] Trying to get property of non-object D:\wampp\htdocs\enterprise\Application\Runtime\Cache\Home\86b01305def131b1c62c3379c47a24b8.php 第 54 行.
NOTIC: [8] Trying to get property of non-object D:\wampp\htdocs\enterprise\Application\Runtime\Cache\Home\86b01305def131b1c62c3379c47a24b8.php 第 57 行.
NOTIC: [8] Trying to get property of non-object D:\wampp\htdocs\enterprise\Application\Runtime\Cache\Home\86b01305def131b1c62c3379c47a24b8.php 第 57 行.
NOTIC: [8] Trying to get property of non-object D:\wampp\htdocs\enterprise\Application\Runtime\Cache\Home\86b01305def131b1c62c3379c47a24b8.php 第 57 行.
NOTIC: [8] Trying to get property of non-object D:\wampp\htdocs\enterprise\Application\Runtime\Cache\Home\86b01305def131b1c62c3379c47a24b8.php 第 57 行.
NOTIC: [8] Trying to get property of non-object D:\wampp\htdocs\enterprise\Application\Runtime\Cache\Home\86b01305def131b1c62c3379c47a24b8.php 第 59 行.
NOTIC: [8] Trying to get property of non-object D:\wampp\htdocs\enterprise\Application\Runtime\Cache\Home\86b01305def131b1c62c3379c47a24b8.php 第 59 行.
NOTIC: [8] Trying to get property of non-object D:\wampp\htdocs\enterprise\Application\Runtime\Cache\Home\86b01305def131b1c62c3379c47a24b8.php 第 59 行.
NOTIC: [8] Trying to get property of non-object D:\wampp\htdocs\enterprise\Application\Runtime\Cache\Home\86b01305def131b1c62c3379c47a24b8.php 第 59 行.
NOTIC: [8] Trying to get property of non-object D:\wampp\htdocs\enterprise\Application\Runtime\Cache\Home\86b01305def131b1c62c3379c47a24b8.php 第 54 行.
NOTIC: [8] Trying to get property of non-object D:\wampp\htdocs\enterprise\Application\Runtime\Cache\Home\86b01305def131b1c62c3379c47a24b8.php 第 57 行.
NOTIC: [8] Trying to get property of non-object D:\wampp\htdocs\enterprise\Application\Runtime\Cache\Home\86b01305def131b1c62c3379c47a24b8.php 第 57 行.
NOTIC: [8] Trying to get property of non-object D:\wampp\htdocs\enterprise\Application\Runtime\Cache\Home\86b01305def131b1c62c3379c47a24b8.php 第 57 行.
NOTIC: [8] Trying to get property of non-object D:\wampp\htdocs\enterprise\Application\Runtime\Cache\Home\86b01305def131b1c62c3379c47a24b8.php 第 57 行.
NOTIC: [8] Trying to get property of non-object D:\wampp\htdocs\enterprise\Application\Runtime\Cache\Home\86b01305def131b1c62c3379c47a24b8.php 第 59 行.
NOTIC: [8] Trying to get property of non-object D:\wampp\htdocs\enterprise\Application\Runtime\Cache\Home\86b01305def131b1c62c3379c47a24b8.php 第 59 行.
NOTIC: [8] Trying to get property of non-object D:\wampp\htdocs\enterprise\Application\Runtime\Cache\Home\86b01305def131b1c62c3379c47a24b8.php 第 59 行.
NOTIC: [8] Trying to get property of non-object D:\wampp\htdocs\enterprise\Application\Runtime\Cache\Home\86b01305def131b1c62c3379c47a24b8.php 第 59 行.
NOTIC: [8] Trying to get property of non-object D:\wampp\htdocs\enterprise\Application\Runtime\Cache\Home\86b01305def131b1c62c3379c47a24b8.php 第 54 行.
NOTIC: [8] Trying to get property of non-object D:\wampp\htdocs\enterprise\Application\Runtime\Cache\Home\86b01305def131b1c62c3379c47a24b8.php 第 57 行.
NOTIC: [8] Trying to get property of non-object D:\wampp\htdocs\enterprise\Application\Runtime\Cache\Home\86b01305def131b1c62c3379c47a24b8.php 第 57 行.
NOTIC: [8] Trying to get property of non-object D:\wampp\htdocs\enterprise\Application\Runtime\Cache\Home\86b01305def131b1c62c3379c47a24b8.php 第 57 行.
NOTIC: [8] Trying to get property of non-object D:\wampp\htdocs\enterprise\Application\Runtime\Cache\Home\86b01305def131b1c62c3379c47a24b8.php 第 57 行.
NOTIC: [8] Trying to get property of non-object D:\wampp\htdocs\enterprise\Application\Runtime\Cache\Home\86b01305def131b1c62c3379c47a24b8.php 第 59 行.
NOTIC: [8] Trying to get property of non-object D:\wampp\htdocs\enterprise\Application\Runtime\Cache\Home\86b01305def131b1c62c3379c47a24b8.php 第 59 行.
NOTIC: [8] Trying to get property of non-object D:\wampp\htdocs\enterprise\Application\Runtime\Cache\Home\86b01305def131b1c62c3379c47a24b8.php 第 59 行.
NOTIC: [8] Trying to get property of non-object D:\wampp\htdocs\enterprise\Application\Runtime\Cache\Home\86b01305def131b1c62c3379c47a24b8.php 第 59 行.
NOTIC: [8] Trying to get property of non-object D:\wampp\htdocs\enterprise\Application\Runtime\Cache\Home\86b01305def131b1c62c3379c47a24b8.php 第 54 行.
NOTIC: [8] Trying to get property of non-object D:\wampp\htdocs\enterprise\Application\Runtime\Cache\Home\86b01305def131b1c62c3379c47a24b8.php 第 57 行.
NOTIC: [8] Trying to get property of non-object D:\wampp\htdocs\enterprise\Application\Runtime\Cache\Home\86b01305def131b1c62c3379c47a24b8.php 第 57 行.
NOTIC: [8] Trying to get property of non-object D:\wampp\htdocs\enterprise\Application\Runtime\Cache\Home\86b01305def131b1c62c3379c47a24b8.php 第 57 行.
NOTIC: [8] Trying to get property of non-object D:\wampp\htdocs\enterprise\Application\Runtime\Cache\Home\86b01305def131b1c62c3379c47a24b8.php 第 57 行.
NOTIC: [8] Trying to get property of non-object D:\wampp\htdocs\enterprise\Application\Runtime\Cache\Home\86b01305def131b1c62c3379c47a24b8.php 第 59 行.
NOTIC: [8] Trying to get property of non-object D:\wampp\htdocs\enterprise\Application\Runtime\Cache\Home\86b01305def131b1c62c3379c47a24b8.php 第 59 行.
NOTIC: [8] Trying to get property of non-object D:\wampp\htdocs\enterprise\Application\Runtime\Cache\Home\86b01305def131b1c62c3379c47a24b8.php 第 59 行.
NOTIC: [8] Trying to get property of non-object D:\wampp\htdocs\enterprise\Application\Runtime\Cache\Home\86b01305def131b1c62c3379c47a24b8.php 第 59 行.
NOTIC: [8] Trying to get property of non-object D:\wampp\htdocs\enterprise\Application\Runtime\Cache\Home\86b01305def131b1c62c3379c47a24b8.php 第 54 行.
NOTIC: [8] Trying to get property of non-object D:\wampp\htdocs\enterprise\Application\Runtime\Cache\Home\86b01305def131b1c62c3379c47a24b8.php 第 57 行.
NOTIC: [8] Trying to get property of non-object D:\wampp\htdocs\enterprise\Application\Runtime\Cache\Home\86b01305def131b1c62c3379c47a24b8.php 第 57 行.
NOTIC: [8] Trying to get property of non-object D:\wampp\htdocs\enterprise\Application\Runtime\Cache\Home\86b01305def131b1c62c3379c47a24b8.php 第 57 行.
NOTIC: [8] Trying to get property of non-object D:\wampp\htdocs\enterprise\Application\Runtime\Cache\Home\86b01305def131b1c62c3379c47a24b8.php 第 57 行.
NOTIC: [8] Trying to get property of non-object D:\wampp\htdocs\enterprise\Application\Runtime\Cache\Home\86b01305def131b1c62c3379c47a24b8.php 第 59 行.
NOTIC: [8] Trying to get property of non-object D:\wampp\htdocs\enterprise\Application\Runtime\Cache\Home\86b01305def131b1c62c3379c47a24b8.php 第 59 行.
NOTIC: [8] Trying to get property of non-object D:\wampp\htdocs\enterprise\Application\Runtime\Cache\Home\86b01305def131b1c62c3379c47a24b8.php 第 59 行.
NOTIC: [8] Trying to get property of non-object D:\wampp\htdocs\enterprise\Application\Runtime\Cache\Home\86b01305def131b1c62c3379c47a24b8.php 第 59 行.
NOTIC: [8] Trying to get property of non-object D:\wampp\htdocs\enterprise\Application\Runtime\Cache\Home\86b01305def131b1c62c3379c47a24b8.php 第 54 行.
NOTIC: [8] Trying to get property of non-object D:\wampp\htdocs\enterprise\Application\Runtime\Cache\Home\86b01305def131b1c62c3379c47a24b8.php 第 57 行.
NOTIC: [8] Trying to get property of non-object D:\wampp\htdocs\enterprise\Application\Runtime\Cache\Home\86b01305def131b1c62c3379c47a24b8.php 第 57 行.
NOTIC: [8] Trying to get property of non-object D:\wampp\htdocs\enterprise\Application\Runtime\Cache\Home\86b01305def131b1c62c3379c47a24b8.php 第 57 行.
NOTIC: [8] Trying to get property of non-object D:\wampp\htdocs\enterprise\Application\Runtime\Cache\Home\86b01305def131b1c62c3379c47a24b8.php 第 57 行.
NOTIC: [8] Trying to get property of non-object D:\wampp\htdocs\enterprise\Application\Runtime\Cache\Home\86b01305def131b1c62c3379c47a24b8.php 第 59 行.
NOTIC: [8] Trying to get property of non-object D:\wampp\htdocs\enterprise\Application\Runtime\Cache\Home\86b01305def131b1c62c3379c47a24b8.php 第 59 行.
NOTIC: [8] Trying to get property of non-object D:\wampp\htdocs\enterprise\Application\Runtime\Cache\Home\86b01305def131b1c62c3379c47a24b8.php 第 59 行.
NOTIC: [8] Trying to get property of non-object D:\wampp\htdocs\enterprise\Application\Runtime\Cache\Home\86b01305def131b1c62c3379c47a24b8.php 第 59 行.
INFO: Run Behavior\ParseTemplateBehavior [ RunTime:0.009001s ]
INFO: [ view_parse ] --END-- [ RunTime:0.009001s ]
INFO: [ view_filter ] --START--
INFO: Run Behavior\WriteHtmlCacheBehavior [ RunTime:0.000000s ]
INFO: [ view_filter ] --END-- [ RunTime:0.000000s ]
INFO: [ app_end ] --START--
INFO: Run Behavior\ShowPageTraceBehavior [ RunTime:0.001000s ]
INFO: [ app_end ] --END-- [ RunTime:0.001000s ]

[ 2018-01-24T17:17:45+08:00 ] ::1 /enterprise/index.php/Home/Currency
INFO: [ app_init ] --START--
INFO: Run Behavior\BuildLiteBehavior [ RunTime:0.000000s ]
INFO: [ app_init ] --END-- [ RunTime:0.000000s ]
INFO: [ app_begin ] --START--
INFO: Run Behavior\ReadHtmlCacheBehavior [ RunTime:0.011001s ]
INFO: [ app_begin ] --END-- [ RunTime:0.011001s ]
SQL: SHOW COLUMNS FROM `objects` [ RunTime:0.0040s ]
SQL: SELECT * FROM `objects` WHERE ( is_disabled=0 ) ORDER BY body_rank desc  [ RunTime:0.0010s ]
INFO: [ view_parse ] --START--
INFO: [ template_filter ] --START--
INFO: Run Behavior\ContentReplaceBehavior [ RunTime:0.000000s ]
INFO: [ template_filter ] --END-- [ RunTime:0.000000s ]
NOTIC: [8] Undefined variable: enprArr D:\wampp\htdocs\enterprise\Application\Runtime\Cache\Home\86b01305def131b1c62c3379c47a24b8.php 第 8 行.
NOTIC: [8] Undefined variable: user D:\wampp\htdocs\enterprise\Application\Runtime\Cache\Home\86b01305def131b1c62c3379c47a24b8.php 第 23 行.
NOTIC: [8] Trying to get property of non-object D:\wampp\htdocs\enterprise\Application\Runtime\Cache\Home\86b01305def131b1c62c3379c47a24b8.php 第 23 行.
NOTIC: [8] Undefined variable: user D:\wampp\htdocs\enterprise\Application\Runtime\Cache\Home\86b01305def131b1c62c3379c47a24b8.php 第 36 行.
NOTIC: [8] Trying to get property of non-object D:\wampp\htdocs\enterprise\Application\Runtime\Cache\Home\86b01305def131b1c62c3379c47a24b8.php 第 36 行.
NOTIC: [8] Trying to get property of non-object D:\wampp\htdocs\enterprise\Application\Runtime\Cache\Home\86b01305def131b1c62c3379c47a24b8.php 第 54 行.
NOTIC: [8] Trying to get property of non-object D:\wampp\htdocs\enterprise\Application\Runtime\Cache\Home\86b01305def131b1c62c3379c47a24b8.php 第 57 行.
NOTIC: [8] Trying to get property of non-object D:\wampp\htdocs\enterprise\Application\Runtime\Cache\Home\86b01305def131b1c62c3379c47a24b8.php 第 57 行.
NOTIC: [8] Trying to get property of non-object D:\wampp\htdocs\enterprise\Application\Runtime\Cache\Home\86b01305def131b1c62c3379c47a24b8.php 第 59 行.
NOTIC: [8] Trying to get property of non-object D:\wampp\htdocs\enterprise\Application\Runtime\Cache\Home\86b01305def131b1c62c3379c47a24b8.php 第 59 行.
NOTIC: [8] Trying to get property of non-object D:\wampp\htdocs\enterprise\Application\Runtime\Cache\Home\86b01305def131b1c62c3379c47a24b8.php 第 54 行.
NOTIC: [8] Trying to get property of non-object D:\wampp\htdocs\enterprise\Application\Runtime\Cache\Home\86b01305def131b1c62c3379c47a24b8.php 第 57 行.
NOTIC: [8] Trying to get property of non-object D:\wampp\htdocs\enterprise\Application\Runtime\Cache\Home\86b01305def131b1c62c3379c47a24b8.php 第 57 行.
NOTIC: [8] Trying to get property of non-object D:\wampp\htdocs\enterprise\Application\Runtime\Cache\Home\86b01305def131b1c62c3379c47a24b8.php 第 59 行.
NOTIC: [8] Trying to get property of non-object D:\wampp\htdocs\enterprise\Application\Runtime\Cache\Home\86b01305def131b1c62c3379c47a24b8.php 第 59 行.
NOTIC: [8] Trying to get property of non-object D:\wampp\htdocs\enterprise\Application\Runtime\Cache\Home\86b01305def131b1c62c3379c47a24b8.php 第 54 行.
NOTIC: [8] Trying to get property of non-object D:\wampp\htdocs\enterprise\Application\Runtime\Cache\Home\86b01305def131b1c62c3379c47a24b8.php 第 57 行.
NOTIC: [8] Trying to get property of non-object D:\wampp\htdocs\enterprise\Application\Runtime\Cache\Home\86b01305def131b1c62c3379c47a24b8.php 第 57 行.
NOTIC: [8] Trying to get property of non-object D:\wampp\htdocs\enterprise\Application\Runtime\Cache\Home\86b01305def131b1c62c3379c47a24b8.php 第 59 行.
NOTIC: [8] Trying to get property of non-object D:\wampp\htdocs\enterprise\Application\Runtime\Cache\Home\86b01305def131b1c62c3379c47a24b8.php 第 59 行.
NOTIC: [8] Trying to get property of non-object D:\wampp\htdocs\enterprise\Application\Runtime\Cache\Home\86b01305def131b1c62c3379c47a24b8.php 第 54 行.
NOTIC: [8] Trying to get property of non-object D:\wampp\htdocs\enterprise\Application\Runtime\Cache\Home\86b01305def131b1c62c3379c47a24b8.php 第 57 行.
NOTIC: [8] Trying to get property of non-object D:\wampp\htdocs\enterprise\Application\Runtime\Cache\Home\86b01305def131b1c62c3379c47a24b8.php 第 57 行.
NOTIC: [8] Trying to get property of non-object D:\wampp\htdocs\enterprise\Application\Runtime\Cache\Home\86b01305def131b1c62c3379c47a24b8.php 第 59 行.
NOTIC: [8] Trying to get property of non-object D:\wampp\htdocs\enterprise\Application\Runtime\Cache\Home\86b01305def131b1c62c3379c47a24b8.php 第 59 行.
NOTIC: [8] Trying to get property of non-object D:\wampp\htdocs\enterprise\Application\Runtime\Cache\Home\86b01305def131b1c62c3379c47a24b8.php 第 54 行.
NOTIC: [8] Trying to get property of non-object D:\wampp\htdocs\enterprise\Application\Runtime\Cache\Home\86b01305def131b1c62c3379c47a24b8.php 第 57 行.
NOTIC: [8] Trying to get property of non-object D:\wampp\htdocs\enterprise\Application\Runtime\Cache\Home\86b01305def131b1c62c3379c47a24b8.php 第 57 行.
NOTIC: [8] Trying to get property of non-object D:\wampp\htdocs\enterprise\Application\Runtime\Cache\Home\86b01305def131b1c62c3379c47a24b8.php 第 59 行.
NOTIC: [8] Trying to get property of non-object D:\wampp\htdocs\enterprise\Application\Runtime\Cache\Home\86b01305def131b1c62c3379c47a24b8.php 第 59 行.
NOTIC: [8] Trying to get property of non-object D:\wampp\htdocs\enterprise\Application\Runtime\Cache\Home\86b01305def131b1c62c3379c47a24b8.php 第 54 行.
NOTIC: [8] Trying to get property of non-object D:\wampp\htdocs\enterprise\Application\Runtime\Cache\Home\86b01305def131b1c62c3379c47a24b8.php 第 57 行.
NOTIC: [8] Trying to get property of non-object D:\wampp\htdocs\enterprise\Application\Runtime\Cache\Home\86b01305def131b1c62c3379c47a24b8.php 第 57 行.
NOTIC: [8] Trying to get property of non-object D:\wampp\htdocs\enterprise\Application\Runtime\Cache\Home\86b01305def131b1c62c3379c47a24b8.php 第 59 行.
NOTIC: [8] Trying to get property of non-object D:\wampp\htdocs\enterprise\Application\Runtime\Cache\Home\86b01305def131b1c62c3379c47a24b8.php 第 59 行.
NOTIC: [8] Trying to get property of non-object D:\wampp\htdocs\enterprise\Application\Runtime\Cache\Home\86b01305def131b1c62c3379c47a24b8.php 第 54 行.
NOTIC: [8] Trying to get property of non-object D:\wampp\htdocs\enterprise\Application\Runtime\Cache\Home\86b01305def131b1c62c3379c47a24b8.php 第 57 行.
NOTIC: [8] Trying to get property of non-object D:\wampp\htdocs\enterprise\Application\Runtime\Cache\Home\86b01305def131b1c62c3379c47a24b8.php 第 57 行.
NOTIC: [8] Trying to get property of non-object D:\wampp\htdocs\enterprise\Application\Runtime\Cache\Home\86b01305def131b1c62c3379c47a24b8.php 第 59 行.
NOTIC: [8] Trying to get property of non-object D:\wampp\htdocs\enterprise\Application\Runtime\Cache\Home\86b01305def131b1c62c3379c47a24b8.php 第 59 行.
NOTIC: [8] Trying to get property of non-object D:\wampp\htdocs\enterprise\Application\Runtime\Cache\Home\86b01305def131b1c62c3379c47a24b8.php 第 54 行.
NOTIC: [8] Trying to get property of non-object D:\wampp\htdocs\enterprise\Application\Runtime\Cache\Home\86b01305def131b1c62c3379c47a24b8.php 第 57 行.
NOTIC: [8] Trying to get property of non-object D:\wampp\htdocs\enterprise\Application\Runtime\Cache\Home\86b01305def131b1c62c3379c47a24b8.php 第 57 行.
NOTIC: [8] Trying to get property of non-object D:\wampp\htdocs\enterprise\Application\Runtime\Cache\Home\86b01305def131b1c62c3379c47a24b8.php 第 59 行.
NOTIC: [8] Trying to get property of non-object D:\wampp\htdocs\enterprise\Application\Runtime\Cache\Home\86b01305def131b1c62c3379c47a24b8.php 第 59 行.
NOTIC: [8] Trying to get property of non-object D:\wampp\htdocs\enterprise\Application\Runtime\Cache\Home\86b01305def131b1c62c3379c47a24b8.php 第 54 行.
NOTIC: [8] Trying to get property of non-object D:\wampp\htdocs\enterprise\Application\Runtime\Cache\Home\86b01305def131b1c62c3379c47a24b8.php 第 57 行.
NOTIC: [8] Trying to get property of non-object D:\wampp\htdocs\enterprise\Application\Runtime\Cache\Home\86b01305def131b1c62c3379c47a24b8.php 第 57 行.
NOTIC: [8] Trying to get property of non-object D:\wampp\htdocs\enterprise\Application\Runtime\Cache\Home\86b01305def131b1c62c3379c47a24b8.php 第 59 行.
NOTIC: [8] Trying to get property of non-object D:\wampp\htdocs\enterprise\Application\Runtime\Cache\Home\86b01305def131b1c62c3379c47a24b8.php 第 59 行.
INFO: Run Behavior\ParseTemplateBehavior [ RunTime:0.012001s ]
INFO: [ view_parse ] --END-- [ RunTime:0.012001s ]
INFO: [ view_filter ] --START--
INFO: Run Behavior\WriteHtmlCacheBehavior [ RunTime:0.000000s ]
INFO: [ view_filter ] --END-- [ RunTime:0.000000s ]
INFO: [ app_end ] --START--
INFO: Run Behavior\ShowPageTraceBehavior [ RunTime:0.003000s ]
INFO: [ app_end ] --END-- [ RunTime:0.003000s ]

[ 2018-01-24T17:22:50+08:00 ] ::1 /enterprise/index.php/Home/
INFO: [ app_init ] --START--
INFO: Run Behavior\BuildLiteBehavior [ RunTime:0.000000s ]
INFO: [ app_init ] --END-- [ RunTime:0.001000s ]
INFO: [ app_begin ] --START--
INFO: Run Behavior\ReadHtmlCacheBehavior [ RunTime:0.001000s ]
INFO: [ app_begin ] --END-- [ RunTime:0.001000s ]
ERR: 1146:Table 'wjy.enpr_info' doesn't exist
 [ SQL语句 ] : SHOW COLUMNS FROM `enpr_info`
ERR: 1146:Table 'wjy.enpr_info' doesn't exist
 [ SQL语句 ] : SHOW COLUMNS FROM `enpr_info`

[ 2018-01-24T17:23:32+08:00 ] ::1 /enterprise/index.php/Home/
INFO: [ app_init ] --START--
INFO: Run Behavior\BuildLiteBehavior [ RunTime:0.000000s ]
INFO: [ app_init ] --END-- [ RunTime:0.001000s ]
INFO: [ app_begin ] --START--
INFO: Run Behavior\ReadHtmlCacheBehavior [ RunTime:0.001000s ]
INFO: [ app_begin ] --END-- [ RunTime:0.001000s ]
ERR: 1146:Table 'yii2advanced.enpr_info' doesn't exist
 [ SQL语句 ] : SHOW COLUMNS FROM `enpr_info`
ERR: 1146:Table 'yii2advanced.enpr_info' doesn't exist
 [ SQL语句 ] : SHOW COLUMNS FROM `enpr_info`

[ 2018-01-24T17:24:06+08:00 ] ::1 /enterprise/index.php/Home/
INFO: [ app_init ] --START--
INFO: Run Behavior\BuildLiteBehavior [ RunTime:0.000000s ]
INFO: [ app_init ] --END-- [ RunTime:0.001000s ]
INFO: [ app_begin ] --START--
INFO: Run Behavior\ReadHtmlCacheBehavior [ RunTime:0.001000s ]
INFO: [ app_begin ] --END-- [ RunTime:0.001000s ]
SQL: SHOW COLUMNS FROM `enpr_info` [ RunTime:0.0030s ]
SQL: SELECT * FROM `enpr_info` LIMIT 1   [ RunTime:0.0000s ]
SQL: SHOW COLUMNS FROM `region` [ RunTime:0.0030s ]
SQL: SELECT `name` FROM `region` WHERE ( id=17359 ) LIMIT 1   [ RunTime:0.0200s ]
SQL: SELECT `name` FROM `region` WHERE ( id=17360 ) LIMIT 1   [ RunTime:0.0010s ]
SQL: SELECT `name` FROM `region` WHERE ( id=17361 ) LIMIT 1   [ RunTime:0.0010s ]
SQL: SHOW COLUMNS FROM `shuffling` [ RunTime:0.0060s ]
SQL: SHOW COLUMNS FROM `new` [ RunTime:0.0030s ]
SQL: SHOW COLUMNS FROM `goods` [ RunTime:0.0030s ]
SQL: SHOW COLUMNS FROM `department` [ RunTime:0.0030s ]
SQL: SELECT * FROM `department`  [ RunTime:0.0000s ]
SQL: SELECT * FROM `shuffling`  [ RunTime:0.0000s ]
SQL: SELECT * FROM `new` WHERE ( isdel=0 ) ORDER BY time desc  [ RunTime:0.0300s ]
SQL: SELECT * FROM `goods` ORDER BY regtime desc,is_recommend desc LIMIT 3   [ RunTime:0.0010s ]
INFO: [ view_parse ] --START--
INFO: [ template_filter ] --START--
INFO: Run Behavior\ContentReplaceBehavior [ RunTime:0.000000s ]
INFO: [ template_filter ] --END-- [ RunTime:0.000000s ]
NOTIC: [8] Array to string conversion D:\wampp\htdocs\enterprise\Application\Runtime\Cache\Home\2a94b8bda04ff446dcedd42276fc99ee.php 第 67 行.
INFO: Run Behavior\ParseTemplateBehavior [ RunTime:0.074004s ]
INFO: [ view_parse ] --END-- [ RunTime:0.074004s ]
INFO: [ view_filter ] --START--
INFO: Run Behavior\WriteHtmlCacheBehavior [ RunTime:0.000000s ]
INFO: [ view_filter ] --END-- [ RunTime:0.000000s ]
INFO: [ app_end ] --START--
INFO: Run Behavior\ShowPageTraceBehavior [ RunTime:0.002000s ]
INFO: [ app_end ] --END-- [ RunTime:0.002000s ]

[ 2018-01-24T17:24:15+08:00 ] ::1 /enterprise/index.php/Home/News/index.html
INFO: [ app_init ] --START--
INFO: Run Behavior\BuildLiteBehavior [ RunTime:0.000000s ]
INFO: [ app_init ] --END-- [ RunTime:0.000000s ]
INFO: [ app_begin ] --START--
INFO: Run Behavior\ReadHtmlCacheBehavior [ RunTime:0.001000s ]
INFO: [ app_begin ] --END-- [ RunTime:0.001000s ]
SQL: SHOW COLUMNS FROM `enpr_info` [ RunTime:0.0030s ]
SQL: SELECT * FROM `enpr_info` LIMIT 1   [ RunTime:0.0010s ]
SQL: SHOW COLUMNS FROM `region` [ RunTime:0.0030s ]
SQL: SELECT `name` FROM `region` WHERE ( id=17359 ) LIMIT 1   [ RunTime:0.0000s ]
SQL: SELECT `name` FROM `region` WHERE ( id=17360 ) LIMIT 1   [ RunTime:0.0000s ]
SQL: SELECT `name` FROM `region` WHERE ( id=17361 ) LIMIT 1   [ RunTime:0.0010s ]
SQL: SHOW COLUMNS FROM `shuffling` [ RunTime:0.0020s ]
SQL: SHOW COLUMNS FROM `goods` [ RunTime:0.0030s ]
SQL: SELECT * FROM `shuffling`  [ RunTime:0.0000s ]
SQL: SELECT * FROM `goods` ORDER BY regtime desc,is_recommend desc LIMIT 3   [ RunTime:0.0000s ]
INFO: [ view_parse ] --START--
INFO: [ template_filter ] --START--
INFO: Run Behavior\ContentReplaceBehavior [ RunTime:0.000000s ]
INFO: [ template_filter ] --END-- [ RunTime:0.000000s ]
NOTIC: [8] Array to string conversion D:\wampp\htdocs\enterprise\Application\Runtime\Cache\Home\3e24b471de08a8366f7660bb176a5e74.php 第 61 行.
INFO: Run Behavior\ParseTemplateBehavior [ RunTime:0.039002s ]
INFO: [ view_parse ] --END-- [ RunTime:0.039002s ]
INFO: [ view_filter ] --START--
INFO: Run Behavior\WriteHtmlCacheBehavior [ RunTime:0.001000s ]
INFO: [ view_filter ] --END-- [ RunTime:0.001000s ]
INFO: [ app_end ] --START--
INFO: Run Behavior\ShowPageTraceBehavior [ RunTime:0.001001s ]
INFO: [ app_end ] --END-- [ RunTime:0.002001s ]

[ 2018-01-24T17:24:15+08:00 ] ::1 /enterprise/index.php/Home/News/ajaxindex.html?p=1
INFO: [ app_init ] --START--
INFO: Run Behavior\BuildLiteBehavior [ RunTime:0.000000s ]
INFO: [ app_init ] --END-- [ RunTime:0.000000s ]
INFO: [ app_begin ] --START--
INFO: Run Behavior\ReadHtmlCacheBehavior [ RunTime:0.001000s ]
INFO: [ app_begin ] --END-- [ RunTime:0.001000s ]
SQL: SHOW COLUMNS FROM `enpr_info` [ RunTime:0.0020s ]
SQL: SELECT * FROM `enpr_info` LIMIT 1   [ RunTime:0.0000s ]
SQL: SHOW COLUMNS FROM `region` [ RunTime:0.0020s ]
SQL: SELECT `name` FROM `region` WHERE ( id=17359 ) LIMIT 1   [ RunTime:0.0000s ]
SQL: SELECT `name` FROM `region` WHERE ( id=17360 ) LIMIT 1   [ RunTime:0.0010s ]
SQL: SELECT `name` FROM `region` WHERE ( id=17361 ) LIMIT 1   [ RunTime:0.0000s ]
SQL: SHOW COLUMNS FROM `new` [ RunTime:0.0020s ]
SQL: SELECT COUNT(*) AS tp_count FROM `new` WHERE ( isdel=0 ) LIMIT 1   [ RunTime:0.0010s ]
NOTIC: [2] Invalid argument supplied for foreach() D:\wampp\htdocs\enterprise\Application\Home\Controller\NewsController.class.php 第 35 行.
SQL: SELECT * FROM `new` WHERE ( isdel=0 ) ORDER BY time desc LIMIT 0,10   [ RunTime:0.0050s ]
INFO: [ view_parse ] --START--
INFO: [ template_filter ] --START--
INFO: Run Behavior\ContentReplaceBehavior [ RunTime:0.000000s ]
INFO: [ template_filter ] --END-- [ RunTime:0.000000s ]
INFO: Run Behavior\ParseTemplateBehavior [ RunTime:0.025001s ]
INFO: [ view_parse ] --END-- [ RunTime:0.026001s ]
INFO: [ view_filter ] --START--
INFO: Run Behavior\WriteHtmlCacheBehavior [ RunTime:0.000000s ]
INFO: [ view_filter ] --END-- [ RunTime:0.000000s ]
INFO: [ app_end ] --START--
INFO: Run Behavior\ShowPageTraceBehavior [ RunTime:0.001001s ]
INFO: [ app_end ] --END-- [ RunTime:0.001001s ]

[ 2018-01-24T17:24:42+08:00 ] ::1 /enterprise/index.php/Home/Index/index.html
INFO: [ app_init ] --START--
INFO: Run Behavior\BuildLiteBehavior [ RunTime:0.000000s ]
INFO: [ app_init ] --END-- [ RunTime:0.001000s ]
INFO: [ app_begin ] --START--
INFO: Run Behavior\ReadHtmlCacheBehavior [ RunTime:0.001000s ]
INFO: [ app_begin ] --END-- [ RunTime:0.001000s ]
SQL: SHOW COLUMNS FROM `enpr_info` [ RunTime:0.0030s ]
SQL: SELECT * FROM `enpr_info` LIMIT 1   [ RunTime:0.0000s ]
SQL: SHOW COLUMNS FROM `region` [ RunTime:0.0030s ]
SQL: SELECT `name` FROM `region` WHERE ( id=17359 ) LIMIT 1   [ RunTime:0.0000s ]
SQL: SELECT `name` FROM `region` WHERE ( id=17360 ) LIMIT 1   [ RunTime:0.0000s ]
SQL: SELECT `name` FROM `region` WHERE ( id=17361 ) LIMIT 1   [ RunTime:0.0000s ]
SQL: SHOW COLUMNS FROM `shuffling` [ RunTime:0.0020s ]
SQL: SHOW COLUMNS FROM `new` [ RunTime:0.0020s ]
SQL: SHOW COLUMNS FROM `goods` [ RunTime:0.0020s ]
SQL: SHOW COLUMNS FROM `department` [ RunTime:0.0020s ]
SQL: SELECT * FROM `department`  [ RunTime:0.0000s ]
SQL: SELECT * FROM `shuffling`  [ RunTime:0.0010s ]
SQL: SELECT * FROM `new` WHERE ( isdel=0 ) ORDER BY time desc  [ RunTime:0.0010s ]
SQL: SELECT * FROM `goods` ORDER BY regtime desc,is_recommend desc LIMIT 3   [ RunTime:0.0000s ]
INFO: [ view_parse ] --START--
INFO: [ template_filter ] --START--
INFO: Run Behavior\ContentReplaceBehavior [ RunTime:0.000000s ]
INFO: [ template_filter ] --END-- [ RunTime:0.000000s ]
NOTIC: [8] Array to string conversion D:\wampp\htdocs\enterprise\Application\Runtime\Cache\Home\2a94b8bda04ff446dcedd42276fc99ee.php 第 67 行.
INFO: Run Behavior\ParseTemplateBehavior [ RunTime:0.012001s ]
INFO: [ view_parse ] --END-- [ RunTime:0.012001s ]
INFO: [ view_filter ] --START--
INFO: Run Behavior\WriteHtmlCacheBehavior [ RunTime:0.001000s ]
INFO: [ view_filter ] --END-- [ RunTime:0.001000s ]
INFO: [ app_end ] --START--
INFO: Run Behavior\ShowPageTraceBehavior [ RunTime:0.002000s ]
INFO: [ app_end ] --END-- [ RunTime:0.002000s ]

[ 2018-01-24T17:24:51+08:00 ] ::1 /enterprise/index.php/Home/Recr/index.html
INFO: [ app_init ] --START--
INFO: Run Behavior\BuildLiteBehavior [ RunTime:0.000000s ]
INFO: [ app_init ] --END-- [ RunTime:0.000000s ]
INFO: [ app_begin ] --START--
INFO: Run Behavior\ReadHtmlCacheBehavior [ RunTime:0.001000s ]
INFO: [ app_begin ] --END-- [ RunTime:0.001000s ]
SQL: SHOW COLUMNS FROM `enpr_info` [ RunTime:0.0030s ]
SQL: SELECT * FROM `enpr_info` LIMIT 1   [ RunTime:0.0010s ]
SQL: SHOW COLUMNS FROM `region` [ RunTime:0.0080s ]
SQL: SELECT `name` FROM `region` WHERE ( id=17359 ) LIMIT 1   [ RunTime:0.0010s ]
SQL: SELECT `name` FROM `region` WHERE ( id=17360 ) LIMIT 1   [ RunTime:0.0060s ]
SQL: SELECT `name` FROM `region` WHERE ( id=17361 ) LIMIT 1   [ RunTime:0.0030s ]
SQL: SHOW COLUMNS FROM `shuffling` [ RunTime:0.0040s ]
SQL: SHOW COLUMNS FROM `new` [ RunTime:0.0020s ]
SQL: SELECT * FROM `shuffling`  [ RunTime:0.0010s ]
SQL: SELECT * FROM `new` WHERE ( isdel=0 ) ORDER BY time desc  [ RunTime:0.0010s ]
SQL: SHOW COLUMNS FROM `recruitment` [ RunTime:0.0030s ]
NOTIC: [8] Undefined variable: condition D:\wampp\htdocs\enterprise\Application\Home\Controller\RecrController.class.php 第 16 行.
SQL: SELECT COUNT(*) AS tp_count FROM `recruitment` LIMIT 1   [ RunTime:0.0000s ]
SQL: SELECT * FROM `recruitment` ORDER BY regtime desc LIMIT 0,10   [ RunTime:0.0010s ]
INFO: [ view_parse ] --START--
INFO: [ template_filter ] --START--
INFO: Run Behavior\ContentReplaceBehavior [ RunTime:0.000000s ]
INFO: [ template_filter ] --END-- [ RunTime:0.000000s ]
NOTIC: [8] Array to string conversion D:\wampp\htdocs\enterprise\Application\Runtime\Cache\Home\d3f89c050c282c0da8816a96318cf503.php 第 61 行.
INFO: Run Behavior\ParseTemplateBehavior [ RunTime:0.035002s ]
INFO: [ view_parse ] --END-- [ RunTime:0.035002s ]
INFO: [ view_filter ] --START--
INFO: Run Behavior\WriteHtmlCacheBehavior [ RunTime:0.001000s ]
INFO: [ view_filter ] --END-- [ RunTime:0.001000s ]
INFO: [ app_end ] --START--
INFO: Run Behavior\ShowPageTraceBehavior [ RunTime:0.001000s ]
INFO: [ app_end ] --END-- [ RunTime:0.001000s ]

[ 2018-01-24T17:24:55+08:00 ] ::1 /enterprise/index.php/Home/Goods/index.html
INFO: [ app_init ] --START--
INFO: Run Behavior\BuildLiteBehavior [ RunTime:0.000000s ]
INFO: [ app_init ] --END-- [ RunTime:0.002000s ]
INFO: [ app_begin ] --START--
INFO: Run Behavior\ReadHtmlCacheBehavior [ RunTime:0.001001s ]
INFO: [ app_begin ] --END-- [ RunTime:0.001001s ]
SQL: SHOW COLUMNS FROM `enpr_info` [ RunTime:0.0020s ]
SQL: SELECT * FROM `enpr_info` LIMIT 1   [ RunTime:0.0010s ]
SQL: SHOW COLUMNS FROM `region` [ RunTime:0.0020s ]
SQL: SELECT `name` FROM `region` WHERE ( id=17359 ) LIMIT 1   [ RunTime:0.0000s ]
SQL: SELECT `name` FROM `region` WHERE ( id=17360 ) LIMIT 1   [ RunTime:0.0000s ]
SQL: SELECT `name` FROM `region` WHERE ( id=17361 ) LIMIT 1   [ RunTime:0.0000s ]
SQL: SHOW COLUMNS FROM `shuffling` [ RunTime:0.0040s ]
SQL: SHOW COLUMNS FROM `new` [ RunTime:0.0020s ]
SQL: SHOW COLUMNS FROM `classification` [ RunTime:0.0020s ]
SQL: SELECT * FROM `shuffling` ORDER BY id desc  [ RunTime:0.0000s ]
SQL: SELECT * FROM `new` WHERE ( isdel=0 ) ORDER BY time desc  [ RunTime:0.0010s ]
SQL: SELECT * FROM `classification`  [ RunTime:0.0000s ]
INFO: [ view_parse ] --START--
INFO: [ template_filter ] --START--
INFO: Run Behavior\ContentReplaceBehavior [ RunTime:0.000000s ]
INFO: [ template_filter ] --END-- [ RunTime:0.001000s ]
NOTIC: [8] Array to string conversion D:\wampp\htdocs\enterprise\Application\Runtime\Cache\Home\63839bc489ada1b251c78e0251f28b7d.php 第 62 行.
INFO: Run Behavior\ParseTemplateBehavior [ RunTime:0.033002s ]
INFO: [ view_parse ] --END-- [ RunTime:0.033002s ]
INFO: [ view_filter ] --START--
INFO: Run Behavior\WriteHtmlCacheBehavior [ RunTime:0.001000s ]
INFO: [ view_filter ] --END-- [ RunTime:0.001000s ]
INFO: [ app_end ] --START--
INFO: Run Behavior\ShowPageTraceBehavior [ RunTime:0.001000s ]
INFO: [ app_end ] --END-- [ RunTime:0.001000s ]

[ 2018-01-24T17:24:55+08:00 ] ::1 /enterprise/index.php/Home/Goods/ajaxindex.html?p=1
INFO: [ app_init ] --START--
INFO: Run Behavior\BuildLiteBehavior [ RunTime:0.000000s ]
INFO: [ app_init ] --END-- [ RunTime:0.001000s ]
INFO: [ app_begin ] --START--
INFO: Run Behavior\ReadHtmlCacheBehavior [ RunTime:0.001000s ]
INFO: [ app_begin ] --END-- [ RunTime:0.001000s ]
SQL: SHOW COLUMNS FROM `enpr_info` [ RunTime:0.0030s ]
SQL: SELECT * FROM `enpr_info` LIMIT 1   [ RunTime:0.0000s ]
SQL: SHOW COLUMNS FROM `region` [ RunTime:0.0030s ]
SQL: SELECT `name` FROM `region` WHERE ( id=17359 ) LIMIT 1   [ RunTime:0.0000s ]
SQL: SELECT `name` FROM `region` WHERE ( id=17360 ) LIMIT 1   [ RunTime:0.0000s ]
SQL: SELECT `name` FROM `region` WHERE ( id=17361 ) LIMIT 1   [ RunTime:0.0000s ]
SQL: SHOW COLUMNS FROM `goods` [ RunTime:0.0030s ]
SQL: SELECT COUNT(*) AS tp_count FROM `goods` LIMIT 1   [ RunTime:0.0000s ]
SQL: SELECT * FROM `goods` ORDER BY regtime desc,is_recommend desc LIMIT 0,6   [ RunTime:0.0000s ]
INFO: [ view_parse ] --START--
INFO: [ template_filter ] --START--
INFO: Run Behavior\ContentReplaceBehavior [ RunTime:0.000000s ]
INFO: [ template_filter ] --END-- [ RunTime:0.000000s ]
INFO: Run Behavior\ParseTemplateBehavior [ RunTime:0.021001s ]
INFO: [ view_parse ] --END-- [ RunTime:0.021001s ]
INFO: [ view_filter ] --START--
INFO: Run Behavior\WriteHtmlCacheBehavior [ RunTime:0.001000s ]
INFO: [ view_filter ] --END-- [ RunTime:0.002000s ]
INFO: [ app_end ] --START--
INFO: Run Behavior\ShowPageTraceBehavior [ RunTime:0.002000s ]
INFO: [ app_end ] --END-- [ RunTime:0.002000s ]

[ 2018-01-24T17:24:58+08:00 ] ::1 /enterprise/index.php/Home/Goods/ajaxindex.html?p=2
INFO: [ app_init ] --START--
INFO: Run Behavior\BuildLiteBehavior [ RunTime:0.000000s ]
INFO: [ app_init ] --END-- [ RunTime:0.000000s ]
INFO: [ app_begin ] --START--
INFO: Run Behavior\ReadHtmlCacheBehavior [ RunTime:0.000000s ]
INFO: [ app_begin ] --END-- [ RunTime:0.000000s ]
SQL: SHOW COLUMNS FROM `enpr_info` [ RunTime:0.0030s ]
SQL: SELECT * FROM `enpr_info` LIMIT 1   [ RunTime:0.0000s ]
SQL: SHOW COLUMNS FROM `region` [ RunTime:0.0020s ]
SQL: SELECT `name` FROM `region` WHERE ( id=17359 ) LIMIT 1   [ RunTime:0.0010s ]
SQL: SELECT `name` FROM `region` WHERE ( id=17360 ) LIMIT 1   [ RunTime:0.0000s ]
SQL: SELECT `name` FROM `region` WHERE ( id=17361 ) LIMIT 1   [ RunTime:0.0000s ]
SQL: SHOW COLUMNS FROM `goods` [ RunTime:0.0030s ]
SQL: SELECT COUNT(*) AS tp_count FROM `goods` LIMIT 1   [ RunTime:0.0000s ]
SQL: SELECT * FROM `goods` ORDER BY regtime desc,is_recommend desc LIMIT 6,6   [ RunTime:0.0010s ]
INFO: [ view_parse ] --START--
INFO: [ template_filter ] --START--
INFO: Run Behavior\ContentReplaceBehavior [ RunTime:0.000000s ]
INFO: [ template_filter ] --END-- [ RunTime:0.000000s ]
INFO: Run Behavior\ParseTemplateBehavior [ RunTime:0.008000s ]
INFO: [ view_parse ] --END-- [ RunTime:0.009000s ]
INFO: [ view_filter ] --START--
INFO: Run Behavior\WriteHtmlCacheBehavior [ RunTime:0.000000s ]
INFO: [ view_filter ] --END-- [ RunTime:0.000000s ]
INFO: [ app_end ] --START--
INFO: Run Behavior\ShowPageTraceBehavior [ RunTime:0.001000s ]
INFO: [ app_end ] --END-- [ RunTime:0.001000s ]

[ 2018-01-24T17:24:59+08:00 ] ::1 /enterprise/index.php/Home/Goods/ajaxindex.html?p=1
INFO: [ app_init ] --START--
INFO: Run Behavior\BuildLiteBehavior [ RunTime:0.000000s ]
INFO: [ app_init ] --END-- [ RunTime:0.001000s ]
INFO: [ app_begin ] --START--
INFO: Run Behavior\ReadHtmlCacheBehavior [ RunTime:0.001000s ]
INFO: [ app_begin ] --END-- [ RunTime:0.001000s ]
SQL: SHOW COLUMNS FROM `enpr_info` [ RunTime:0.0060s ]
SQL: SELECT * FROM `enpr_info` LIMIT 1   [ RunTime:0.0010s ]
SQL: SHOW COLUMNS FROM `region` [ RunTime:0.0020s ]
SQL: SELECT `name` FROM `region` WHERE ( id=17359 ) LIMIT 1   [ RunTime:0.0000s ]
SQL: SELECT `name` FROM `region` WHERE ( id=17360 ) LIMIT 1   [ RunTime:0.0010s ]
SQL: SELECT `name` FROM `region` WHERE ( id=17361 ) LIMIT 1   [ RunTime:0.0000s ]
SQL: SHOW COLUMNS FROM `goods` [ RunTime:0.0040s ]
SQL: SELECT COUNT(*) AS tp_count FROM `goods` WHERE `cat_id` = 9 LIMIT 1   [ RunTime:0.0120s ]
SQL: SELECT * FROM `goods` WHERE `cat_id` = 9 ORDER BY regtime desc,is_recommend desc LIMIT 0,6   [ RunTime:0.0000s ]
INFO: [ view_parse ] --START--
INFO: [ template_filter ] --START--
INFO: Run Behavior\ContentReplaceBehavior [ RunTime:0.000000s ]
INFO: [ template_filter ] --END-- [ RunTime:0.000000s ]
INFO: Run Behavior\ParseTemplateBehavior [ RunTime:0.008001s ]
INFO: [ view_parse ] --END-- [ RunTime:0.008001s ]
INFO: [ view_filter ] --START--
INFO: Run Behavior\WriteHtmlCacheBehavior [ RunTime:0.001000s ]
INFO: [ view_filter ] --END-- [ RunTime:0.001000s ]
INFO: [ app_end ] --START--
INFO: Run Behavior\ShowPageTraceBehavior [ RunTime:0.001000s ]
INFO: [ app_end ] --END-- [ RunTime:0.001000s ]

[ 2018-01-24T17:25:00+08:00 ] ::1 /enterprise/index.php/Home/Goods/ajaxindex.html?p=2
INFO: [ app_init ] --START--
INFO: Run Behavior\BuildLiteBehavior [ RunTime:0.000000s ]
INFO: [ app_init ] --END-- [ RunTime:0.000000s ]
INFO: [ app_begin ] --START--
INFO: Run Behavior\ReadHtmlCacheBehavior [ RunTime:0.000000s ]
INFO: [ app_begin ] --END-- [ RunTime:0.000000s ]
SQL: SHOW COLUMNS FROM `enpr_info` [ RunTime:0.0090s ]
SQL: SELECT * FROM `enpr_info` LIMIT 1   [ RunTime:0.0000s ]
SQL: SHOW COLUMNS FROM `region` [ RunTime:0.0020s ]
SQL: SELECT `name` FROM `region` WHERE ( id=17359 ) LIMIT 1   [ RunTime:0.0010s ]
SQL: SELECT `name` FROM `region` WHERE ( id=17360 ) LIMIT 1   [ RunTime:0.0010s ]
SQL: SELECT `name` FROM `region` WHERE ( id=17361 ) LIMIT 1   [ RunTime:0.0000s ]
SQL: SHOW COLUMNS FROM `goods` [ RunTime:0.0020s ]
SQL: SELECT COUNT(*) AS tp_count FROM `goods` WHERE `cat_id` = 9 LIMIT 1   [ RunTime:0.0000s ]
SQL: SELECT * FROM `goods` WHERE `cat_id` = 9 ORDER BY regtime desc,is_recommend desc LIMIT 6,6   [ RunTime:0.0000s ]
INFO: [ view_parse ] --START--
INFO: [ template_filter ] --START--
INFO: Run Behavior\ContentReplaceBehavior [ RunTime:0.000000s ]
INFO: [ template_filter ] --END-- [ RunTime:0.000000s ]
INFO: Run Behavior\ParseTemplateBehavior [ RunTime:0.009000s ]
INFO: [ view_parse ] --END-- [ RunTime:0.009000s ]
INFO: [ view_filter ] --START--
INFO: Run Behavior\WriteHtmlCacheBehavior [ RunTime:0.001001s ]
INFO: [ view_filter ] --END-- [ RunTime:0.001001s ]
INFO: [ app_end ] --START--
INFO: Run Behavior\ShowPageTraceBehavior [ RunTime:0.003000s ]
INFO: [ app_end ] --END-- [ RunTime:0.003000s ]

[ 2018-01-24T17:25:03+08:00 ] ::1 /enterprise/index.php/Home/News/index.html
INFO: [ app_init ] --START--
INFO: Run Behavior\BuildLiteBehavior [ RunTime:0.000000s ]
INFO: [ app_init ] --END-- [ RunTime:0.001000s ]
INFO: [ app_begin ] --START--
INFO: Run Behavior\ReadHtmlCacheBehavior [ RunTime:0.000000s ]
INFO: [ app_begin ] --END-- [ RunTime:0.000000s ]
SQL: SHOW COLUMNS FROM `enpr_info` [ RunTime:0.0020s ]
SQL: SELECT * FROM `enpr_info` LIMIT 1   [ RunTime:0.0000s ]
SQL: SHOW COLUMNS FROM `region` [ RunTime:0.0040s ]
SQL: SELECT `name` FROM `region` WHERE ( id=17359 ) LIMIT 1   [ RunTime:0.0010s ]
SQL: SELECT `name` FROM `region` WHERE ( id=17360 ) LIMIT 1   [ RunTime:0.0000s ]
SQL: SELECT `name` FROM `region` WHERE ( id=17361 ) LIMIT 1   [ RunTime:0.0010s ]
SQL: SHOW COLUMNS FROM `shuffling` [ RunTime:0.0030s ]
SQL: SHOW COLUMNS FROM `goods` [ RunTime:0.0030s ]
SQL: SELECT * FROM `shuffling`  [ RunTime:0.0000s ]
SQL: SELECT * FROM `goods` ORDER BY regtime desc,is_recommend desc LIMIT 3   [ RunTime:0.0010s ]
INFO: [ view_parse ] --START--
INFO: [ template_filter ] --START--
INFO: Run Behavior\ContentReplaceBehavior [ RunTime:0.000000s ]
INFO: [ template_filter ] --END-- [ RunTime:0.000000s ]
NOTIC: [8] Array to string conversion D:\wampp\htdocs\enterprise\Application\Runtime\Cache\Home\3e24b471de08a8366f7660bb176a5e74.php 第 61 行.
INFO: Run Behavior\ParseTemplateBehavior [ RunTime:0.016001s ]
INFO: [ view_parse ] --END-- [ RunTime:0.016001s ]
INFO: [ view_filter ] --START--
INFO: Run Behavior\WriteHtmlCacheBehavior [ RunTime:0.001000s ]
INFO: [ view_filter ] --END-- [ RunTime:0.001000s ]
INFO: [ app_end ] --START--
INFO: Run Behavior\ShowPageTraceBehavior [ RunTime:0.001001s ]
INFO: [ app_end ] --END-- [ RunTime:0.001001s ]

[ 2018-01-24T17:25:04+08:00 ] ::1 /enterprise/index.php/Home/News/ajaxindex.html?p=1
INFO: [ app_init ] --START--
INFO: Run Behavior\BuildLiteBehavior [ RunTime:0.000000s ]
INFO: [ app_init ] --END-- [ RunTime:0.001000s ]
INFO: [ app_begin ] --START--
INFO: Run Behavior\ReadHtmlCacheBehavior [ RunTime:0.000000s ]
INFO: [ app_begin ] --END-- [ RunTime:0.000000s ]
SQL: SHOW COLUMNS FROM `enpr_info` [ RunTime:0.0040s ]
SQL: SELECT * FROM `enpr_info` LIMIT 1   [ RunTime:0.0010s ]
SQL: SHOW COLUMNS FROM `region` [ RunTime:0.0020s ]
SQL: SELECT `name` FROM `region` WHERE ( id=17359 ) LIMIT 1   [ RunTime:0.0000s ]
SQL: SELECT `name` FROM `region` WHERE ( id=17360 ) LIMIT 1   [ RunTime:0.0010s ]
SQL: SELECT `name` FROM `region` WHERE ( id=17361 ) LIMIT 1   [ RunTime:0.0000s ]
SQL: SHOW COLUMNS FROM `new` [ RunTime:0.0020s ]
SQL: SELECT COUNT(*) AS tp_count FROM `new` WHERE ( isdel=0 ) LIMIT 1   [ RunTime:0.0010s ]
NOTIC: [2] Invalid argument supplied for foreach() D:\wampp\htdocs\enterprise\Application\Home\Controller\NewsController.class.php 第 35 行.
SQL: SELECT * FROM `new` WHERE ( isdel=0 ) ORDER BY time desc LIMIT 0,10   [ RunTime:0.0010s ]
INFO: [ view_parse ] --START--
INFO: [ template_filter ] --START--
INFO: Run Behavior\ContentReplaceBehavior [ RunTime:0.000000s ]
INFO: [ template_filter ] --END-- [ RunTime:0.000000s ]
INFO: Run Behavior\ParseTemplateBehavior [ RunTime:0.010001s ]
INFO: [ view_parse ] --END-- [ RunTime:0.010001s ]
INFO: [ view_filter ] --START--
INFO: Run Behavior\WriteHtmlCacheBehavior [ RunTime:0.001000s ]
INFO: [ view_filter ] --END-- [ RunTime:0.001000s ]
INFO: [ app_end ] --START--
INFO: Run Behavior\ShowPageTraceBehavior [ RunTime:0.000000s ]
INFO: [ app_end ] --END-- [ RunTime:0.000000s ]

[ 2018-01-24T17:25:35+08:00 ] ::1 /enterprise/index.php/Home/Goods/ajaxindex.html?p=1
INFO: [ app_init ] --START--
INFO: Run Behavior\BuildLiteBehavior [ RunTime:0.000000s ]
INFO: [ app_init ] --END-- [ RunTime:0.001000s ]
INFO: [ app_begin ] --START--
INFO: Run Behavior\ReadHtmlCacheBehavior [ RunTime:0.001000s ]
INFO: [ app_begin ] --END-- [ RunTime:0.001000s ]
SQL: SHOW COLUMNS FROM `enpr_info` [ RunTime:0.0030s ]
SQL: SELECT * FROM `enpr_info` LIMIT 1   [ RunTime:0.0010s ]
SQL: SHOW COLUMNS FROM `region` [ RunTime:0.0020s ]
SQL: SELECT `name` FROM `region` WHERE ( id=17359 ) LIMIT 1   [ RunTime:0.0000s ]
SQL: SELECT `name` FROM `region` WHERE ( id=17360 ) LIMIT 1   [ RunTime:0.0010s ]
SQL: SELECT `name` FROM `region` WHERE ( id=17361 ) LIMIT 1   [ RunTime:0.0000s ]
SQL: SHOW COLUMNS FROM `goods` [ RunTime:0.0020s ]
SQL: SELECT COUNT(*) AS tp_count FROM `goods` LIMIT 1   [ RunTime:0.0010s ]
SQL: SELECT * FROM `goods` ORDER BY regtime desc,is_recommend desc LIMIT 0,6   [ RunTime:0.0000s ]
INFO: [ view_parse ] --START--
INFO: [ template_filter ] --START--
INFO: Run Behavior\ContentReplaceBehavior [ RunTime:0.000000s ]
INFO: [ template_filter ] --END-- [ RunTime:0.000000s ]
INFO: Run Behavior\ParseTemplateBehavior [ RunTime:0.012001s ]
INFO: [ view_parse ] --END-- [ RunTime:0.012001s ]
INFO: [ view_filter ] --START--
INFO: Run Behavior\WriteHtmlCacheBehavior [ RunTime:0.000000s ]
INFO: [ view_filter ] --END-- [ RunTime:0.000000s ]
INFO: [ app_end ] --START--
INFO: Run Behavior\ShowPageTraceBehavior [ RunTime:0.001000s ]
INFO: [ app_end ] --END-- [ RunTime:0.001000s ]

[ 2018-01-24T17:25:38+08:00 ] ::1 /enterprise/index.php/Home/News/ajaxindex.html?p=1
INFO: [ app_init ] --START--
INFO: Run Behavior\BuildLiteBehavior [ RunTime:0.000000s ]
INFO: [ app_init ] --END-- [ RunTime:0.000000s ]
INFO: [ app_begin ] --START--
INFO: Run Behavior\ReadHtmlCacheBehavior [ RunTime:0.001000s ]
INFO: [ app_begin ] --END-- [ RunTime:0.001000s ]
SQL: SHOW COLUMNS FROM `enpr_info` [ RunTime:0.0020s ]
SQL: SELECT * FROM `enpr_info` LIMIT 1   [ RunTime:0.0010s ]
SQL: SHOW COLUMNS FROM `region` [ RunTime:0.0020s ]
SQL: SELECT `name` FROM `region` WHERE ( id=17359 ) LIMIT 1   [ RunTime:0.0010s ]
SQL: SELECT `name` FROM `region` WHERE ( id=17360 ) LIMIT 1   [ RunTime:0.0000s ]
SQL: SELECT `name` FROM `region` WHERE ( id=17361 ) LIMIT 1   [ RunTime:0.0000s ]
SQL: SHOW COLUMNS FROM `new` [ RunTime:0.0020s ]
SQL: SELECT COUNT(*) AS tp_count FROM `new` WHERE ( isdel=0 ) LIMIT 1   [ RunTime:0.0010s ]
NOTIC: [2] Invalid argument supplied for foreach() D:\wampp\htdocs\enterprise\Application\Home\Controller\NewsController.class.php 第 35 行.
SQL: SELECT * FROM `new` WHERE ( isdel=0 ) ORDER BY time desc LIMIT 0,10   [ RunTime:0.0010s ]
INFO: [ view_parse ] --START--
INFO: [ template_filter ] --START--
INFO: Run Behavior\ContentReplaceBehavior [ RunTime:0.000000s ]
INFO: [ template_filter ] --END-- [ RunTime:0.000000s ]
INFO: Run Behavior\ParseTemplateBehavior [ RunTime:0.007000s ]
INFO: [ view_parse ] --END-- [ RunTime:0.007000s ]
INFO: [ view_filter ] --START--
INFO: Run Behavior\WriteHtmlCacheBehavior [ RunTime:0.001000s ]
INFO: [ view_filter ] --END-- [ RunTime:0.001000s ]
INFO: [ app_end ] --START--
INFO: Run Behavior\ShowPageTraceBehavior [ RunTime:0.001000s ]
INFO: [ app_end ] --END-- [ RunTime:0.001000s ]

[ 2018-01-24T17:26:33+08:00 ] ::1 /enterprise/index.php/Home/Currency
INFO: [ app_init ] --START--
INFO: Run Behavior\BuildLiteBehavior [ RunTime:0.000000s ]
INFO: [ app_init ] --END-- [ RunTime:0.002001s ]
INFO: [ app_begin ] --START--
INFO: Run Behavior\ReadHtmlCacheBehavior [ RunTime:0.000000s ]
INFO: [ app_begin ] --END-- [ RunTime:0.001000s ]
SQL: SHOW COLUMNS FROM `objects` [ RunTime:0.0030s ]
SQL: SELECT * FROM `objects` WHERE ( is_disabled=0 ) ORDER BY body_rank desc  [ RunTime:0.0000s ]
INFO: [ view_parse ] --START--
INFO: [ template_filter ] --START--
INFO: Run Behavior\ContentReplaceBehavior [ RunTime:0.000000s ]
INFO: [ template_filter ] --END-- [ RunTime:0.000000s ]
NOTIC: [8] Undefined variable: enprArr D:\wampp\htdocs\enterprise\Application\Runtime\Cache\Home\86b01305def131b1c62c3379c47a24b8.php 第 8 行.
NOTIC: [8] Undefined variable: user D:\wampp\htdocs\enterprise\Application\Runtime\Cache\Home\86b01305def131b1c62c3379c47a24b8.php 第 23 行.
NOTIC: [8] Trying to get property of non-object D:\wampp\htdocs\enterprise\Application\Runtime\Cache\Home\86b01305def131b1c62c3379c47a24b8.php 第 23 行.
NOTIC: [8] Undefined variable: user D:\wampp\htdocs\enterprise\Application\Runtime\Cache\Home\86b01305def131b1c62c3379c47a24b8.php 第 36 行.
NOTIC: [8] Trying to get property of non-object D:\wampp\htdocs\enterprise\Application\Runtime\Cache\Home\86b01305def131b1c62c3379c47a24b8.php 第 36 行.
NOTIC: [8] Trying to get property of non-object D:\wampp\htdocs\enterprise\Application\Runtime\Cache\Home\86b01305def131b1c62c3379c47a24b8.php 第 54 行.
NOTIC: [8] Trying to get property of non-object D:\wampp\htdocs\enterprise\Application\Runtime\Cache\Home\86b01305def131b1c62c3379c47a24b8.php 第 57 行.
NOTIC: [8] Trying to get property of non-object D:\wampp\htdocs\enterprise\Application\Runtime\Cache\Home\86b01305def131b1c62c3379c47a24b8.php 第 57 行.
NOTIC: [8] Trying to get property of non-object D:\wampp\htdocs\enterprise\Application\Runtime\Cache\Home\86b01305def131b1c62c3379c47a24b8.php 第 59 行.
NOTIC: [8] Trying to get property of non-object D:\wampp\htdocs\enterprise\Application\Runtime\Cache\Home\86b01305def131b1c62c3379c47a24b8.php 第 59 行.
NOTIC: [8] Trying to get property of non-object D:\wampp\htdocs\enterprise\Application\Runtime\Cache\Home\86b01305def131b1c62c3379c47a24b8.php 第 54 行.
NOTIC: [8] Trying to get property of non-object D:\wampp\htdocs\enterprise\Application\Runtime\Cache\Home\86b01305def131b1c62c3379c47a24b8.php 第 57 行.
NOTIC: [8] Trying to get property of non-object D:\wampp\htdocs\enterprise\Application\Runtime\Cache\Home\86b01305def131b1c62c3379c47a24b8.php 第 57 行.
NOTIC: [8] Trying to get property of non-object D:\wampp\htdocs\enterprise\Application\Runtime\Cache\Home\86b01305def131b1c62c3379c47a24b8.php 第 59 行.
NOTIC: [8] Trying to get property of non-object D:\wampp\htdocs\enterprise\Application\Runtime\Cache\Home\86b01305def131b1c62c3379c47a24b8.php 第 59 行.
NOTIC: [8] Trying to get property of non-object D:\wampp\htdocs\enterprise\Application\Runtime\Cache\Home\86b01305def131b1c62c3379c47a24b8.php 第 54 行.
NOTIC: [8] Trying to get property of non-object D:\wampp\htdocs\enterprise\Application\Runtime\Cache\Home\86b01305def131b1c62c3379c47a24b8.php 第 57 行.
NOTIC: [8] Trying to get property of non-object D:\wampp\htdocs\enterprise\Application\Runtime\Cache\Home\86b01305def131b1c62c3379c47a24b8.php 第 57 行.
NOTIC: [8] Trying to get property of non-object D:\wampp\htdocs\enterprise\Application\Runtime\Cache\Home\86b01305def131b1c62c3379c47a24b8.php 第 59 行.
NOTIC: [8] Trying to get property of non-object D:\wampp\htdocs\enterprise\Application\Runtime\Cache\Home\86b01305def131b1c62c3379c47a24b8.php 第 59 行.
NOTIC: [8] Trying to get property of non-object D:\wampp\htdocs\enterprise\Application\Runtime\Cache\Home\86b01305def131b1c62c3379c47a24b8.php 第 54 行.
NOTIC: [8] Trying to get property of non-object D:\wampp\htdocs\enterprise\Application\Runtime\Cache\Home\86b01305def131b1c62c3379c47a24b8.php 第 57 行.
NOTIC: [8] Trying to get property of non-object D:\wampp\htdocs\enterprise\Application\Runtime\Cache\Home\86b01305def131b1c62c3379c47a24b8.php 第 57 行.
NOTIC: [8] Trying to get property of non-object D:\wampp\htdocs\enterprise\Application\Runtime\Cache\Home\86b01305def131b1c62c3379c47a24b8.php 第 59 行.
NOTIC: [8] Trying to get property of non-object D:\wampp\htdocs\enterprise\Application\Runtime\Cache\Home\86b01305def131b1c62c3379c47a24b8.php 第 59 行.
NOTIC: [8] Trying to get property of non-object D:\wampp\htdocs\enterprise\Application\Runtime\Cache\Home\86b01305def131b1c62c3379c47a24b8.php 第 54 行.
NOTIC: [8] Trying to get property of non-object D:\wampp\htdocs\enterprise\Application\Runtime\Cache\Home\86b01305def131b1c62c3379c47a24b8.php 第 57 行.
NOTIC: [8] Trying to get property of non-object D:\wampp\htdocs\enterprise\Application\Runtime\Cache\Home\86b01305def131b1c62c3379c47a24b8.php 第 57 行.
NOTIC: [8] Trying to get property of non-object D:\wampp\htdocs\enterprise\Application\Runtime\Cache\Home\86b01305def131b1c62c3379c47a24b8.php 第 59 行.
NOTIC: [8] Trying to get property of non-object D:\wampp\htdocs\enterprise\Application\Runtime\Cache\Home\86b01305def131b1c62c3379c47a24b8.php 第 59 行.
NOTIC: [8] Trying to get property of non-object D:\wampp\htdocs\enterprise\Application\Runtime\Cache\Home\86b01305def131b1c62c3379c47a24b8.php 第 54 行.
NOTIC: [8] Trying to get property of non-object D:\wampp\htdocs\enterprise\Application\Runtime\Cache\Home\86b01305def131b1c62c3379c47a24b8.php 第 57 行.
NOTIC: [8] Trying to get property of non-object D:\wampp\htdocs\enterprise\Application\Runtime\Cache\Home\86b01305def131b1c62c3379c47a24b8.php 第 57 行.
NOTIC: [8] Trying to get property of non-object D:\wampp\htdocs\enterprise\Application\Runtime\Cache\Home\86b01305def131b1c62c3379c47a24b8.php 第 59 行.
NOTIC: [8] Trying to get property of non-object D:\wampp\htdocs\enterprise\Application\Runtime\Cache\Home\86b01305def131b1c62c3379c47a24b8.php 第 59 行.
NOTIC: [8] Trying to get property of non-object D:\wampp\htdocs\enterprise\Application\Runtime\Cache\Home\86b01305def131b1c62c3379c47a24b8.php 第 54 行.
NOTIC: [8] Trying to get property of non-object D:\wampp\htdocs\enterprise\Application\Runtime\Cache\Home\86b01305def131b1c62c3379c47a24b8.php 第 57 行.
NOTIC: [8] Trying to get property of non-object D:\wampp\htdocs\enterprise\Application\Runtime\Cache\Home\86b01305def131b1c62c3379c47a24b8.php 第 57 行.
NOTIC: [8] Trying to get property of non-object D:\wampp\htdocs\enterprise\Application\Runtime\Cache\Home\86b01305def131b1c62c3379c47a24b8.php 第 59 行.
NOTIC: [8] Trying to get property of non-object D:\wampp\htdocs\enterprise\Application\Runtime\Cache\Home\86b01305def131b1c62c3379c47a24b8.php 第 59 行.
NOTIC: [8] Trying to get property of non-object D:\wampp\htdocs\enterprise\Application\Runtime\Cache\Home\86b01305def131b1c62c3379c47a24b8.php 第 54 行.
NOTIC: [8] Trying to get property of non-object D:\wampp\htdocs\enterprise\Application\Runtime\Cache\Home\86b01305def131b1c62c3379c47a24b8.php 第 57 行.
NOTIC: [8] Trying to get property of non-object D:\wampp\htdocs\enterprise\Application\Runtime\Cache\Home\86b01305def131b1c62c3379c47a24b8.php 第 57 行.
NOTIC: [8] Trying to get property of non-object D:\wampp\htdocs\enterprise\Application\Runtime\Cache\Home\86b01305def131b1c62c3379c47a24b8.php 第 59 行.
NOTIC: [8] Trying to get property of non-object D:\wampp\htdocs\enterprise\Application\Runtime\Cache\Home\86b01305def131b1c62c3379c47a24b8.php 第 59 行.
NOTIC: [8] Trying to get property of non-object D:\wampp\htdocs\enterprise\Application\Runtime\Cache\Home\86b01305def131b1c62c3379c47a24b8.php 第 54 行.
NOTIC: [8] Trying to get property of non-object D:\wampp\htdocs\enterprise\Application\Runtime\Cache\Home\86b01305def131b1c62c3379c47a24b8.php 第 57 行.
NOTIC: [8] Trying to get property of non-object D:\wampp\htdocs\enterprise\Application\Runtime\Cache\Home\86b01305def131b1c62c3379c47a24b8.php 第 57 行.
NOTIC: [8] Trying to get property of non-object D:\wampp\htdocs\enterprise\Application\Runtime\Cache\Home\86b01305def131b1c62c3379c47a24b8.php 第 59 行.
NOTIC: [8] Trying to get property of non-object D:\wampp\htdocs\enterprise\Application\Runtime\Cache\Home\86b01305def131b1c62c3379c47a24b8.php 第 59 行.
INFO: Run Behavior\ParseTemplateBehavior [ RunTime:0.014001s ]
INFO: [ view_parse ] --END-- [ RunTime:0.014001s ]
INFO: [ view_filter ] --START--
INFO: Run Behavior\WriteHtmlCacheBehavior [ RunTime:0.001000s ]
INFO: [ view_filter ] --END-- [ RunTime:0.001000s ]
INFO: [ app_end ] --START--
INFO: Run Behavior\ShowPageTraceBehavior [ RunTime:0.000000s ]
INFO: [ app_end ] --END-- [ RunTime:0.000000s ]

