[ 2018-05-23T10:06:13+08:00 ] ::1 /enterprise/
INFO: [ app_init ] --START--
INFO: Run Behavior\BuildLiteBehavior [ RunTime:0.000000s ]
INFO: [ app_init ] --END-- [ RunTime:0.010000s ]
INFO: [ app_begin ] --START--
INFO: Run Behavior\ReadHtmlCacheBehavior [ RunTime:0.003000s ]
INFO: [ app_begin ] --END-- [ RunTime:0.003000s ]
SQL: SHOW COLUMNS FROM `enpr_info` [ RunTime:0.0860s ]
SQL: SELECT * FROM `enpr_info` LIMIT 1   [ RunTime:0.0000s ]
SQL: SHOW COLUMNS FROM `region` [ RunTime:0.0360s ]
SQL: SELECT `name` FROM `region` WHERE ( id=17359 ) LIMIT 1   [ RunTime:0.0420s ]
SQL: SELECT `name` FROM `region` WHERE ( id=17360 ) LIMIT 1   [ RunTime:0.0010s ]
SQL: SELECT `name` FROM `region` WHERE ( id=17361 ) LIMIT 1   [ RunTime:0.0010s ]
SQL: SHOW COLUMNS FROM `shuffling` [ RunTime:0.1440s ]
SQL: SHOW COLUMNS FROM `new` [ RunTime:0.0390s ]
SQL: SHOW COLUMNS FROM `goods` [ RunTime:0.0240s ]
SQL: SHOW COLUMNS FROM `department` [ RunTime:0.0260s ]
SQL: SELECT * FROM `department`  [ RunTime:0.0000s ]
SQL: SELECT * FROM `shuffling`  [ RunTime:0.0000s ]
SQL: SELECT * FROM `new` WHERE ( isdel=0 ) ORDER BY time desc  [ RunTime:0.0030s ]
SQL: SELECT * FROM `goods` ORDER BY regtime desc,is_recommend desc LIMIT 3   [ RunTime:0.0000s ]
INFO: [ view_parse ] --START--
INFO: [ template_filter ] --START--
INFO: Run Behavior\ContentReplaceBehavior [ RunTime:0.000000s ]
INFO: [ template_filter ] --END-- [ RunTime:0.000000s ]
NOTIC: [8] Array to string conversion D:\wampp\htdocs\enterprise\Application\Runtime\Cache\Home\2a94b8bda04ff446dcedd42276fc99ee.php 第 67 行.
INFO: Run Behavior\ParseTemplateBehavior [ RunTime:0.258015s ]
INFO: [ view_parse ] --END-- [ RunTime:0.258015s ]
INFO: [ view_filter ] --START--
INFO: Run Behavior\WriteHtmlCacheBehavior [ RunTime:0.011000s ]
INFO: [ view_filter ] --END-- [ RunTime:0.011000s ]
INFO: [ app_end ] --START--
INFO: Run Behavior\ShowPageTraceBehavior [ RunTime:0.021001s ]
INFO: [ app_end ] --END-- [ RunTime:0.021001s ]

[ 2018-05-23T13:49:10+08:00 ] ::1 /enterprise/
INFO: [ app_init ] --START--
INFO: Run Behavior\BuildLiteBehavior [ RunTime:0.000000s ]
INFO: [ app_init ] --END-- [ RunTime:0.002000s ]
INFO: [ app_begin ] --START--
INFO: Run Behavior\ReadHtmlCacheBehavior [ RunTime:0.002000s ]
INFO: [ app_begin ] --END-- [ RunTime:0.002000s ]
SQL: SHOW COLUMNS FROM `enpr_info` [ RunTime:0.3930s ]
SQL: SELECT * FROM `enpr_info` LIMIT 1   [ RunTime:0.0010s ]
SQL: SHOW COLUMNS FROM `region` [ RunTime:0.0640s ]
SQL: SELECT `name` FROM `region` WHERE ( id=17359 ) LIMIT 1   [ RunTime:0.0110s ]
SQL: SELECT `name` FROM `region` WHERE ( id=17360 ) LIMIT 1   [ RunTime:0.0000s ]
SQL: SELECT `name` FROM `region` WHERE ( id=17361 ) LIMIT 1   [ RunTime:0.0000s ]
SQL: SHOW COLUMNS FROM `shuffling` [ RunTime:0.1460s ]
SQL: SHOW COLUMNS FROM `new` [ RunTime:0.0710s ]
SQL: SHOW COLUMNS FROM `goods` [ RunTime:0.0590s ]
SQL: SHOW COLUMNS FROM `department` [ RunTime:0.0670s ]
SQL: SELECT * FROM `department`  [ RunTime:0.0000s ]
SQL: SELECT * FROM `shuffling`  [ RunTime:0.0000s ]
SQL: SELECT * FROM `new` WHERE ( isdel=0 ) ORDER BY time desc  [ RunTime:0.0020s ]
SQL: SELECT * FROM `goods` ORDER BY regtime desc,is_recommend desc LIMIT 3   [ RunTime:0.0140s ]
INFO: [ view_parse ] --START--
INFO: [ template_filter ] --START--
INFO: Run Behavior\ContentReplaceBehavior [ RunTime:0.000000s ]
INFO: [ template_filter ] --END-- [ RunTime:0.000000s ]
NOTIC: [8] Array to string conversion D:\wampp\htdocs\enterprise\Application\Runtime\Cache\Home\2a94b8bda04ff446dcedd42276fc99ee.php 第 67 行.
INFO: Run Behavior\ParseTemplateBehavior [ RunTime:0.127007s ]
INFO: [ view_parse ] --END-- [ RunTime:0.127007s ]
INFO: [ view_filter ] --START--
INFO: Run Behavior\WriteHtmlCacheBehavior [ RunTime:0.055003s ]
INFO: [ view_filter ] --END-- [ RunTime:0.055003s ]
INFO: [ app_end ] --START--
INFO: Run Behavior\ShowPageTraceBehavior [ RunTime:0.085005s ]
INFO: [ app_end ] --END-- [ RunTime:0.085005s ]

[ 2018-05-23T13:49:14+08:00 ] ::1 /enterprise/index.php/Home/Goods/index.html
INFO: [ app_init ] --START--
INFO: Run Behavior\BuildLiteBehavior [ RunTime:0.000000s ]
INFO: [ app_init ] --END-- [ RunTime:0.001001s ]
INFO: [ app_begin ] --START--
INFO: Run Behavior\ReadHtmlCacheBehavior [ RunTime:0.002000s ]
INFO: [ app_begin ] --END-- [ RunTime:0.002000s ]
SQL: SHOW COLUMNS FROM `enpr_info` [ RunTime:0.0030s ]
SQL: SELECT * FROM `enpr_info` LIMIT 1   [ RunTime:0.0010s ]
SQL: SHOW COLUMNS FROM `region` [ RunTime:0.0020s ]
SQL: SELECT `name` FROM `region` WHERE ( id=17359 ) LIMIT 1   [ RunTime:0.0010s ]
SQL: SELECT `name` FROM `region` WHERE ( id=17360 ) LIMIT 1   [ RunTime:0.0000s ]
SQL: SELECT `name` FROM `region` WHERE ( id=17361 ) LIMIT 1   [ RunTime:0.0000s ]
SQL: SHOW COLUMNS FROM `shuffling` [ RunTime:0.0030s ]
SQL: SHOW COLUMNS FROM `new` [ RunTime:0.0030s ]
SQL: SHOW COLUMNS FROM `classification` [ RunTime:0.0550s ]
SQL: SELECT * FROM `shuffling` ORDER BY id desc  [ RunTime:0.0100s ]
SQL: SELECT * FROM `new` WHERE ( isdel=0 ) ORDER BY time desc  [ RunTime:0.0020s ]
SQL: SELECT * FROM `classification`  [ RunTime:0.0000s ]
INFO: [ view_parse ] --START--
INFO: [ template_filter ] --START--
INFO: Run Behavior\ContentReplaceBehavior [ RunTime:0.000000s ]
INFO: [ template_filter ] --END-- [ RunTime:0.000000s ]
NOTIC: [8] Array to string conversion D:\wampp\htdocs\enterprise\Application\Runtime\Cache\Home\63839bc489ada1b251c78e0251f28b7d.php 第 62 行.
INFO: Run Behavior\ParseTemplateBehavior [ RunTime:0.042002s ]
INFO: [ view_parse ] --END-- [ RunTime:0.042002s ]
INFO: [ view_filter ] --START--
INFO: Run Behavior\WriteHtmlCacheBehavior [ RunTime:0.001000s ]
INFO: [ view_filter ] --END-- [ RunTime:0.001000s ]
INFO: [ app_end ] --START--
INFO: Run Behavior\ShowPageTraceBehavior [ RunTime:0.002000s ]
INFO: [ app_end ] --END-- [ RunTime:0.002000s ]

[ 2018-05-23T13:49:14+08:00 ] ::1 /enterprise/index.php/Home/Goods/ajaxindex.html?p=1
INFO: [ app_init ] --START--
INFO: Run Behavior\BuildLiteBehavior [ RunTime:0.000000s ]
INFO: [ app_init ] --END-- [ RunTime:0.001000s ]
INFO: [ app_begin ] --START--
INFO: Run Behavior\ReadHtmlCacheBehavior [ RunTime:0.001000s ]
INFO: [ app_begin ] --END-- [ RunTime:0.002000s ]
SQL: SHOW COLUMNS FROM `enpr_info` [ RunTime:0.0160s ]
SQL: SELECT * FROM `enpr_info` LIMIT 1   [ RunTime:0.0010s ]
SQL: SHOW COLUMNS FROM `region` [ RunTime:0.0080s ]
SQL: SELECT `name` FROM `region` WHERE ( id=17359 ) LIMIT 1   [ RunTime:0.0000s ]
SQL: SELECT `name` FROM `region` WHERE ( id=17360 ) LIMIT 1   [ RunTime:0.0010s ]
SQL: SELECT `name` FROM `region` WHERE ( id=17361 ) LIMIT 1   [ RunTime:0.0000s ]
SQL: SHOW COLUMNS FROM `goods` [ RunTime:0.0070s ]
SQL: SELECT COUNT(*) AS tp_count FROM `goods` LIMIT 1   [ RunTime:0.0440s ]
SQL: SELECT * FROM `goods` ORDER BY regtime desc,is_recommend desc LIMIT 0,6   [ RunTime:0.0010s ]
INFO: [ view_parse ] --START--
INFO: [ template_filter ] --START--
INFO: Run Behavior\ContentReplaceBehavior [ RunTime:0.000000s ]
INFO: [ template_filter ] --END-- [ RunTime:0.000000s ]
INFO: Run Behavior\ParseTemplateBehavior [ RunTime:0.016001s ]
INFO: [ view_parse ] --END-- [ RunTime:0.016001s ]
INFO: [ view_filter ] --START--
INFO: Run Behavior\WriteHtmlCacheBehavior [ RunTime:0.001000s ]
INFO: [ view_filter ] --END-- [ RunTime:0.001000s ]
INFO: [ app_end ] --START--
INFO: Run Behavior\ShowPageTraceBehavior [ RunTime:0.001000s ]
INFO: [ app_end ] --END-- [ RunTime:0.001000s ]

[ 2018-05-23T13:49:16+08:00 ] ::1 /enterprise/index.php/Home/Goods/ajaxindex.html?p=1
INFO: [ app_init ] --START--
INFO: Run Behavior\BuildLiteBehavior [ RunTime:0.000000s ]
INFO: [ app_init ] --END-- [ RunTime:0.001000s ]
INFO: [ app_begin ] --START--
INFO: Run Behavior\ReadHtmlCacheBehavior [ RunTime:0.001000s ]
INFO: [ app_begin ] --END-- [ RunTime:0.001000s ]
SQL: SHOW COLUMNS FROM `enpr_info` [ RunTime:0.0040s ]
SQL: SELECT * FROM `enpr_info` LIMIT 1   [ RunTime:0.0000s ]
SQL: SHOW COLUMNS FROM `region` [ RunTime:0.0050s ]
SQL: SELECT `name` FROM `region` WHERE ( id=17359 ) LIMIT 1   [ RunTime:0.0000s ]
SQL: SELECT `name` FROM `region` WHERE ( id=17360 ) LIMIT 1   [ RunTime:0.0010s ]
SQL: SELECT `name` FROM `region` WHERE ( id=17361 ) LIMIT 1   [ RunTime:0.0000s ]
SQL: SHOW COLUMNS FROM `goods` [ RunTime:0.0040s ]
SQL: SELECT COUNT(*) AS tp_count FROM `goods` WHERE `cat_id` = 9 LIMIT 1   [ RunTime:0.0100s ]
SQL: SELECT * FROM `goods` WHERE `cat_id` = 9 ORDER BY regtime desc,is_recommend desc LIMIT 0,6   [ RunTime:0.0010s ]
INFO: [ view_parse ] --START--
INFO: [ template_filter ] --START--
INFO: Run Behavior\ContentReplaceBehavior [ RunTime:0.000000s ]
INFO: [ template_filter ] --END-- [ RunTime:0.000000s ]
INFO: Run Behavior\ParseTemplateBehavior [ RunTime:0.014001s ]
INFO: [ view_parse ] --END-- [ RunTime:0.014001s ]
INFO: [ view_filter ] --START--
INFO: Run Behavior\WriteHtmlCacheBehavior [ RunTime:0.000000s ]
INFO: [ view_filter ] --END-- [ RunTime:0.001000s ]
INFO: [ app_end ] --START--
INFO: Run Behavior\ShowPageTraceBehavior [ RunTime:0.000000s ]
INFO: [ app_end ] --END-- [ RunTime:0.000000s ]

[ 2018-05-23T13:49:19+08:00 ] ::1 /enterprise/index.php/Home/Goods/ajaxindex.html?p=1
INFO: [ app_init ] --START--
INFO: Run Behavior\BuildLiteBehavior [ RunTime:0.000000s ]
INFO: [ app_init ] --END-- [ RunTime:0.000000s ]
INFO: [ app_begin ] --START--
INFO: Run Behavior\ReadHtmlCacheBehavior [ RunTime:0.001000s ]
INFO: [ app_begin ] --END-- [ RunTime:0.001000s ]
SQL: SHOW COLUMNS FROM `enpr_info` [ RunTime:0.0150s ]
SQL: SELECT * FROM `enpr_info` LIMIT 1   [ RunTime:0.0010s ]
SQL: SHOW COLUMNS FROM `region` [ RunTime:0.0020s ]
SQL: SELECT `name` FROM `region` WHERE ( id=17359 ) LIMIT 1   [ RunTime:0.0000s ]
SQL: SELECT `name` FROM `region` WHERE ( id=17360 ) LIMIT 1   [ RunTime:0.0000s ]
SQL: SELECT `name` FROM `region` WHERE ( id=17361 ) LIMIT 1   [ RunTime:0.0000s ]
SQL: SHOW COLUMNS FROM `goods` [ RunTime:0.0030s ]
SQL: SELECT COUNT(*) AS tp_count FROM `goods` WHERE `cat_id` = 11 LIMIT 1   [ RunTime:0.0000s ]
SQL: SELECT * FROM `goods` WHERE `cat_id` = 11 ORDER BY regtime desc,is_recommend desc LIMIT 0,6   [ RunTime:0.0000s ]
INFO: [ view_parse ] --START--
INFO: [ template_filter ] --START--
INFO: Run Behavior\ContentReplaceBehavior [ RunTime:0.000000s ]
INFO: [ template_filter ] --END-- [ RunTime:0.000000s ]
INFO: Run Behavior\ParseTemplateBehavior [ RunTime:0.007001s ]
INFO: [ view_parse ] --END-- [ RunTime:0.007001s ]
INFO: [ view_filter ] --START--
INFO: Run Behavior\WriteHtmlCacheBehavior [ RunTime:0.001000s ]
INFO: [ view_filter ] --END-- [ RunTime:0.001000s ]
INFO: [ app_end ] --START--
INFO: Run Behavior\ShowPageTraceBehavior [ RunTime:0.000000s ]
INFO: [ app_end ] --END-- [ RunTime:0.000000s ]

