[ 2018-05-22T10:47:42+08:00 ] ::1 /enterprise/
INFO: [ app_init ] --START--
INFO: Run Behavior\BuildLiteBehavior [ RunTime:0.000000s ]
INFO: [ app_init ] --END-- [ RunTime:0.018001s ]
INFO: [ app_begin ] --START--
INFO: Run Behavior\ReadHtmlCacheBehavior [ RunTime:0.001000s ]
INFO: [ app_begin ] --END-- [ RunTime:0.001000s ]
SQL: SHOW COLUMNS FROM `enpr_info` [ RunTime:0.3460s ]
SQL: SELECT * FROM `enpr_info` LIMIT 1   [ RunTime:0.0190s ]
SQL: SHOW COLUMNS FROM `region` [ RunTime:0.0330s ]
SQL: SELECT `name` FROM `region` WHERE ( id=17359 ) LIMIT 1   [ RunTime:0.0140s ]
SQL: SELECT `name` FROM `region` WHERE ( id=17360 ) LIMIT 1   [ RunTime:0.0000s ]
SQL: SELECT `name` FROM `region` WHERE ( id=17361 ) LIMIT 1   [ RunTime:0.0000s ]
SQL: SHOW COLUMNS FROM `shuffling` [ RunTime:0.0380s ]
SQL: SHOW COLUMNS FROM `new` [ RunTime:0.0320s ]
SQL: SHOW COLUMNS FROM `goods` [ RunTime:0.0330s ]
SQL: SHOW COLUMNS FROM `department` [ RunTime:0.0500s ]
SQL: SELECT * FROM `department`  [ RunTime:0.0010s ]
SQL: SELECT * FROM `shuffling`  [ RunTime:0.0010s ]
SQL: SELECT * FROM `new` WHERE ( isdel=0 ) ORDER BY time desc  [ RunTime:0.0080s ]
SQL: SELECT * FROM `goods` ORDER BY regtime desc,is_recommend desc LIMIT 3   [ RunTime:0.0010s ]
INFO: [ view_parse ] --START--
INFO: [ template_filter ] --START--
INFO: Run Behavior\ContentReplaceBehavior [ RunTime:0.019001s ]
INFO: [ template_filter ] --END-- [ RunTime:0.019001s ]
NOTIC: [8] Array to string conversion D:\wampp\htdocs\enterprise\Application\Runtime\Cache\Home\2a94b8bda04ff446dcedd42276fc99ee.php 第 67 行.
INFO: Run Behavior\ParseTemplateBehavior [ RunTime:0.172010s ]
INFO: [ view_parse ] --END-- [ RunTime:0.172010s ]
INFO: [ view_filter ] --START--
INFO: Run Behavior\WriteHtmlCacheBehavior [ RunTime:0.031002s ]
INFO: [ view_filter ] --END-- [ RunTime:0.031002s ]
INFO: [ app_end ] --START--
INFO: Run Behavior\ShowPageTraceBehavior [ RunTime:0.067004s ]
INFO: [ app_end ] --END-- [ RunTime:0.068004s ]

[ 2018-05-22T10:48:02+08:00 ] ::1 /enterprise/index.php/Home/Index/aboutMy.html
INFO: [ app_init ] --START--
INFO: Run Behavior\BuildLiteBehavior [ RunTime:0.000000s ]
INFO: [ app_init ] --END-- [ RunTime:0.001000s ]
INFO: [ app_begin ] --START--
INFO: Run Behavior\ReadHtmlCacheBehavior [ RunTime:0.001000s ]
INFO: [ app_begin ] --END-- [ RunTime:0.001000s ]
SQL: SHOW COLUMNS FROM `enpr_info` [ RunTime:0.0060s ]
SQL: SELECT * FROM `enpr_info` LIMIT 1   [ RunTime:0.0010s ]
SQL: SHOW COLUMNS FROM `region` [ RunTime:0.0030s ]
SQL: SELECT `name` FROM `region` WHERE ( id=17359 ) LIMIT 1   [ RunTime:0.0020s ]
SQL: SELECT `name` FROM `region` WHERE ( id=17360 ) LIMIT 1   [ RunTime:0.0010s ]
SQL: SELECT `name` FROM `region` WHERE ( id=17361 ) LIMIT 1   [ RunTime:0.0030s ]
SQL: SHOW COLUMNS FROM `shuffling` [ RunTime:0.0050s ]
SQL: SELECT * FROM `shuffling`  [ RunTime:0.0010s ]
SQL: SHOW COLUMNS FROM `department` [ RunTime:0.0020s ]
SQL: SELECT * FROM `department`  [ RunTime:0.0000s ]
INFO: [ view_parse ] --START--
INFO: [ template_filter ] --START--
INFO: Run Behavior\ContentReplaceBehavior [ RunTime:0.001000s ]
INFO: [ template_filter ] --END-- [ RunTime:0.001000s ]
NOTIC: [8] Array to string conversion D:\wampp\htdocs\enterprise\Application\Runtime\Cache\Home\5fa57f20c1c7921aa8ffcffa086933e4.php 第 64 行.
INFO: Run Behavior\ParseTemplateBehavior [ RunTime:0.028002s ]
INFO: [ view_parse ] --END-- [ RunTime:0.028002s ]
INFO: [ view_filter ] --START--
INFO: Run Behavior\WriteHtmlCacheBehavior [ RunTime:0.001000s ]
INFO: [ view_filter ] --END-- [ RunTime:0.001000s ]
INFO: [ app_end ] --START--
INFO: Run Behavior\ShowPageTraceBehavior [ RunTime:0.001000s ]
INFO: [ app_end ] --END-- [ RunTime:0.001000s ]

[ 2018-05-22T10:51:27+08:00 ] ::1 /enterprise/index.php/Home/Index/index.html
INFO: [ app_init ] --START--
INFO: Run Behavior\BuildLiteBehavior [ RunTime:0.000000s ]
INFO: [ app_init ] --END-- [ RunTime:0.000000s ]
INFO: [ app_begin ] --START--
INFO: Run Behavior\ReadHtmlCacheBehavior [ RunTime:0.002000s ]
INFO: [ app_begin ] --END-- [ RunTime:0.003000s ]
SQL: SHOW COLUMNS FROM `enpr_info` [ RunTime:0.0180s ]
SQL: SELECT * FROM `enpr_info` LIMIT 1   [ RunTime:0.0000s ]
SQL: SHOW COLUMNS FROM `region` [ RunTime:0.0020s ]
SQL: SELECT `name` FROM `region` WHERE ( id=17359 ) LIMIT 1   [ RunTime:0.0000s ]
SQL: SELECT `name` FROM `region` WHERE ( id=17360 ) LIMIT 1   [ RunTime:0.0010s ]
SQL: SELECT `name` FROM `region` WHERE ( id=17361 ) LIMIT 1   [ RunTime:0.0000s ]
SQL: SHOW COLUMNS FROM `shuffling` [ RunTime:0.0050s ]
SQL: SHOW COLUMNS FROM `new` [ RunTime:0.0030s ]
SQL: SHOW COLUMNS FROM `goods` [ RunTime:0.0030s ]
SQL: SHOW COLUMNS FROM `department` [ RunTime:0.0020s ]
SQL: SELECT * FROM `department`  [ RunTime:0.0000s ]
SQL: SELECT * FROM `shuffling`  [ RunTime:0.0000s ]
SQL: SELECT * FROM `new` WHERE ( isdel=0 ) ORDER BY time desc  [ RunTime:0.0010s ]
SQL: SELECT * FROM `goods` ORDER BY regtime desc,is_recommend desc LIMIT 3   [ RunTime:0.0000s ]
INFO: [ view_parse ] --START--
INFO: [ template_filter ] --START--
INFO: Run Behavior\ContentReplaceBehavior [ RunTime:0.000000s ]
INFO: [ template_filter ] --END-- [ RunTime:0.000000s ]
NOTIC: [8] Array to string conversion D:\wampp\htdocs\enterprise\Application\Runtime\Cache\Home\2a94b8bda04ff446dcedd42276fc99ee.php 第 67 行.
INFO: Run Behavior\ParseTemplateBehavior [ RunTime:0.032002s ]
INFO: [ view_parse ] --END-- [ RunTime:0.032002s ]
INFO: [ view_filter ] --START--
INFO: Run Behavior\WriteHtmlCacheBehavior [ RunTime:0.000000s ]
INFO: [ view_filter ] --END-- [ RunTime:0.001000s ]
INFO: [ app_end ] --START--
INFO: Run Behavior\ShowPageTraceBehavior [ RunTime:0.001000s ]
INFO: [ app_end ] --END-- [ RunTime:0.001000s ]

[ 2018-05-22T10:51:40+08:00 ] ::1 /enterprise/index.php/Home/News/detail/id/8.html
INFO: [ app_init ] --START--
INFO: Run Behavior\BuildLiteBehavior [ RunTime:0.000000s ]
INFO: [ app_init ] --END-- [ RunTime:0.000000s ]
INFO: [ app_begin ] --START--
INFO: Run Behavior\ReadHtmlCacheBehavior [ RunTime:0.001001s ]
INFO: [ app_begin ] --END-- [ RunTime:0.001001s ]
SQL: SHOW COLUMNS FROM `enpr_info` [ RunTime:0.0050s ]
SQL: SELECT * FROM `enpr_info` LIMIT 1   [ RunTime:0.0000s ]
SQL: SHOW COLUMNS FROM `region` [ RunTime:0.0030s ]
SQL: SELECT `name` FROM `region` WHERE ( id=17359 ) LIMIT 1   [ RunTime:0.0010s ]
SQL: SELECT `name` FROM `region` WHERE ( id=17360 ) LIMIT 1   [ RunTime:0.0000s ]
SQL: SELECT `name` FROM `region` WHERE ( id=17361 ) LIMIT 1   [ RunTime:0.0000s ]
SQL: SHOW COLUMNS FROM `new` [ RunTime:0.0020s ]
SQL: SELECT * FROM `new` WHERE `id` = 8 LIMIT 1   [ RunTime:0.0010s ]
SQL: SHOW COLUMNS FROM `user` [ RunTime:0.0500s ]
SQL: SELECT * FROM `user` WHERE `id` = 1 LIMIT 1   [ RunTime:0.0010s ]
SQL: UPDATE `new` SET `browser`=browser+1 WHERE ( id=8 ) [ RunTime:0.1510s ]
INFO: [ view_parse ] --START--
INFO: [ template_filter ] --START--
INFO: Run Behavior\ContentReplaceBehavior [ RunTime:0.000000s ]
INFO: [ template_filter ] --END-- [ RunTime:0.000000s ]
NOTIC: [8] Array to string conversion D:\wampp\htdocs\enterprise\Application\Runtime\Cache\Home\aca8b289ff6c2c7180f304ffd37940b8.php 第 47 行.
NOTIC: [8] Undefined variable: list D:\wampp\htdocs\enterprise\Application\Runtime\Cache\Home\aca8b289ff6c2c7180f304ffd37940b8.php 第 60 行.
INFO: Run Behavior\ParseTemplateBehavior [ RunTime:0.018001s ]
INFO: [ view_parse ] --END-- [ RunTime:0.018001s ]
INFO: [ view_filter ] --START--
INFO: Run Behavior\WriteHtmlCacheBehavior [ RunTime:0.001000s ]
INFO: [ view_filter ] --END-- [ RunTime:0.001000s ]
INFO: [ app_end ] --START--
INFO: Run Behavior\ShowPageTraceBehavior [ RunTime:0.001000s ]
INFO: [ app_end ] --END-- [ RunTime:0.001000s ]

[ 2018-05-22T10:51:48+08:00 ] ::1 /enterprise/index.php/Home/Index/aboutMy.html
INFO: [ app_init ] --START--
INFO: Run Behavior\BuildLiteBehavior [ RunTime:0.000000s ]
INFO: [ app_init ] --END-- [ RunTime:0.000000s ]
INFO: [ app_begin ] --START--
INFO: Run Behavior\ReadHtmlCacheBehavior [ RunTime:0.000000s ]
INFO: [ app_begin ] --END-- [ RunTime:0.001000s ]
SQL: SHOW COLUMNS FROM `enpr_info` [ RunTime:0.0050s ]
SQL: SELECT * FROM `enpr_info` LIMIT 1   [ RunTime:0.0000s ]
SQL: SHOW COLUMNS FROM `region` [ RunTime:0.0030s ]
SQL: SELECT `name` FROM `region` WHERE ( id=17359 ) LIMIT 1   [ RunTime:0.0000s ]
SQL: SELECT `name` FROM `region` WHERE ( id=17360 ) LIMIT 1   [ RunTime:0.0000s ]
SQL: SELECT `name` FROM `region` WHERE ( id=17361 ) LIMIT 1   [ RunTime:0.0000s ]
SQL: SHOW COLUMNS FROM `shuffling` [ RunTime:0.0040s ]
SQL: SELECT * FROM `shuffling`  [ RunTime:0.0010s ]
SQL: SHOW COLUMNS FROM `department` [ RunTime:0.0030s ]
SQL: SELECT * FROM `department`  [ RunTime:0.0000s ]
INFO: [ view_parse ] --START--
INFO: [ template_filter ] --START--
INFO: Run Behavior\ContentReplaceBehavior [ RunTime:0.000000s ]
INFO: [ template_filter ] --END-- [ RunTime:0.000000s ]
NOTIC: [8] Array to string conversion D:\wampp\htdocs\enterprise\Application\Runtime\Cache\Home\5fa57f20c1c7921aa8ffcffa086933e4.php 第 64 行.
INFO: Run Behavior\ParseTemplateBehavior [ RunTime:0.008001s ]
INFO: [ view_parse ] --END-- [ RunTime:0.008001s ]
INFO: [ view_filter ] --START--
INFO: Run Behavior\WriteHtmlCacheBehavior [ RunTime:0.004000s ]
INFO: [ view_filter ] --END-- [ RunTime:0.004000s ]
INFO: [ app_end ] --START--
INFO: Run Behavior\ShowPageTraceBehavior [ RunTime:0.004000s ]
INFO: [ app_end ] --END-- [ RunTime:0.004000s ]

[ 2018-05-22T10:52:21+08:00 ] ::1 /enterprise/index.php/Home/News/index.html
INFO: [ app_init ] --START--
INFO: Run Behavior\BuildLiteBehavior [ RunTime:0.000000s ]
INFO: [ app_init ] --END-- [ RunTime:0.001000s ]
INFO: [ app_begin ] --START--
INFO: Run Behavior\ReadHtmlCacheBehavior [ RunTime:0.002000s ]
INFO: [ app_begin ] --END-- [ RunTime:0.002000s ]
SQL: SHOW COLUMNS FROM `enpr_info` [ RunTime:0.0020s ]
SQL: SELECT * FROM `enpr_info` LIMIT 1   [ RunTime:0.0000s ]
SQL: SHOW COLUMNS FROM `region` [ RunTime:0.0030s ]
SQL: SELECT `name` FROM `region` WHERE ( id=17359 ) LIMIT 1   [ RunTime:0.0010s ]
SQL: SELECT `name` FROM `region` WHERE ( id=17360 ) LIMIT 1   [ RunTime:0.0000s ]
SQL: SELECT `name` FROM `region` WHERE ( id=17361 ) LIMIT 1   [ RunTime:0.0000s ]
SQL: SHOW COLUMNS FROM `shuffling` [ RunTime:0.0020s ]
SQL: SHOW COLUMNS FROM `goods` [ RunTime:0.0050s ]
SQL: SELECT * FROM `shuffling`  [ RunTime:0.0000s ]
SQL: SELECT * FROM `goods` ORDER BY regtime desc,is_recommend desc LIMIT 3   [ RunTime:0.0000s ]
INFO: [ view_parse ] --START--
INFO: [ template_filter ] --START--
INFO: Run Behavior\ContentReplaceBehavior [ RunTime:0.000000s ]
INFO: [ template_filter ] --END-- [ RunTime:0.000000s ]
NOTIC: [8] Array to string conversion D:\wampp\htdocs\enterprise\Application\Runtime\Cache\Home\3e24b471de08a8366f7660bb176a5e74.php 第 61 行.
INFO: Run Behavior\ParseTemplateBehavior [ RunTime:0.024001s ]
INFO: [ view_parse ] --END-- [ RunTime:0.024001s ]
INFO: [ view_filter ] --START--
INFO: Run Behavior\WriteHtmlCacheBehavior [ RunTime:0.001001s ]
INFO: [ view_filter ] --END-- [ RunTime:0.001001s ]
INFO: [ app_end ] --START--
INFO: Run Behavior\ShowPageTraceBehavior [ RunTime:0.001000s ]
INFO: [ app_end ] --END-- [ RunTime:0.001000s ]

[ 2018-05-22T10:52:22+08:00 ] ::1 /enterprise/index.php/Home/News/ajaxindex.html?p=1
INFO: [ app_init ] --START--
INFO: Run Behavior\BuildLiteBehavior [ RunTime:0.000000s ]
INFO: [ app_init ] --END-- [ RunTime:0.000000s ]
INFO: [ app_begin ] --START--
INFO: Run Behavior\ReadHtmlCacheBehavior [ RunTime:0.001000s ]
INFO: [ app_begin ] --END-- [ RunTime:0.001000s ]
SQL: SHOW COLUMNS FROM `enpr_info` [ RunTime:0.0020s ]
SQL: SELECT * FROM `enpr_info` LIMIT 1   [ RunTime:0.0000s ]
SQL: SHOW COLUMNS FROM `region` [ RunTime:0.0020s ]
SQL: SELECT `name` FROM `region` WHERE ( id=17359 ) LIMIT 1   [ RunTime:0.0010s ]
SQL: SELECT `name` FROM `region` WHERE ( id=17360 ) LIMIT 1   [ RunTime:0.0000s ]
SQL: SELECT `name` FROM `region` WHERE ( id=17361 ) LIMIT 1   [ RunTime:0.0000s ]
SQL: SHOW COLUMNS FROM `new` [ RunTime:0.0020s ]
SQL: SELECT COUNT(*) AS tp_count FROM `new` WHERE ( isdel=0 ) LIMIT 1   [ RunTime:0.0320s ]
NOTIC: [2] Invalid argument supplied for foreach() D:\wampp\htdocs\enterprise\Application\Home\Controller\NewsController.class.php 第 35 行.
SQL: SELECT * FROM `new` WHERE ( isdel=0 ) ORDER BY time desc LIMIT 0,10   [ RunTime:0.0160s ]
INFO: [ view_parse ] --START--
INFO: [ template_filter ] --START--
INFO: Run Behavior\ContentReplaceBehavior [ RunTime:0.000000s ]
INFO: [ template_filter ] --END-- [ RunTime:0.000000s ]
INFO: Run Behavior\ParseTemplateBehavior [ RunTime:0.011001s ]
INFO: [ view_parse ] --END-- [ RunTime:0.011001s ]
INFO: [ view_filter ] --START--
INFO: Run Behavior\WriteHtmlCacheBehavior [ RunTime:0.001000s ]
INFO: [ view_filter ] --END-- [ RunTime:0.001000s ]
INFO: [ app_end ] --START--
INFO: Run Behavior\ShowPageTraceBehavior [ RunTime:0.000000s ]
INFO: [ app_end ] --END-- [ RunTime:0.000000s ]

[ 2018-05-22T10:52:24+08:00 ] ::1 /enterprise/index.php/Home/News/detail/id/8.html
INFO: [ app_init ] --START--
INFO: Run Behavior\BuildLiteBehavior [ RunTime:0.000000s ]
INFO: [ app_init ] --END-- [ RunTime:0.000000s ]
INFO: [ app_begin ] --START--
INFO: Run Behavior\ReadHtmlCacheBehavior [ RunTime:0.001000s ]
INFO: [ app_begin ] --END-- [ RunTime:0.001000s ]
SQL: SHOW COLUMNS FROM `enpr_info` [ RunTime:0.0060s ]
SQL: SELECT * FROM `enpr_info` LIMIT 1   [ RunTime:0.0000s ]
SQL: SHOW COLUMNS FROM `region` [ RunTime:0.0030s ]
SQL: SELECT `name` FROM `region` WHERE ( id=17359 ) LIMIT 1   [ RunTime:0.0010s ]
SQL: SELECT `name` FROM `region` WHERE ( id=17360 ) LIMIT 1   [ RunTime:0.0070s ]
SQL: SELECT `name` FROM `region` WHERE ( id=17361 ) LIMIT 1   [ RunTime:0.0000s ]
SQL: SHOW COLUMNS FROM `new` [ RunTime:0.0040s ]
SQL: SELECT * FROM `new` WHERE `id` = 8 LIMIT 1   [ RunTime:0.0010s ]
SQL: SHOW COLUMNS FROM `user` [ RunTime:0.0040s ]
SQL: SELECT * FROM `user` WHERE `id` = 1 LIMIT 1   [ RunTime:0.0010s ]
SQL: UPDATE `new` SET `browser`=browser+1 WHERE ( id=8 ) [ RunTime:0.0830s ]
INFO: [ view_parse ] --START--
INFO: [ template_filter ] --START--
INFO: Run Behavior\ContentReplaceBehavior [ RunTime:0.000000s ]
INFO: [ template_filter ] --END-- [ RunTime:0.000000s ]
NOTIC: [8] Array to string conversion D:\wampp\htdocs\enterprise\Application\Runtime\Cache\Home\aca8b289ff6c2c7180f304ffd37940b8.php 第 47 行.
NOTIC: [8] Undefined variable: list D:\wampp\htdocs\enterprise\Application\Runtime\Cache\Home\aca8b289ff6c2c7180f304ffd37940b8.php 第 60 行.
INFO: Run Behavior\ParseTemplateBehavior [ RunTime:0.008001s ]
INFO: [ view_parse ] --END-- [ RunTime:0.008001s ]
INFO: [ view_filter ] --START--
INFO: Run Behavior\WriteHtmlCacheBehavior [ RunTime:0.001000s ]
INFO: [ view_filter ] --END-- [ RunTime:0.001000s ]
INFO: [ app_end ] --START--
INFO: Run Behavior\ShowPageTraceBehavior [ RunTime:0.001000s ]
INFO: [ app_end ] --END-- [ RunTime:0.001000s ]

[ 2018-05-22T10:52:30+08:00 ] ::1 /enterprise/index.php/Home/News/index.html
INFO: [ app_init ] --START--
INFO: Run Behavior\BuildLiteBehavior [ RunTime:0.000000s ]
INFO: [ app_init ] --END-- [ RunTime:0.000000s ]
INFO: [ app_begin ] --START--
INFO: Run Behavior\ReadHtmlCacheBehavior [ RunTime:0.000000s ]
INFO: [ app_begin ] --END-- [ RunTime:0.001000s ]
SQL: SHOW COLUMNS FROM `enpr_info` [ RunTime:0.0030s ]
SQL: SELECT * FROM `enpr_info` LIMIT 1   [ RunTime:0.0010s ]
SQL: SHOW COLUMNS FROM `region` [ RunTime:0.0030s ]
SQL: SELECT `name` FROM `region` WHERE ( id=17359 ) LIMIT 1   [ RunTime:0.0000s ]
SQL: SELECT `name` FROM `region` WHERE ( id=17360 ) LIMIT 1   [ RunTime:0.0000s ]
SQL: SELECT `name` FROM `region` WHERE ( id=17361 ) LIMIT 1   [ RunTime:0.0010s ]
SQL: SHOW COLUMNS FROM `shuffling` [ RunTime:0.0080s ]
SQL: SHOW COLUMNS FROM `goods` [ RunTime:0.0030s ]
SQL: SELECT * FROM `shuffling`  [ RunTime:0.0000s ]
SQL: SELECT * FROM `goods` ORDER BY regtime desc,is_recommend desc LIMIT 3   [ RunTime:0.0000s ]
INFO: [ view_parse ] --START--
INFO: [ template_filter ] --START--
INFO: Run Behavior\ContentReplaceBehavior [ RunTime:0.000000s ]
INFO: [ template_filter ] --END-- [ RunTime:0.000000s ]
NOTIC: [8] Array to string conversion D:\wampp\htdocs\enterprise\Application\Runtime\Cache\Home\3e24b471de08a8366f7660bb176a5e74.php 第 61 行.
INFO: Run Behavior\ParseTemplateBehavior [ RunTime:0.013001s ]
INFO: [ view_parse ] --END-- [ RunTime:0.013001s ]
INFO: [ view_filter ] --START--
INFO: Run Behavior\WriteHtmlCacheBehavior [ RunTime:0.002000s ]
INFO: [ view_filter ] --END-- [ RunTime:0.002000s ]
INFO: [ app_end ] --START--
INFO: Run Behavior\ShowPageTraceBehavior [ RunTime:0.002000s ]
INFO: [ app_end ] --END-- [ RunTime:0.002000s ]

[ 2018-05-22T10:52:30+08:00 ] ::1 /enterprise/index.php/Home/News/ajaxindex.html?p=1
INFO: [ app_init ] --START--
INFO: Run Behavior\BuildLiteBehavior [ RunTime:0.000000s ]
INFO: [ app_init ] --END-- [ RunTime:0.001000s ]
INFO: [ app_begin ] --START--
INFO: Run Behavior\ReadHtmlCacheBehavior [ RunTime:0.001000s ]
INFO: [ app_begin ] --END-- [ RunTime:0.001000s ]
SQL: SHOW COLUMNS FROM `enpr_info` [ RunTime:0.0050s ]
SQL: SELECT * FROM `enpr_info` LIMIT 1   [ RunTime:0.0010s ]
SQL: SHOW COLUMNS FROM `region` [ RunTime:0.0020s ]
SQL: SELECT `name` FROM `region` WHERE ( id=17359 ) LIMIT 1   [ RunTime:0.0000s ]
SQL: SELECT `name` FROM `region` WHERE ( id=17360 ) LIMIT 1   [ RunTime:0.0000s ]
SQL: SELECT `name` FROM `region` WHERE ( id=17361 ) LIMIT 1   [ RunTime:0.0000s ]
SQL: SHOW COLUMNS FROM `new` [ RunTime:0.0030s ]
SQL: SELECT COUNT(*) AS tp_count FROM `new` WHERE ( isdel=0 ) LIMIT 1   [ RunTime:0.0000s ]
NOTIC: [2] Invalid argument supplied for foreach() D:\wampp\htdocs\enterprise\Application\Home\Controller\NewsController.class.php 第 35 行.
SQL: SELECT * FROM `new` WHERE ( isdel=0 ) ORDER BY time desc LIMIT 0,10   [ RunTime:0.0010s ]
INFO: [ view_parse ] --START--
INFO: [ template_filter ] --START--
INFO: Run Behavior\ContentReplaceBehavior [ RunTime:0.000000s ]
INFO: [ template_filter ] --END-- [ RunTime:0.000000s ]
INFO: Run Behavior\ParseTemplateBehavior [ RunTime:0.013001s ]
INFO: [ view_parse ] --END-- [ RunTime:0.013001s ]
INFO: [ view_filter ] --START--
INFO: Run Behavior\WriteHtmlCacheBehavior [ RunTime:0.001000s ]
INFO: [ view_filter ] --END-- [ RunTime:0.001000s ]
INFO: [ app_end ] --START--
INFO: Run Behavior\ShowPageTraceBehavior [ RunTime:0.000000s ]
INFO: [ app_end ] --END-- [ RunTime:0.000000s ]

[ 2018-05-22T10:52:32+08:00 ] ::1 /enterprise/index.php/Home/News/detail/id/5.html
INFO: [ app_init ] --START--
INFO: Run Behavior\BuildLiteBehavior [ RunTime:0.000000s ]
INFO: [ app_init ] --END-- [ RunTime:0.001000s ]
INFO: [ app_begin ] --START--
INFO: Run Behavior\ReadHtmlCacheBehavior [ RunTime:0.000000s ]
INFO: [ app_begin ] --END-- [ RunTime:0.001000s ]
SQL: SHOW COLUMNS FROM `enpr_info` [ RunTime:0.0070s ]
SQL: SELECT * FROM `enpr_info` LIMIT 1   [ RunTime:0.0010s ]
SQL: SHOW COLUMNS FROM `region` [ RunTime:0.0030s ]
SQL: SELECT `name` FROM `region` WHERE ( id=17359 ) LIMIT 1   [ RunTime:0.0000s ]
SQL: SELECT `name` FROM `region` WHERE ( id=17360 ) LIMIT 1   [ RunTime:0.0000s ]
SQL: SELECT `name` FROM `region` WHERE ( id=17361 ) LIMIT 1   [ RunTime:0.0000s ]
SQL: SHOW COLUMNS FROM `new` [ RunTime:0.0020s ]
SQL: SELECT * FROM `new` WHERE `id` = 5 LIMIT 1   [ RunTime:0.0000s ]
SQL: SHOW COLUMNS FROM `user` [ RunTime:0.0020s ]
SQL: SELECT * FROM `user` WHERE `id` = 1 LIMIT 1   [ RunTime:0.0000s ]
SQL: UPDATE `new` SET `browser`=browser+1 WHERE ( id=5 ) [ RunTime:0.0460s ]
INFO: [ view_parse ] --START--
INFO: [ template_filter ] --START--
INFO: Run Behavior\ContentReplaceBehavior [ RunTime:0.000000s ]
INFO: [ template_filter ] --END-- [ RunTime:0.000000s ]
NOTIC: [8] Array to string conversion D:\wampp\htdocs\enterprise\Application\Runtime\Cache\Home\aca8b289ff6c2c7180f304ffd37940b8.php 第 47 行.
NOTIC: [8] Undefined variable: list D:\wampp\htdocs\enterprise\Application\Runtime\Cache\Home\aca8b289ff6c2c7180f304ffd37940b8.php 第 60 行.
INFO: Run Behavior\ParseTemplateBehavior [ RunTime:0.010001s ]
INFO: [ view_parse ] --END-- [ RunTime:0.010001s ]
INFO: [ view_filter ] --START--
INFO: Run Behavior\WriteHtmlCacheBehavior [ RunTime:0.001000s ]
INFO: [ view_filter ] --END-- [ RunTime:0.001000s ]
INFO: [ app_end ] --START--
INFO: Run Behavior\ShowPageTraceBehavior [ RunTime:0.001000s ]
INFO: [ app_end ] --END-- [ RunTime:0.001000s ]

[ 2018-05-22T10:53:03+08:00 ] ::1 /enterprise/index.php/Home/News/index.html
INFO: [ app_init ] --START--
INFO: Run Behavior\BuildLiteBehavior [ RunTime:0.000000s ]
INFO: [ app_init ] --END-- [ RunTime:0.000000s ]
INFO: [ app_begin ] --START--
INFO: Run Behavior\ReadHtmlCacheBehavior [ RunTime:0.000000s ]
INFO: [ app_begin ] --END-- [ RunTime:0.000000s ]
SQL: SHOW COLUMNS FROM `enpr_info` [ RunTime:0.0030s ]
SQL: SELECT * FROM `enpr_info` LIMIT 1   [ RunTime:0.0000s ]
SQL: SHOW COLUMNS FROM `region` [ RunTime:0.0030s ]
SQL: SELECT `name` FROM `region` WHERE ( id=17359 ) LIMIT 1   [ RunTime:0.0000s ]
SQL: SELECT `name` FROM `region` WHERE ( id=17360 ) LIMIT 1   [ RunTime:0.0010s ]
SQL: SELECT `name` FROM `region` WHERE ( id=17361 ) LIMIT 1   [ RunTime:0.0000s ]
SQL: SHOW COLUMNS FROM `shuffling` [ RunTime:0.0020s ]
SQL: SHOW COLUMNS FROM `goods` [ RunTime:0.0020s ]
SQL: SELECT * FROM `shuffling`  [ RunTime:0.0000s ]
SQL: SELECT * FROM `goods` ORDER BY regtime desc,is_recommend desc LIMIT 3   [ RunTime:0.0000s ]
INFO: [ view_parse ] --START--
INFO: [ template_filter ] --START--
INFO: Run Behavior\ContentReplaceBehavior [ RunTime:0.000000s ]
INFO: [ template_filter ] --END-- [ RunTime:0.000000s ]
NOTIC: [8] Array to string conversion D:\wampp\htdocs\enterprise\Application\Runtime\Cache\Home\3e24b471de08a8366f7660bb176a5e74.php 第 61 行.
INFO: Run Behavior\ParseTemplateBehavior [ RunTime:0.016001s ]
INFO: [ view_parse ] --END-- [ RunTime:0.016001s ]
INFO: [ view_filter ] --START--
INFO: Run Behavior\WriteHtmlCacheBehavior [ RunTime:0.001000s ]
INFO: [ view_filter ] --END-- [ RunTime:0.001000s ]
INFO: [ app_end ] --START--
INFO: Run Behavior\ShowPageTraceBehavior [ RunTime:0.001000s ]
INFO: [ app_end ] --END-- [ RunTime:0.001000s ]

[ 2018-05-22T10:53:03+08:00 ] ::1 /enterprise/index.php/Home/News/ajaxindex.html?p=1
INFO: [ app_init ] --START--
INFO: Run Behavior\BuildLiteBehavior [ RunTime:0.000000s ]
INFO: [ app_init ] --END-- [ RunTime:0.003000s ]
INFO: [ app_begin ] --START--
INFO: Run Behavior\ReadHtmlCacheBehavior [ RunTime:0.004001s ]
INFO: [ app_begin ] --END-- [ RunTime:0.004001s ]
SQL: SHOW COLUMNS FROM `enpr_info` [ RunTime:0.0060s ]
SQL: SELECT * FROM `enpr_info` LIMIT 1   [ RunTime:0.0120s ]
SQL: SHOW COLUMNS FROM `region` [ RunTime:0.0030s ]
SQL: SELECT `name` FROM `region` WHERE ( id=17359 ) LIMIT 1   [ RunTime:0.0000s ]
SQL: SELECT `name` FROM `region` WHERE ( id=17360 ) LIMIT 1   [ RunTime:0.0000s ]
SQL: SELECT `name` FROM `region` WHERE ( id=17361 ) LIMIT 1   [ RunTime:0.0000s ]
SQL: SHOW COLUMNS FROM `new` [ RunTime:0.0020s ]
SQL: SELECT COUNT(*) AS tp_count FROM `new` WHERE ( isdel=0 ) LIMIT 1   [ RunTime:0.0000s ]
NOTIC: [2] Invalid argument supplied for foreach() D:\wampp\htdocs\enterprise\Application\Home\Controller\NewsController.class.php 第 35 行.
SQL: SELECT * FROM `new` WHERE ( isdel=0 ) ORDER BY time desc LIMIT 0,10   [ RunTime:0.0010s ]
INFO: [ view_parse ] --START--
INFO: [ template_filter ] --START--
INFO: Run Behavior\ContentReplaceBehavior [ RunTime:0.000000s ]
INFO: [ template_filter ] --END-- [ RunTime:0.000000s ]
INFO: Run Behavior\ParseTemplateBehavior [ RunTime:0.011001s ]
INFO: [ view_parse ] --END-- [ RunTime:0.011001s ]
INFO: [ view_filter ] --START--
INFO: Run Behavior\WriteHtmlCacheBehavior [ RunTime:0.001000s ]
INFO: [ view_filter ] --END-- [ RunTime:0.001000s ]
INFO: [ app_end ] --START--
INFO: Run Behavior\ShowPageTraceBehavior [ RunTime:0.001000s ]
INFO: [ app_end ] --END-- [ RunTime:0.001000s ]

[ 2018-05-22T10:53:04+08:00 ] ::1 /enterprise/index.php/Home/Goods/index.html
INFO: [ app_init ] --START--
INFO: Run Behavior\BuildLiteBehavior [ RunTime:0.000000s ]
INFO: [ app_init ] --END-- [ RunTime:0.001001s ]
INFO: [ app_begin ] --START--
INFO: Run Behavior\ReadHtmlCacheBehavior [ RunTime:0.001000s ]
INFO: [ app_begin ] --END-- [ RunTime:0.001000s ]
SQL: SHOW COLUMNS FROM `enpr_info` [ RunTime:0.0030s ]
SQL: SELECT * FROM `enpr_info` LIMIT 1   [ RunTime:0.0010s ]
SQL: SHOW COLUMNS FROM `region` [ RunTime:0.0050s ]
SQL: SELECT `name` FROM `region` WHERE ( id=17359 ) LIMIT 1   [ RunTime:0.0000s ]
SQL: SELECT `name` FROM `region` WHERE ( id=17360 ) LIMIT 1   [ RunTime:0.0000s ]
SQL: SELECT `name` FROM `region` WHERE ( id=17361 ) LIMIT 1   [ RunTime:0.0000s ]
SQL: SHOW COLUMNS FROM `shuffling` [ RunTime:0.0020s ]
SQL: SHOW COLUMNS FROM `new` [ RunTime:0.0100s ]
SQL: SHOW COLUMNS FROM `classification` [ RunTime:0.0440s ]
SQL: SELECT * FROM `shuffling` ORDER BY id desc  [ RunTime:0.0010s ]
SQL: SELECT * FROM `new` WHERE ( isdel=0 ) ORDER BY time desc  [ RunTime:0.0020s ]
SQL: SELECT * FROM `classification`  [ RunTime:0.0000s ]
INFO: [ view_parse ] --START--
INFO: [ template_filter ] --START--
INFO: Run Behavior\ContentReplaceBehavior [ RunTime:0.000000s ]
INFO: [ template_filter ] --END-- [ RunTime:0.000000s ]
NOTIC: [8] Array to string conversion D:\wampp\htdocs\enterprise\Application\Runtime\Cache\Home\63839bc489ada1b251c78e0251f28b7d.php 第 62 行.
INFO: Run Behavior\ParseTemplateBehavior [ RunTime:0.021001s ]
INFO: [ view_parse ] --END-- [ RunTime:0.021001s ]
INFO: [ view_filter ] --START--
INFO: Run Behavior\WriteHtmlCacheBehavior [ RunTime:0.001000s ]
INFO: [ view_filter ] --END-- [ RunTime:0.001000s ]
INFO: [ app_end ] --START--
INFO: Run Behavior\ShowPageTraceBehavior [ RunTime:0.000000s ]
INFO: [ app_end ] --END-- [ RunTime:0.000000s ]

[ 2018-05-22T10:53:04+08:00 ] ::1 /enterprise/index.php/Home/Goods/ajaxindex.html?p=1
INFO: [ app_init ] --START--
INFO: Run Behavior\BuildLiteBehavior [ RunTime:0.000000s ]
INFO: [ app_init ] --END-- [ RunTime:0.000000s ]
INFO: [ app_begin ] --START--
INFO: Run Behavior\ReadHtmlCacheBehavior [ RunTime:0.000000s ]
INFO: [ app_begin ] --END-- [ RunTime:0.000000s ]
SQL: SHOW COLUMNS FROM `enpr_info` [ RunTime:0.0180s ]
SQL: SELECT * FROM `enpr_info` LIMIT 1   [ RunTime:0.0020s ]
SQL: SHOW COLUMNS FROM `region` [ RunTime:0.0030s ]
SQL: SELECT `name` FROM `region` WHERE ( id=17359 ) LIMIT 1   [ RunTime:0.0010s ]
SQL: SELECT `name` FROM `region` WHERE ( id=17360 ) LIMIT 1   [ RunTime:0.0000s ]
SQL: SELECT `name` FROM `region` WHERE ( id=17361 ) LIMIT 1   [ RunTime:0.0000s ]
SQL: SHOW COLUMNS FROM `goods` [ RunTime:0.0020s ]
SQL: SELECT COUNT(*) AS tp_count FROM `goods` LIMIT 1   [ RunTime:0.0110s ]
SQL: SELECT * FROM `goods` ORDER BY regtime desc,is_recommend desc LIMIT 0,6   [ RunTime:0.0040s ]
INFO: [ view_parse ] --START--
INFO: [ template_filter ] --START--
INFO: Run Behavior\ContentReplaceBehavior [ RunTime:0.000000s ]
INFO: [ template_filter ] --END-- [ RunTime:0.000000s ]
INFO: Run Behavior\ParseTemplateBehavior [ RunTime:0.035002s ]
INFO: [ view_parse ] --END-- [ RunTime:0.035002s ]
INFO: [ view_filter ] --START--
INFO: Run Behavior\WriteHtmlCacheBehavior [ RunTime:0.001000s ]
INFO: [ view_filter ] --END-- [ RunTime:0.001000s ]
INFO: [ app_end ] --START--
INFO: Run Behavior\ShowPageTraceBehavior [ RunTime:0.003000s ]
INFO: [ app_end ] --END-- [ RunTime:0.003000s ]

[ 2018-05-22T10:53:05+08:00 ] ::1 /enterprise/index.php/Home/News/index.html
INFO: [ app_init ] --START--
INFO: Run Behavior\BuildLiteBehavior [ RunTime:0.000000s ]
INFO: [ app_init ] --END-- [ RunTime:0.001000s ]
INFO: [ app_begin ] --START--
INFO: Run Behavior\ReadHtmlCacheBehavior [ RunTime:0.000000s ]
INFO: [ app_begin ] --END-- [ RunTime:0.000000s ]
SQL: SHOW COLUMNS FROM `enpr_info` [ RunTime:0.0030s ]
SQL: SELECT * FROM `enpr_info` LIMIT 1   [ RunTime:0.0010s ]
SQL: SHOW COLUMNS FROM `region` [ RunTime:0.0060s ]
SQL: SELECT `name` FROM `region` WHERE ( id=17359 ) LIMIT 1   [ RunTime:0.0010s ]
SQL: SELECT `name` FROM `region` WHERE ( id=17360 ) LIMIT 1   [ RunTime:0.0010s ]
SQL: SELECT `name` FROM `region` WHERE ( id=17361 ) LIMIT 1   [ RunTime:0.0000s ]
SQL: SHOW COLUMNS FROM `shuffling` [ RunTime:0.0020s ]
SQL: SHOW COLUMNS FROM `goods` [ RunTime:0.0030s ]
SQL: SELECT * FROM `shuffling`  [ RunTime:0.0010s ]
SQL: SELECT * FROM `goods` ORDER BY regtime desc,is_recommend desc LIMIT 3   [ RunTime:0.0010s ]
INFO: [ view_parse ] --START--
INFO: [ template_filter ] --START--
INFO: Run Behavior\ContentReplaceBehavior [ RunTime:0.000000s ]
INFO: [ template_filter ] --END-- [ RunTime:0.000000s ]
NOTIC: [8] Array to string conversion D:\wampp\htdocs\enterprise\Application\Runtime\Cache\Home\3e24b471de08a8366f7660bb176a5e74.php 第 61 行.
INFO: Run Behavior\ParseTemplateBehavior [ RunTime:0.013001s ]
INFO: [ view_parse ] --END-- [ RunTime:0.014001s ]
INFO: [ view_filter ] --START--
INFO: Run Behavior\WriteHtmlCacheBehavior [ RunTime:0.000000s ]
INFO: [ view_filter ] --END-- [ RunTime:0.000000s ]
INFO: [ app_end ] --START--
INFO: Run Behavior\ShowPageTraceBehavior [ RunTime:0.001000s ]
INFO: [ app_end ] --END-- [ RunTime:0.001000s ]

[ 2018-05-22T10:53:05+08:00 ] ::1 /enterprise/index.php/Home/News/ajaxindex.html?p=1
INFO: [ app_init ] --START--
INFO: Run Behavior\BuildLiteBehavior [ RunTime:0.000000s ]
INFO: [ app_init ] --END-- [ RunTime:0.001000s ]
INFO: [ app_begin ] --START--
INFO: Run Behavior\ReadHtmlCacheBehavior [ RunTime:0.001000s ]
INFO: [ app_begin ] --END-- [ RunTime:0.001000s ]
SQL: SHOW COLUMNS FROM `enpr_info` [ RunTime:0.0020s ]
SQL: SELECT * FROM `enpr_info` LIMIT 1   [ RunTime:0.0000s ]
SQL: SHOW COLUMNS FROM `region` [ RunTime:0.0010s ]
SQL: SELECT `name` FROM `region` WHERE ( id=17359 ) LIMIT 1   [ RunTime:0.0000s ]
SQL: SELECT `name` FROM `region` WHERE ( id=17360 ) LIMIT 1   [ RunTime:0.0000s ]
SQL: SELECT `name` FROM `region` WHERE ( id=17361 ) LIMIT 1   [ RunTime:0.0000s ]
SQL: SHOW COLUMNS FROM `new` [ RunTime:0.0020s ]
SQL: SELECT COUNT(*) AS tp_count FROM `new` WHERE ( isdel=0 ) LIMIT 1   [ RunTime:0.0010s ]
NOTIC: [2] Invalid argument supplied for foreach() D:\wampp\htdocs\enterprise\Application\Home\Controller\NewsController.class.php 第 35 行.
SQL: SELECT * FROM `new` WHERE ( isdel=0 ) ORDER BY time desc LIMIT 0,10   [ RunTime:0.0120s ]
INFO: [ view_parse ] --START--
INFO: [ template_filter ] --START--
INFO: Run Behavior\ContentReplaceBehavior [ RunTime:0.000000s ]
INFO: [ template_filter ] --END-- [ RunTime:0.000000s ]
INFO: Run Behavior\ParseTemplateBehavior [ RunTime:0.007000s ]
INFO: [ view_parse ] --END-- [ RunTime:0.007000s ]
INFO: [ view_filter ] --START--
INFO: Run Behavior\WriteHtmlCacheBehavior [ RunTime:0.000000s ]
INFO: [ view_filter ] --END-- [ RunTime:0.000000s ]
INFO: [ app_end ] --START--
INFO: Run Behavior\ShowPageTraceBehavior [ RunTime:0.001000s ]
INFO: [ app_end ] --END-- [ RunTime:0.001000s ]

[ 2018-05-22T10:58:36+08:00 ] ::1 /enterprise/index.php/Home/Index/aboutMy.html
INFO: [ app_init ] --START--
INFO: Run Behavior\BuildLiteBehavior [ RunTime:0.000000s ]
INFO: [ app_init ] --END-- [ RunTime:0.002000s ]
INFO: [ app_begin ] --START--
INFO: Run Behavior\ReadHtmlCacheBehavior [ RunTime:0.001000s ]
INFO: [ app_begin ] --END-- [ RunTime:0.001000s ]
SQL: SHOW COLUMNS FROM `enpr_info` [ RunTime:0.0030s ]
SQL: SELECT * FROM `enpr_info` LIMIT 1   [ RunTime:0.0000s ]
SQL: SHOW COLUMNS FROM `region` [ RunTime:0.0020s ]
SQL: SELECT `name` FROM `region` WHERE ( id=17359 ) LIMIT 1   [ RunTime:0.0000s ]
SQL: SELECT `name` FROM `region` WHERE ( id=17360 ) LIMIT 1   [ RunTime:0.0000s ]
SQL: SELECT `name` FROM `region` WHERE ( id=17361 ) LIMIT 1   [ RunTime:0.0000s ]
SQL: SHOW COLUMNS FROM `shuffling` [ RunTime:0.0050s ]
SQL: SELECT * FROM `shuffling`  [ RunTime:0.0000s ]
SQL: SHOW COLUMNS FROM `department` [ RunTime:0.0040s ]
SQL: SELECT * FROM `department`  [ RunTime:0.0000s ]
INFO: [ view_parse ] --START--
INFO: [ template_filter ] --START--
INFO: Run Behavior\ContentReplaceBehavior [ RunTime:0.001000s ]
INFO: [ template_filter ] --END-- [ RunTime:0.001000s ]
NOTIC: [8] Array to string conversion D:\wampp\htdocs\enterprise\Application\Runtime\Cache\Home\5fa57f20c1c7921aa8ffcffa086933e4.php 第 64 行.
INFO: Run Behavior\ParseTemplateBehavior [ RunTime:0.011001s ]
INFO: [ view_parse ] --END-- [ RunTime:0.011001s ]
INFO: [ view_filter ] --START--
INFO: Run Behavior\WriteHtmlCacheBehavior [ RunTime:0.001000s ]
INFO: [ view_filter ] --END-- [ RunTime:0.001000s ]
INFO: [ app_end ] --START--
INFO: Run Behavior\ShowPageTraceBehavior [ RunTime:0.001000s ]
INFO: [ app_end ] --END-- [ RunTime:0.001000s ]

[ 2018-05-22T11:00:01+08:00 ] ::1 /enterprise/index.php/Home/Index/aboutMy.html
INFO: [ app_init ] --START--
INFO: Run Behavior\BuildLiteBehavior [ RunTime:0.000000s ]
INFO: [ app_init ] --END-- [ RunTime:0.005000s ]
INFO: [ app_begin ] --START--
INFO: Run Behavior\ReadHtmlCacheBehavior [ RunTime:0.000000s ]
INFO: [ app_begin ] --END-- [ RunTime:0.001000s ]
SQL: SHOW COLUMNS FROM `enpr_info` [ RunTime:0.0040s ]
SQL: SELECT * FROM `enpr_info` LIMIT 1   [ RunTime:0.0010s ]
SQL: SHOW COLUMNS FROM `region` [ RunTime:0.0030s ]
SQL: SELECT `name` FROM `region` WHERE ( id=17359 ) LIMIT 1   [ RunTime:0.0000s ]
SQL: SELECT `name` FROM `region` WHERE ( id=17360 ) LIMIT 1   [ RunTime:0.0000s ]
SQL: SELECT `name` FROM `region` WHERE ( id=17361 ) LIMIT 1   [ RunTime:0.0000s ]
SQL: SHOW COLUMNS FROM `shuffling` [ RunTime:0.0020s ]
SQL: SELECT * FROM `shuffling`  [ RunTime:0.0000s ]
SQL: SHOW COLUMNS FROM `department` [ RunTime:0.0030s ]
SQL: SELECT * FROM `department`  [ RunTime:0.0000s ]
INFO: [ view_parse ] --START--
INFO: [ template_filter ] --START--
INFO: Run Behavior\ContentReplaceBehavior [ RunTime:0.001000s ]
INFO: [ template_filter ] --END-- [ RunTime:0.001000s ]
NOTIC: [8] Array to string conversion D:\wampp\htdocs\enterprise\Application\Runtime\Cache\Home\5fa57f20c1c7921aa8ffcffa086933e4.php 第 64 行.
INFO: Run Behavior\ParseTemplateBehavior [ RunTime:0.008000s ]
INFO: [ view_parse ] --END-- [ RunTime:0.008000s ]
INFO: [ view_filter ] --START--
INFO: Run Behavior\WriteHtmlCacheBehavior [ RunTime:0.001000s ]
INFO: [ view_filter ] --END-- [ RunTime:0.001000s ]
INFO: [ app_end ] --START--
INFO: Run Behavior\ShowPageTraceBehavior [ RunTime:0.001000s ]
INFO: [ app_end ] --END-- [ RunTime:0.001000s ]

[ 2018-05-22T11:17:20+08:00 ] ::1 /enterprise/index.php/Home/Index/aboutMy.html
INFO: [ app_init ] --START--
INFO: Run Behavior\BuildLiteBehavior [ RunTime:0.000000s ]
INFO: [ app_init ] --END-- [ RunTime:0.000000s ]
INFO: [ app_begin ] --START--
INFO: Run Behavior\ReadHtmlCacheBehavior [ RunTime:0.001000s ]
INFO: [ app_begin ] --END-- [ RunTime:0.001000s ]
SQL: SHOW COLUMNS FROM `enpr_info` [ RunTime:0.0020s ]
SQL: SELECT * FROM `enpr_info` LIMIT 1   [ RunTime:0.0000s ]
SQL: SHOW COLUMNS FROM `region` [ RunTime:0.0020s ]
SQL: SELECT `name` FROM `region` WHERE ( id=17359 ) LIMIT 1   [ RunTime:0.0010s ]
SQL: SELECT `name` FROM `region` WHERE ( id=17360 ) LIMIT 1   [ RunTime:0.0000s ]
SQL: SELECT `name` FROM `region` WHERE ( id=17361 ) LIMIT 1   [ RunTime:0.0000s ]
SQL: SHOW COLUMNS FROM `shuffling` [ RunTime:0.0020s ]
SQL: SELECT * FROM `shuffling`  [ RunTime:0.0000s ]
SQL: SHOW COLUMNS FROM `department` [ RunTime:0.0030s ]
SQL: SELECT * FROM `department`  [ RunTime:0.0000s ]
INFO: [ view_parse ] --START--
INFO: [ template_filter ] --START--
INFO: Run Behavior\ContentReplaceBehavior [ RunTime:0.000000s ]
INFO: [ template_filter ] --END-- [ RunTime:0.000000s ]
NOTIC: [8] Array to string conversion D:\wampp\htdocs\enterprise\Application\Runtime\Cache\Home\5fa57f20c1c7921aa8ffcffa086933e4.php 第 51 行.
INFO: Run Behavior\ParseTemplateBehavior [ RunTime:0.043003s ]
INFO: [ view_parse ] --END-- [ RunTime:0.043003s ]
INFO: [ view_filter ] --START--
INFO: Run Behavior\WriteHtmlCacheBehavior [ RunTime:0.001000s ]
INFO: [ view_filter ] --END-- [ RunTime:0.001000s ]
INFO: [ app_end ] --START--
INFO: Run Behavior\ShowPageTraceBehavior [ RunTime:0.000000s ]
INFO: [ app_end ] --END-- [ RunTime:0.000000s ]

[ 2018-05-22T13:02:02+08:00 ] ::1 /enterprise/index.php/Home/Index/aboutMy.html
INFO: [ app_init ] --START--
INFO: Run Behavior\BuildLiteBehavior [ RunTime:0.000000s ]
INFO: [ app_init ] --END-- [ RunTime:0.022001s ]
INFO: [ app_begin ] --START--
INFO: Run Behavior\ReadHtmlCacheBehavior [ RunTime:0.020001s ]
INFO: [ app_begin ] --END-- [ RunTime:0.020001s ]
SQL: SHOW COLUMNS FROM `enpr_info` [ RunTime:0.0020s ]
SQL: SELECT * FROM `enpr_info` LIMIT 1   [ RunTime:0.0000s ]
SQL: SHOW COLUMNS FROM `region` [ RunTime:0.0020s ]
SQL: SELECT `name` FROM `region` WHERE ( id=17359 ) LIMIT 1   [ RunTime:0.0010s ]
SQL: SELECT `name` FROM `region` WHERE ( id=17360 ) LIMIT 1   [ RunTime:0.0000s ]
SQL: SELECT `name` FROM `region` WHERE ( id=17361 ) LIMIT 1   [ RunTime:0.0000s ]
SQL: SHOW COLUMNS FROM `shuffling` [ RunTime:0.0020s ]
SQL: SELECT * FROM `shuffling`  [ RunTime:0.0010s ]
SQL: SHOW COLUMNS FROM `department` [ RunTime:0.0020s ]
SQL: SELECT * FROM `department`  [ RunTime:0.0000s ]
INFO: [ view_parse ] --START--
INFO: [ template_filter ] --START--
INFO: Run Behavior\ContentReplaceBehavior [ RunTime:0.000000s ]
INFO: [ template_filter ] --END-- [ RunTime:0.000000s ]
NOTIC: [8] Array to string conversion D:\wampp\htdocs\enterprise\Application\Runtime\Cache\Home\5fa57f20c1c7921aa8ffcffa086933e4.php 第 51 行.
INFO: Run Behavior\ParseTemplateBehavior [ RunTime:0.159009s ]
INFO: [ view_parse ] --END-- [ RunTime:0.159009s ]
INFO: [ view_filter ] --START--
INFO: Run Behavior\WriteHtmlCacheBehavior [ RunTime:0.002000s ]
INFO: [ view_filter ] --END-- [ RunTime:0.002000s ]
INFO: [ app_end ] --START--
INFO: Run Behavior\ShowPageTraceBehavior [ RunTime:0.013001s ]
INFO: [ app_end ] --END-- [ RunTime:0.013001s ]

[ 2018-05-22T13:02:19+08:00 ] ::1 /enterprise/index.php/Home/Index/aboutMy.html
INFO: [ app_init ] --START--
INFO: Run Behavior\BuildLiteBehavior [ RunTime:0.000000s ]
INFO: [ app_init ] --END-- [ RunTime:0.000000s ]
INFO: [ app_begin ] --START--
INFO: Run Behavior\ReadHtmlCacheBehavior [ RunTime:0.003001s ]
INFO: [ app_begin ] --END-- [ RunTime:0.003001s ]
SQL: SHOW COLUMNS FROM `enpr_info` [ RunTime:0.0020s ]
SQL: SELECT * FROM `enpr_info` LIMIT 1   [ RunTime:0.0000s ]
SQL: SHOW COLUMNS FROM `region` [ RunTime:0.0020s ]
SQL: SELECT `name` FROM `region` WHERE ( id=17359 ) LIMIT 1   [ RunTime:0.0010s ]
SQL: SELECT `name` FROM `region` WHERE ( id=17360 ) LIMIT 1   [ RunTime:0.0000s ]
SQL: SELECT `name` FROM `region` WHERE ( id=17361 ) LIMIT 1   [ RunTime:0.0000s ]
SQL: SHOW COLUMNS FROM `shuffling` [ RunTime:0.0030s ]
SQL: SELECT * FROM `shuffling`  [ RunTime:0.0000s ]
SQL: SHOW COLUMNS FROM `department` [ RunTime:0.0020s ]
SQL: SELECT * FROM `department`  [ RunTime:0.0010s ]
INFO: [ view_parse ] --START--
INFO: [ template_filter ] --START--
INFO: Run Behavior\ContentReplaceBehavior [ RunTime:0.000000s ]
INFO: [ template_filter ] --END-- [ RunTime:0.000000s ]
NOTIC: [8] Array to string conversion D:\wampp\htdocs\enterprise\Application\Runtime\Cache\Home\5fa57f20c1c7921aa8ffcffa086933e4.php 第 51 行.
INFO: Run Behavior\ParseTemplateBehavior [ RunTime:0.010001s ]
INFO: [ view_parse ] --END-- [ RunTime:0.010001s ]
INFO: [ view_filter ] --START--
INFO: Run Behavior\WriteHtmlCacheBehavior [ RunTime:0.001000s ]
INFO: [ view_filter ] --END-- [ RunTime:0.001000s ]
INFO: [ app_end ] --START--
INFO: Run Behavior\ShowPageTraceBehavior [ RunTime:0.001000s ]
INFO: [ app_end ] --END-- [ RunTime:0.001000s ]

[ 2018-05-22T13:09:07+08:00 ] ::1 /enterprise/index.php/Home/Index/aboutMy.html
INFO: [ app_init ] --START--
INFO: Run Behavior\BuildLiteBehavior [ RunTime:0.000000s ]
INFO: [ app_init ] --END-- [ RunTime:0.001001s ]
INFO: [ app_begin ] --START--
INFO: Run Behavior\ReadHtmlCacheBehavior [ RunTime:0.001000s ]
INFO: [ app_begin ] --END-- [ RunTime:0.001000s ]
SQL: SHOW COLUMNS FROM `enpr_info` [ RunTime:0.0030s ]
SQL: SELECT * FROM `enpr_info` LIMIT 1   [ RunTime:0.0010s ]
SQL: SHOW COLUMNS FROM `region` [ RunTime:0.0020s ]
SQL: SELECT `name` FROM `region` WHERE ( id=17359 ) LIMIT 1   [ RunTime:0.0000s ]
SQL: SELECT `name` FROM `region` WHERE ( id=17360 ) LIMIT 1   [ RunTime:0.0000s ]
SQL: SELECT `name` FROM `region` WHERE ( id=17361 ) LIMIT 1   [ RunTime:0.0000s ]
SQL: SHOW COLUMNS FROM `shuffling` [ RunTime:0.0020s ]
SQL: SELECT * FROM `shuffling`  [ RunTime:0.0000s ]
SQL: SHOW COLUMNS FROM `department` [ RunTime:0.0040s ]
SQL: SELECT * FROM `department`  [ RunTime:0.0000s ]
INFO: [ view_parse ] --START--
INFO: [ template_filter ] --START--
INFO: Run Behavior\ContentReplaceBehavior [ RunTime:0.000000s ]
INFO: [ template_filter ] --END-- [ RunTime:0.000000s ]
NOTIC: [8] Array to string conversion D:\wampp\htdocs\enterprise\Application\Runtime\Cache\Home\5fa57f20c1c7921aa8ffcffa086933e4.php 第 51 行.
INFO: Run Behavior\ParseTemplateBehavior [ RunTime:0.050003s ]
INFO: [ view_parse ] --END-- [ RunTime:0.050003s ]
INFO: [ view_filter ] --START--
INFO: Run Behavior\WriteHtmlCacheBehavior [ RunTime:0.001000s ]
INFO: [ view_filter ] --END-- [ RunTime:0.001000s ]
INFO: [ app_end ] --START--
INFO: Run Behavior\ShowPageTraceBehavior [ RunTime:0.001000s ]
INFO: [ app_end ] --END-- [ RunTime:0.001000s ]

[ 2018-05-22T13:09:09+08:00 ] ::1 /enterprise/index.php/Home/Index/aboutMy.html
INFO: [ app_init ] --START--
INFO: Run Behavior\BuildLiteBehavior [ RunTime:0.000000s ]
INFO: [ app_init ] --END-- [ RunTime:0.001000s ]
INFO: [ app_begin ] --START--
INFO: Run Behavior\ReadHtmlCacheBehavior [ RunTime:0.000000s ]
INFO: [ app_begin ] --END-- [ RunTime:0.000000s ]
SQL: SHOW COLUMNS FROM `enpr_info` [ RunTime:0.0030s ]
SQL: SELECT * FROM `enpr_info` LIMIT 1   [ RunTime:0.0000s ]
SQL: SHOW COLUMNS FROM `region` [ RunTime:0.0020s ]
SQL: SELECT `name` FROM `region` WHERE ( id=17359 ) LIMIT 1   [ RunTime:0.0000s ]
SQL: SELECT `name` FROM `region` WHERE ( id=17360 ) LIMIT 1   [ RunTime:0.0000s ]
SQL: SELECT `name` FROM `region` WHERE ( id=17361 ) LIMIT 1   [ RunTime:0.0000s ]
SQL: SHOW COLUMNS FROM `shuffling` [ RunTime:0.0060s ]
SQL: SELECT * FROM `shuffling`  [ RunTime:0.0020s ]
SQL: SHOW COLUMNS FROM `department` [ RunTime:0.0050s ]
SQL: SELECT * FROM `department`  [ RunTime:0.0000s ]
INFO: [ view_parse ] --START--
INFO: [ template_filter ] --START--
INFO: Run Behavior\ContentReplaceBehavior [ RunTime:0.000000s ]
INFO: [ template_filter ] --END-- [ RunTime:0.001000s ]
NOTIC: [8] Array to string conversion D:\wampp\htdocs\enterprise\Application\Runtime\Cache\Home\5fa57f20c1c7921aa8ffcffa086933e4.php 第 51 行.
INFO: Run Behavior\ParseTemplateBehavior [ RunTime:0.010000s ]
INFO: [ view_parse ] --END-- [ RunTime:0.010000s ]
INFO: [ view_filter ] --START--
INFO: Run Behavior\WriteHtmlCacheBehavior [ RunTime:0.000000s ]
INFO: [ view_filter ] --END-- [ RunTime:0.000000s ]
INFO: [ app_end ] --START--
INFO: Run Behavior\ShowPageTraceBehavior [ RunTime:0.000000s ]
INFO: [ app_end ] --END-- [ RunTime:0.000000s ]

[ 2018-05-22T13:09:11+08:00 ] ::1 /enterprise/index.php/Home/News/index.html
INFO: [ app_init ] --START--
INFO: Run Behavior\BuildLiteBehavior [ RunTime:0.000000s ]
INFO: [ app_init ] --END-- [ RunTime:0.001000s ]
INFO: [ app_begin ] --START--
INFO: Run Behavior\ReadHtmlCacheBehavior [ RunTime:0.000000s ]
INFO: [ app_begin ] --END-- [ RunTime:0.000000s ]
SQL: SHOW COLUMNS FROM `enpr_info` [ RunTime:0.0030s ]
SQL: SELECT * FROM `enpr_info` LIMIT 1   [ RunTime:0.0000s ]
SQL: SHOW COLUMNS FROM `region` [ RunTime:0.0020s ]
SQL: SELECT `name` FROM `region` WHERE ( id=17359 ) LIMIT 1   [ RunTime:0.0010s ]
SQL: SELECT `name` FROM `region` WHERE ( id=17360 ) LIMIT 1   [ RunTime:0.0000s ]
SQL: SELECT `name` FROM `region` WHERE ( id=17361 ) LIMIT 1   [ RunTime:0.0000s ]
SQL: SHOW COLUMNS FROM `shuffling` [ RunTime:0.0040s ]
SQL: SHOW COLUMNS FROM `goods` [ RunTime:0.0020s ]
SQL: SELECT * FROM `shuffling`  [ RunTime:0.0010s ]
SQL: SELECT * FROM `goods` ORDER BY regtime desc,is_recommend desc LIMIT 3   [ RunTime:0.0000s ]
INFO: [ view_parse ] --START--
INFO: [ template_filter ] --START--
INFO: Run Behavior\ContentReplaceBehavior [ RunTime:0.000000s ]
INFO: [ template_filter ] --END-- [ RunTime:0.000000s ]
NOTIC: [8] Array to string conversion D:\wampp\htdocs\enterprise\Application\Runtime\Cache\Home\3e24b471de08a8366f7660bb176a5e74.php 第 61 行.
INFO: Run Behavior\ParseTemplateBehavior [ RunTime:0.022001s ]
INFO: [ view_parse ] --END-- [ RunTime:0.022001s ]
INFO: [ view_filter ] --START--
INFO: Run Behavior\WriteHtmlCacheBehavior [ RunTime:0.001000s ]
INFO: [ view_filter ] --END-- [ RunTime:0.001000s ]
INFO: [ app_end ] --START--
INFO: Run Behavior\ShowPageTraceBehavior [ RunTime:0.002000s ]
INFO: [ app_end ] --END-- [ RunTime:0.002000s ]

[ 2018-05-22T13:09:12+08:00 ] ::1 /enterprise/index.php/Home/News/ajaxindex.html?p=1
INFO: [ app_init ] --START--
INFO: Run Behavior\BuildLiteBehavior [ RunTime:0.000000s ]
INFO: [ app_init ] --END-- [ RunTime:0.000000s ]
INFO: [ app_begin ] --START--
INFO: Run Behavior\ReadHtmlCacheBehavior [ RunTime:0.000000s ]
INFO: [ app_begin ] --END-- [ RunTime:0.000000s ]
SQL: SHOW COLUMNS FROM `enpr_info` [ RunTime:0.0540s ]
SQL: SELECT * FROM `enpr_info` LIMIT 1   [ RunTime:0.0500s ]
SQL: SHOW COLUMNS FROM `region` [ RunTime:0.0160s ]
SQL: SELECT `name` FROM `region` WHERE ( id=17359 ) LIMIT 1   [ RunTime:0.0020s ]
SQL: SELECT `name` FROM `region` WHERE ( id=17360 ) LIMIT 1   [ RunTime:0.0000s ]
SQL: SELECT `name` FROM `region` WHERE ( id=17361 ) LIMIT 1   [ RunTime:0.0000s ]
SQL: SHOW COLUMNS FROM `new` [ RunTime:0.0020s ]
SQL: SELECT COUNT(*) AS tp_count FROM `new` WHERE ( isdel=0 ) LIMIT 1   [ RunTime:0.0020s ]
NOTIC: [2] Invalid argument supplied for foreach() D:\wampp\htdocs\enterprise\Application\Home\Controller\NewsController.class.php 第 35 行.
SQL: SELECT * FROM `new` WHERE ( isdel=0 ) ORDER BY time desc LIMIT 0,10   [ RunTime:0.0030s ]
INFO: [ view_parse ] --START--
INFO: [ template_filter ] --START--
INFO: Run Behavior\ContentReplaceBehavior [ RunTime:0.000000s ]
INFO: [ template_filter ] --END-- [ RunTime:0.000000s ]
INFO: Run Behavior\ParseTemplateBehavior [ RunTime:0.019001s ]
INFO: [ view_parse ] --END-- [ RunTime:0.019001s ]
INFO: [ view_filter ] --START--
INFO: Run Behavior\WriteHtmlCacheBehavior [ RunTime:0.000000s ]
INFO: [ view_filter ] --END-- [ RunTime:0.000000s ]
INFO: [ app_end ] --START--
INFO: Run Behavior\ShowPageTraceBehavior [ RunTime:0.001000s ]
INFO: [ app_end ] --END-- [ RunTime:0.001000s ]

[ 2018-05-22T13:09:36+08:00 ] ::1 /enterprise/index.php/Home/Goods/index.html
INFO: [ app_init ] --START--
INFO: Run Behavior\BuildLiteBehavior [ RunTime:0.000000s ]
INFO: [ app_init ] --END-- [ RunTime:0.000000s ]
INFO: [ app_begin ] --START--
INFO: Run Behavior\ReadHtmlCacheBehavior [ RunTime:0.004000s ]
INFO: [ app_begin ] --END-- [ RunTime:0.004000s ]
SQL: SHOW COLUMNS FROM `enpr_info` [ RunTime:0.0030s ]
SQL: SELECT * FROM `enpr_info` LIMIT 1   [ RunTime:0.0000s ]
SQL: SHOW COLUMNS FROM `region` [ RunTime:0.0020s ]
SQL: SELECT `name` FROM `region` WHERE ( id=17359 ) LIMIT 1   [ RunTime:0.0010s ]
SQL: SELECT `name` FROM `region` WHERE ( id=17360 ) LIMIT 1   [ RunTime:0.0000s ]
SQL: SELECT `name` FROM `region` WHERE ( id=17361 ) LIMIT 1   [ RunTime:0.0000s ]
SQL: SHOW COLUMNS FROM `shuffling` [ RunTime:0.0020s ]
SQL: SHOW COLUMNS FROM `new` [ RunTime:0.0030s ]
SQL: SHOW COLUMNS FROM `classification` [ RunTime:0.0040s ]
SQL: SELECT * FROM `shuffling` ORDER BY id desc  [ RunTime:0.0010s ]
SQL: SELECT * FROM `new` WHERE ( isdel=0 ) ORDER BY time desc  [ RunTime:0.0010s ]
SQL: SELECT * FROM `classification`  [ RunTime:0.0010s ]
INFO: [ view_parse ] --START--
INFO: [ template_filter ] --START--
INFO: Run Behavior\ContentReplaceBehavior [ RunTime:0.001000s ]
INFO: [ template_filter ] --END-- [ RunTime:0.001000s ]
NOTIC: [8] Array to string conversion D:\wampp\htdocs\enterprise\Application\Runtime\Cache\Home\63839bc489ada1b251c78e0251f28b7d.php 第 62 行.
INFO: Run Behavior\ParseTemplateBehavior [ RunTime:0.027001s ]
INFO: [ view_parse ] --END-- [ RunTime:0.027001s ]
INFO: [ view_filter ] --START--
INFO: Run Behavior\WriteHtmlCacheBehavior [ RunTime:0.001000s ]
INFO: [ view_filter ] --END-- [ RunTime:0.001000s ]
INFO: [ app_end ] --START--
INFO: Run Behavior\ShowPageTraceBehavior [ RunTime:0.001000s ]
INFO: [ app_end ] --END-- [ RunTime:0.001000s ]

[ 2018-05-22T13:09:37+08:00 ] ::1 /enterprise/index.php/Home/Goods/ajaxindex.html?p=1
INFO: [ app_init ] --START--
INFO: Run Behavior\BuildLiteBehavior [ RunTime:0.000000s ]
INFO: [ app_init ] --END-- [ RunTime:0.000000s ]
INFO: [ app_begin ] --START--
INFO: Run Behavior\ReadHtmlCacheBehavior [ RunTime:0.002000s ]
INFO: [ app_begin ] --END-- [ RunTime:0.002000s ]
SQL: SHOW COLUMNS FROM `enpr_info` [ RunTime:0.0040s ]
SQL: SELECT * FROM `enpr_info` LIMIT 1   [ RunTime:0.0000s ]
SQL: SHOW COLUMNS FROM `region` [ RunTime:0.0040s ]
SQL: SELECT `name` FROM `region` WHERE ( id=17359 ) LIMIT 1   [ RunTime:0.0000s ]
SQL: SELECT `name` FROM `region` WHERE ( id=17360 ) LIMIT 1   [ RunTime:0.0000s ]
SQL: SELECT `name` FROM `region` WHERE ( id=17361 ) LIMIT 1   [ RunTime:0.0010s ]
SQL: SHOW COLUMNS FROM `goods` [ RunTime:0.0060s ]
SQL: SELECT COUNT(*) AS tp_count FROM `goods` LIMIT 1   [ RunTime:0.0000s ]
SQL: SELECT * FROM `goods` ORDER BY regtime desc,is_recommend desc LIMIT 0,6   [ RunTime:0.0010s ]
INFO: [ view_parse ] --START--
INFO: [ template_filter ] --START--
INFO: Run Behavior\ContentReplaceBehavior [ RunTime:0.000000s ]
INFO: [ template_filter ] --END-- [ RunTime:0.000000s ]
INFO: Run Behavior\ParseTemplateBehavior [ RunTime:0.038002s ]
INFO: [ view_parse ] --END-- [ RunTime:0.038002s ]
INFO: [ view_filter ] --START--
INFO: Run Behavior\WriteHtmlCacheBehavior [ RunTime:0.002001s ]
INFO: [ view_filter ] --END-- [ RunTime:0.002001s ]
INFO: [ app_end ] --START--
INFO: Run Behavior\ShowPageTraceBehavior [ RunTime:0.001000s ]
INFO: [ app_end ] --END-- [ RunTime:0.001000s ]

[ 2018-05-22T13:09:44+08:00 ] ::1 /enterprise/index.php/Home/Goods/ajaxindex.html?p=1
INFO: [ app_init ] --START--
INFO: Run Behavior\BuildLiteBehavior [ RunTime:0.000000s ]
INFO: [ app_init ] --END-- [ RunTime:0.001000s ]
INFO: [ app_begin ] --START--
INFO: Run Behavior\ReadHtmlCacheBehavior [ RunTime:0.002000s ]
INFO: [ app_begin ] --END-- [ RunTime:0.002000s ]
SQL: SHOW COLUMNS FROM `enpr_info` [ RunTime:0.0040s ]
SQL: SELECT * FROM `enpr_info` LIMIT 1   [ RunTime:0.0000s ]
SQL: SHOW COLUMNS FROM `region` [ RunTime:0.0030s ]
SQL: SELECT `name` FROM `region` WHERE ( id=17359 ) LIMIT 1   [ RunTime:0.0000s ]
SQL: SELECT `name` FROM `region` WHERE ( id=17360 ) LIMIT 1   [ RunTime:0.0010s ]
SQL: SELECT `name` FROM `region` WHERE ( id=17361 ) LIMIT 1   [ RunTime:0.0010s ]
SQL: SHOW COLUMNS FROM `goods` [ RunTime:0.0020s ]
SQL: SELECT COUNT(*) AS tp_count FROM `goods` WHERE `cat_id` = 9 LIMIT 1   [ RunTime:0.0390s ]
SQL: SELECT * FROM `goods` WHERE `cat_id` = 9 ORDER BY regtime desc,is_recommend desc LIMIT 0,6   [ RunTime:0.0010s ]
INFO: [ view_parse ] --START--
INFO: [ template_filter ] --START--
INFO: Run Behavior\ContentReplaceBehavior [ RunTime:0.001000s ]
INFO: [ template_filter ] --END-- [ RunTime:0.001000s ]
INFO: Run Behavior\ParseTemplateBehavior [ RunTime:0.008000s ]
INFO: [ view_parse ] --END-- [ RunTime:0.008000s ]
INFO: [ view_filter ] --START--
INFO: Run Behavior\WriteHtmlCacheBehavior [ RunTime:0.000000s ]
INFO: [ view_filter ] --END-- [ RunTime:0.000000s ]
INFO: [ app_end ] --START--
INFO: Run Behavior\ShowPageTraceBehavior [ RunTime:0.001000s ]
INFO: [ app_end ] --END-- [ RunTime:0.001000s ]

[ 2018-05-22T13:09:45+08:00 ] ::1 /enterprise/index.php/Home/Goods/ajaxindex.html?p=1
INFO: [ app_init ] --START--
INFO: Run Behavior\BuildLiteBehavior [ RunTime:0.000000s ]
INFO: [ app_init ] --END-- [ RunTime:0.001000s ]
INFO: [ app_begin ] --START--
INFO: Run Behavior\ReadHtmlCacheBehavior [ RunTime:0.001000s ]
INFO: [ app_begin ] --END-- [ RunTime:0.001000s ]
SQL: SHOW COLUMNS FROM `enpr_info` [ RunTime:0.0020s ]
SQL: SELECT * FROM `enpr_info` LIMIT 1   [ RunTime:0.0010s ]
SQL: SHOW COLUMNS FROM `region` [ RunTime:0.0020s ]
SQL: SELECT `name` FROM `region` WHERE ( id=17359 ) LIMIT 1   [ RunTime:0.0000s ]
SQL: SELECT `name` FROM `region` WHERE ( id=17360 ) LIMIT 1   [ RunTime:0.0010s ]
SQL: SELECT `name` FROM `region` WHERE ( id=17361 ) LIMIT 1   [ RunTime:0.0000s ]
SQL: SHOW COLUMNS FROM `goods` [ RunTime:0.0030s ]
SQL: SELECT COUNT(*) AS tp_count FROM `goods` WHERE `cat_id` = 11 LIMIT 1   [ RunTime:0.0000s ]
SQL: SELECT * FROM `goods` WHERE `cat_id` = 11 ORDER BY regtime desc,is_recommend desc LIMIT 0,6   [ RunTime:0.0010s ]
INFO: [ view_parse ] --START--
INFO: [ template_filter ] --START--
INFO: Run Behavior\ContentReplaceBehavior [ RunTime:0.000000s ]
INFO: [ template_filter ] --END-- [ RunTime:0.000000s ]
INFO: Run Behavior\ParseTemplateBehavior [ RunTime:0.006000s ]
INFO: [ view_parse ] --END-- [ RunTime:0.006000s ]
INFO: [ view_filter ] --START--
INFO: Run Behavior\WriteHtmlCacheBehavior [ RunTime:0.001000s ]
INFO: [ view_filter ] --END-- [ RunTime:0.001000s ]
INFO: [ app_end ] --START--
INFO: Run Behavior\ShowPageTraceBehavior [ RunTime:0.001000s ]
INFO: [ app_end ] --END-- [ RunTime:0.001000s ]

[ 2018-05-22T13:09:50+08:00 ] ::1 /enterprise/index.php/Home/News/index.html
INFO: [ app_init ] --START--
INFO: Run Behavior\BuildLiteBehavior [ RunTime:0.000000s ]
INFO: [ app_init ] --END-- [ RunTime:0.000000s ]
INFO: [ app_begin ] --START--
INFO: Run Behavior\ReadHtmlCacheBehavior [ RunTime:0.000000s ]
INFO: [ app_begin ] --END-- [ RunTime:0.000000s ]
SQL: SHOW COLUMNS FROM `enpr_info` [ RunTime:0.0030s ]
SQL: SELECT * FROM `enpr_info` LIMIT 1   [ RunTime:0.0000s ]
SQL: SHOW COLUMNS FROM `region` [ RunTime:0.0020s ]
SQL: SELECT `name` FROM `region` WHERE ( id=17359 ) LIMIT 1   [ RunTime:0.0010s ]
SQL: SELECT `name` FROM `region` WHERE ( id=17360 ) LIMIT 1   [ RunTime:0.0000s ]
SQL: SELECT `name` FROM `region` WHERE ( id=17361 ) LIMIT 1   [ RunTime:0.0000s ]
SQL: SHOW COLUMNS FROM `shuffling` [ RunTime:0.0020s ]
SQL: SHOW COLUMNS FROM `goods` [ RunTime:0.0020s ]
SQL: SELECT * FROM `shuffling`  [ RunTime:0.0000s ]
SQL: SELECT * FROM `goods` ORDER BY regtime desc,is_recommend desc LIMIT 3   [ RunTime:0.0010s ]
INFO: [ view_parse ] --START--
INFO: [ template_filter ] --START--
INFO: Run Behavior\ContentReplaceBehavior [ RunTime:0.000000s ]
INFO: [ template_filter ] --END-- [ RunTime:0.001001s ]
NOTIC: [8] Array to string conversion D:\wampp\htdocs\enterprise\Application\Runtime\Cache\Home\3e24b471de08a8366f7660bb176a5e74.php 第 61 行.
INFO: Run Behavior\ParseTemplateBehavior [ RunTime:0.014001s ]
INFO: [ view_parse ] --END-- [ RunTime:0.014001s ]
INFO: [ view_filter ] --START--
INFO: Run Behavior\WriteHtmlCacheBehavior [ RunTime:0.001000s ]
INFO: [ view_filter ] --END-- [ RunTime:0.001000s ]
INFO: [ app_end ] --START--
INFO: Run Behavior\ShowPageTraceBehavior [ RunTime:0.001000s ]
INFO: [ app_end ] --END-- [ RunTime:0.001000s ]

[ 2018-05-22T13:09:50+08:00 ] ::1 /enterprise/index.php/Home/News/ajaxindex.html?p=1
INFO: [ app_init ] --START--
INFO: Run Behavior\BuildLiteBehavior [ RunTime:0.000000s ]
INFO: [ app_init ] --END-- [ RunTime:0.001000s ]
INFO: [ app_begin ] --START--
INFO: Run Behavior\ReadHtmlCacheBehavior [ RunTime:0.001000s ]
INFO: [ app_begin ] --END-- [ RunTime:0.001000s ]
SQL: SHOW COLUMNS FROM `enpr_info` [ RunTime:0.0050s ]
SQL: SELECT * FROM `enpr_info` LIMIT 1   [ RunTime:0.0010s ]
SQL: SHOW COLUMNS FROM `region` [ RunTime:0.0020s ]
SQL: SELECT `name` FROM `region` WHERE ( id=17359 ) LIMIT 1   [ RunTime:0.0000s ]
SQL: SELECT `name` FROM `region` WHERE ( id=17360 ) LIMIT 1   [ RunTime:0.0000s ]
SQL: SELECT `name` FROM `region` WHERE ( id=17361 ) LIMIT 1   [ RunTime:0.0000s ]
SQL: SHOW COLUMNS FROM `new` [ RunTime:0.0070s ]
SQL: SELECT COUNT(*) AS tp_count FROM `new` WHERE ( isdel=0 ) LIMIT 1   [ RunTime:0.0010s ]
NOTIC: [2] Invalid argument supplied for foreach() D:\wampp\htdocs\enterprise\Application\Home\Controller\NewsController.class.php 第 35 行.
SQL: SELECT * FROM `new` WHERE ( isdel=0 ) ORDER BY time desc LIMIT 0,10   [ RunTime:0.0010s ]
INFO: [ view_parse ] --START--
INFO: [ template_filter ] --START--
INFO: Run Behavior\ContentReplaceBehavior [ RunTime:0.000000s ]
INFO: [ template_filter ] --END-- [ RunTime:0.000000s ]
INFO: Run Behavior\ParseTemplateBehavior [ RunTime:0.007000s ]
INFO: [ view_parse ] --END-- [ RunTime:0.007000s ]
INFO: [ view_filter ] --START--
INFO: Run Behavior\WriteHtmlCacheBehavior [ RunTime:0.001000s ]
INFO: [ view_filter ] --END-- [ RunTime:0.001000s ]
INFO: [ app_end ] --START--
INFO: Run Behavior\ShowPageTraceBehavior [ RunTime:0.000000s ]
INFO: [ app_end ] --END-- [ RunTime:0.000000s ]

[ 2018-05-22T13:09:58+08:00 ] ::1 /enterprise/index.php/Home/Index/index.html
INFO: [ app_init ] --START--
INFO: Run Behavior\BuildLiteBehavior [ RunTime:0.000000s ]
INFO: [ app_init ] --END-- [ RunTime:0.000000s ]
INFO: [ app_begin ] --START--
INFO: Run Behavior\ReadHtmlCacheBehavior [ RunTime:0.001000s ]
INFO: [ app_begin ] --END-- [ RunTime:0.001000s ]
SQL: SHOW COLUMNS FROM `enpr_info` [ RunTime:0.0030s ]
SQL: SELECT * FROM `enpr_info` LIMIT 1   [ RunTime:0.0010s ]
SQL: SHOW COLUMNS FROM `region` [ RunTime:0.0050s ]
SQL: SELECT `name` FROM `region` WHERE ( id=17359 ) LIMIT 1   [ RunTime:0.0020s ]
SQL: SELECT `name` FROM `region` WHERE ( id=17360 ) LIMIT 1   [ RunTime:0.0000s ]
SQL: SELECT `name` FROM `region` WHERE ( id=17361 ) LIMIT 1   [ RunTime:0.0010s ]
SQL: SHOW COLUMNS FROM `shuffling` [ RunTime:0.0030s ]
SQL: SHOW COLUMNS FROM `new` [ RunTime:0.0020s ]
SQL: SHOW COLUMNS FROM `goods` [ RunTime:0.0020s ]
SQL: SHOW COLUMNS FROM `department` [ RunTime:0.0010s ]
SQL: SELECT * FROM `department`  [ RunTime:0.0000s ]
SQL: SELECT * FROM `shuffling`  [ RunTime:0.0000s ]
SQL: SELECT * FROM `new` WHERE ( isdel=0 ) ORDER BY time desc  [ RunTime:0.0010s ]
SQL: SELECT * FROM `goods` ORDER BY regtime desc,is_recommend desc LIMIT 3   [ RunTime:0.0000s ]
INFO: [ view_parse ] --START--
INFO: [ template_filter ] --START--
INFO: Run Behavior\ContentReplaceBehavior [ RunTime:0.000000s ]
INFO: [ template_filter ] --END-- [ RunTime:0.000000s ]
NOTIC: [8] Array to string conversion D:\wampp\htdocs\enterprise\Application\Runtime\Cache\Home\2a94b8bda04ff446dcedd42276fc99ee.php 第 67 行.
INFO: Run Behavior\ParseTemplateBehavior [ RunTime:0.032002s ]
INFO: [ view_parse ] --END-- [ RunTime:0.032002s ]
INFO: [ view_filter ] --START--
INFO: Run Behavior\WriteHtmlCacheBehavior [ RunTime:0.001000s ]
INFO: [ view_filter ] --END-- [ RunTime:0.001000s ]
INFO: [ app_end ] --START--
INFO: Run Behavior\ShowPageTraceBehavior [ RunTime:0.002000s ]
INFO: [ app_end ] --END-- [ RunTime:0.002000s ]

[ 2018-05-22T13:10:26+08:00 ] ::1 /enterprise/index.php/Home/Index/index.html
INFO: [ app_init ] --START--
INFO: Run Behavior\BuildLiteBehavior [ RunTime:0.000000s ]
INFO: [ app_init ] --END-- [ RunTime:0.000000s ]
INFO: [ app_begin ] --START--
INFO: Run Behavior\ReadHtmlCacheBehavior [ RunTime:0.001000s ]
INFO: [ app_begin ] --END-- [ RunTime:0.001000s ]
SQL: SHOW COLUMNS FROM `enpr_info` [ RunTime:0.0040s ]
SQL: SELECT * FROM `enpr_info` LIMIT 1   [ RunTime:0.0010s ]
SQL: SHOW COLUMNS FROM `region` [ RunTime:0.0050s ]
SQL: SELECT `name` FROM `region` WHERE ( id=17359 ) LIMIT 1   [ RunTime:0.0000s ]
SQL: SELECT `name` FROM `region` WHERE ( id=17360 ) LIMIT 1   [ RunTime:0.0000s ]
SQL: SELECT `name` FROM `region` WHERE ( id=17361 ) LIMIT 1   [ RunTime:0.0010s ]
SQL: SHOW COLUMNS FROM `shuffling` [ RunTime:0.0020s ]
SQL: SHOW COLUMNS FROM `new` [ RunTime:0.0040s ]
SQL: SHOW COLUMNS FROM `goods` [ RunTime:0.0040s ]
SQL: SHOW COLUMNS FROM `department` [ RunTime:0.0020s ]
SQL: SELECT * FROM `department`  [ RunTime:0.0000s ]
SQL: SELECT * FROM `shuffling`  [ RunTime:0.0010s ]
SQL: SELECT * FROM `new` WHERE ( isdel=0 ) ORDER BY time desc  [ RunTime:0.0010s ]
SQL: SELECT * FROM `goods` ORDER BY regtime desc,is_recommend desc LIMIT 3   [ RunTime:0.0010s ]
INFO: [ view_parse ] --START--
INFO: [ template_filter ] --START--
INFO: Run Behavior\ContentReplaceBehavior [ RunTime:0.000000s ]
INFO: [ template_filter ] --END-- [ RunTime:0.000000s ]
NOTIC: [8] Array to string conversion D:\wampp\htdocs\enterprise\Application\Runtime\Cache\Home\2a94b8bda04ff446dcedd42276fc99ee.php 第 67 行.
INFO: Run Behavior\ParseTemplateBehavior [ RunTime:0.019001s ]
INFO: [ view_parse ] --END-- [ RunTime:0.019001s ]
INFO: [ view_filter ] --START--
INFO: Run Behavior\WriteHtmlCacheBehavior [ RunTime:0.002000s ]
INFO: [ view_filter ] --END-- [ RunTime:0.002000s ]
INFO: [ app_end ] --START--
INFO: Run Behavior\ShowPageTraceBehavior [ RunTime:0.003000s ]
INFO: [ app_end ] --END-- [ RunTime:0.003000s ]

[ 2018-05-22T13:26:28+08:00 ] ::1 /enterprise/index.php/Home/News/detail/id/6.html
INFO: [ app_init ] --START--
INFO: Run Behavior\BuildLiteBehavior [ RunTime:0.000000s ]
INFO: [ app_init ] --END-- [ RunTime:0.001000s ]
INFO: [ app_begin ] --START--
INFO: Run Behavior\ReadHtmlCacheBehavior [ RunTime:0.001000s ]
INFO: [ app_begin ] --END-- [ RunTime:0.001000s ]
SQL: SHOW COLUMNS FROM `enpr_info` [ RunTime:0.0060s ]
SQL: SELECT * FROM `enpr_info` LIMIT 1   [ RunTime:0.0000s ]
SQL: SHOW COLUMNS FROM `region` [ RunTime:0.0020s ]
SQL: SELECT `name` FROM `region` WHERE ( id=17359 ) LIMIT 1   [ RunTime:0.0280s ]
SQL: SELECT `name` FROM `region` WHERE ( id=17360 ) LIMIT 1   [ RunTime:0.0030s ]
SQL: SELECT `name` FROM `region` WHERE ( id=17361 ) LIMIT 1   [ RunTime:0.0000s ]
SQL: SHOW COLUMNS FROM `new` [ RunTime:0.0020s ]
SQL: SELECT * FROM `new` WHERE `id` = 6 LIMIT 1   [ RunTime:0.0010s ]
SQL: SHOW COLUMNS FROM `user` [ RunTime:0.0020s ]
SQL: SELECT * FROM `user` WHERE `id` = 1 LIMIT 1   [ RunTime:0.0000s ]
SQL: UPDATE `new` SET `browser`=browser+1 WHERE ( id=6 ) [ RunTime:0.0930s ]
INFO: [ view_parse ] --START--
INFO: [ template_filter ] --START--
INFO: Run Behavior\ContentReplaceBehavior [ RunTime:0.000000s ]
INFO: [ template_filter ] --END-- [ RunTime:0.000000s ]
NOTIC: [8] Array to string conversion D:\wampp\htdocs\enterprise\Application\Runtime\Cache\Home\aca8b289ff6c2c7180f304ffd37940b8.php 第 47 行.
NOTIC: [8] Undefined variable: list D:\wampp\htdocs\enterprise\Application\Runtime\Cache\Home\aca8b289ff6c2c7180f304ffd37940b8.php 第 60 行.
INFO: Run Behavior\ParseTemplateBehavior [ RunTime:0.037002s ]
INFO: [ view_parse ] --END-- [ RunTime:0.038002s ]
INFO: [ view_filter ] --START--
INFO: Run Behavior\WriteHtmlCacheBehavior [ RunTime:0.000000s ]
INFO: [ view_filter ] --END-- [ RunTime:0.000000s ]
INFO: [ app_end ] --START--
INFO: Run Behavior\ShowPageTraceBehavior [ RunTime:0.001000s ]
INFO: [ app_end ] --END-- [ RunTime:0.001000s ]

[ 2018-05-22T13:26:32+08:00 ] ::1 /enterprise/index.php/Home/News/index.html
INFO: [ app_init ] --START--
INFO: Run Behavior\BuildLiteBehavior [ RunTime:0.000000s ]
INFO: [ app_init ] --END-- [ RunTime:0.001000s ]
INFO: [ app_begin ] --START--
INFO: Run Behavior\ReadHtmlCacheBehavior [ RunTime:0.001000s ]
INFO: [ app_begin ] --END-- [ RunTime:0.001000s ]
SQL: SHOW COLUMNS FROM `enpr_info` [ RunTime:0.0040s ]
SQL: SELECT * FROM `enpr_info` LIMIT 1   [ RunTime:0.0030s ]
SQL: SHOW COLUMNS FROM `region` [ RunTime:0.0030s ]
SQL: SELECT `name` FROM `region` WHERE ( id=17359 ) LIMIT 1   [ RunTime:0.0000s ]
SQL: SELECT `name` FROM `region` WHERE ( id=17360 ) LIMIT 1   [ RunTime:0.0000s ]
SQL: SELECT `name` FROM `region` WHERE ( id=17361 ) LIMIT 1   [ RunTime:0.0000s ]
SQL: SHOW COLUMNS FROM `shuffling` [ RunTime:0.0020s ]
SQL: SHOW COLUMNS FROM `goods` [ RunTime:0.0020s ]
SQL: SELECT * FROM `shuffling`  [ RunTime:0.0000s ]
SQL: SELECT * FROM `goods` ORDER BY regtime desc,is_recommend desc LIMIT 3   [ RunTime:0.0210s ]
INFO: [ view_parse ] --START--
INFO: [ template_filter ] --START--
INFO: Run Behavior\ContentReplaceBehavior [ RunTime:0.000000s ]
INFO: [ template_filter ] --END-- [ RunTime:0.000000s ]
NOTIC: [8] Array to string conversion D:\wampp\htdocs\enterprise\Application\Runtime\Cache\Home\3e24b471de08a8366f7660bb176a5e74.php 第 61 行.
INFO: Run Behavior\ParseTemplateBehavior [ RunTime:0.018001s ]
INFO: [ view_parse ] --END-- [ RunTime:0.018001s ]
INFO: [ view_filter ] --START--
INFO: Run Behavior\WriteHtmlCacheBehavior [ RunTime:0.001000s ]
INFO: [ view_filter ] --END-- [ RunTime:0.001000s ]
INFO: [ app_end ] --START--
INFO: Run Behavior\ShowPageTraceBehavior [ RunTime:0.001000s ]
INFO: [ app_end ] --END-- [ RunTime:0.001000s ]

[ 2018-05-22T13:26:33+08:00 ] ::1 /enterprise/index.php/Home/News/ajaxindex.html?p=1
INFO: [ app_init ] --START--
INFO: Run Behavior\BuildLiteBehavior [ RunTime:0.000000s ]
INFO: [ app_init ] --END-- [ RunTime:0.001001s ]
INFO: [ app_begin ] --START--
INFO: Run Behavior\ReadHtmlCacheBehavior [ RunTime:0.001000s ]
INFO: [ app_begin ] --END-- [ RunTime:0.001000s ]
SQL: SHOW COLUMNS FROM `enpr_info` [ RunTime:0.0070s ]
SQL: SELECT * FROM `enpr_info` LIMIT 1   [ RunTime:0.0010s ]
SQL: SHOW COLUMNS FROM `region` [ RunTime:0.0040s ]
SQL: SELECT `name` FROM `region` WHERE ( id=17359 ) LIMIT 1   [ RunTime:0.0010s ]
SQL: SELECT `name` FROM `region` WHERE ( id=17360 ) LIMIT 1   [ RunTime:0.0020s ]
SQL: SELECT `name` FROM `region` WHERE ( id=17361 ) LIMIT 1   [ RunTime:0.0010s ]
SQL: SHOW COLUMNS FROM `new` [ RunTime:0.0020s ]
SQL: SELECT COUNT(*) AS tp_count FROM `new` WHERE ( isdel=0 ) LIMIT 1   [ RunTime:0.0000s ]
NOTIC: [2] Invalid argument supplied for foreach() D:\wampp\htdocs\enterprise\Application\Home\Controller\NewsController.class.php 第 35 行.
SQL: SELECT * FROM `new` WHERE ( isdel=0 ) ORDER BY time desc LIMIT 0,10   [ RunTime:0.0160s ]
INFO: [ view_parse ] --START--
INFO: [ template_filter ] --START--
INFO: Run Behavior\ContentReplaceBehavior [ RunTime:0.000000s ]
INFO: [ template_filter ] --END-- [ RunTime:0.000000s ]
INFO: Run Behavior\ParseTemplateBehavior [ RunTime:0.035002s ]
INFO: [ view_parse ] --END-- [ RunTime:0.035002s ]
INFO: [ view_filter ] --START--
INFO: Run Behavior\WriteHtmlCacheBehavior [ RunTime:0.001000s ]
INFO: [ view_filter ] --END-- [ RunTime:0.001000s ]
INFO: [ app_end ] --START--
INFO: Run Behavior\ShowPageTraceBehavior [ RunTime:0.001000s ]
INFO: [ app_end ] --END-- [ RunTime:0.001000s ]

[ 2018-05-22T13:38:52+08:00 ] ::1 /enterprise/index.php/Home/Index/aboutMy.html
INFO: [ app_init ] --START--
INFO: Run Behavior\BuildLiteBehavior [ RunTime:0.000000s ]
INFO: [ app_init ] --END-- [ RunTime:0.002000s ]
INFO: [ app_begin ] --START--
INFO: Run Behavior\ReadHtmlCacheBehavior [ RunTime:0.002000s ]
INFO: [ app_begin ] --END-- [ RunTime:0.002000s ]
SQL: SHOW COLUMNS FROM `enpr_info` [ RunTime:0.0280s ]
SQL: SELECT * FROM `enpr_info` LIMIT 1   [ RunTime:0.0010s ]
SQL: SHOW COLUMNS FROM `region` [ RunTime:0.0030s ]
SQL: SELECT `name` FROM `region` WHERE ( id=17359 ) LIMIT 1   [ RunTime:0.0260s ]
SQL: SELECT `name` FROM `region` WHERE ( id=17360 ) LIMIT 1   [ RunTime:0.0000s ]
SQL: SELECT `name` FROM `region` WHERE ( id=17361 ) LIMIT 1   [ RunTime:0.0010s ]
SQL: SHOW COLUMNS FROM `shuffling` [ RunTime:0.0030s ]
SQL: SELECT * FROM `shuffling`  [ RunTime:0.0670s ]
SQL: SHOW COLUMNS FROM `department` [ RunTime:0.0020s ]
SQL: SELECT * FROM `department`  [ RunTime:0.0140s ]
INFO: [ view_parse ] --START--
INFO: [ template_filter ] --START--
INFO: Run Behavior\ContentReplaceBehavior [ RunTime:0.000000s ]
INFO: [ template_filter ] --END-- [ RunTime:0.000000s ]
NOTIC: [8] Array to string conversion D:\wampp\htdocs\enterprise\Application\Runtime\Cache\Home\5fa57f20c1c7921aa8ffcffa086933e4.php 第 51 行.
INFO: Run Behavior\ParseTemplateBehavior [ RunTime:0.070004s ]
INFO: [ view_parse ] --END-- [ RunTime:0.070004s ]
INFO: [ view_filter ] --START--
INFO: Run Behavior\WriteHtmlCacheBehavior [ RunTime:0.006000s ]
INFO: [ view_filter ] --END-- [ RunTime:0.007000s ]
INFO: [ app_end ] --START--
INFO: Run Behavior\ShowPageTraceBehavior [ RunTime:0.001000s ]
INFO: [ app_end ] --END-- [ RunTime:0.001000s ]

[ 2018-05-22T13:42:59+08:00 ] ::1 /enterprise/index.php/Home/News/index.html
INFO: [ app_init ] --START--
INFO: Run Behavior\BuildLiteBehavior [ RunTime:0.000000s ]
INFO: [ app_init ] --END-- [ RunTime:0.003000s ]
INFO: [ app_begin ] --START--
INFO: Run Behavior\ReadHtmlCacheBehavior [ RunTime:0.001000s ]
INFO: [ app_begin ] --END-- [ RunTime:0.001000s ]
SQL: SHOW COLUMNS FROM `enpr_info` [ RunTime:0.0040s ]
SQL: SELECT * FROM `enpr_info` LIMIT 1   [ RunTime:0.0180s ]
SQL: SHOW COLUMNS FROM `region` [ RunTime:0.0040s ]
SQL: SELECT `name` FROM `region` WHERE ( id=17359 ) LIMIT 1   [ RunTime:0.0240s ]
SQL: SELECT `name` FROM `region` WHERE ( id=17360 ) LIMIT 1   [ RunTime:0.0000s ]
SQL: SELECT `name` FROM `region` WHERE ( id=17361 ) LIMIT 1   [ RunTime:0.0000s ]
SQL: SHOW COLUMNS FROM `shuffling` [ RunTime:0.0070s ]
SQL: SHOW COLUMNS FROM `goods` [ RunTime:0.0020s ]
SQL: SELECT * FROM `shuffling`  [ RunTime:0.0050s ]
SQL: SELECT * FROM `goods` ORDER BY regtime desc,is_recommend desc LIMIT 3   [ RunTime:0.0060s ]
INFO: [ view_parse ] --START--
INFO: [ template_filter ] --START--
INFO: Run Behavior\ContentReplaceBehavior [ RunTime:0.001000s ]
INFO: [ template_filter ] --END-- [ RunTime:0.001000s ]
NOTIC: [8] Array to string conversion D:\wampp\htdocs\enterprise\Application\Runtime\Cache\Home\3e24b471de08a8366f7660bb176a5e74.php 第 61 行.
INFO: Run Behavior\ParseTemplateBehavior [ RunTime:0.018001s ]
INFO: [ view_parse ] --END-- [ RunTime:0.018001s ]
INFO: [ view_filter ] --START--
INFO: Run Behavior\WriteHtmlCacheBehavior [ RunTime:0.000000s ]
INFO: [ view_filter ] --END-- [ RunTime:0.001000s ]
INFO: [ app_end ] --START--
INFO: Run Behavior\ShowPageTraceBehavior [ RunTime:0.000000s ]
INFO: [ app_end ] --END-- [ RunTime:0.001000s ]

[ 2018-05-22T13:42:59+08:00 ] ::1 /enterprise/index.php/Home/News/ajaxindex.html?p=1
INFO: [ app_init ] --START--
INFO: Run Behavior\BuildLiteBehavior [ RunTime:0.000000s ]
INFO: [ app_init ] --END-- [ RunTime:0.000000s ]
INFO: [ app_begin ] --START--
INFO: Run Behavior\ReadHtmlCacheBehavior [ RunTime:0.001001s ]
INFO: [ app_begin ] --END-- [ RunTime:0.001001s ]
SQL: SHOW COLUMNS FROM `enpr_info` [ RunTime:0.0050s ]
SQL: SELECT * FROM `enpr_info` LIMIT 1   [ RunTime:0.0020s ]
SQL: SHOW COLUMNS FROM `region` [ RunTime:0.0060s ]
SQL: SELECT `name` FROM `region` WHERE ( id=17359 ) LIMIT 1   [ RunTime:0.0030s ]
SQL: SELECT `name` FROM `region` WHERE ( id=17360 ) LIMIT 1   [ RunTime:0.0020s ]
SQL: SELECT `name` FROM `region` WHERE ( id=17361 ) LIMIT 1   [ RunTime:0.0000s ]
SQL: SHOW COLUMNS FROM `new` [ RunTime:0.0100s ]
SQL: SELECT COUNT(*) AS tp_count FROM `new` WHERE ( isdel=0 ) LIMIT 1   [ RunTime:0.0220s ]
NOTIC: [2] Invalid argument supplied for foreach() D:\wampp\htdocs\enterprise\Application\Home\Controller\NewsController.class.php 第 35 行.
SQL: SELECT * FROM `new` WHERE ( isdel=0 ) ORDER BY time desc LIMIT 0,10   [ RunTime:0.0060s ]
INFO: [ view_parse ] --START--
INFO: [ template_filter ] --START--
INFO: Run Behavior\ContentReplaceBehavior [ RunTime:0.000000s ]
INFO: [ template_filter ] --END-- [ RunTime:0.000000s ]
INFO: Run Behavior\ParseTemplateBehavior [ RunTime:0.017001s ]
INFO: [ view_parse ] --END-- [ RunTime:0.017001s ]
INFO: [ view_filter ] --START--
INFO: Run Behavior\WriteHtmlCacheBehavior [ RunTime:0.002000s ]
INFO: [ view_filter ] --END-- [ RunTime:0.002000s ]
INFO: [ app_end ] --START--
INFO: Run Behavior\ShowPageTraceBehavior [ RunTime:0.000000s ]
INFO: [ app_end ] --END-- [ RunTime:0.000000s ]

[ 2018-05-22T13:43:00+08:00 ] ::1 /enterprise/index.php/Home/News/detail/id/8.html
INFO: [ app_init ] --START--
INFO: Run Behavior\BuildLiteBehavior [ RunTime:0.000000s ]
INFO: [ app_init ] --END-- [ RunTime:0.001000s ]
INFO: [ app_begin ] --START--
INFO: Run Behavior\ReadHtmlCacheBehavior [ RunTime:0.001000s ]
INFO: [ app_begin ] --END-- [ RunTime:0.001000s ]
SQL: SHOW COLUMNS FROM `enpr_info` [ RunTime:0.0030s ]
SQL: SELECT * FROM `enpr_info` LIMIT 1   [ RunTime:0.0000s ]
SQL: SHOW COLUMNS FROM `region` [ RunTime:0.0020s ]
SQL: SELECT `name` FROM `region` WHERE ( id=17359 ) LIMIT 1   [ RunTime:0.0000s ]
SQL: SELECT `name` FROM `region` WHERE ( id=17360 ) LIMIT 1   [ RunTime:0.0000s ]
SQL: SELECT `name` FROM `region` WHERE ( id=17361 ) LIMIT 1   [ RunTime:0.0000s ]
SQL: SHOW COLUMNS FROM `new` [ RunTime:0.0020s ]
SQL: SELECT * FROM `new` WHERE `id` = 8 LIMIT 1   [ RunTime:0.0010s ]
SQL: SHOW COLUMNS FROM `user` [ RunTime:0.0050s ]
SQL: SELECT * FROM `user` WHERE `id` = 1 LIMIT 1   [ RunTime:0.0240s ]
SQL: UPDATE `new` SET `browser`=browser+1 WHERE ( id=8 ) [ RunTime:0.0530s ]
INFO: [ view_parse ] --START--
INFO: [ template_filter ] --START--
INFO: Run Behavior\ContentReplaceBehavior [ RunTime:0.000000s ]
INFO: [ template_filter ] --END-- [ RunTime:0.000000s ]
NOTIC: [8] Array to string conversion D:\wampp\htdocs\enterprise\Application\Runtime\Cache\Home\aca8b289ff6c2c7180f304ffd37940b8.php 第 47 行.
NOTIC: [8] Undefined variable: list D:\wampp\htdocs\enterprise\Application\Runtime\Cache\Home\aca8b289ff6c2c7180f304ffd37940b8.php 第 60 行.
INFO: Run Behavior\ParseTemplateBehavior [ RunTime:0.023002s ]
INFO: [ view_parse ] --END-- [ RunTime:0.023002s ]
INFO: [ view_filter ] --START--
INFO: Run Behavior\WriteHtmlCacheBehavior [ RunTime:0.001000s ]
INFO: [ view_filter ] --END-- [ RunTime:0.001000s ]
INFO: [ app_end ] --START--
INFO: Run Behavior\ShowPageTraceBehavior [ RunTime:0.001000s ]
INFO: [ app_end ] --END-- [ RunTime:0.001000s ]

