[ 2018-03-19T14:22:53+08:00 ] ::1 /enterprise/index.php
INFO: [ app_init ] --START--
INFO: Run Behavior\BuildLiteBehavior [ RunTime:0.000000s ]
INFO: [ app_init ] --END-- [ RunTime:0.018001s ]
INFO: [ app_begin ] --START--
INFO: Run Behavior\ReadHtmlCacheBehavior [ RunTime:0.001000s ]
INFO: [ app_begin ] --END-- [ RunTime:0.001000s ]
SQL: SHOW COLUMNS FROM `enpr_info` [ RunTime:0.0600s ]
SQL: SELECT * FROM `enpr_info` LIMIT 1   [ RunTime:0.0010s ]
SQL: SHOW COLUMNS FROM `region` [ RunTime:0.0430s ]
SQL: SELECT `name` FROM `region` WHERE ( id=17359 ) LIMIT 1   [ RunTime:0.0100s ]
SQL: SELECT `name` FROM `region` WHERE ( id=17360 ) LIMIT 1   [ RunTime:0.0000s ]
SQL: SELECT `name` FROM `region` WHERE ( id=17361 ) LIMIT 1   [ RunTime:0.0000s ]
SQL: SHOW COLUMNS FROM `shuffling` [ RunTime:0.0310s ]
SQL: SHOW COLUMNS FROM `new` [ RunTime:0.0310s ]
SQL: SHOW COLUMNS FROM `goods` [ RunTime:0.0240s ]
SQL: SHOW COLUMNS FROM `department` [ RunTime:0.0020s ]
SQL: SELECT * FROM `department`  [ RunTime:0.0000s ]
SQL: SELECT * FROM `shuffling`  [ RunTime:0.0010s ]
SQL: SELECT * FROM `new` WHERE ( isdel=0 ) ORDER BY time desc  [ RunTime:0.0390s ]
SQL: SELECT * FROM `goods` ORDER BY regtime desc,is_recommend desc LIMIT 3   [ RunTime:0.0000s ]
INFO: [ view_parse ] --START--
INFO: [ template_filter ] --START--
INFO: Run Behavior\ContentReplaceBehavior [ RunTime:0.001000s ]
INFO: [ template_filter ] --END-- [ RunTime:0.001000s ]
NOTIC: [8] Array to string conversion D:\wampp\htdocs\enterprise\Application\Runtime\Cache\Home\2a94b8bda04ff446dcedd42276fc99ee.php 第 67 行.
INFO: Run Behavior\ParseTemplateBehavior [ RunTime:0.054003s ]
INFO: [ view_parse ] --END-- [ RunTime:0.054003s ]
INFO: [ view_filter ] --START--
INFO: Run Behavior\WriteHtmlCacheBehavior [ RunTime:0.015001s ]
INFO: [ view_filter ] --END-- [ RunTime:0.015001s ]
INFO: [ app_end ] --START--
INFO: Run Behavior\ShowPageTraceBehavior [ RunTime:0.015000s ]
INFO: [ app_end ] --END-- [ RunTime:0.015000s ]

