[ 2018-01-24T17:24:07+08:00 ] ::1 /enterprise/Public/css/home/__PUBLIC__/images/fabric.png
INFO: [ app_init ] --START--
INFO: Run Behavior\BuildLiteBehavior [ RunTime:0.000000s ]
INFO: [ app_init ] --END-- [ RunTime:0.000000s ]
ERR: 无法加载模块:Public

[ 2018-01-24T17:24:07+08:00 ] ::1 /enterprise/Public/css/home/__PUBLIC__/images/cover.jpg
INFO: [ app_init ] --START--
INFO: Run Behavior\BuildLiteBehavior [ RunTime:0.000000s ]
INFO: [ app_init ] --END-- [ RunTime:0.002000s ]
ERR: 无法加载模块:Public

[ 2018-01-24T17:24:42+08:00 ] ::1 /enterprise/Public/css/home/__PUBLIC__/images/cover.jpg
INFO: [ app_init ] --START--
INFO: Run Behavior\BuildLiteBehavior [ RunTime:0.000000s ]
INFO: [ app_init ] --END-- [ RunTime:0.000000s ]
ERR: 无法加载模块:Public

[ 2018-01-24T17:24:42+08:00 ] ::1 /enterprise/Public/css/home/__PUBLIC__/images/fabric.png
INFO: [ app_init ] --START--
INFO: Run Behavior\BuildLiteBehavior [ RunTime:0.000000s ]
INFO: [ app_init ] --END-- [ RunTime:0.000000s ]
ERR: 无法加载模块:Public

