[ 2018-03-23T15:45:05+08:00 ] ::1 /enterprise/index.php/System/backupMysql/Action/backup.html
INFO: [ app_init ] --START--
INFO: Run Behavior\BuildLiteBehavior [ RunTime:0.000000s ]
INFO: [ app_init ] --END-- [ RunTime:0.000000s ]
ERR: 无法加载模块:System

[ 2018-03-23T15:49:31+08:00 ] ::1 /enterprise/index.php/System/backupMysql/Action/backup.html
INFO: [ app_init ] --START--
INFO: Run Behavior\BuildLiteBehavior [ RunTime:0.000000s ]
INFO: [ app_init ] --END-- [ RunTime:0.000000s ]
ERR: 无法加载模块:System

[ 2018-03-23T15:50:45+08:00 ] ::1 /enterprise/index.php/System/backupMysql/Action/backup.html
INFO: [ app_init ] --START--
INFO: Run Behavior\BuildLiteBehavior [ RunTime:0.000000s ]
INFO: [ app_init ] --END-- [ RunTime:0.001000s ]
ERR: 无法加载模块:System

[ 2018-03-23T15:51:18+08:00 ] ::1 /enterprise/index.php/backupMysql/Action/backup.html
INFO: [ app_init ] --START--
INFO: Run Behavior\BuildLiteBehavior [ RunTime:0.000000s ]
INFO: [ app_init ] --END-- [ RunTime:0.001000s ]
ERR: 无法加载模块:BackupMysql

[ 2018-03-23T15:52:01+08:00 ] ::1 /enterprise/index.php/System/backupMysql/Action/backup.html
INFO: [ app_init ] --START--
INFO: Run Behavior\BuildLiteBehavior [ RunTime:0.000000s ]
INFO: [ app_init ] --END-- [ RunTime:0.001000s ]
ERR: 无法加载模块:System

