[ 2018-12-14T17:20:27+08:00 ] ::1 /enterprise/Public/css/home/__PUBLIC__/images/fabric.png
INFO: [ app_init ] --START--
INFO: Run Behavior\BuildLiteBehavior [ RunTime:0.000000s ]
INFO: [ app_init ] --END-- [ RunTime:0.000000s ]
ERR: 无法加载模块:Public

[ 2018-12-14T17:20:27+08:00 ] ::1 /enterprise/Public/css/home/__PUBLIC__/images/cover.jpg
INFO: [ app_init ] --START--
INFO: Run Behavior\BuildLiteBehavior [ RunTime:0.000000s ]
INFO: [ app_init ] --END-- [ RunTime:0.015000s ]
ERR: 无法加载模块:Public

[ 2018-12-14T17:25:34+08:00 ] ::1 /enterprise/Public/css/home/__PUBLIC__/images/fabric.png
INFO: [ app_init ] --START--
INFO: Run Behavior\BuildLiteBehavior [ RunTime:0.000000s ]
INFO: [ app_init ] --END-- [ RunTime:0.001001s ]
ERR: 无法加载模块:Public

[ 2018-12-14T17:25:34+08:00 ] ::1 /enterprise/Public/css/home/__PUBLIC__/images/cover.jpg
INFO: [ app_init ] --START--
INFO: Run Behavior\BuildLiteBehavior [ RunTime:0.000000s ]
INFO: [ app_init ] --END-- [ RunTime:0.000000s ]
ERR: 无法加载模块:Public

