执行日期：2017-11-22-14?M?S
【接收到的notify通知】:
<xml><appid><![CDATA[wx40f0420cee68574f]]></appid>
<attach><![CDATA[帮助支付信息]]></attach>
<bank_type><![CDATA[CFT]]></bank_type>
<cash_fee><![CDATA[10]]></cash_fee>
<fee_type><![CDATA[CNY]]></fee_type>
<is_subscribe><![CDATA[N]]></is_subscribe>
<mch_id><![CDATA[1490799822]]></mch_id>
<nonce_str><![CDATA[n5p1zp5ljm4opouggxewsejhternxvam]]></nonce_str>
<openid><![CDATA[o3b7N1DBG8-QxZtcxUJ6dfpBFnMI]]></openid>
<out_trade_no><![CDATA[c4_3]]></out_trade_no>
<result_code><![CDATA[SUCCESS]]></result_code>
<return_code><![CDATA[SUCCESS]]></return_code>
<sign><![CDATA[2B9F763EE1699254130610F4C5F5903C]]></sign>
<time_end><![CDATA[20171122142316]]></time_end>
<total_fee>10</total_fee>
<trade_type><![CDATA[JSAPI]]></trade_type>
<transaction_id><![CDATA[4200000016201711226307386097]]></transaction_id>
</xml>


执行日期：2017-11-22-14?M?S
【支付成功】:
<xml><appid><![CDATA[wx40f0420cee68574f]]></appid>
<attach><![CDATA[帮助支付信息]]></attach>
<bank_type><![CDATA[CFT]]></bank_type>
<cash_fee><![CDATA[10]]></cash_fee>
<fee_type><![CDATA[CNY]]></fee_type>
<is_subscribe><![CDATA[N]]></is_subscribe>
<mch_id><![CDATA[1490799822]]></mch_id>
<nonce_str><![CDATA[n5p1zp5ljm4opouggxewsejhternxvam]]></nonce_str>
<openid><![CDATA[o3b7N1DBG8-QxZtcxUJ6dfpBFnMI]]></openid>
<out_trade_no><![CDATA[c4_3]]></out_trade_no>
<result_code><![CDATA[SUCCESS]]></result_code>
<return_code><![CDATA[SUCCESS]]></return_code>
<sign><![CDATA[2B9F763EE1699254130610F4C5F5903C]]></sign>
<time_end><![CDATA[20171122142316]]></time_end>
<total_fee>10</total_fee>
<trade_type><![CDATA[JSAPI]]></trade_type>
<transaction_id><![CDATA[4200000016201711226307386097]]></transaction_id>
</xml>


执行日期：2017-11-22-14?M?S
【接收到的notify通知】:
<xml><appid><![CDATA[wx40f0420cee68574f]]></appid>
<attach><![CDATA[帮助支付信息]]></attach>
<bank_type><![CDATA[CFT]]></bank_type>
<cash_fee><![CDATA[1]]></cash_fee>
<fee_type><![CDATA[CNY]]></fee_type>
<is_subscribe><![CDATA[N]]></is_subscribe>
<mch_id><![CDATA[1490799822]]></mch_id>
<nonce_str><![CDATA[nwyksu53sqcb0ffyckrvfs419s7c1id8]]></nonce_str>
<openid><![CDATA[o3b7N1EywxGabVoIhJ13KzWGDggY]]></openid>
<out_trade_no><![CDATA[c4_7]]></out_trade_no>
<result_code><![CDATA[SUCCESS]]></result_code>
<return_code><![CDATA[SUCCESS]]></return_code>
<sign><![CDATA[6D45601351C5AF8EEC4B34C960B3B994]]></sign>
<time_end><![CDATA[20171122144109]]></time_end>
<total_fee>1</total_fee>
<trade_type><![CDATA[JSAPI]]></trade_type>
<transaction_id><![CDATA[4200000004201711226311031490]]></transaction_id>
</xml>


执行日期：2017-11-22-14?M?S
【支付成功】:
<xml><appid><![CDATA[wx40f0420cee68574f]]></appid>
<attach><![CDATA[帮助支付信息]]></attach>
<bank_type><![CDATA[CFT]]></bank_type>
<cash_fee><![CDATA[1]]></cash_fee>
<fee_type><![CDATA[CNY]]></fee_type>
<is_subscribe><![CDATA[N]]></is_subscribe>
<mch_id><![CDATA[1490799822]]></mch_id>
<nonce_str><![CDATA[nwyksu53sqcb0ffyckrvfs419s7c1id8]]></nonce_str>
<openid><![CDATA[o3b7N1EywxGabVoIhJ13KzWGDggY]]></openid>
<out_trade_no><![CDATA[c4_7]]></out_trade_no>
<result_code><![CDATA[SUCCESS]]></result_code>
<return_code><![CDATA[SUCCESS]]></return_code>
<sign><![CDATA[6D45601351C5AF8EEC4B34C960B3B994]]></sign>
<time_end><![CDATA[20171122144109]]></time_end>
<total_fee>1</total_fee>
<trade_type><![CDATA[JSAPI]]></trade_type>
<transaction_id><![CDATA[4200000004201711226311031490]]></transaction_id>
</xml>


执行日期：2017-11-22-15?M?S
【接收到的notify通知】:
<xml><appid><![CDATA[wx40f0420cee68574f]]></appid>
<attach><![CDATA[帮助支付信息]]></attach>
<bank_type><![CDATA[CFT]]></bank_type>
<cash_fee><![CDATA[10]]></cash_fee>
<fee_type><![CDATA[CNY]]></fee_type>
<is_subscribe><![CDATA[N]]></is_subscribe>
<mch_id><![CDATA[1490799822]]></mch_id>
<nonce_str><![CDATA[3i64wnb234zoo5pdrt9grrojzog6p99m]]></nonce_str>
<openid><![CDATA[o3b7N1EywxGabVoIhJ13KzWGDggY]]></openid>
<out_trade_no><![CDATA[c4_13]]></out_trade_no>
<result_code><![CDATA[SUCCESS]]></result_code>
<return_code><![CDATA[SUCCESS]]></return_code>
<sign><![CDATA[7AAC54FE8C1626A6465D46B5CBDB41C4]]></sign>
<time_end><![CDATA[20171122150526]]></time_end>
<total_fee>10</total_fee>
<trade_type><![CDATA[JSAPI]]></trade_type>
<transaction_id><![CDATA[4200000018201711226313680251]]></transaction_id>
</xml>


执行日期：2017-11-22-15?M?S
【支付成功】:
<xml><appid><![CDATA[wx40f0420cee68574f]]></appid>
<attach><![CDATA[帮助支付信息]]></attach>
<bank_type><![CDATA[CFT]]></bank_type>
<cash_fee><![CDATA[10]]></cash_fee>
<fee_type><![CDATA[CNY]]></fee_type>
<is_subscribe><![CDATA[N]]></is_subscribe>
<mch_id><![CDATA[1490799822]]></mch_id>
<nonce_str><![CDATA[3i64wnb234zoo5pdrt9grrojzog6p99m]]></nonce_str>
<openid><![CDATA[o3b7N1EywxGabVoIhJ13KzWGDggY]]></openid>
<out_trade_no><![CDATA[c4_13]]></out_trade_no>
<result_code><![CDATA[SUCCESS]]></result_code>
<return_code><![CDATA[SUCCESS]]></return_code>
<sign><![CDATA[7AAC54FE8C1626A6465D46B5CBDB41C4]]></sign>
<time_end><![CDATA[20171122150526]]></time_end>
<total_fee>10</total_fee>
<trade_type><![CDATA[JSAPI]]></trade_type>
<transaction_id><![CDATA[4200000018201711226313680251]]></transaction_id>
</xml>


执行日期：2017-11-22-15?M?S
【接收到的notify通知】:
<xml><appid><![CDATA[wx40f0420cee68574f]]></appid>
<attach><![CDATA[帮助支付信息]]></attach>
<bank_type><![CDATA[CFT]]></bank_type>
<cash_fee><![CDATA[1]]></cash_fee>
<fee_type><![CDATA[CNY]]></fee_type>
<is_subscribe><![CDATA[N]]></is_subscribe>
<mch_id><![CDATA[1490799822]]></mch_id>
<nonce_str><![CDATA[2pfdot0pire5j6u3ox1j95zkshbte7n4]]></nonce_str>
<openid><![CDATA[o3b7N1GuTS1KUX8XafMt5Ke_ULUI]]></openid>
<out_trade_no><![CDATA[c4_14]]></out_trade_no>
<result_code><![CDATA[SUCCESS]]></result_code>
<return_code><![CDATA[SUCCESS]]></return_code>
<sign><![CDATA[684C3652ED4560E2B605B117E84D43B4]]></sign>
<time_end><![CDATA[20171122153120]]></time_end>
<total_fee>1</total_fee>
<trade_type><![CDATA[JSAPI]]></trade_type>
<transaction_id><![CDATA[4200000023201711226318115626]]></transaction_id>
</xml>


执行日期：2017-11-22-15?M?S
【接收到的notify通知】:
<xml><appid><![CDATA[wx40f0420cee68574f]]></appid>
<attach><![CDATA[帮助支付信息]]></attach>
<bank_type><![CDATA[CFT]]></bank_type>
<cash_fee><![CDATA[1]]></cash_fee>
<fee_type><![CDATA[CNY]]></fee_type>
<is_subscribe><![CDATA[N]]></is_subscribe>
<mch_id><![CDATA[1490799822]]></mch_id>
<nonce_str><![CDATA[2pfdot0pire5j6u3ox1j95zkshbte7n4]]></nonce_str>
<openid><![CDATA[o3b7N1GuTS1KUX8XafMt5Ke_ULUI]]></openid>
<out_trade_no><![CDATA[c4_14]]></out_trade_no>
<result_code><![CDATA[SUCCESS]]></result_code>
<return_code><![CDATA[SUCCESS]]></return_code>
<sign><![CDATA[684C3652ED4560E2B605B117E84D43B4]]></sign>
<time_end><![CDATA[20171122153120]]></time_end>
<total_fee>1</total_fee>
<trade_type><![CDATA[JSAPI]]></trade_type>
<transaction_id><![CDATA[4200000023201711226318115626]]></transaction_id>
</xml>


执行日期：2017-11-22-15?M?S
【接收到的notify通知】:
<xml><appid><![CDATA[wx40f0420cee68574f]]></appid>
<attach><![CDATA[帮助支付信息]]></attach>
<bank_type><![CDATA[CFT]]></bank_type>
<cash_fee><![CDATA[1]]></cash_fee>
<fee_type><![CDATA[CNY]]></fee_type>
<is_subscribe><![CDATA[N]]></is_subscribe>
<mch_id><![CDATA[1490799822]]></mch_id>
<nonce_str><![CDATA[2pfdot0pire5j6u3ox1j95zkshbte7n4]]></nonce_str>
<openid><![CDATA[o3b7N1GuTS1KUX8XafMt5Ke_ULUI]]></openid>
<out_trade_no><![CDATA[c4_14]]></out_trade_no>
<result_code><![CDATA[SUCCESS]]></result_code>
<return_code><![CDATA[SUCCESS]]></return_code>
<sign><![CDATA[684C3652ED4560E2B605B117E84D43B4]]></sign>
<time_end><![CDATA[20171122153120]]></time_end>
<total_fee>1</total_fee>
<trade_type><![CDATA[JSAPI]]></trade_type>
<transaction_id><![CDATA[4200000023201711226318115626]]></transaction_id>
</xml>


执行日期：2017-11-22-15?M?S
【接收到的notify通知】:
<xml><appid><![CDATA[wx40f0420cee68574f]]></appid>
<attach><![CDATA[帮助支付信息]]></attach>
<bank_type><![CDATA[CFT]]></bank_type>
<cash_fee><![CDATA[1]]></cash_fee>
<fee_type><![CDATA[CNY]]></fee_type>
<is_subscribe><![CDATA[N]]></is_subscribe>
<mch_id><![CDATA[1490799822]]></mch_id>
<nonce_str><![CDATA[2pfdot0pire5j6u3ox1j95zkshbte7n4]]></nonce_str>
<openid><![CDATA[o3b7N1GuTS1KUX8XafMt5Ke_ULUI]]></openid>
<out_trade_no><![CDATA[c4_14]]></out_trade_no>
<result_code><![CDATA[SUCCESS]]></result_code>
<return_code><![CDATA[SUCCESS]]></return_code>
<sign><![CDATA[684C3652ED4560E2B605B117E84D43B4]]></sign>
<time_end><![CDATA[20171122153120]]></time_end>
<total_fee>1</total_fee>
<trade_type><![CDATA[JSAPI]]></trade_type>
<transaction_id><![CDATA[4200000023201711226318115626]]></transaction_id>
</xml>


执行日期：2017-11-22-15?M?S
【接收到的notify通知】:
<xml><appid><![CDATA[wx40f0420cee68574f]]></appid>
<attach><![CDATA[帮助支付信息]]></attach>
<bank_type><![CDATA[CFT]]></bank_type>
<cash_fee><![CDATA[1]]></cash_fee>
<fee_type><![CDATA[CNY]]></fee_type>
<is_subscribe><![CDATA[N]]></is_subscribe>
<mch_id><![CDATA[1490799822]]></mch_id>
<nonce_str><![CDATA[2pfdot0pire5j6u3ox1j95zkshbte7n4]]></nonce_str>
<openid><![CDATA[o3b7N1GuTS1KUX8XafMt5Ke_ULUI]]></openid>
<out_trade_no><![CDATA[c4_14]]></out_trade_no>
<result_code><![CDATA[SUCCESS]]></result_code>
<return_code><![CDATA[SUCCESS]]></return_code>
<sign><![CDATA[684C3652ED4560E2B605B117E84D43B4]]></sign>
<time_end><![CDATA[20171122153120]]></time_end>
<total_fee>1</total_fee>
<trade_type><![CDATA[JSAPI]]></trade_type>
<transaction_id><![CDATA[4200000023201711226318115626]]></transaction_id>
</xml>


执行日期：2017-11-22-16?M?S
【接收到的notify通知】:
<xml><appid><![CDATA[wx40f0420cee68574f]]></appid>
<attach><![CDATA[帮助支付信息]]></attach>
<bank_type><![CDATA[CFT]]></bank_type>
<cash_fee><![CDATA[1]]></cash_fee>
<fee_type><![CDATA[CNY]]></fee_type>
<is_subscribe><![CDATA[N]]></is_subscribe>
<mch_id><![CDATA[1490799822]]></mch_id>
<nonce_str><![CDATA[2pfdot0pire5j6u3ox1j95zkshbte7n4]]></nonce_str>
<openid><![CDATA[o3b7N1GuTS1KUX8XafMt5Ke_ULUI]]></openid>
<out_trade_no><![CDATA[c4_14]]></out_trade_no>
<result_code><![CDATA[SUCCESS]]></result_code>
<return_code><![CDATA[SUCCESS]]></return_code>
<sign><![CDATA[684C3652ED4560E2B605B117E84D43B4]]></sign>
<time_end><![CDATA[20171122153120]]></time_end>
<total_fee>1</total_fee>
<trade_type><![CDATA[JSAPI]]></trade_type>
<transaction_id><![CDATA[4200000023201711226318115626]]></transaction_id>
</xml>


执行日期：2017-11-22-16?M?S
【接收到的notify通知】:
<xml><appid><![CDATA[wx40f0420cee68574f]]></appid>
<attach><![CDATA[帮助支付信息]]></attach>
<bank_type><![CDATA[CFT]]></bank_type>
<cash_fee><![CDATA[1]]></cash_fee>
<fee_type><![CDATA[CNY]]></fee_type>
<is_subscribe><![CDATA[N]]></is_subscribe>
<mch_id><![CDATA[1490799822]]></mch_id>
<nonce_str><![CDATA[2pfdot0pire5j6u3ox1j95zkshbte7n4]]></nonce_str>
<openid><![CDATA[o3b7N1GuTS1KUX8XafMt5Ke_ULUI]]></openid>
<out_trade_no><![CDATA[c4_14]]></out_trade_no>
<result_code><![CDATA[SUCCESS]]></result_code>
<return_code><![CDATA[SUCCESS]]></return_code>
<sign><![CDATA[684C3652ED4560E2B605B117E84D43B4]]></sign>
<time_end><![CDATA[20171122153120]]></time_end>
<total_fee>1</total_fee>
<trade_type><![CDATA[JSAPI]]></trade_type>
<transaction_id><![CDATA[4200000023201711226318115626]]></transaction_id>
</xml>


执行日期：2017-11-22-17?M?S
【接收到的notify通知】:
<xml><appid><![CDATA[wx40f0420cee68574f]]></appid>
<attach><![CDATA[帮助支付信息]]></attach>
<bank_type><![CDATA[CFT]]></bank_type>
<cash_fee><![CDATA[1]]></cash_fee>
<fee_type><![CDATA[CNY]]></fee_type>
<is_subscribe><![CDATA[N]]></is_subscribe>
<mch_id><![CDATA[1490799822]]></mch_id>
<nonce_str><![CDATA[2pfdot0pire5j6u3ox1j95zkshbte7n4]]></nonce_str>
<openid><![CDATA[o3b7N1GuTS1KUX8XafMt5Ke_ULUI]]></openid>
<out_trade_no><![CDATA[c4_14]]></out_trade_no>
<result_code><![CDATA[SUCCESS]]></result_code>
<return_code><![CDATA[SUCCESS]]></return_code>
<sign><![CDATA[684C3652ED4560E2B605B117E84D43B4]]></sign>
<time_end><![CDATA[20171122153120]]></time_end>
<total_fee>1</total_fee>
<trade_type><![CDATA[JSAPI]]></trade_type>
<transaction_id><![CDATA[4200000023201711226318115626]]></transaction_id>
</xml>


执行日期：2017-11-22-17?M?S
【接收到的notify通知】:
<xml><appid><![CDATA[wx40f0420cee68574f]]></appid>
<attach><![CDATA[帮助支付信息]]></attach>
<bank_type><![CDATA[CFT]]></bank_type>
<cash_fee><![CDATA[1]]></cash_fee>
<fee_type><![CDATA[CNY]]></fee_type>
<is_subscribe><![CDATA[N]]></is_subscribe>
<mch_id><![CDATA[1490799822]]></mch_id>
<nonce_str><![CDATA[2pfdot0pire5j6u3ox1j95zkshbte7n4]]></nonce_str>
<openid><![CDATA[o3b7N1GuTS1KUX8XafMt5Ke_ULUI]]></openid>
<out_trade_no><![CDATA[c4_14]]></out_trade_no>
<result_code><![CDATA[SUCCESS]]></result_code>
<return_code><![CDATA[SUCCESS]]></return_code>
<sign><![CDATA[684C3652ED4560E2B605B117E84D43B4]]></sign>
<time_end><![CDATA[20171122153120]]></time_end>
<total_fee>1</total_fee>
<trade_type><![CDATA[JSAPI]]></trade_type>
<transaction_id><![CDATA[4200000023201711226318115626]]></transaction_id>
</xml>


执行日期：2017-11-22-18?M?S
【接收到的notify通知】:
<xml><appid><![CDATA[wx40f0420cee68574f]]></appid>
<attach><![CDATA[帮助支付信息]]></attach>
<bank_type><![CDATA[CFT]]></bank_type>
<cash_fee><![CDATA[1]]></cash_fee>
<fee_type><![CDATA[CNY]]></fee_type>
<is_subscribe><![CDATA[N]]></is_subscribe>
<mch_id><![CDATA[1490799822]]></mch_id>
<nonce_str><![CDATA[2pfdot0pire5j6u3ox1j95zkshbte7n4]]></nonce_str>
<openid><![CDATA[o3b7N1GuTS1KUX8XafMt5Ke_ULUI]]></openid>
<out_trade_no><![CDATA[c4_14]]></out_trade_no>
<result_code><![CDATA[SUCCESS]]></result_code>
<return_code><![CDATA[SUCCESS]]></return_code>
<sign><![CDATA[684C3652ED4560E2B605B117E84D43B4]]></sign>
<time_end><![CDATA[20171122153120]]></time_end>
<total_fee>1</total_fee>
<trade_type><![CDATA[JSAPI]]></trade_type>
<transaction_id><![CDATA[4200000023201711226318115626]]></transaction_id>
</xml>


