执行日期：2017-11-29-09?M?S
【接收到的notify通知】:
<xml><appid><![CDATA[wx40f0420cee68574f]]></appid>
<attach><![CDATA[帮助支付信息]]></attach>
<bank_type><![CDATA[CFT]]></bank_type>
<cash_fee><![CDATA[1]]></cash_fee>
<fee_type><![CDATA[CNY]]></fee_type>
<is_subscribe><![CDATA[N]]></is_subscribe>
<mch_id><![CDATA[1490799822]]></mch_id>
<nonce_str><![CDATA[ysn40zwy1bky6whgpk5j4u46chltvs2t]]></nonce_str>
<openid><![CDATA[o3b7N1EywxGabVoIhJ13KzWGDggY]]></openid>
<out_trade_no><![CDATA[claim4_110]]></out_trade_no>
<result_code><![CDATA[SUCCESS]]></result_code>
<return_code><![CDATA[SUCCESS]]></return_code>
<sign><![CDATA[19820BBB5888257608A85F80FC7A2F29]]></sign>
<time_end><![CDATA[20171129094651]]></time_end>
<total_fee>1</total_fee>
<trade_type><![CDATA[JSAPI]]></trade_type>
<transaction_id><![CDATA[4200000012201711297766565614]]></transaction_id>
</xml>


执行日期：2017-11-29-09?M?S
【支付成功】:
<xml><appid><![CDATA[wx40f0420cee68574f]]></appid>
<attach><![CDATA[帮助支付信息]]></attach>
<bank_type><![CDATA[CFT]]></bank_type>
<cash_fee><![CDATA[1]]></cash_fee>
<fee_type><![CDATA[CNY]]></fee_type>
<is_subscribe><![CDATA[N]]></is_subscribe>
<mch_id><![CDATA[1490799822]]></mch_id>
<nonce_str><![CDATA[ysn40zwy1bky6whgpk5j4u46chltvs2t]]></nonce_str>
<openid><![CDATA[o3b7N1EywxGabVoIhJ13KzWGDggY]]></openid>
<out_trade_no><![CDATA[claim4_110]]></out_trade_no>
<result_code><![CDATA[SUCCESS]]></result_code>
<return_code><![CDATA[SUCCESS]]></return_code>
<sign><![CDATA[19820BBB5888257608A85F80FC7A2F29]]></sign>
<time_end><![CDATA[20171129094651]]></time_end>
<total_fee>1</total_fee>
<trade_type><![CDATA[JSAPI]]></trade_type>
<transaction_id><![CDATA[4200000012201711297766565614]]></transaction_id>
</xml>


执行日期：2017-11-29-10?M?S
【接收到的notify通知】:
<xml><appid><![CDATA[wx40f0420cee68574f]]></appid>
<attach><![CDATA[帮助支付信息]]></attach>
<bank_type><![CDATA[CFT]]></bank_type>
<cash_fee><![CDATA[1]]></cash_fee>
<fee_type><![CDATA[CNY]]></fee_type>
<is_subscribe><![CDATA[N]]></is_subscribe>
<mch_id><![CDATA[1490799822]]></mch_id>
<nonce_str><![CDATA[wv9xz9lmzgbzzm9ova1r2gb3iak7kl2g]]></nonce_str>
<openid><![CDATA[o3b7N1G1mQOk5j08stm0pCUNeBRw]]></openid>
<out_trade_no><![CDATA[claim3_111]]></out_trade_no>
<result_code><![CDATA[SUCCESS]]></result_code>
<return_code><![CDATA[SUCCESS]]></return_code>
<sign><![CDATA[11E4E47803AB23E675B94467546FD64D]]></sign>
<time_end><![CDATA[20171129102313]]></time_end>
<total_fee>1</total_fee>
<trade_type><![CDATA[JSAPI]]></trade_type>
<transaction_id><![CDATA[4200000007201711297767996530]]></transaction_id>
</xml>


执行日期：2017-11-29-10?M?S
【支付成功】:
<xml><appid><![CDATA[wx40f0420cee68574f]]></appid>
<attach><![CDATA[帮助支付信息]]></attach>
<bank_type><![CDATA[CFT]]></bank_type>
<cash_fee><![CDATA[1]]></cash_fee>
<fee_type><![CDATA[CNY]]></fee_type>
<is_subscribe><![CDATA[N]]></is_subscribe>
<mch_id><![CDATA[1490799822]]></mch_id>
<nonce_str><![CDATA[wv9xz9lmzgbzzm9ova1r2gb3iak7kl2g]]></nonce_str>
<openid><![CDATA[o3b7N1G1mQOk5j08stm0pCUNeBRw]]></openid>
<out_trade_no><![CDATA[claim3_111]]></out_trade_no>
<result_code><![CDATA[SUCCESS]]></result_code>
<return_code><![CDATA[SUCCESS]]></return_code>
<sign><![CDATA[11E4E47803AB23E675B94467546FD64D]]></sign>
<time_end><![CDATA[20171129102313]]></time_end>
<total_fee>1</total_fee>
<trade_type><![CDATA[JSAPI]]></trade_type>
<transaction_id><![CDATA[4200000007201711297767996530]]></transaction_id>
</xml>


执行日期：2017-11-29-10?M?S
【接收到的notify通知】:
<xml><appid><![CDATA[wx40f0420cee68574f]]></appid>
<attach><![CDATA[帮助支付信息]]></attach>
<bank_type><![CDATA[CFT]]></bank_type>
<cash_fee><![CDATA[1]]></cash_fee>
<fee_type><![CDATA[CNY]]></fee_type>
<is_subscribe><![CDATA[N]]></is_subscribe>
<mch_id><![CDATA[1490799822]]></mch_id>
<nonce_str><![CDATA[rnft5fhzfm1b6ozveqe745j2jgdu4dhi]]></nonce_str>
<openid><![CDATA[o3b7N1G1mQOk5j08stm0pCUNeBRw]]></openid>
<out_trade_no><![CDATA[claim4_112]]></out_trade_no>
<result_code><![CDATA[SUCCESS]]></result_code>
<return_code><![CDATA[SUCCESS]]></return_code>
<sign><![CDATA[7760ECF7BBB6424629FBDA9E0DA8A56F]]></sign>
<time_end><![CDATA[20171129102346]]></time_end>
<total_fee>1</total_fee>
<trade_type><![CDATA[JSAPI]]></trade_type>
<transaction_id><![CDATA[4200000024201711297769916432]]></transaction_id>
</xml>


执行日期：2017-11-29-10?M?S
【支付成功】:
<xml><appid><![CDATA[wx40f0420cee68574f]]></appid>
<attach><![CDATA[帮助支付信息]]></attach>
<bank_type><![CDATA[CFT]]></bank_type>
<cash_fee><![CDATA[1]]></cash_fee>
<fee_type><![CDATA[CNY]]></fee_type>
<is_subscribe><![CDATA[N]]></is_subscribe>
<mch_id><![CDATA[1490799822]]></mch_id>
<nonce_str><![CDATA[rnft5fhzfm1b6ozveqe745j2jgdu4dhi]]></nonce_str>
<openid><![CDATA[o3b7N1G1mQOk5j08stm0pCUNeBRw]]></openid>
<out_trade_no><![CDATA[claim4_112]]></out_trade_no>
<result_code><![CDATA[SUCCESS]]></result_code>
<return_code><![CDATA[SUCCESS]]></return_code>
<sign><![CDATA[7760ECF7BBB6424629FBDA9E0DA8A56F]]></sign>
<time_end><![CDATA[20171129102346]]></time_end>
<total_fee>1</total_fee>
<trade_type><![CDATA[JSAPI]]></trade_type>
<transaction_id><![CDATA[4200000024201711297769916432]]></transaction_id>
</xml>


执行日期：2017-11-29-10?M?S
【接收到的notify通知】:
<xml><appid><![CDATA[wx40f0420cee68574f]]></appid>
<attach><![CDATA[帮助支付信息]]></attach>
<bank_type><![CDATA[CMB_DEBIT]]></bank_type>
<cash_fee><![CDATA[10]]></cash_fee>
<fee_type><![CDATA[CNY]]></fee_type>
<is_subscribe><![CDATA[Y]]></is_subscribe>
<mch_id><![CDATA[1490799822]]></mch_id>
<nonce_str><![CDATA[ir60z4eybazai0p3ec6jh01k7ndwws6v]]></nonce_str>
<openid><![CDATA[o3b7N1OR9ndhA2i9374vhlNpWnZU]]></openid>
<out_trade_no><![CDATA[claim4_113]]></out_trade_no>
<result_code><![CDATA[SUCCESS]]></result_code>
<return_code><![CDATA[SUCCESS]]></return_code>
<sign><![CDATA[E43A96C518A1554F60FF2EE34CDACF87]]></sign>
<time_end><![CDATA[20171129103516]]></time_end>
<total_fee>10</total_fee>
<trade_type><![CDATA[JSAPI]]></trade_type>
<transaction_id><![CDATA[4200000022201711297774540002]]></transaction_id>
</xml>


执行日期：2017-11-29-10?M?S
【支付成功】:
<xml><appid><![CDATA[wx40f0420cee68574f]]></appid>
<attach><![CDATA[帮助支付信息]]></attach>
<bank_type><![CDATA[CMB_DEBIT]]></bank_type>
<cash_fee><![CDATA[10]]></cash_fee>
<fee_type><![CDATA[CNY]]></fee_type>
<is_subscribe><![CDATA[Y]]></is_subscribe>
<mch_id><![CDATA[1490799822]]></mch_id>
<nonce_str><![CDATA[ir60z4eybazai0p3ec6jh01k7ndwws6v]]></nonce_str>
<openid><![CDATA[o3b7N1OR9ndhA2i9374vhlNpWnZU]]></openid>
<out_trade_no><![CDATA[claim4_113]]></out_trade_no>
<result_code><![CDATA[SUCCESS]]></result_code>
<return_code><![CDATA[SUCCESS]]></return_code>
<sign><![CDATA[E43A96C518A1554F60FF2EE34CDACF87]]></sign>
<time_end><![CDATA[20171129103516]]></time_end>
<total_fee>10</total_fee>
<trade_type><![CDATA[JSAPI]]></trade_type>
<transaction_id><![CDATA[4200000022201711297774540002]]></transaction_id>
</xml>


执行日期：2017-11-29-10?M?S
【接收到的notify通知】:
<xml><appid><![CDATA[wx40f0420cee68574f]]></appid>
<attach><![CDATA[帮助支付信息]]></attach>
<bank_type><![CDATA[CMB_DEBIT]]></bank_type>
<cash_fee><![CDATA[10]]></cash_fee>
<fee_type><![CDATA[CNY]]></fee_type>
<is_subscribe><![CDATA[Y]]></is_subscribe>
<mch_id><![CDATA[1490799822]]></mch_id>
<nonce_str><![CDATA[53wd05n3rjbq76e6c5t0bxukomyhddhv]]></nonce_str>
<openid><![CDATA[o3b7N1OR9ndhA2i9374vhlNpWnZU]]></openid>
<out_trade_no><![CDATA[claim3_114]]></out_trade_no>
<result_code><![CDATA[SUCCESS]]></result_code>
<return_code><![CDATA[SUCCESS]]></return_code>
<sign><![CDATA[EFB577025C63E92DB39F3197DF6A0AFB]]></sign>
<time_end><![CDATA[20171129103612]]></time_end>
<total_fee>10</total_fee>
<trade_type><![CDATA[JSAPI]]></trade_type>
<transaction_id><![CDATA[4200000013201711297772952287]]></transaction_id>
</xml>


执行日期：2017-11-29-10?M?S
【支付成功】:
<xml><appid><![CDATA[wx40f0420cee68574f]]></appid>
<attach><![CDATA[帮助支付信息]]></attach>
<bank_type><![CDATA[CMB_DEBIT]]></bank_type>
<cash_fee><![CDATA[10]]></cash_fee>
<fee_type><![CDATA[CNY]]></fee_type>
<is_subscribe><![CDATA[Y]]></is_subscribe>
<mch_id><![CDATA[1490799822]]></mch_id>
<nonce_str><![CDATA[53wd05n3rjbq76e6c5t0bxukomyhddhv]]></nonce_str>
<openid><![CDATA[o3b7N1OR9ndhA2i9374vhlNpWnZU]]></openid>
<out_trade_no><![CDATA[claim3_114]]></out_trade_no>
<result_code><![CDATA[SUCCESS]]></result_code>
<return_code><![CDATA[SUCCESS]]></return_code>
<sign><![CDATA[EFB577025C63E92DB39F3197DF6A0AFB]]></sign>
<time_end><![CDATA[20171129103612]]></time_end>
<total_fee>10</total_fee>
<trade_type><![CDATA[JSAPI]]></trade_type>
<transaction_id><![CDATA[4200000013201711297772952287]]></transaction_id>
</xml>


执行日期：2017-11-29-10?M?S
【接收到的notify通知】:
<xml><appid><![CDATA[wx40f0420cee68574f]]></appid>
<attach><![CDATA[帮助支付信息]]></attach>
<bank_type><![CDATA[CMB_DEBIT]]></bank_type>
<cash_fee><![CDATA[10]]></cash_fee>
<fee_type><![CDATA[CNY]]></fee_type>
<is_subscribe><![CDATA[Y]]></is_subscribe>
<mch_id><![CDATA[1490799822]]></mch_id>
<nonce_str><![CDATA[ejognhstsrwcot75muoho5tpxen88hm5]]></nonce_str>
<openid><![CDATA[o3b7N1OR9ndhA2i9374vhlNpWnZU]]></openid>
<out_trade_no><![CDATA[claim3_115]]></out_trade_no>
<result_code><![CDATA[SUCCESS]]></result_code>
<return_code><![CDATA[SUCCESS]]></return_code>
<sign><![CDATA[E8AF7271ADD053A8B84D4936BCDBC96A]]></sign>
<time_end><![CDATA[20171129103656]]></time_end>
<total_fee>10</total_fee>
<trade_type><![CDATA[JSAPI]]></trade_type>
<transaction_id><![CDATA[4200000024201711297773011430]]></transaction_id>
</xml>


执行日期：2017-11-29-10?M?S
【支付成功】:
<xml><appid><![CDATA[wx40f0420cee68574f]]></appid>
<attach><![CDATA[帮助支付信息]]></attach>
<bank_type><![CDATA[CMB_DEBIT]]></bank_type>
<cash_fee><![CDATA[10]]></cash_fee>
<fee_type><![CDATA[CNY]]></fee_type>
<is_subscribe><![CDATA[Y]]></is_subscribe>
<mch_id><![CDATA[1490799822]]></mch_id>
<nonce_str><![CDATA[ejognhstsrwcot75muoho5tpxen88hm5]]></nonce_str>
<openid><![CDATA[o3b7N1OR9ndhA2i9374vhlNpWnZU]]></openid>
<out_trade_no><![CDATA[claim3_115]]></out_trade_no>
<result_code><![CDATA[SUCCESS]]></result_code>
<return_code><![CDATA[SUCCESS]]></return_code>
<sign><![CDATA[E8AF7271ADD053A8B84D4936BCDBC96A]]></sign>
<time_end><![CDATA[20171129103656]]></time_end>
<total_fee>10</total_fee>
<trade_type><![CDATA[JSAPI]]></trade_type>
<transaction_id><![CDATA[4200000024201711297773011430]]></transaction_id>
</xml>


执行日期：2017-11-29-10?M?S
【接收到的notify通知】:
<xml><appid><![CDATA[wx40f0420cee68574f]]></appid>
<attach><![CDATA[payinfo]]></attach>
<bank_type><![CDATA[CFT]]></bank_type>
<cash_fee><![CDATA[1]]></cash_fee>
<fee_type><![CDATA[CNY]]></fee_type>
<is_subscribe><![CDATA[N]]></is_subscribe>
<mch_id><![CDATA[1490799822]]></mch_id>
<nonce_str><![CDATA[rjj3n6h0dppz24v9j9vjcuh41sw01y3t]]></nonce_str>
<openid><![CDATA[o3b7N1EywxGabVoIhJ13KzWGDggY]]></openid>
<out_trade_no><![CDATA[c4128]]></out_trade_no>
<result_code><![CDATA[SUCCESS]]></result_code>
<return_code><![CDATA[SUCCESS]]></return_code>
<sign><![CDATA[F06B8C3F98080DE781164881C5D0BE7C]]></sign>
<time_end><![CDATA[20171129104210]]></time_end>
<total_fee>1</total_fee>
<trade_type><![CDATA[JSAPI]]></trade_type>
<transaction_id><![CDATA[4200000023201711297774849044]]></transaction_id>
</xml>


执行日期：2017-11-29-10?M?S
【支付成功】:
<xml><appid><![CDATA[wx40f0420cee68574f]]></appid>
<attach><![CDATA[payinfo]]></attach>
<bank_type><![CDATA[CFT]]></bank_type>
<cash_fee><![CDATA[1]]></cash_fee>
<fee_type><![CDATA[CNY]]></fee_type>
<is_subscribe><![CDATA[N]]></is_subscribe>
<mch_id><![CDATA[1490799822]]></mch_id>
<nonce_str><![CDATA[rjj3n6h0dppz24v9j9vjcuh41sw01y3t]]></nonce_str>
<openid><![CDATA[o3b7N1EywxGabVoIhJ13KzWGDggY]]></openid>
<out_trade_no><![CDATA[c4128]]></out_trade_no>
<result_code><![CDATA[SUCCESS]]></result_code>
<return_code><![CDATA[SUCCESS]]></return_code>
<sign><![CDATA[F06B8C3F98080DE781164881C5D0BE7C]]></sign>
<time_end><![CDATA[20171129104210]]></time_end>
<total_fee>1</total_fee>
<trade_type><![CDATA[JSAPI]]></trade_type>
<transaction_id><![CDATA[4200000023201711297774849044]]></transaction_id>
</xml>


执行日期：2017-11-29-10?M?S
【接收到的notify通知】:
<xml><appid><![CDATA[wx40f0420cee68574f]]></appid>
<attach><![CDATA[帮助支付信息]]></attach>
<bank_type><![CDATA[CFT]]></bank_type>
<cash_fee><![CDATA[1]]></cash_fee>
<fee_type><![CDATA[CNY]]></fee_type>
<is_subscribe><![CDATA[N]]></is_subscribe>
<mch_id><![CDATA[1490799822]]></mch_id>
<nonce_str><![CDATA[cijhxkrvmz8dnrohblj9op4gr254ofuw]]></nonce_str>
<openid><![CDATA[o3b7N1EywxGabVoIhJ13KzWGDggY]]></openid>
<out_trade_no><![CDATA[claim4_116]]></out_trade_no>
<result_code><![CDATA[SUCCESS]]></result_code>
<return_code><![CDATA[SUCCESS]]></return_code>
<sign><![CDATA[F946FA4945AFC280ACA678593CC7862F]]></sign>
<time_end><![CDATA[20171129105937]]></time_end>
<total_fee>1</total_fee>
<trade_type><![CDATA[JSAPI]]></trade_type>
<transaction_id><![CDATA[4200000030201711297775522967]]></transaction_id>
</xml>


执行日期：2017-11-29-10?M?S
【支付成功】:
<xml><appid><![CDATA[wx40f0420cee68574f]]></appid>
<attach><![CDATA[帮助支付信息]]></attach>
<bank_type><![CDATA[CFT]]></bank_type>
<cash_fee><![CDATA[1]]></cash_fee>
<fee_type><![CDATA[CNY]]></fee_type>
<is_subscribe><![CDATA[N]]></is_subscribe>
<mch_id><![CDATA[1490799822]]></mch_id>
<nonce_str><![CDATA[cijhxkrvmz8dnrohblj9op4gr254ofuw]]></nonce_str>
<openid><![CDATA[o3b7N1EywxGabVoIhJ13KzWGDggY]]></openid>
<out_trade_no><![CDATA[claim4_116]]></out_trade_no>
<result_code><![CDATA[SUCCESS]]></result_code>
<return_code><![CDATA[SUCCESS]]></return_code>
<sign><![CDATA[F946FA4945AFC280ACA678593CC7862F]]></sign>
<time_end><![CDATA[20171129105937]]></time_end>
<total_fee>1</total_fee>
<trade_type><![CDATA[JSAPI]]></trade_type>
<transaction_id><![CDATA[4200000030201711297775522967]]></transaction_id>
</xml>


执行日期：2017-11-29-11?M?S
【接收到的notify通知】:
<xml><appid><![CDATA[wx40f0420cee68574f]]></appid>
<attach><![CDATA[帮助支付信息]]></attach>
<bank_type><![CDATA[CFT]]></bank_type>
<cash_fee><![CDATA[1]]></cash_fee>
<fee_type><![CDATA[CNY]]></fee_type>
<is_subscribe><![CDATA[N]]></is_subscribe>
<mch_id><![CDATA[1490799822]]></mch_id>
<nonce_str><![CDATA[mwsxxltoyuo3n0jn3smoozm8d6r0thws]]></nonce_str>
<openid><![CDATA[o3b7N1EywxGabVoIhJ13KzWGDggY]]></openid>
<out_trade_no><![CDATA[claim4_117]]></out_trade_no>
<result_code><![CDATA[SUCCESS]]></result_code>
<return_code><![CDATA[SUCCESS]]></return_code>
<sign><![CDATA[FDC3CD63E661B1E9419C10C8FAE630A3]]></sign>
<time_end><![CDATA[20171129112203]]></time_end>
<total_fee>1</total_fee>
<trade_type><![CDATA[JSAPI]]></trade_type>
<transaction_id><![CDATA[4200000018201711297784677468]]></transaction_id>
</xml>


执行日期：2017-11-29-11?M?S
【支付成功】:
<xml><appid><![CDATA[wx40f0420cee68574f]]></appid>
<attach><![CDATA[帮助支付信息]]></attach>
<bank_type><![CDATA[CFT]]></bank_type>
<cash_fee><![CDATA[1]]></cash_fee>
<fee_type><![CDATA[CNY]]></fee_type>
<is_subscribe><![CDATA[N]]></is_subscribe>
<mch_id><![CDATA[1490799822]]></mch_id>
<nonce_str><![CDATA[mwsxxltoyuo3n0jn3smoozm8d6r0thws]]></nonce_str>
<openid><![CDATA[o3b7N1EywxGabVoIhJ13KzWGDggY]]></openid>
<out_trade_no><![CDATA[claim4_117]]></out_trade_no>
<result_code><![CDATA[SUCCESS]]></result_code>
<return_code><![CDATA[SUCCESS]]></return_code>
<sign><![CDATA[FDC3CD63E661B1E9419C10C8FAE630A3]]></sign>
<time_end><![CDATA[20171129112203]]></time_end>
<total_fee>1</total_fee>
<trade_type><![CDATA[JSAPI]]></trade_type>
<transaction_id><![CDATA[4200000018201711297784677468]]></transaction_id>
</xml>


执行日期：2017-11-29-13?M?S
【接收到的notify通知】:
<xml><appid><![CDATA[wx40f0420cee68574f]]></appid>
<attach><![CDATA[payinfo]]></attach>
<bank_type><![CDATA[CMB_DEBIT]]></bank_type>
<cash_fee><![CDATA[2]]></cash_fee>
<fee_type><![CDATA[CNY]]></fee_type>
<is_subscribe><![CDATA[Y]]></is_subscribe>
<mch_id><![CDATA[1490799822]]></mch_id>
<nonce_str><![CDATA[9o3fuq353fqp2kolaqf1w398qynfrm1g]]></nonce_str>
<openid><![CDATA[o3b7N1OR9ndhA2i9374vhlNpWnZU]]></openid>
<out_trade_no><![CDATA[c4129]]></out_trade_no>
<result_code><![CDATA[SUCCESS]]></result_code>
<return_code><![CDATA[SUCCESS]]></return_code>
<sign><![CDATA[200E9998C8E488A18D2E6211A81FE046]]></sign>
<time_end><![CDATA[20171129135624]]></time_end>
<total_fee>2</total_fee>
<trade_type><![CDATA[JSAPI]]></trade_type>
<transaction_id><![CDATA[4200000026201711297814997311]]></transaction_id>
</xml>


执行日期：2017-11-29-13?M?S
【支付成功】:
<xml><appid><![CDATA[wx40f0420cee68574f]]></appid>
<attach><![CDATA[payinfo]]></attach>
<bank_type><![CDATA[CMB_DEBIT]]></bank_type>
<cash_fee><![CDATA[2]]></cash_fee>
<fee_type><![CDATA[CNY]]></fee_type>
<is_subscribe><![CDATA[Y]]></is_subscribe>
<mch_id><![CDATA[1490799822]]></mch_id>
<nonce_str><![CDATA[9o3fuq353fqp2kolaqf1w398qynfrm1g]]></nonce_str>
<openid><![CDATA[o3b7N1OR9ndhA2i9374vhlNpWnZU]]></openid>
<out_trade_no><![CDATA[c4129]]></out_trade_no>
<result_code><![CDATA[SUCCESS]]></result_code>
<return_code><![CDATA[SUCCESS]]></return_code>
<sign><![CDATA[200E9998C8E488A18D2E6211A81FE046]]></sign>
<time_end><![CDATA[20171129135624]]></time_end>
<total_fee>2</total_fee>
<trade_type><![CDATA[JSAPI]]></trade_type>
<transaction_id><![CDATA[4200000026201711297814997311]]></transaction_id>
</xml>


