执行日期：2017-11-23-10?M?S
【接收到的notify通知】:
<xml><appid><![CDATA[wx40f0420cee68574f]]></appid>
<attach><![CDATA[帮助支付信息]]></attach>
<bank_type><![CDATA[CMB_DEBIT]]></bank_type>
<cash_fee><![CDATA[10]]></cash_fee>
<fee_type><![CDATA[CNY]]></fee_type>
<is_subscribe><![CDATA[Y]]></is_subscribe>
<mch_id><![CDATA[1490799822]]></mch_id>
<nonce_str><![CDATA[1j05e7t6z3txt98bxuz1s9wf79w74yvz]]></nonce_str>
<openid><![CDATA[o3b7N1OR9ndhA2i9374vhlNpWnZU]]></openid>
<out_trade_no><![CDATA[c4_19]]></out_trade_no>
<result_code><![CDATA[SUCCESS]]></result_code>
<return_code><![CDATA[SUCCESS]]></return_code>
<sign><![CDATA[7B958975417F7AEC4DFA24F633C50DF3]]></sign>
<time_end><![CDATA[20171123104551]]></time_end>
<total_fee>10</total_fee>
<trade_type><![CDATA[JSAPI]]></trade_type>
<transaction_id><![CDATA[4200000028201711236464249072]]></transaction_id>
</xml>


执行日期：2017-11-23-10?M?S
【支付成功】:
<xml><appid><![CDATA[wx40f0420cee68574f]]></appid>
<attach><![CDATA[帮助支付信息]]></attach>
<bank_type><![CDATA[CMB_DEBIT]]></bank_type>
<cash_fee><![CDATA[10]]></cash_fee>
<fee_type><![CDATA[CNY]]></fee_type>
<is_subscribe><![CDATA[Y]]></is_subscribe>
<mch_id><![CDATA[1490799822]]></mch_id>
<nonce_str><![CDATA[1j05e7t6z3txt98bxuz1s9wf79w74yvz]]></nonce_str>
<openid><![CDATA[o3b7N1OR9ndhA2i9374vhlNpWnZU]]></openid>
<out_trade_no><![CDATA[c4_19]]></out_trade_no>
<result_code><![CDATA[SUCCESS]]></result_code>
<return_code><![CDATA[SUCCESS]]></return_code>
<sign><![CDATA[7B958975417F7AEC4DFA24F633C50DF3]]></sign>
<time_end><![CDATA[20171123104551]]></time_end>
<total_fee>10</total_fee>
<trade_type><![CDATA[JSAPI]]></trade_type>
<transaction_id><![CDATA[4200000028201711236464249072]]></transaction_id>
</xml>


执行日期：2017-11-23-13?M?S
【接收到的notify通知】:
<xml><appid><![CDATA[wx40f0420cee68574f]]></appid>
<attach><![CDATA[帮助支付信息]]></attach>
<bank_type><![CDATA[CFT]]></bank_type>
<cash_fee><![CDATA[1]]></cash_fee>
<fee_type><![CDATA[CNY]]></fee_type>
<is_subscribe><![CDATA[N]]></is_subscribe>
<mch_id><![CDATA[1490799822]]></mch_id>
<nonce_str><![CDATA[efnhk98t21939qmb8vvwgvn8wtuw6yop]]></nonce_str>
<openid><![CDATA[o3b7N1EywxGabVoIhJ13KzWGDggY]]></openid>
<out_trade_no><![CDATA[c4_21]]></out_trade_no>
<result_code><![CDATA[SUCCESS]]></result_code>
<return_code><![CDATA[SUCCESS]]></return_code>
<sign><![CDATA[DEF642AEE77E649343E60A38F3B3039D]]></sign>
<time_end><![CDATA[20171123130605]]></time_end>
<total_fee>1</total_fee>
<trade_type><![CDATA[JSAPI]]></trade_type>
<transaction_id><![CDATA[4200000024201711236495994200]]></transaction_id>
</xml>


执行日期：2017-11-23-13?M?S
【支付成功】:
<xml><appid><![CDATA[wx40f0420cee68574f]]></appid>
<attach><![CDATA[帮助支付信息]]></attach>
<bank_type><![CDATA[CFT]]></bank_type>
<cash_fee><![CDATA[1]]></cash_fee>
<fee_type><![CDATA[CNY]]></fee_type>
<is_subscribe><![CDATA[N]]></is_subscribe>
<mch_id><![CDATA[1490799822]]></mch_id>
<nonce_str><![CDATA[efnhk98t21939qmb8vvwgvn8wtuw6yop]]></nonce_str>
<openid><![CDATA[o3b7N1EywxGabVoIhJ13KzWGDggY]]></openid>
<out_trade_no><![CDATA[c4_21]]></out_trade_no>
<result_code><![CDATA[SUCCESS]]></result_code>
<return_code><![CDATA[SUCCESS]]></return_code>
<sign><![CDATA[DEF642AEE77E649343E60A38F3B3039D]]></sign>
<time_end><![CDATA[20171123130605]]></time_end>
<total_fee>1</total_fee>
<trade_type><![CDATA[JSAPI]]></trade_type>
<transaction_id><![CDATA[4200000024201711236495994200]]></transaction_id>
</xml>


执行日期：2017-11-23-13?M?S
【接收到的notify通知】:
<xml><appid><![CDATA[wx40f0420cee68574f]]></appid>
<attach><![CDATA[帮助支付信息]]></attach>
<bank_type><![CDATA[CFT]]></bank_type>
<cash_fee><![CDATA[1]]></cash_fee>
<fee_type><![CDATA[CNY]]></fee_type>
<is_subscribe><![CDATA[N]]></is_subscribe>
<mch_id><![CDATA[1490799822]]></mch_id>
<nonce_str><![CDATA[ip64k049kexvxs07saofogy8gz5y40kn]]></nonce_str>
<openid><![CDATA[o3b7N1EywxGabVoIhJ13KzWGDggY]]></openid>
<out_trade_no><![CDATA[c4_22]]></out_trade_no>
<result_code><![CDATA[SUCCESS]]></result_code>
<return_code><![CDATA[SUCCESS]]></return_code>
<sign><![CDATA[E67516E3841B6D1CDE070955704BF917]]></sign>
<time_end><![CDATA[20171123130825]]></time_end>
<total_fee>1</total_fee>
<trade_type><![CDATA[JSAPI]]></trade_type>
<transaction_id><![CDATA[4200000023201711236501383926]]></transaction_id>
</xml>


执行日期：2017-11-23-13?M?S
【支付成功】:
<xml><appid><![CDATA[wx40f0420cee68574f]]></appid>
<attach><![CDATA[帮助支付信息]]></attach>
<bank_type><![CDATA[CFT]]></bank_type>
<cash_fee><![CDATA[1]]></cash_fee>
<fee_type><![CDATA[CNY]]></fee_type>
<is_subscribe><![CDATA[N]]></is_subscribe>
<mch_id><![CDATA[1490799822]]></mch_id>
<nonce_str><![CDATA[ip64k049kexvxs07saofogy8gz5y40kn]]></nonce_str>
<openid><![CDATA[o3b7N1EywxGabVoIhJ13KzWGDggY]]></openid>
<out_trade_no><![CDATA[c4_22]]></out_trade_no>
<result_code><![CDATA[SUCCESS]]></result_code>
<return_code><![CDATA[SUCCESS]]></return_code>
<sign><![CDATA[E67516E3841B6D1CDE070955704BF917]]></sign>
<time_end><![CDATA[20171123130825]]></time_end>
<total_fee>1</total_fee>
<trade_type><![CDATA[JSAPI]]></trade_type>
<transaction_id><![CDATA[4200000023201711236501383926]]></transaction_id>
</xml>


执行日期：2017-11-23-13?M?S
【接收到的notify通知】:
<xml><appid><![CDATA[wx40f0420cee68574f]]></appid>
<attach><![CDATA[帮助支付信息]]></attach>
<bank_type><![CDATA[CFT]]></bank_type>
<cash_fee><![CDATA[1]]></cash_fee>
<fee_type><![CDATA[CNY]]></fee_type>
<is_subscribe><![CDATA[N]]></is_subscribe>
<mch_id><![CDATA[1490799822]]></mch_id>
<nonce_str><![CDATA[ykas9hi6rkgp0iw5db1hkh79p4nbylq7]]></nonce_str>
<openid><![CDATA[o3b7N1EywxGabVoIhJ13KzWGDggY]]></openid>
<out_trade_no><![CDATA[c4_23]]></out_trade_no>
<result_code><![CDATA[SUCCESS]]></result_code>
<return_code><![CDATA[SUCCESS]]></return_code>
<sign><![CDATA[CD787BED0BB3CB0281492A07A5333E3D]]></sign>
<time_end><![CDATA[20171123135942]]></time_end>
<total_fee>1</total_fee>
<trade_type><![CDATA[JSAPI]]></trade_type>
<transaction_id><![CDATA[4200000023201711236508044506]]></transaction_id>
</xml>


执行日期：2017-11-23-13?M?S
【支付成功】:
<xml><appid><![CDATA[wx40f0420cee68574f]]></appid>
<attach><![CDATA[帮助支付信息]]></attach>
<bank_type><![CDATA[CFT]]></bank_type>
<cash_fee><![CDATA[1]]></cash_fee>
<fee_type><![CDATA[CNY]]></fee_type>
<is_subscribe><![CDATA[N]]></is_subscribe>
<mch_id><![CDATA[1490799822]]></mch_id>
<nonce_str><![CDATA[ykas9hi6rkgp0iw5db1hkh79p4nbylq7]]></nonce_str>
<openid><![CDATA[o3b7N1EywxGabVoIhJ13KzWGDggY]]></openid>
<out_trade_no><![CDATA[c4_23]]></out_trade_no>
<result_code><![CDATA[SUCCESS]]></result_code>
<return_code><![CDATA[SUCCESS]]></return_code>
<sign><![CDATA[CD787BED0BB3CB0281492A07A5333E3D]]></sign>
<time_end><![CDATA[20171123135942]]></time_end>
<total_fee>1</total_fee>
<trade_type><![CDATA[JSAPI]]></trade_type>
<transaction_id><![CDATA[4200000023201711236508044506]]></transaction_id>
</xml>


执行日期：2017-11-23-14?M?S
【接收到的notify通知】:
<xml><appid><![CDATA[wx40f0420cee68574f]]></appid>
<attach><![CDATA[帮助支付信息]]></attach>
<bank_type><![CDATA[CFT]]></bank_type>
<cash_fee><![CDATA[1]]></cash_fee>
<fee_type><![CDATA[CNY]]></fee_type>
<is_subscribe><![CDATA[N]]></is_subscribe>
<mch_id><![CDATA[1490799822]]></mch_id>
<nonce_str><![CDATA[bl3wc6kjfwd0j89v2zmzhzoobvbyhbh2]]></nonce_str>
<openid><![CDATA[o3b7N1EywxGabVoIhJ13KzWGDggY]]></openid>
<out_trade_no><![CDATA[c4_24]]></out_trade_no>
<result_code><![CDATA[SUCCESS]]></result_code>
<return_code><![CDATA[SUCCESS]]></return_code>
<sign><![CDATA[A3A82EE3718B51348609D3DAF7F904CB]]></sign>
<time_end><![CDATA[20171123141625]]></time_end>
<total_fee>1</total_fee>
<trade_type><![CDATA[JSAPI]]></trade_type>
<transaction_id><![CDATA[4200000030201711236516641402]]></transaction_id>
</xml>


执行日期：2017-11-23-14?M?S
【支付成功】:
<xml><appid><![CDATA[wx40f0420cee68574f]]></appid>
<attach><![CDATA[帮助支付信息]]></attach>
<bank_type><![CDATA[CFT]]></bank_type>
<cash_fee><![CDATA[1]]></cash_fee>
<fee_type><![CDATA[CNY]]></fee_type>
<is_subscribe><![CDATA[N]]></is_subscribe>
<mch_id><![CDATA[1490799822]]></mch_id>
<nonce_str><![CDATA[bl3wc6kjfwd0j89v2zmzhzoobvbyhbh2]]></nonce_str>
<openid><![CDATA[o3b7N1EywxGabVoIhJ13KzWGDggY]]></openid>
<out_trade_no><![CDATA[c4_24]]></out_trade_no>
<result_code><![CDATA[SUCCESS]]></result_code>
<return_code><![CDATA[SUCCESS]]></return_code>
<sign><![CDATA[A3A82EE3718B51348609D3DAF7F904CB]]></sign>
<time_end><![CDATA[20171123141625]]></time_end>
<total_fee>1</total_fee>
<trade_type><![CDATA[JSAPI]]></trade_type>
<transaction_id><![CDATA[4200000030201711236516641402]]></transaction_id>
</xml>


执行日期：2017-11-23-14?M?S
【接收到的notify通知】:
<xml><appid><![CDATA[wx40f0420cee68574f]]></appid>
<attach><![CDATA[帮助支付信息]]></attach>
<bank_type><![CDATA[CMB_DEBIT]]></bank_type>
<cash_fee><![CDATA[10]]></cash_fee>
<fee_type><![CDATA[CNY]]></fee_type>
<is_subscribe><![CDATA[Y]]></is_subscribe>
<mch_id><![CDATA[1490799822]]></mch_id>
<nonce_str><![CDATA[jzif7ar5rymrfffzuka72n5t0vy8893c]]></nonce_str>
<openid><![CDATA[o3b7N1OR9ndhA2i9374vhlNpWnZU]]></openid>
<out_trade_no><![CDATA[c4_26]]></out_trade_no>
<result_code><![CDATA[SUCCESS]]></result_code>
<return_code><![CDATA[SUCCESS]]></return_code>
<sign><![CDATA[360DEF0A82B0325BF3319C4983A21A61]]></sign>
<time_end><![CDATA[20171123142454]]></time_end>
<total_fee>10</total_fee>
<trade_type><![CDATA[JSAPI]]></trade_type>
<transaction_id><![CDATA[4200000009201711236516949813]]></transaction_id>
</xml>


执行日期：2017-11-23-14?M?S
【支付成功】:
<xml><appid><![CDATA[wx40f0420cee68574f]]></appid>
<attach><![CDATA[帮助支付信息]]></attach>
<bank_type><![CDATA[CMB_DEBIT]]></bank_type>
<cash_fee><![CDATA[10]]></cash_fee>
<fee_type><![CDATA[CNY]]></fee_type>
<is_subscribe><![CDATA[Y]]></is_subscribe>
<mch_id><![CDATA[1490799822]]></mch_id>
<nonce_str><![CDATA[jzif7ar5rymrfffzuka72n5t0vy8893c]]></nonce_str>
<openid><![CDATA[o3b7N1OR9ndhA2i9374vhlNpWnZU]]></openid>
<out_trade_no><![CDATA[c4_26]]></out_trade_no>
<result_code><![CDATA[SUCCESS]]></result_code>
<return_code><![CDATA[SUCCESS]]></return_code>
<sign><![CDATA[360DEF0A82B0325BF3319C4983A21A61]]></sign>
<time_end><![CDATA[20171123142454]]></time_end>
<total_fee>10</total_fee>
<trade_type><![CDATA[JSAPI]]></trade_type>
<transaction_id><![CDATA[4200000009201711236516949813]]></transaction_id>
</xml>


执行日期：2017-11-23-14?M?S
【接收到的notify通知】:
<xml><appid><![CDATA[wx40f0420cee68574f]]></appid>
<attach><![CDATA[帮助支付信息]]></attach>
<bank_type><![CDATA[CFT]]></bank_type>
<cash_fee><![CDATA[1]]></cash_fee>
<fee_type><![CDATA[CNY]]></fee_type>
<is_subscribe><![CDATA[N]]></is_subscribe>
<mch_id><![CDATA[1490799822]]></mch_id>
<nonce_str><![CDATA[aznnp41iaqktmsn29uk15ej96vmfjkge]]></nonce_str>
<openid><![CDATA[o3b7N1EywxGabVoIhJ13KzWGDggY]]></openid>
<out_trade_no><![CDATA[c4_28]]></out_trade_no>
<result_code><![CDATA[SUCCESS]]></result_code>
<return_code><![CDATA[SUCCESS]]></return_code>
<sign><![CDATA[3D831D156DC5F358ACB987E1562CB26E]]></sign>
<time_end><![CDATA[20171123143805]]></time_end>
<total_fee>1</total_fee>
<trade_type><![CDATA[JSAPI]]></trade_type>
<transaction_id><![CDATA[4200000008201711236515602464]]></transaction_id>
</xml>


执行日期：2017-11-23-14?M?S
【支付成功】:
<xml><appid><![CDATA[wx40f0420cee68574f]]></appid>
<attach><![CDATA[帮助支付信息]]></attach>
<bank_type><![CDATA[CFT]]></bank_type>
<cash_fee><![CDATA[1]]></cash_fee>
<fee_type><![CDATA[CNY]]></fee_type>
<is_subscribe><![CDATA[N]]></is_subscribe>
<mch_id><![CDATA[1490799822]]></mch_id>
<nonce_str><![CDATA[aznnp41iaqktmsn29uk15ej96vmfjkge]]></nonce_str>
<openid><![CDATA[o3b7N1EywxGabVoIhJ13KzWGDggY]]></openid>
<out_trade_no><![CDATA[c4_28]]></out_trade_no>
<result_code><![CDATA[SUCCESS]]></result_code>
<return_code><![CDATA[SUCCESS]]></return_code>
<sign><![CDATA[3D831D156DC5F358ACB987E1562CB26E]]></sign>
<time_end><![CDATA[20171123143805]]></time_end>
<total_fee>1</total_fee>
<trade_type><![CDATA[JSAPI]]></trade_type>
<transaction_id><![CDATA[4200000008201711236515602464]]></transaction_id>
</xml>


执行日期：2017-11-23-14?M?S
【接收到的notify通知】:
<xml><appid><![CDATA[wx40f0420cee68574f]]></appid>
<attach><![CDATA[帮助支付信息]]></attach>
<bank_type><![CDATA[CFT]]></bank_type>
<cash_fee><![CDATA[1]]></cash_fee>
<fee_type><![CDATA[CNY]]></fee_type>
<is_subscribe><![CDATA[N]]></is_subscribe>
<mch_id><![CDATA[1490799822]]></mch_id>
<nonce_str><![CDATA[8sbn881g5k07fcstz5975216nwd0k7ws]]></nonce_str>
<openid><![CDATA[o3b7N1EywxGabVoIhJ13KzWGDggY]]></openid>
<out_trade_no><![CDATA[c4_29]]></out_trade_no>
<result_code><![CDATA[SUCCESS]]></result_code>
<return_code><![CDATA[SUCCESS]]></return_code>
<sign><![CDATA[33EE04D58EC78815626C96076B077877]]></sign>
<time_end><![CDATA[20171123143834]]></time_end>
<total_fee>1</total_fee>
<trade_type><![CDATA[JSAPI]]></trade_type>
<transaction_id><![CDATA[4200000015201711236515589978]]></transaction_id>
</xml>


执行日期：2017-11-23-14?M?S
【支付成功】:
<xml><appid><![CDATA[wx40f0420cee68574f]]></appid>
<attach><![CDATA[帮助支付信息]]></attach>
<bank_type><![CDATA[CFT]]></bank_type>
<cash_fee><![CDATA[1]]></cash_fee>
<fee_type><![CDATA[CNY]]></fee_type>
<is_subscribe><![CDATA[N]]></is_subscribe>
<mch_id><![CDATA[1490799822]]></mch_id>
<nonce_str><![CDATA[8sbn881g5k07fcstz5975216nwd0k7ws]]></nonce_str>
<openid><![CDATA[o3b7N1EywxGabVoIhJ13KzWGDggY]]></openid>
<out_trade_no><![CDATA[c4_29]]></out_trade_no>
<result_code><![CDATA[SUCCESS]]></result_code>
<return_code><![CDATA[SUCCESS]]></return_code>
<sign><![CDATA[33EE04D58EC78815626C96076B077877]]></sign>
<time_end><![CDATA[20171123143834]]></time_end>
<total_fee>1</total_fee>
<trade_type><![CDATA[JSAPI]]></trade_type>
<transaction_id><![CDATA[4200000015201711236515589978]]></transaction_id>
</xml>


执行日期：2017-11-23-14?M?S
【接收到的notify通知】:
<xml><appid><![CDATA[wx40f0420cee68574f]]></appid>
<attach><![CDATA[帮助支付信息]]></attach>
<bank_type><![CDATA[CMB_DEBIT]]></bank_type>
<cash_fee><![CDATA[10]]></cash_fee>
<fee_type><![CDATA[CNY]]></fee_type>
<is_subscribe><![CDATA[Y]]></is_subscribe>
<mch_id><![CDATA[1490799822]]></mch_id>
<nonce_str><![CDATA[58575ikgrymisk13hlu0h5rsfrgzj00p]]></nonce_str>
<openid><![CDATA[o3b7N1OR9ndhA2i9374vhlNpWnZU]]></openid>
<out_trade_no><![CDATA[c4_32]]></out_trade_no>
<result_code><![CDATA[SUCCESS]]></result_code>
<return_code><![CDATA[SUCCESS]]></return_code>
<sign><![CDATA[1FC6E7720AFED7D8060F547C609A0169]]></sign>
<time_end><![CDATA[20171123144534]]></time_end>
<total_fee>10</total_fee>
<trade_type><![CDATA[JSAPI]]></trade_type>
<transaction_id><![CDATA[4200000006201711236515920086]]></transaction_id>
</xml>


执行日期：2017-11-23-14?M?S
【支付成功】:
<xml><appid><![CDATA[wx40f0420cee68574f]]></appid>
<attach><![CDATA[帮助支付信息]]></attach>
<bank_type><![CDATA[CMB_DEBIT]]></bank_type>
<cash_fee><![CDATA[10]]></cash_fee>
<fee_type><![CDATA[CNY]]></fee_type>
<is_subscribe><![CDATA[Y]]></is_subscribe>
<mch_id><![CDATA[1490799822]]></mch_id>
<nonce_str><![CDATA[58575ikgrymisk13hlu0h5rsfrgzj00p]]></nonce_str>
<openid><![CDATA[o3b7N1OR9ndhA2i9374vhlNpWnZU]]></openid>
<out_trade_no><![CDATA[c4_32]]></out_trade_no>
<result_code><![CDATA[SUCCESS]]></result_code>
<return_code><![CDATA[SUCCESS]]></return_code>
<sign><![CDATA[1FC6E7720AFED7D8060F547C609A0169]]></sign>
<time_end><![CDATA[20171123144534]]></time_end>
<total_fee>10</total_fee>
<trade_type><![CDATA[JSAPI]]></trade_type>
<transaction_id><![CDATA[4200000006201711236515920086]]></transaction_id>
</xml>


执行日期：2017-11-23-14?M?S
【接收到的notify通知】:
<xml><appid><![CDATA[wx40f0420cee68574f]]></appid>
<attach><![CDATA[帮助支付信息]]></attach>
<bank_type><![CDATA[CFT]]></bank_type>
<cash_fee><![CDATA[1]]></cash_fee>
<fee_type><![CDATA[CNY]]></fee_type>
<is_subscribe><![CDATA[N]]></is_subscribe>
<mch_id><![CDATA[1490799822]]></mch_id>
<nonce_str><![CDATA[livycpz55x8a8o5zd9d0prmcvjrajalh]]></nonce_str>
<openid><![CDATA[o3b7N1DBG8-QxZtcxUJ6dfpBFnMI]]></openid>
<out_trade_no><![CDATA[c4_33]]></out_trade_no>
<result_code><![CDATA[SUCCESS]]></result_code>
<return_code><![CDATA[SUCCESS]]></return_code>
<sign><![CDATA[5B90C7B476EFFE92BDB8D46216E7466E]]></sign>
<time_end><![CDATA[20171123144856]]></time_end>
<total_fee>1</total_fee>
<trade_type><![CDATA[JSAPI]]></trade_type>
<transaction_id><![CDATA[4200000021201711236520580913]]></transaction_id>
</xml>


执行日期：2017-11-23-14?M?S
【支付成功】:
<xml><appid><![CDATA[wx40f0420cee68574f]]></appid>
<attach><![CDATA[帮助支付信息]]></attach>
<bank_type><![CDATA[CFT]]></bank_type>
<cash_fee><![CDATA[1]]></cash_fee>
<fee_type><![CDATA[CNY]]></fee_type>
<is_subscribe><![CDATA[N]]></is_subscribe>
<mch_id><![CDATA[1490799822]]></mch_id>
<nonce_str><![CDATA[livycpz55x8a8o5zd9d0prmcvjrajalh]]></nonce_str>
<openid><![CDATA[o3b7N1DBG8-QxZtcxUJ6dfpBFnMI]]></openid>
<out_trade_no><![CDATA[c4_33]]></out_trade_no>
<result_code><![CDATA[SUCCESS]]></result_code>
<return_code><![CDATA[SUCCESS]]></return_code>
<sign><![CDATA[5B90C7B476EFFE92BDB8D46216E7466E]]></sign>
<time_end><![CDATA[20171123144856]]></time_end>
<total_fee>1</total_fee>
<trade_type><![CDATA[JSAPI]]></trade_type>
<transaction_id><![CDATA[4200000021201711236520580913]]></transaction_id>
</xml>


执行日期：2017-11-23-14?M?S
【接收到的notify通知】:
<xml><appid><![CDATA[wx40f0420cee68574f]]></appid>
<attach><![CDATA[帮助支付信息]]></attach>
<bank_type><![CDATA[CMB_DEBIT]]></bank_type>
<cash_fee><![CDATA[10]]></cash_fee>
<fee_type><![CDATA[CNY]]></fee_type>
<is_subscribe><![CDATA[Y]]></is_subscribe>
<mch_id><![CDATA[1490799822]]></mch_id>
<nonce_str><![CDATA[204jia5pbnmwhglz1mmckdhbydglwril]]></nonce_str>
<openid><![CDATA[o3b7N1OR9ndhA2i9374vhlNpWnZU]]></openid>
<out_trade_no><![CDATA[c4_34]]></out_trade_no>
<result_code><![CDATA[SUCCESS]]></result_code>
<return_code><![CDATA[SUCCESS]]></return_code>
<sign><![CDATA[8620F1F7095BAD93E2C869959CA703EE]]></sign>
<time_end><![CDATA[20171123144951]]></time_end>
<total_fee>10</total_fee>
<trade_type><![CDATA[JSAPI]]></trade_type>
<transaction_id><![CDATA[4200000025201711236516018987]]></transaction_id>
</xml>


执行日期：2017-11-23-14?M?S
【支付成功】:
<xml><appid><![CDATA[wx40f0420cee68574f]]></appid>
<attach><![CDATA[帮助支付信息]]></attach>
<bank_type><![CDATA[CMB_DEBIT]]></bank_type>
<cash_fee><![CDATA[10]]></cash_fee>
<fee_type><![CDATA[CNY]]></fee_type>
<is_subscribe><![CDATA[Y]]></is_subscribe>
<mch_id><![CDATA[1490799822]]></mch_id>
<nonce_str><![CDATA[204jia5pbnmwhglz1mmckdhbydglwril]]></nonce_str>
<openid><![CDATA[o3b7N1OR9ndhA2i9374vhlNpWnZU]]></openid>
<out_trade_no><![CDATA[c4_34]]></out_trade_no>
<result_code><![CDATA[SUCCESS]]></result_code>
<return_code><![CDATA[SUCCESS]]></return_code>
<sign><![CDATA[8620F1F7095BAD93E2C869959CA703EE]]></sign>
<time_end><![CDATA[20171123144951]]></time_end>
<total_fee>10</total_fee>
<trade_type><![CDATA[JSAPI]]></trade_type>
<transaction_id><![CDATA[4200000025201711236516018987]]></transaction_id>
</xml>


执行日期：2017-11-23-14?M?S
【接收到的notify通知】:
<xml><appid><![CDATA[wx40f0420cee68574f]]></appid>
<attach><![CDATA[帮助支付信息]]></attach>
<bank_type><![CDATA[CFT]]></bank_type>
<cash_fee><![CDATA[1]]></cash_fee>
<fee_type><![CDATA[CNY]]></fee_type>
<is_subscribe><![CDATA[N]]></is_subscribe>
<mch_id><![CDATA[1490799822]]></mch_id>
<nonce_str><![CDATA[sxeith70zofrmj0uqef3a81rs5eqjemo]]></nonce_str>
<openid><![CDATA[o3b7N1EywxGabVoIhJ13KzWGDggY]]></openid>
<out_trade_no><![CDATA[c4_35]]></out_trade_no>
<result_code><![CDATA[SUCCESS]]></result_code>
<return_code><![CDATA[SUCCESS]]></return_code>
<sign><![CDATA[ED6F0749DEDCEEBC3121501E5CD22EDE]]></sign>
<time_end><![CDATA[20171123145049]]></time_end>
<total_fee>1</total_fee>
<trade_type><![CDATA[JSAPI]]></trade_type>
<transaction_id><![CDATA[4200000012201711236516151655]]></transaction_id>
</xml>


执行日期：2017-11-23-14?M?S
【支付成功】:
<xml><appid><![CDATA[wx40f0420cee68574f]]></appid>
<attach><![CDATA[帮助支付信息]]></attach>
<bank_type><![CDATA[CFT]]></bank_type>
<cash_fee><![CDATA[1]]></cash_fee>
<fee_type><![CDATA[CNY]]></fee_type>
<is_subscribe><![CDATA[N]]></is_subscribe>
<mch_id><![CDATA[1490799822]]></mch_id>
<nonce_str><![CDATA[sxeith70zofrmj0uqef3a81rs5eqjemo]]></nonce_str>
<openid><![CDATA[o3b7N1EywxGabVoIhJ13KzWGDggY]]></openid>
<out_trade_no><![CDATA[c4_35]]></out_trade_no>
<result_code><![CDATA[SUCCESS]]></result_code>
<return_code><![CDATA[SUCCESS]]></return_code>
<sign><![CDATA[ED6F0749DEDCEEBC3121501E5CD22EDE]]></sign>
<time_end><![CDATA[20171123145049]]></time_end>
<total_fee>1</total_fee>
<trade_type><![CDATA[JSAPI]]></trade_type>
<transaction_id><![CDATA[4200000012201711236516151655]]></transaction_id>
</xml>


执行日期：2017-11-23-14?M?S
【接收到的notify通知】:
<xml><appid><![CDATA[wx40f0420cee68574f]]></appid>
<attach><![CDATA[帮助支付信息]]></attach>
<bank_type><![CDATA[CMB_DEBIT]]></bank_type>
<cash_fee><![CDATA[10]]></cash_fee>
<fee_type><![CDATA[CNY]]></fee_type>
<is_subscribe><![CDATA[Y]]></is_subscribe>
<mch_id><![CDATA[1490799822]]></mch_id>
<nonce_str><![CDATA[9ef9lbscc0olmygn8m0mzhe3uf2fb6ip]]></nonce_str>
<openid><![CDATA[o3b7N1OR9ndhA2i9374vhlNpWnZU]]></openid>
<out_trade_no><![CDATA[c4_36]]></out_trade_no>
<result_code><![CDATA[SUCCESS]]></result_code>
<return_code><![CDATA[SUCCESS]]></return_code>
<sign><![CDATA[4B6A62E8EBEF424EDD31CB65E79F39D1]]></sign>
<time_end><![CDATA[20171123145743]]></time_end>
<total_fee>10</total_fee>
<trade_type><![CDATA[JSAPI]]></trade_type>
<transaction_id><![CDATA[4200000006201711236520982477]]></transaction_id>
</xml>


执行日期：2017-11-23-14?M?S
【支付成功】:
<xml><appid><![CDATA[wx40f0420cee68574f]]></appid>
<attach><![CDATA[帮助支付信息]]></attach>
<bank_type><![CDATA[CMB_DEBIT]]></bank_type>
<cash_fee><![CDATA[10]]></cash_fee>
<fee_type><![CDATA[CNY]]></fee_type>
<is_subscribe><![CDATA[Y]]></is_subscribe>
<mch_id><![CDATA[1490799822]]></mch_id>
<nonce_str><![CDATA[9ef9lbscc0olmygn8m0mzhe3uf2fb6ip]]></nonce_str>
<openid><![CDATA[o3b7N1OR9ndhA2i9374vhlNpWnZU]]></openid>
<out_trade_no><![CDATA[c4_36]]></out_trade_no>
<result_code><![CDATA[SUCCESS]]></result_code>
<return_code><![CDATA[SUCCESS]]></return_code>
<sign><![CDATA[4B6A62E8EBEF424EDD31CB65E79F39D1]]></sign>
<time_end><![CDATA[20171123145743]]></time_end>
<total_fee>10</total_fee>
<trade_type><![CDATA[JSAPI]]></trade_type>
<transaction_id><![CDATA[4200000006201711236520982477]]></transaction_id>
</xml>


执行日期：2017-11-23-15?M?S
【接收到的notify通知】:
<xml><appid><![CDATA[wx40f0420cee68574f]]></appid>
<attach><![CDATA[帮助支付信息]]></attach>
<bank_type><![CDATA[CFT]]></bank_type>
<cash_fee><![CDATA[1]]></cash_fee>
<fee_type><![CDATA[CNY]]></fee_type>
<is_subscribe><![CDATA[N]]></is_subscribe>
<mch_id><![CDATA[1490799822]]></mch_id>
<nonce_str><![CDATA[l303fwhxi6dedlcix5nbwhyr8kptj9bi]]></nonce_str>
<openid><![CDATA[o3b7N1G1mQOk5j08stm0pCUNeBRw]]></openid>
<out_trade_no><![CDATA[c4_37]]></out_trade_no>
<result_code><![CDATA[SUCCESS]]></result_code>
<return_code><![CDATA[SUCCESS]]></return_code>
<sign><![CDATA[88BB8A048E364625707604845CB06D5F]]></sign>
<time_end><![CDATA[20171123152528]]></time_end>
<total_fee>1</total_fee>
<trade_type><![CDATA[JSAPI]]></trade_type>
<transaction_id><![CDATA[4200000018201711236526391557]]></transaction_id>
</xml>


执行日期：2017-11-23-15?M?S
【支付成功】:
<xml><appid><![CDATA[wx40f0420cee68574f]]></appid>
<attach><![CDATA[帮助支付信息]]></attach>
<bank_type><![CDATA[CFT]]></bank_type>
<cash_fee><![CDATA[1]]></cash_fee>
<fee_type><![CDATA[CNY]]></fee_type>
<is_subscribe><![CDATA[N]]></is_subscribe>
<mch_id><![CDATA[1490799822]]></mch_id>
<nonce_str><![CDATA[l303fwhxi6dedlcix5nbwhyr8kptj9bi]]></nonce_str>
<openid><![CDATA[o3b7N1G1mQOk5j08stm0pCUNeBRw]]></openid>
<out_trade_no><![CDATA[c4_37]]></out_trade_no>
<result_code><![CDATA[SUCCESS]]></result_code>
<return_code><![CDATA[SUCCESS]]></return_code>
<sign><![CDATA[88BB8A048E364625707604845CB06D5F]]></sign>
<time_end><![CDATA[20171123152528]]></time_end>
<total_fee>1</total_fee>
<trade_type><![CDATA[JSAPI]]></trade_type>
<transaction_id><![CDATA[4200000018201711236526391557]]></transaction_id>
</xml>


执行日期：2017-11-23-15?M?S
【接收到的notify通知】:
<xml><appid><![CDATA[wx40f0420cee68574f]]></appid>
<attach><![CDATA[帮助支付信息]]></attach>
<bank_type><![CDATA[CFT]]></bank_type>
<cash_fee><![CDATA[1]]></cash_fee>
<fee_type><![CDATA[CNY]]></fee_type>
<is_subscribe><![CDATA[N]]></is_subscribe>
<mch_id><![CDATA[1490799822]]></mch_id>
<nonce_str><![CDATA[sgtca21gg9yuyxsa3wnttdu0k8tx0he5]]></nonce_str>
<openid><![CDATA[o3b7N1EywxGabVoIhJ13KzWGDggY]]></openid>
<out_trade_no><![CDATA[c4_38]]></out_trade_no>
<result_code><![CDATA[SUCCESS]]></result_code>
<return_code><![CDATA[SUCCESS]]></return_code>
<sign><![CDATA[2D9EF53DCB8183BEB3900B85A7C925D6]]></sign>
<time_end><![CDATA[20171123152857]]></time_end>
<total_fee>1</total_fee>
<trade_type><![CDATA[JSAPI]]></trade_type>
<transaction_id><![CDATA[4200000005201711236523696591]]></transaction_id>
</xml>


执行日期：2017-11-23-15?M?S
【支付成功】:
<xml><appid><![CDATA[wx40f0420cee68574f]]></appid>
<attach><![CDATA[帮助支付信息]]></attach>
<bank_type><![CDATA[CFT]]></bank_type>
<cash_fee><![CDATA[1]]></cash_fee>
<fee_type><![CDATA[CNY]]></fee_type>
<is_subscribe><![CDATA[N]]></is_subscribe>
<mch_id><![CDATA[1490799822]]></mch_id>
<nonce_str><![CDATA[sgtca21gg9yuyxsa3wnttdu0k8tx0he5]]></nonce_str>
<openid><![CDATA[o3b7N1EywxGabVoIhJ13KzWGDggY]]></openid>
<out_trade_no><![CDATA[c4_38]]></out_trade_no>
<result_code><![CDATA[SUCCESS]]></result_code>
<return_code><![CDATA[SUCCESS]]></return_code>
<sign><![CDATA[2D9EF53DCB8183BEB3900B85A7C925D6]]></sign>
<time_end><![CDATA[20171123152857]]></time_end>
<total_fee>1</total_fee>
<trade_type><![CDATA[JSAPI]]></trade_type>
<transaction_id><![CDATA[4200000005201711236523696591]]></transaction_id>
</xml>


执行日期：2017-11-23-15?M?S
【接收到的notify通知】:
<xml><appid><![CDATA[wx40f0420cee68574f]]></appid>
<attach><![CDATA[帮助支付信息]]></attach>
<bank_type><![CDATA[CFT]]></bank_type>
<cash_fee><![CDATA[1]]></cash_fee>
<fee_type><![CDATA[CNY]]></fee_type>
<is_subscribe><![CDATA[N]]></is_subscribe>
<mch_id><![CDATA[1490799822]]></mch_id>
<nonce_str><![CDATA[kjamxhkttjl9tz30xmrxmeum2r8l5cp2]]></nonce_str>
<openid><![CDATA[o3b7N1G1mQOk5j08stm0pCUNeBRw]]></openid>
<out_trade_no><![CDATA[c4_40]]></out_trade_no>
<result_code><![CDATA[SUCCESS]]></result_code>
<return_code><![CDATA[SUCCESS]]></return_code>
<sign><![CDATA[7BBF7E6A7659BEC1D194DADF527BC473]]></sign>
<time_end><![CDATA[20171123154318]]></time_end>
<total_fee>1</total_fee>
<trade_type><![CDATA[JSAPI]]></trade_type>
<transaction_id><![CDATA[4200000022201711236528867030]]></transaction_id>
</xml>


执行日期：2017-11-23-15?M?S
【支付成功】:
<xml><appid><![CDATA[wx40f0420cee68574f]]></appid>
<attach><![CDATA[帮助支付信息]]></attach>
<bank_type><![CDATA[CFT]]></bank_type>
<cash_fee><![CDATA[1]]></cash_fee>
<fee_type><![CDATA[CNY]]></fee_type>
<is_subscribe><![CDATA[N]]></is_subscribe>
<mch_id><![CDATA[1490799822]]></mch_id>
<nonce_str><![CDATA[kjamxhkttjl9tz30xmrxmeum2r8l5cp2]]></nonce_str>
<openid><![CDATA[o3b7N1G1mQOk5j08stm0pCUNeBRw]]></openid>
<out_trade_no><![CDATA[c4_40]]></out_trade_no>
<result_code><![CDATA[SUCCESS]]></result_code>
<return_code><![CDATA[SUCCESS]]></return_code>
<sign><![CDATA[7BBF7E6A7659BEC1D194DADF527BC473]]></sign>
<time_end><![CDATA[20171123154318]]></time_end>
<total_fee>1</total_fee>
<trade_type><![CDATA[JSAPI]]></trade_type>
<transaction_id><![CDATA[4200000022201711236528867030]]></transaction_id>
</xml>


执行日期：2017-11-23-15?M?S
【接收到的notify通知】:
<xml><appid><![CDATA[wx40f0420cee68574f]]></appid>
<attach><![CDATA[帮助支付信息]]></attach>
<bank_type><![CDATA[CITIC_CREDIT]]></bank_type>
<cash_fee><![CDATA[50]]></cash_fee>
<fee_type><![CDATA[CNY]]></fee_type>
<is_subscribe><![CDATA[Y]]></is_subscribe>
<mch_id><![CDATA[1490799822]]></mch_id>
<nonce_str><![CDATA[uq98giri1d8srs4fz6hb0ptiddj127ll]]></nonce_str>
<openid><![CDATA[o3b7N1MUmwsRe34LhNKsLfd0sffA]]></openid>
<out_trade_no><![CDATA[c4_41]]></out_trade_no>
<result_code><![CDATA[SUCCESS]]></result_code>
<return_code><![CDATA[SUCCESS]]></return_code>
<sign><![CDATA[716765E698CB5FE2039207BDB150DF31]]></sign>
<time_end><![CDATA[20171123154916]]></time_end>
<total_fee>50</total_fee>
<trade_type><![CDATA[JSAPI]]></trade_type>
<transaction_id><![CDATA[4200000023201711236530642996]]></transaction_id>
</xml>


执行日期：2017-11-23-15?M?S
【支付成功】:
<xml><appid><![CDATA[wx40f0420cee68574f]]></appid>
<attach><![CDATA[帮助支付信息]]></attach>
<bank_type><![CDATA[CITIC_CREDIT]]></bank_type>
<cash_fee><![CDATA[50]]></cash_fee>
<fee_type><![CDATA[CNY]]></fee_type>
<is_subscribe><![CDATA[Y]]></is_subscribe>
<mch_id><![CDATA[1490799822]]></mch_id>
<nonce_str><![CDATA[uq98giri1d8srs4fz6hb0ptiddj127ll]]></nonce_str>
<openid><![CDATA[o3b7N1MUmwsRe34LhNKsLfd0sffA]]></openid>
<out_trade_no><![CDATA[c4_41]]></out_trade_no>
<result_code><![CDATA[SUCCESS]]></result_code>
<return_code><![CDATA[SUCCESS]]></return_code>
<sign><![CDATA[716765E698CB5FE2039207BDB150DF31]]></sign>
<time_end><![CDATA[20171123154916]]></time_end>
<total_fee>50</total_fee>
<trade_type><![CDATA[JSAPI]]></trade_type>
<transaction_id><![CDATA[4200000023201711236530642996]]></transaction_id>
</xml>


执行日期：2017-11-23-15?M?S
【接收到的notify通知】:
<xml><appid><![CDATA[wx40f0420cee68574f]]></appid>
<attach><![CDATA[帮助支付信息]]></attach>
<bank_type><![CDATA[CFT]]></bank_type>
<cash_fee><![CDATA[1]]></cash_fee>
<fee_type><![CDATA[CNY]]></fee_type>
<is_subscribe><![CDATA[N]]></is_subscribe>
<mch_id><![CDATA[1490799822]]></mch_id>
<nonce_str><![CDATA[x64n2hui016aa2qy723j7wjk6zwgq3gc]]></nonce_str>
<openid><![CDATA[o3b7N1G1mQOk5j08stm0pCUNeBRw]]></openid>
<out_trade_no><![CDATA[c4_42]]></out_trade_no>
<result_code><![CDATA[SUCCESS]]></result_code>
<return_code><![CDATA[SUCCESS]]></return_code>
<sign><![CDATA[D3831DDB35DBD7BB78102E8D9FB0F130]]></sign>
<time_end><![CDATA[20171123154923]]></time_end>
<total_fee>1</total_fee>
<trade_type><![CDATA[JSAPI]]></trade_type>
<transaction_id><![CDATA[4200000013201711236530728836]]></transaction_id>
</xml>


执行日期：2017-11-23-15?M?S
【支付成功】:
<xml><appid><![CDATA[wx40f0420cee68574f]]></appid>
<attach><![CDATA[帮助支付信息]]></attach>
<bank_type><![CDATA[CFT]]></bank_type>
<cash_fee><![CDATA[1]]></cash_fee>
<fee_type><![CDATA[CNY]]></fee_type>
<is_subscribe><![CDATA[N]]></is_subscribe>
<mch_id><![CDATA[1490799822]]></mch_id>
<nonce_str><![CDATA[x64n2hui016aa2qy723j7wjk6zwgq3gc]]></nonce_str>
<openid><![CDATA[o3b7N1G1mQOk5j08stm0pCUNeBRw]]></openid>
<out_trade_no><![CDATA[c4_42]]></out_trade_no>
<result_code><![CDATA[SUCCESS]]></result_code>
<return_code><![CDATA[SUCCESS]]></return_code>
<sign><![CDATA[D3831DDB35DBD7BB78102E8D9FB0F130]]></sign>
<time_end><![CDATA[20171123154923]]></time_end>
<total_fee>1</total_fee>
<trade_type><![CDATA[JSAPI]]></trade_type>
<transaction_id><![CDATA[4200000013201711236530728836]]></transaction_id>
</xml>


执行日期：2017-11-23-15?M?S
【接收到的notify通知】:
<xml><appid><![CDATA[wx40f0420cee68574f]]></appid>
<attach><![CDATA[帮助支付信息]]></attach>
<bank_type><![CDATA[CFT]]></bank_type>
<cash_fee><![CDATA[1]]></cash_fee>
<fee_type><![CDATA[CNY]]></fee_type>
<is_subscribe><![CDATA[N]]></is_subscribe>
<mch_id><![CDATA[1490799822]]></mch_id>
<nonce_str><![CDATA[4lhcelx2rsrvllj8558c8ojzhjnajtyy]]></nonce_str>
<openid><![CDATA[o3b7N1EywxGabVoIhJ13KzWGDggY]]></openid>
<out_trade_no><![CDATA[c4_44]]></out_trade_no>
<result_code><![CDATA[SUCCESS]]></result_code>
<return_code><![CDATA[SUCCESS]]></return_code>
<sign><![CDATA[58C46762034615038AE40D37D2E91BE1]]></sign>
<time_end><![CDATA[20171123155148]]></time_end>
<total_fee>1</total_fee>
<trade_type><![CDATA[JSAPI]]></trade_type>
<transaction_id><![CDATA[4200000007201711236532601043]]></transaction_id>
</xml>


执行日期：2017-11-23-15?M?S
【支付成功】:
<xml><appid><![CDATA[wx40f0420cee68574f]]></appid>
<attach><![CDATA[帮助支付信息]]></attach>
<bank_type><![CDATA[CFT]]></bank_type>
<cash_fee><![CDATA[1]]></cash_fee>
<fee_type><![CDATA[CNY]]></fee_type>
<is_subscribe><![CDATA[N]]></is_subscribe>
<mch_id><![CDATA[1490799822]]></mch_id>
<nonce_str><![CDATA[4lhcelx2rsrvllj8558c8ojzhjnajtyy]]></nonce_str>
<openid><![CDATA[o3b7N1EywxGabVoIhJ13KzWGDggY]]></openid>
<out_trade_no><![CDATA[c4_44]]></out_trade_no>
<result_code><![CDATA[SUCCESS]]></result_code>
<return_code><![CDATA[SUCCESS]]></return_code>
<sign><![CDATA[58C46762034615038AE40D37D2E91BE1]]></sign>
<time_end><![CDATA[20171123155148]]></time_end>
<total_fee>1</total_fee>
<trade_type><![CDATA[JSAPI]]></trade_type>
<transaction_id><![CDATA[4200000007201711236532601043]]></transaction_id>
</xml>


执行日期：2017-11-23-15?M?S
【接收到的notify通知】:
<xml><appid><![CDATA[wx40f0420cee68574f]]></appid>
<attach><![CDATA[帮助支付信息]]></attach>
<bank_type><![CDATA[CFT]]></bank_type>
<cash_fee><![CDATA[10]]></cash_fee>
<fee_type><![CDATA[CNY]]></fee_type>
<is_subscribe><![CDATA[Y]]></is_subscribe>
<mch_id><![CDATA[1490799822]]></mch_id>
<nonce_str><![CDATA[tg5j46krnbugi6634dtl903rut3ivrti]]></nonce_str>
<openid><![CDATA[o3b7N1HSRm1oAvbWyufA3MUsBEkw]]></openid>
<out_trade_no><![CDATA[c4_45]]></out_trade_no>
<result_code><![CDATA[SUCCESS]]></result_code>
<return_code><![CDATA[SUCCESS]]></return_code>
<sign><![CDATA[1C822BCD4805C02930202D43CFE04680]]></sign>
<time_end><![CDATA[20171123155211]]></time_end>
<total_fee>10</total_fee>
<trade_type><![CDATA[JSAPI]]></trade_type>
<transaction_id><![CDATA[4200000025201711236527563408]]></transaction_id>
</xml>


执行日期：2017-11-23-15?M?S
【支付成功】:
<xml><appid><![CDATA[wx40f0420cee68574f]]></appid>
<attach><![CDATA[帮助支付信息]]></attach>
<bank_type><![CDATA[CFT]]></bank_type>
<cash_fee><![CDATA[10]]></cash_fee>
<fee_type><![CDATA[CNY]]></fee_type>
<is_subscribe><![CDATA[Y]]></is_subscribe>
<mch_id><![CDATA[1490799822]]></mch_id>
<nonce_str><![CDATA[tg5j46krnbugi6634dtl903rut3ivrti]]></nonce_str>
<openid><![CDATA[o3b7N1HSRm1oAvbWyufA3MUsBEkw]]></openid>
<out_trade_no><![CDATA[c4_45]]></out_trade_no>
<result_code><![CDATA[SUCCESS]]></result_code>
<return_code><![CDATA[SUCCESS]]></return_code>
<sign><![CDATA[1C822BCD4805C02930202D43CFE04680]]></sign>
<time_end><![CDATA[20171123155211]]></time_end>
<total_fee>10</total_fee>
<trade_type><![CDATA[JSAPI]]></trade_type>
<transaction_id><![CDATA[4200000025201711236527563408]]></transaction_id>
</xml>


执行日期：2017-11-23-16?M?S
【接收到的notify通知】:
<xml><appid><![CDATA[wx40f0420cee68574f]]></appid>
<attach><![CDATA[帮助支付信息]]></attach>
<bank_type><![CDATA[CFT]]></bank_type>
<cash_fee><![CDATA[10]]></cash_fee>
<fee_type><![CDATA[CNY]]></fee_type>
<is_subscribe><![CDATA[Y]]></is_subscribe>
<mch_id><![CDATA[1490799822]]></mch_id>
<nonce_str><![CDATA[vva4y061ygwwxyjalxysncpbo6exbej1]]></nonce_str>
<openid><![CDATA[o3b7N1G0zSiLN3ZXn5QEbNqSzVao]]></openid>
<out_trade_no><![CDATA[c4_46]]></out_trade_no>
<result_code><![CDATA[SUCCESS]]></result_code>
<return_code><![CDATA[SUCCESS]]></return_code>
<sign><![CDATA[3D959C5D969F3B1AD6C5530A4A7D47E1]]></sign>
<time_end><![CDATA[20171123163212]]></time_end>
<total_fee>10</total_fee>
<trade_type><![CDATA[JSAPI]]></trade_type>
<transaction_id><![CDATA[4200000025201711236540332585]]></transaction_id>
</xml>


执行日期：2017-11-23-16?M?S
【支付成功】:
<xml><appid><![CDATA[wx40f0420cee68574f]]></appid>
<attach><![CDATA[帮助支付信息]]></attach>
<bank_type><![CDATA[CFT]]></bank_type>
<cash_fee><![CDATA[10]]></cash_fee>
<fee_type><![CDATA[CNY]]></fee_type>
<is_subscribe><![CDATA[Y]]></is_subscribe>
<mch_id><![CDATA[1490799822]]></mch_id>
<nonce_str><![CDATA[vva4y061ygwwxyjalxysncpbo6exbej1]]></nonce_str>
<openid><![CDATA[o3b7N1G0zSiLN3ZXn5QEbNqSzVao]]></openid>
<out_trade_no><![CDATA[c4_46]]></out_trade_no>
<result_code><![CDATA[SUCCESS]]></result_code>
<return_code><![CDATA[SUCCESS]]></return_code>
<sign><![CDATA[3D959C5D969F3B1AD6C5530A4A7D47E1]]></sign>
<time_end><![CDATA[20171123163212]]></time_end>
<total_fee>10</total_fee>
<trade_type><![CDATA[JSAPI]]></trade_type>
<transaction_id><![CDATA[4200000025201711236540332585]]></transaction_id>
</xml>


执行日期：2017-11-23-16?M?S
【接收到的notify通知】:
<xml><appid><![CDATA[wx40f0420cee68574f]]></appid>
<attach><![CDATA[帮助支付信息]]></attach>
<bank_type><![CDATA[CFT]]></bank_type>
<cash_fee><![CDATA[10]]></cash_fee>
<fee_type><![CDATA[CNY]]></fee_type>
<is_subscribe><![CDATA[Y]]></is_subscribe>
<mch_id><![CDATA[1490799822]]></mch_id>
<nonce_str><![CDATA[xreuld9eowd0w1zbq85due7o9gmcxon5]]></nonce_str>
<openid><![CDATA[o3b7N1G0zSiLN3ZXn5QEbNqSzVao]]></openid>
<out_trade_no><![CDATA[c4_47]]></out_trade_no>
<result_code><![CDATA[SUCCESS]]></result_code>
<return_code><![CDATA[SUCCESS]]></return_code>
<sign><![CDATA[A3272513A0E3EBF25D56BF84402341C9]]></sign>
<time_end><![CDATA[20171123163234]]></time_end>
<total_fee>10</total_fee>
<trade_type><![CDATA[JSAPI]]></trade_type>
<transaction_id><![CDATA[4200000020201711236535202918]]></transaction_id>
</xml>


执行日期：2017-11-23-16?M?S
【支付成功】:
<xml><appid><![CDATA[wx40f0420cee68574f]]></appid>
<attach><![CDATA[帮助支付信息]]></attach>
<bank_type><![CDATA[CFT]]></bank_type>
<cash_fee><![CDATA[10]]></cash_fee>
<fee_type><![CDATA[CNY]]></fee_type>
<is_subscribe><![CDATA[Y]]></is_subscribe>
<mch_id><![CDATA[1490799822]]></mch_id>
<nonce_str><![CDATA[xreuld9eowd0w1zbq85due7o9gmcxon5]]></nonce_str>
<openid><![CDATA[o3b7N1G0zSiLN3ZXn5QEbNqSzVao]]></openid>
<out_trade_no><![CDATA[c4_47]]></out_trade_no>
<result_code><![CDATA[SUCCESS]]></result_code>
<return_code><![CDATA[SUCCESS]]></return_code>
<sign><![CDATA[A3272513A0E3EBF25D56BF84402341C9]]></sign>
<time_end><![CDATA[20171123163234]]></time_end>
<total_fee>10</total_fee>
<trade_type><![CDATA[JSAPI]]></trade_type>
<transaction_id><![CDATA[4200000020201711236535202918]]></transaction_id>
</xml>


执行日期：2017-11-23-16?M?S
【接收到的notify通知】:
<xml><appid><![CDATA[wx40f0420cee68574f]]></appid>
<attach><![CDATA[帮助支付信息]]></attach>
<bank_type><![CDATA[CFT]]></bank_type>
<cash_fee><![CDATA[50]]></cash_fee>
<fee_type><![CDATA[CNY]]></fee_type>
<is_subscribe><![CDATA[Y]]></is_subscribe>
<mch_id><![CDATA[1490799822]]></mch_id>
<nonce_str><![CDATA[9fmfoju8qwsn3ycp42zjgp9fossryxvc]]></nonce_str>
<openid><![CDATA[o3b7N1HSRm1oAvbWyufA3MUsBEkw]]></openid>
<out_trade_no><![CDATA[c4_51]]></out_trade_no>
<result_code><![CDATA[SUCCESS]]></result_code>
<return_code><![CDATA[SUCCESS]]></return_code>
<sign><![CDATA[EA265B3A6510BD6EC8B55386151CBFD8]]></sign>
<time_end><![CDATA[20171123163559]]></time_end>
<total_fee>50</total_fee>
<trade_type><![CDATA[JSAPI]]></trade_type>
<transaction_id><![CDATA[4200000027201711236537235702]]></transaction_id>
</xml>


执行日期：2017-11-23-16?M?S
【支付成功】:
<xml><appid><![CDATA[wx40f0420cee68574f]]></appid>
<attach><![CDATA[帮助支付信息]]></attach>
<bank_type><![CDATA[CFT]]></bank_type>
<cash_fee><![CDATA[50]]></cash_fee>
<fee_type><![CDATA[CNY]]></fee_type>
<is_subscribe><![CDATA[Y]]></is_subscribe>
<mch_id><![CDATA[1490799822]]></mch_id>
<nonce_str><![CDATA[9fmfoju8qwsn3ycp42zjgp9fossryxvc]]></nonce_str>
<openid><![CDATA[o3b7N1HSRm1oAvbWyufA3MUsBEkw]]></openid>
<out_trade_no><![CDATA[c4_51]]></out_trade_no>
<result_code><![CDATA[SUCCESS]]></result_code>
<return_code><![CDATA[SUCCESS]]></return_code>
<sign><![CDATA[EA265B3A6510BD6EC8B55386151CBFD8]]></sign>
<time_end><![CDATA[20171123163559]]></time_end>
<total_fee>50</total_fee>
<trade_type><![CDATA[JSAPI]]></trade_type>
<transaction_id><![CDATA[4200000027201711236537235702]]></transaction_id>
</xml>


执行日期：2017-11-23-16?M?S
【接收到的notify通知】:
<xml><appid><![CDATA[wx40f0420cee68574f]]></appid>
<attach><![CDATA[帮助支付信息]]></attach>
<bank_type><![CDATA[CITIC_CREDIT]]></bank_type>
<cash_fee><![CDATA[1]]></cash_fee>
<fee_type><![CDATA[CNY]]></fee_type>
<is_subscribe><![CDATA[Y]]></is_subscribe>
<mch_id><![CDATA[1490799822]]></mch_id>
<nonce_str><![CDATA[gmg8gpezllw0bf91lc89ksha5kh6yrmn]]></nonce_str>
<openid><![CDATA[o3b7N1MUmwsRe34LhNKsLfd0sffA]]></openid>
<out_trade_no><![CDATA[c4_53]]></out_trade_no>
<result_code><![CDATA[SUCCESS]]></result_code>
<return_code><![CDATA[SUCCESS]]></return_code>
<sign><![CDATA[B595F9C671EDF9308F67A9978B2A7676]]></sign>
<time_end><![CDATA[20171123163819]]></time_end>
<total_fee>1</total_fee>
<trade_type><![CDATA[JSAPI]]></trade_type>
<transaction_id><![CDATA[4200000020201711236537355843]]></transaction_id>
</xml>


执行日期：2017-11-23-16?M?S
【支付成功】:
<xml><appid><![CDATA[wx40f0420cee68574f]]></appid>
<attach><![CDATA[帮助支付信息]]></attach>
<bank_type><![CDATA[CITIC_CREDIT]]></bank_type>
<cash_fee><![CDATA[1]]></cash_fee>
<fee_type><![CDATA[CNY]]></fee_type>
<is_subscribe><![CDATA[Y]]></is_subscribe>
<mch_id><![CDATA[1490799822]]></mch_id>
<nonce_str><![CDATA[gmg8gpezllw0bf91lc89ksha5kh6yrmn]]></nonce_str>
<openid><![CDATA[o3b7N1MUmwsRe34LhNKsLfd0sffA]]></openid>
<out_trade_no><![CDATA[c4_53]]></out_trade_no>
<result_code><![CDATA[SUCCESS]]></result_code>
<return_code><![CDATA[SUCCESS]]></return_code>
<sign><![CDATA[B595F9C671EDF9308F67A9978B2A7676]]></sign>
<time_end><![CDATA[20171123163819]]></time_end>
<total_fee>1</total_fee>
<trade_type><![CDATA[JSAPI]]></trade_type>
<transaction_id><![CDATA[4200000020201711236537355843]]></transaction_id>
</xml>


