执行日期：2017-11-26-12?M?S
【接收到的notify通知】:
<xml><appid><![CDATA[wx40f0420cee68574f]]></appid>
<attach><![CDATA[帮助支付信息]]></attach>
<bank_type><![CDATA[CFT]]></bank_type>
<cash_fee><![CDATA[1]]></cash_fee>
<fee_type><![CDATA[CNY]]></fee_type>
<is_subscribe><![CDATA[N]]></is_subscribe>
<mch_id><![CDATA[1490799822]]></mch_id>
<nonce_str><![CDATA[093cak063xakvu62trtci43av3p3c0k7]]></nonce_str>
<openid><![CDATA[o3b7N1DBG8-QxZtcxUJ6dfpBFnMI]]></openid>
<out_trade_no><![CDATA[claim4_78]]></out_trade_no>
<result_code><![CDATA[SUCCESS]]></result_code>
<return_code><![CDATA[SUCCESS]]></return_code>
<sign><![CDATA[DC1BC7EA26512FD6FA16CE8719A8210A]]></sign>
<time_end><![CDATA[20171126120326]]></time_end>
<total_fee>1</total_fee>
<trade_type><![CDATA[JSAPI]]></trade_type>
<transaction_id><![CDATA[4200000017201711267139819469]]></transaction_id>
</xml>


执行日期：2017-11-26-12?M?S
【支付成功】:
<xml><appid><![CDATA[wx40f0420cee68574f]]></appid>
<attach><![CDATA[帮助支付信息]]></attach>
<bank_type><![CDATA[CFT]]></bank_type>
<cash_fee><![CDATA[1]]></cash_fee>
<fee_type><![CDATA[CNY]]></fee_type>
<is_subscribe><![CDATA[N]]></is_subscribe>
<mch_id><![CDATA[1490799822]]></mch_id>
<nonce_str><![CDATA[093cak063xakvu62trtci43av3p3c0k7]]></nonce_str>
<openid><![CDATA[o3b7N1DBG8-QxZtcxUJ6dfpBFnMI]]></openid>
<out_trade_no><![CDATA[claim4_78]]></out_trade_no>
<result_code><![CDATA[SUCCESS]]></result_code>
<return_code><![CDATA[SUCCESS]]></return_code>
<sign><![CDATA[DC1BC7EA26512FD6FA16CE8719A8210A]]></sign>
<time_end><![CDATA[20171126120326]]></time_end>
<total_fee>1</total_fee>
<trade_type><![CDATA[JSAPI]]></trade_type>
<transaction_id><![CDATA[4200000017201711267139819469]]></transaction_id>
</xml>


