执行日期：2017-11-18-11?M?S
【接收到的notify通知】:



执行日期：2017-11-18-11?M?S
【业务出错<xml></xml>】:



执行日期：2017-11-18-11?M?S
【接收到的notify通知】:



执行日期：2017-11-18-11?M?S
【业务出错<xml></xml>】:



执行日期：2017-11-18-11?M?S
【接收到的notify通知】:



执行日期：2017-11-18-11?M?S
【业务出错<xml></xml>】:



执行日期：2017-11-18-11?M?S
【接收到的notify通知】:



执行日期：2017-11-18-11?M?S
【业务出错<xml></xml>】:

dddddddddd

执行日期：2017-11-18-12?M?S
【接收到的notify通知】:
<xml><appid><![CDATA[wx40f0420cee68574f]]></appid>
<attach><![CDATA[帮助支付信息]]></attach>
<bank_type><![CDATA[CFT]]></bank_type>
<cash_fee><![CDATA[1]]></cash_fee>
<fee_type><![CDATA[CNY]]></fee_type>
<is_subscribe><![CDATA[N]]></is_subscribe>
<mch_id><![CDATA[1490799822]]></mch_id>
<nonce_str><![CDATA[ylo5blgmsziuib1c2wjqtny8tmrdimg4]]></nonce_str>
<openid><![CDATA[o3b7N1DBG8-QxZtcxUJ6dfpBFnMI]]></openid>
<out_trade_no><![CDATA[claim4_21]]></out_trade_no>
<result_code><![CDATA[SUCCESS]]></result_code>
<return_code><![CDATA[SUCCESS]]></return_code>
<sign><![CDATA[5851DA36495BB265CF3D6C6E32B1B9DB]]></sign>
<time_end><![CDATA[20171118120231]]></time_end>
<total_fee>1</total_fee>
<trade_type><![CDATA[JSAPI]]></trade_type>
<transaction_id><![CDATA[4200000023201711185415500714]]></transaction_id>
</xml>


执行日期：2017-11-18-12?M?S
【支付成功】:
<xml><appid><![CDATA[wx40f0420cee68574f]]></appid>
<attach><![CDATA[帮助支付信息]]></attach>
<bank_type><![CDATA[CFT]]></bank_type>
<cash_fee><![CDATA[1]]></cash_fee>
<fee_type><![CDATA[CNY]]></fee_type>
<is_subscribe><![CDATA[N]]></is_subscribe>
<mch_id><![CDATA[1490799822]]></mch_id>
<nonce_str><![CDATA[ylo5blgmsziuib1c2wjqtny8tmrdimg4]]></nonce_str>
<openid><![CDATA[o3b7N1DBG8-QxZtcxUJ6dfpBFnMI]]></openid>
<out_trade_no><![CDATA[claim4_21]]></out_trade_no>
<result_code><![CDATA[SUCCESS]]></result_code>
<return_code><![CDATA[SUCCESS]]></return_code>
<sign><![CDATA[5851DA36495BB265CF3D6C6E32B1B9DB]]></sign>
<time_end><![CDATA[20171118120231]]></time_end>
<total_fee>1</total_fee>
<trade_type><![CDATA[JSAPI]]></trade_type>
<transaction_id><![CDATA[4200000023201711185415500714]]></transaction_id>
</xml>


执行日期：2017-11-18-12?M?S
【接收到的notify通知】:
<xml><appid><![CDATA[wx40f0420cee68574f]]></appid>
<attach><![CDATA[帮助支付信息]]></attach>
<bank_type><![CDATA[CFT]]></bank_type>
<cash_fee><![CDATA[1]]></cash_fee>
<fee_type><![CDATA[CNY]]></fee_type>
<is_subscribe><![CDATA[N]]></is_subscribe>
<mch_id><![CDATA[1490799822]]></mch_id>
<nonce_str><![CDATA[el990h3s9dl923yf2uaqtul5tjlo3kbb]]></nonce_str>
<openid><![CDATA[o3b7N1DBG8-QxZtcxUJ6dfpBFnMI]]></openid>
<out_trade_no><![CDATA[claim4_24]]></out_trade_no>
<result_code><![CDATA[SUCCESS]]></result_code>
<return_code><![CDATA[SUCCESS]]></return_code>
<sign><![CDATA[5E8A89EEECD7BBC8F80148D95203FD5A]]></sign>
<time_end><![CDATA[20171118120644]]></time_end>
<total_fee>1</total_fee>
<trade_type><![CDATA[JSAPI]]></trade_type>
<transaction_id><![CDATA[4200000017201711185419711571]]></transaction_id>
</xml>


执行日期：2017-11-18-12?M?S
【支付成功】:
<xml><appid><![CDATA[wx40f0420cee68574f]]></appid>
<attach><![CDATA[帮助支付信息]]></attach>
<bank_type><![CDATA[CFT]]></bank_type>
<cash_fee><![CDATA[1]]></cash_fee>
<fee_type><![CDATA[CNY]]></fee_type>
<is_subscribe><![CDATA[N]]></is_subscribe>
<mch_id><![CDATA[1490799822]]></mch_id>
<nonce_str><![CDATA[el990h3s9dl923yf2uaqtul5tjlo3kbb]]></nonce_str>
<openid><![CDATA[o3b7N1DBG8-QxZtcxUJ6dfpBFnMI]]></openid>
<out_trade_no><![CDATA[claim4_24]]></out_trade_no>
<result_code><![CDATA[SUCCESS]]></result_code>
<return_code><![CDATA[SUCCESS]]></return_code>
<sign><![CDATA[5E8A89EEECD7BBC8F80148D95203FD5A]]></sign>
<time_end><![CDATA[20171118120644]]></time_end>
<total_fee>1</total_fee>
<trade_type><![CDATA[JSAPI]]></trade_type>
<transaction_id><![CDATA[4200000017201711185419711571]]></transaction_id>
</xml>


执行日期：2017-11-18-12?M?S
【接收到的notify通知】:
<xml><appid><![CDATA[wx40f0420cee68574f]]></appid>
<attach><![CDATA[帮助支付信息]]></attach>
<bank_type><![CDATA[CFT]]></bank_type>
<cash_fee><![CDATA[1]]></cash_fee>
<fee_type><![CDATA[CNY]]></fee_type>
<is_subscribe><![CDATA[N]]></is_subscribe>
<mch_id><![CDATA[1490799822]]></mch_id>
<nonce_str><![CDATA[q5hfl2kufcqcmlsg4u6y31dqxxvj1jlr]]></nonce_str>
<openid><![CDATA[o3b7N1DBG8-QxZtcxUJ6dfpBFnMI]]></openid>
<out_trade_no><![CDATA[claim4_22]]></out_trade_no>
<result_code><![CDATA[SUCCESS]]></result_code>
<return_code><![CDATA[SUCCESS]]></return_code>
<sign><![CDATA[B9D688EE38E78B4C93112E78A13390BE]]></sign>
<time_end><![CDATA[20171118120414]]></time_end>
<total_fee>1</total_fee>
<trade_type><![CDATA[JSAPI]]></trade_type>
<transaction_id><![CDATA[4200000009201711185419520966]]></transaction_id>
</xml>


执行日期：2017-11-18-12?M?S
【支付成功】:
<xml><appid><![CDATA[wx40f0420cee68574f]]></appid>
<attach><![CDATA[帮助支付信息]]></attach>
<bank_type><![CDATA[CFT]]></bank_type>
<cash_fee><![CDATA[1]]></cash_fee>
<fee_type><![CDATA[CNY]]></fee_type>
<is_subscribe><![CDATA[N]]></is_subscribe>
<mch_id><![CDATA[1490799822]]></mch_id>
<nonce_str><![CDATA[q5hfl2kufcqcmlsg4u6y31dqxxvj1jlr]]></nonce_str>
<openid><![CDATA[o3b7N1DBG8-QxZtcxUJ6dfpBFnMI]]></openid>
<out_trade_no><![CDATA[claim4_22]]></out_trade_no>
<result_code><![CDATA[SUCCESS]]></result_code>
<return_code><![CDATA[SUCCESS]]></return_code>
<sign><![CDATA[B9D688EE38E78B4C93112E78A13390BE]]></sign>
<time_end><![CDATA[20171118120414]]></time_end>
<total_fee>1</total_fee>
<trade_type><![CDATA[JSAPI]]></trade_type>
<transaction_id><![CDATA[4200000009201711185419520966]]></transaction_id>
</xml>


执行日期：2017-11-18-12?M?S
【接收到的notify通知】:
<xml><appid><![CDATA[wx40f0420cee68574f]]></appid>
<attach><![CDATA[帮助支付信息]]></attach>
<bank_type><![CDATA[CFT]]></bank_type>
<cash_fee><![CDATA[1]]></cash_fee>
<fee_type><![CDATA[CNY]]></fee_type>
<is_subscribe><![CDATA[N]]></is_subscribe>
<mch_id><![CDATA[1490799822]]></mch_id>
<nonce_str><![CDATA[c1r6jcgf4b4vt1x88ur3qldnfxab3gff]]></nonce_str>
<openid><![CDATA[o3b7N1DBG8-QxZtcxUJ6dfpBFnMI]]></openid>
<out_trade_no><![CDATA[claim4_27]]></out_trade_no>
<result_code><![CDATA[SUCCESS]]></result_code>
<return_code><![CDATA[SUCCESS]]></return_code>
<sign><![CDATA[E951D798924945E9B11B7B9551391B2E]]></sign>
<time_end><![CDATA[20171118121507]]></time_end>
<total_fee>1</total_fee>
<trade_type><![CDATA[JSAPI]]></trade_type>
<transaction_id><![CDATA[4200000022201711185420289528]]></transaction_id>
</xml>


执行日期：2017-11-18-12?M?S
【支付成功】:
<xml><appid><![CDATA[wx40f0420cee68574f]]></appid>
<attach><![CDATA[帮助支付信息]]></attach>
<bank_type><![CDATA[CFT]]></bank_type>
<cash_fee><![CDATA[1]]></cash_fee>
<fee_type><![CDATA[CNY]]></fee_type>
<is_subscribe><![CDATA[N]]></is_subscribe>
<mch_id><![CDATA[1490799822]]></mch_id>
<nonce_str><![CDATA[c1r6jcgf4b4vt1x88ur3qldnfxab3gff]]></nonce_str>
<openid><![CDATA[o3b7N1DBG8-QxZtcxUJ6dfpBFnMI]]></openid>
<out_trade_no><![CDATA[claim4_27]]></out_trade_no>
<result_code><![CDATA[SUCCESS]]></result_code>
<return_code><![CDATA[SUCCESS]]></return_code>
<sign><![CDATA[E951D798924945E9B11B7B9551391B2E]]></sign>
<time_end><![CDATA[20171118121507]]></time_end>
<total_fee>1</total_fee>
<trade_type><![CDATA[JSAPI]]></trade_type>
<transaction_id><![CDATA[4200000022201711185420289528]]></transaction_id>
</xml>


执行日期：2017-11-18-12?M?S
【接收到的notify通知】:
<xml><appid><![CDATA[wx40f0420cee68574f]]></appid>
<attach><![CDATA[帮助支付信息]]></attach>
<bank_type><![CDATA[CFT]]></bank_type>
<cash_fee><![CDATA[1]]></cash_fee>
<fee_type><![CDATA[CNY]]></fee_type>
<is_subscribe><![CDATA[N]]></is_subscribe>
<mch_id><![CDATA[1490799822]]></mch_id>
<nonce_str><![CDATA[2brleofu3augiczgznemfj5a5q6qk1yx]]></nonce_str>
<openid><![CDATA[o3b7N1DBG8-QxZtcxUJ6dfpBFnMI]]></openid>
<out_trade_no><![CDATA[claim4_25]]></out_trade_no>
<result_code><![CDATA[SUCCESS]]></result_code>
<return_code><![CDATA[SUCCESS]]></return_code>
<sign><![CDATA[75372564B41AD390352531BA2A5D8D7A]]></sign>
<time_end><![CDATA[20171118121213]]></time_end>
<total_fee>1</total_fee>
<trade_type><![CDATA[JSAPI]]></trade_type>
<transaction_id><![CDATA[4200000013201711185417668148]]></transaction_id>
</xml>


执行日期：2017-11-18-12?M?S
【支付成功】:
<xml><appid><![CDATA[wx40f0420cee68574f]]></appid>
<attach><![CDATA[帮助支付信息]]></attach>
<bank_type><![CDATA[CFT]]></bank_type>
<cash_fee><![CDATA[1]]></cash_fee>
<fee_type><![CDATA[CNY]]></fee_type>
<is_subscribe><![CDATA[N]]></is_subscribe>
<mch_id><![CDATA[1490799822]]></mch_id>
<nonce_str><![CDATA[2brleofu3augiczgznemfj5a5q6qk1yx]]></nonce_str>
<openid><![CDATA[o3b7N1DBG8-QxZtcxUJ6dfpBFnMI]]></openid>
<out_trade_no><![CDATA[claim4_25]]></out_trade_no>
<result_code><![CDATA[SUCCESS]]></result_code>
<return_code><![CDATA[SUCCESS]]></return_code>
<sign><![CDATA[75372564B41AD390352531BA2A5D8D7A]]></sign>
<time_end><![CDATA[20171118121213]]></time_end>
<total_fee>1</total_fee>
<trade_type><![CDATA[JSAPI]]></trade_type>
<transaction_id><![CDATA[4200000013201711185417668148]]></transaction_id>
</xml>


执行日期：2017-11-18-12?M?S
【接收到的notify通知】:
<xml><appid><![CDATA[wx40f0420cee68574f]]></appid>
<attach><![CDATA[帮助支付信息]]></attach>
<bank_type><![CDATA[CFT]]></bank_type>
<cash_fee><![CDATA[2]]></cash_fee>
<fee_type><![CDATA[CNY]]></fee_type>
<is_subscribe><![CDATA[N]]></is_subscribe>
<mch_id><![CDATA[1490799822]]></mch_id>
<nonce_str><![CDATA[a7cj8fbqmb90nq0nccs8a8pg62d6ytie]]></nonce_str>
<openid><![CDATA[o3b7N1DBG8-QxZtcxUJ6dfpBFnMI]]></openid>
<out_trade_no><![CDATA[claim4_26]]></out_trade_no>
<result_code><![CDATA[SUCCESS]]></result_code>
<return_code><![CDATA[SUCCESS]]></return_code>
<sign><![CDATA[BC80BBA195297A5CB780F443200EF210]]></sign>
<time_end><![CDATA[20171118121342]]></time_end>
<total_fee>2</total_fee>
<trade_type><![CDATA[JSAPI]]></trade_type>
<transaction_id><![CDATA[4200000002201711185421834226]]></transaction_id>
</xml>


执行日期：2017-11-18-12?M?S
【支付成功】:
<xml><appid><![CDATA[wx40f0420cee68574f]]></appid>
<attach><![CDATA[帮助支付信息]]></attach>
<bank_type><![CDATA[CFT]]></bank_type>
<cash_fee><![CDATA[2]]></cash_fee>
<fee_type><![CDATA[CNY]]></fee_type>
<is_subscribe><![CDATA[N]]></is_subscribe>
<mch_id><![CDATA[1490799822]]></mch_id>
<nonce_str><![CDATA[a7cj8fbqmb90nq0nccs8a8pg62d6ytie]]></nonce_str>
<openid><![CDATA[o3b7N1DBG8-QxZtcxUJ6dfpBFnMI]]></openid>
<out_trade_no><![CDATA[claim4_26]]></out_trade_no>
<result_code><![CDATA[SUCCESS]]></result_code>
<return_code><![CDATA[SUCCESS]]></return_code>
<sign><![CDATA[BC80BBA195297A5CB780F443200EF210]]></sign>
<time_end><![CDATA[20171118121342]]></time_end>
<total_fee>2</total_fee>
<trade_type><![CDATA[JSAPI]]></trade_type>
<transaction_id><![CDATA[4200000002201711185421834226]]></transaction_id>
</xml>


执行日期：2017-11-18-12?M?S
【接收到的notify通知】:
<xml><appid><![CDATA[wx40f0420cee68574f]]></appid>
<attach><![CDATA[帮助支付信息]]></attach>
<bank_type><![CDATA[CFT]]></bank_type>
<cash_fee><![CDATA[1]]></cash_fee>
<fee_type><![CDATA[CNY]]></fee_type>
<is_subscribe><![CDATA[N]]></is_subscribe>
<mch_id><![CDATA[1490799822]]></mch_id>
<nonce_str><![CDATA[oq5o3spqrbxasy918rufvu7q5et8qsnd]]></nonce_str>
<openid><![CDATA[o3b7N1DBG8-QxZtcxUJ6dfpBFnMI]]></openid>
<out_trade_no><![CDATA[claim4_31]]></out_trade_no>
<result_code><![CDATA[SUCCESS]]></result_code>
<return_code><![CDATA[SUCCESS]]></return_code>
<sign><![CDATA[7AD851968B808A6C18B037DCC8A479E7]]></sign>
<time_end><![CDATA[20171118125202]]></time_end>
<total_fee>1</total_fee>
<trade_type><![CDATA[JSAPI]]></trade_type>
<transaction_id><![CDATA[4200000011201711185430107844]]></transaction_id>
</xml>


执行日期：2017-11-18-12?M?S
【支付成功】:
<xml><appid><![CDATA[wx40f0420cee68574f]]></appid>
<attach><![CDATA[帮助支付信息]]></attach>
<bank_type><![CDATA[CFT]]></bank_type>
<cash_fee><![CDATA[1]]></cash_fee>
<fee_type><![CDATA[CNY]]></fee_type>
<is_subscribe><![CDATA[N]]></is_subscribe>
<mch_id><![CDATA[1490799822]]></mch_id>
<nonce_str><![CDATA[oq5o3spqrbxasy918rufvu7q5et8qsnd]]></nonce_str>
<openid><![CDATA[o3b7N1DBG8-QxZtcxUJ6dfpBFnMI]]></openid>
<out_trade_no><![CDATA[claim4_31]]></out_trade_no>
<result_code><![CDATA[SUCCESS]]></result_code>
<return_code><![CDATA[SUCCESS]]></return_code>
<sign><![CDATA[7AD851968B808A6C18B037DCC8A479E7]]></sign>
<time_end><![CDATA[20171118125202]]></time_end>
<total_fee>1</total_fee>
<trade_type><![CDATA[JSAPI]]></trade_type>
<transaction_id><![CDATA[4200000011201711185430107844]]></transaction_id>
</xml>


执行日期：2017-11-18-13?M?S
【接收到的notify通知】:
<xml><appid><![CDATA[wx40f0420cee68574f]]></appid>
<attach><![CDATA[帮助支付信息]]></attach>
<bank_type><![CDATA[CFT]]></bank_type>
<cash_fee><![CDATA[1]]></cash_fee>
<fee_type><![CDATA[CNY]]></fee_type>
<is_subscribe><![CDATA[N]]></is_subscribe>
<mch_id><![CDATA[1490799822]]></mch_id>
<nonce_str><![CDATA[7ajf8879c0t19xs1pyw3g7u0mxz5h35z]]></nonce_str>
<openid><![CDATA[o3b7N1DBG8-QxZtcxUJ6dfpBFnMI]]></openid>
<out_trade_no><![CDATA[claim3_32]]></out_trade_no>
<result_code><![CDATA[SUCCESS]]></result_code>
<return_code><![CDATA[SUCCESS]]></return_code>
<sign><![CDATA[05816476F34D64C99D47A5A8294E60F5]]></sign>
<time_end><![CDATA[20171118135428]]></time_end>
<total_fee>1</total_fee>
<trade_type><![CDATA[JSAPI]]></trade_type>
<transaction_id><![CDATA[4200000009201711185441803089]]></transaction_id>
</xml>


执行日期：2017-11-18-13?M?S
【支付成功】:
<xml><appid><![CDATA[wx40f0420cee68574f]]></appid>
<attach><![CDATA[帮助支付信息]]></attach>
<bank_type><![CDATA[CFT]]></bank_type>
<cash_fee><![CDATA[1]]></cash_fee>
<fee_type><![CDATA[CNY]]></fee_type>
<is_subscribe><![CDATA[N]]></is_subscribe>
<mch_id><![CDATA[1490799822]]></mch_id>
<nonce_str><![CDATA[7ajf8879c0t19xs1pyw3g7u0mxz5h35z]]></nonce_str>
<openid><![CDATA[o3b7N1DBG8-QxZtcxUJ6dfpBFnMI]]></openid>
<out_trade_no><![CDATA[claim3_32]]></out_trade_no>
<result_code><![CDATA[SUCCESS]]></result_code>
<return_code><![CDATA[SUCCESS]]></return_code>
<sign><![CDATA[05816476F34D64C99D47A5A8294E60F5]]></sign>
<time_end><![CDATA[20171118135428]]></time_end>
<total_fee>1</total_fee>
<trade_type><![CDATA[JSAPI]]></trade_type>
<transaction_id><![CDATA[4200000009201711185441803089]]></transaction_id>
</xml>


执行日期：2017-11-18-14?M?S
【接收到的notify通知】:
<xml><appid><![CDATA[wx40f0420cee68574f]]></appid>
<attach><![CDATA[帮助支付信息]]></attach>
<bank_type><![CDATA[CFT]]></bank_type>
<cash_fee><![CDATA[2]]></cash_fee>
<fee_type><![CDATA[CNY]]></fee_type>
<is_subscribe><![CDATA[N]]></is_subscribe>
<mch_id><![CDATA[1490799822]]></mch_id>
<nonce_str><![CDATA[dcndapm7exw5897nf4utqw48jxzfuhf9]]></nonce_str>
<openid><![CDATA[o3b7N1DBG8-QxZtcxUJ6dfpBFnMI]]></openid>
<out_trade_no><![CDATA[claim4_33]]></out_trade_no>
<result_code><![CDATA[SUCCESS]]></result_code>
<return_code><![CDATA[SUCCESS]]></return_code>
<sign><![CDATA[4E2EE908AD6EF762BEE08B8B53A2B0A9]]></sign>
<time_end><![CDATA[20171118143931]]></time_end>
<total_fee>2</total_fee>
<trade_type><![CDATA[JSAPI]]></trade_type>
<transaction_id><![CDATA[4200000024201711185454351274]]></transaction_id>
</xml>


执行日期：2017-11-18-14?M?S
【支付成功】:
<xml><appid><![CDATA[wx40f0420cee68574f]]></appid>
<attach><![CDATA[帮助支付信息]]></attach>
<bank_type><![CDATA[CFT]]></bank_type>
<cash_fee><![CDATA[2]]></cash_fee>
<fee_type><![CDATA[CNY]]></fee_type>
<is_subscribe><![CDATA[N]]></is_subscribe>
<mch_id><![CDATA[1490799822]]></mch_id>
<nonce_str><![CDATA[dcndapm7exw5897nf4utqw48jxzfuhf9]]></nonce_str>
<openid><![CDATA[o3b7N1DBG8-QxZtcxUJ6dfpBFnMI]]></openid>
<out_trade_no><![CDATA[claim4_33]]></out_trade_no>
<result_code><![CDATA[SUCCESS]]></result_code>
<return_code><![CDATA[SUCCESS]]></return_code>
<sign><![CDATA[4E2EE908AD6EF762BEE08B8B53A2B0A9]]></sign>
<time_end><![CDATA[20171118143931]]></time_end>
<total_fee>2</total_fee>
<trade_type><![CDATA[JSAPI]]></trade_type>
<transaction_id><![CDATA[4200000024201711185454351274]]></transaction_id>
</xml>


执行日期：2017-11-18-16?M?S
【接收到的notify通知】:
<xml><appid><![CDATA[wx40f0420cee68574f]]></appid>
<attach><![CDATA[帮助支付信息]]></attach>
<bank_type><![CDATA[CFT]]></bank_type>
<cash_fee><![CDATA[1]]></cash_fee>
<fee_type><![CDATA[CNY]]></fee_type>
<is_subscribe><![CDATA[N]]></is_subscribe>
<mch_id><![CDATA[1490799822]]></mch_id>
<nonce_str><![CDATA[ev43vrv6e8kuti8zxh3zk6ba485z5t6i]]></nonce_str>
<openid><![CDATA[o3b7N1DBG8-QxZtcxUJ6dfpBFnMI]]></openid>
<out_trade_no><![CDATA[claim4_36]]></out_trade_no>
<result_code><![CDATA[SUCCESS]]></result_code>
<return_code><![CDATA[SUCCESS]]></return_code>
<sign><![CDATA[B2CBD18C70268620BE078752ABE8547C]]></sign>
<time_end><![CDATA[20171118164135]]></time_end>
<total_fee>1</total_fee>
<trade_type><![CDATA[JSAPI]]></trade_type>
<transaction_id><![CDATA[4200000028201711185478383368]]></transaction_id>
</xml>


执行日期：2017-11-18-16?M?S
【支付成功】:
<xml><appid><![CDATA[wx40f0420cee68574f]]></appid>
<attach><![CDATA[帮助支付信息]]></attach>
<bank_type><![CDATA[CFT]]></bank_type>
<cash_fee><![CDATA[1]]></cash_fee>
<fee_type><![CDATA[CNY]]></fee_type>
<is_subscribe><![CDATA[N]]></is_subscribe>
<mch_id><![CDATA[1490799822]]></mch_id>
<nonce_str><![CDATA[ev43vrv6e8kuti8zxh3zk6ba485z5t6i]]></nonce_str>
<openid><![CDATA[o3b7N1DBG8-QxZtcxUJ6dfpBFnMI]]></openid>
<out_trade_no><![CDATA[claim4_36]]></out_trade_no>
<result_code><![CDATA[SUCCESS]]></result_code>
<return_code><![CDATA[SUCCESS]]></return_code>
<sign><![CDATA[B2CBD18C70268620BE078752ABE8547C]]></sign>
<time_end><![CDATA[20171118164135]]></time_end>
<total_fee>1</total_fee>
<trade_type><![CDATA[JSAPI]]></trade_type>
<transaction_id><![CDATA[4200000028201711185478383368]]></transaction_id>
</xml>


执行日期：2017-11-18-16?M?S
【接收到的notify通知】:
<xml><appid><![CDATA[wx40f0420cee68574f]]></appid>
<attach><![CDATA[帮助支付信息]]></attach>
<bank_type><![CDATA[CFT]]></bank_type>
<cash_fee><![CDATA[10]]></cash_fee>
<fee_type><![CDATA[CNY]]></fee_type>
<is_subscribe><![CDATA[N]]></is_subscribe>
<mch_id><![CDATA[1490799822]]></mch_id>
<nonce_str><![CDATA[4ipwogc7l3nqa472kjts0pfl0irinsw2]]></nonce_str>
<openid><![CDATA[o3b7N1DBG8-QxZtcxUJ6dfpBFnMI]]></openid>
<out_trade_no><![CDATA[claim4_37]]></out_trade_no>
<result_code><![CDATA[SUCCESS]]></result_code>
<return_code><![CDATA[SUCCESS]]></return_code>
<sign><![CDATA[213F6A1A0F7DADDD193C4021041DB83A]]></sign>
<time_end><![CDATA[20171118164713]]></time_end>
<total_fee>10</total_fee>
<trade_type><![CDATA[JSAPI]]></trade_type>
<transaction_id><![CDATA[4200000015201711185478131071]]></transaction_id>
</xml>


执行日期：2017-11-18-16?M?S
【支付成功】:
<xml><appid><![CDATA[wx40f0420cee68574f]]></appid>
<attach><![CDATA[帮助支付信息]]></attach>
<bank_type><![CDATA[CFT]]></bank_type>
<cash_fee><![CDATA[10]]></cash_fee>
<fee_type><![CDATA[CNY]]></fee_type>
<is_subscribe><![CDATA[N]]></is_subscribe>
<mch_id><![CDATA[1490799822]]></mch_id>
<nonce_str><![CDATA[4ipwogc7l3nqa472kjts0pfl0irinsw2]]></nonce_str>
<openid><![CDATA[o3b7N1DBG8-QxZtcxUJ6dfpBFnMI]]></openid>
<out_trade_no><![CDATA[claim4_37]]></out_trade_no>
<result_code><![CDATA[SUCCESS]]></result_code>
<return_code><![CDATA[SUCCESS]]></return_code>
<sign><![CDATA[213F6A1A0F7DADDD193C4021041DB83A]]></sign>
<time_end><![CDATA[20171118164713]]></time_end>
<total_fee>10</total_fee>
<trade_type><![CDATA[JSAPI]]></trade_type>
<transaction_id><![CDATA[4200000015201711185478131071]]></transaction_id>
</xml>


执行日期：2017-11-18-16?M?S
【接收到的notify通知】:
<xml><appid><![CDATA[wx40f0420cee68574f]]></appid>
<attach><![CDATA[帮助支付信息]]></attach>
<bank_type><![CDATA[CFT]]></bank_type>
<cash_fee><![CDATA[1]]></cash_fee>
<fee_type><![CDATA[CNY]]></fee_type>
<is_subscribe><![CDATA[N]]></is_subscribe>
<mch_id><![CDATA[1490799822]]></mch_id>
<nonce_str><![CDATA[l2xafbav66fggwway3rcd1hlryg7t0m4]]></nonce_str>
<openid><![CDATA[o3b7N1DBG8-QxZtcxUJ6dfpBFnMI]]></openid>
<out_trade_no><![CDATA[claim4_38]]></out_trade_no>
<result_code><![CDATA[SUCCESS]]></result_code>
<return_code><![CDATA[SUCCESS]]></return_code>
<sign><![CDATA[B14CACAECF1D560969FC952075797621]]></sign>
<time_end><![CDATA[20171118164901]]></time_end>
<total_fee>1</total_fee>
<trade_type><![CDATA[JSAPI]]></trade_type>
<transaction_id><![CDATA[4200000016201711185478244536]]></transaction_id>
</xml>


执行日期：2017-11-18-16?M?S
【支付成功】:
<xml><appid><![CDATA[wx40f0420cee68574f]]></appid>
<attach><![CDATA[帮助支付信息]]></attach>
<bank_type><![CDATA[CFT]]></bank_type>
<cash_fee><![CDATA[1]]></cash_fee>
<fee_type><![CDATA[CNY]]></fee_type>
<is_subscribe><![CDATA[N]]></is_subscribe>
<mch_id><![CDATA[1490799822]]></mch_id>
<nonce_str><![CDATA[l2xafbav66fggwway3rcd1hlryg7t0m4]]></nonce_str>
<openid><![CDATA[o3b7N1DBG8-QxZtcxUJ6dfpBFnMI]]></openid>
<out_trade_no><![CDATA[claim4_38]]></out_trade_no>
<result_code><![CDATA[SUCCESS]]></result_code>
<return_code><![CDATA[SUCCESS]]></return_code>
<sign><![CDATA[B14CACAECF1D560969FC952075797621]]></sign>
<time_end><![CDATA[20171118164901]]></time_end>
<total_fee>1</total_fee>
<trade_type><![CDATA[JSAPI]]></trade_type>
<transaction_id><![CDATA[4200000016201711185478244536]]></transaction_id>
</xml>


执行日期：2017-11-18-16?M?S
【接收到的notify通知】:
<xml><appid><![CDATA[wx40f0420cee68574f]]></appid>
<attach><![CDATA[帮助支付信息]]></attach>
<bank_type><![CDATA[CMB_DEBIT]]></bank_type>
<cash_fee><![CDATA[1]]></cash_fee>
<fee_type><![CDATA[CNY]]></fee_type>
<is_subscribe><![CDATA[Y]]></is_subscribe>
<mch_id><![CDATA[1490799822]]></mch_id>
<nonce_str><![CDATA[ha0180137blj63aevcefnv3abuexzf9e]]></nonce_str>
<openid><![CDATA[o3b7N1OR9ndhA2i9374vhlNpWnZU]]></openid>
<out_trade_no><![CDATA[claim4_39]]></out_trade_no>
<result_code><![CDATA[SUCCESS]]></result_code>
<return_code><![CDATA[SUCCESS]]></return_code>
<sign><![CDATA[E3881579D378DC670801E5C44B9F9850]]></sign>
<time_end><![CDATA[20171118165228]]></time_end>
<total_fee>1</total_fee>
<trade_type><![CDATA[JSAPI]]></trade_type>
<transaction_id><![CDATA[4200000017201711185482496625]]></transaction_id>
</xml>


执行日期：2017-11-18-16?M?S
【支付成功】:
<xml><appid><![CDATA[wx40f0420cee68574f]]></appid>
<attach><![CDATA[帮助支付信息]]></attach>
<bank_type><![CDATA[CMB_DEBIT]]></bank_type>
<cash_fee><![CDATA[1]]></cash_fee>
<fee_type><![CDATA[CNY]]></fee_type>
<is_subscribe><![CDATA[Y]]></is_subscribe>
<mch_id><![CDATA[1490799822]]></mch_id>
<nonce_str><![CDATA[ha0180137blj63aevcefnv3abuexzf9e]]></nonce_str>
<openid><![CDATA[o3b7N1OR9ndhA2i9374vhlNpWnZU]]></openid>
<out_trade_no><![CDATA[claim4_39]]></out_trade_no>
<result_code><![CDATA[SUCCESS]]></result_code>
<return_code><![CDATA[SUCCESS]]></return_code>
<sign><![CDATA[E3881579D378DC670801E5C44B9F9850]]></sign>
<time_end><![CDATA[20171118165228]]></time_end>
<total_fee>1</total_fee>
<trade_type><![CDATA[JSAPI]]></trade_type>
<transaction_id><![CDATA[4200000017201711185482496625]]></transaction_id>
</xml>


执行日期：2017-11-18-17?M?S
【接收到的notify通知】:



执行日期：2017-11-18-17?M?S
【业务出错<xml></xml>】:



