执行日期：2017-11-28-09?M?S
【接收到的notify通知】:
<xml><appid><![CDATA[wx40f0420cee68574f]]></appid>
<attach><![CDATA[帮助支付信息]]></attach>
<bank_type><![CDATA[CFT]]></bank_type>
<cash_fee><![CDATA[10]]></cash_fee>
<fee_type><![CDATA[CNY]]></fee_type>
<is_subscribe><![CDATA[Y]]></is_subscribe>
<mch_id><![CDATA[1490799822]]></mch_id>
<nonce_str><![CDATA[qau31asou2kjw4zrrwuoyqcudk0ssjzr]]></nonce_str>
<openid><![CDATA[o3b7N1OIo88XIDTwT_bJjk7zVuP4]]></openid>
<out_trade_no><![CDATA[claim4_90]]></out_trade_no>
<result_code><![CDATA[SUCCESS]]></result_code>
<return_code><![CDATA[SUCCESS]]></return_code>
<sign><![CDATA[579063A70263E2B5593EAD603505BACD]]></sign>
<time_end><![CDATA[20171128094325]]></time_end>
<total_fee>10</total_fee>
<trade_type><![CDATA[JSAPI]]></trade_type>
<transaction_id><![CDATA[4200000004201711287554624429]]></transaction_id>
</xml>


执行日期：2017-11-28-09?M?S
【支付成功】:
<xml><appid><![CDATA[wx40f0420cee68574f]]></appid>
<attach><![CDATA[帮助支付信息]]></attach>
<bank_type><![CDATA[CFT]]></bank_type>
<cash_fee><![CDATA[10]]></cash_fee>
<fee_type><![CDATA[CNY]]></fee_type>
<is_subscribe><![CDATA[Y]]></is_subscribe>
<mch_id><![CDATA[1490799822]]></mch_id>
<nonce_str><![CDATA[qau31asou2kjw4zrrwuoyqcudk0ssjzr]]></nonce_str>
<openid><![CDATA[o3b7N1OIo88XIDTwT_bJjk7zVuP4]]></openid>
<out_trade_no><![CDATA[claim4_90]]></out_trade_no>
<result_code><![CDATA[SUCCESS]]></result_code>
<return_code><![CDATA[SUCCESS]]></return_code>
<sign><![CDATA[579063A70263E2B5593EAD603505BACD]]></sign>
<time_end><![CDATA[20171128094325]]></time_end>
<total_fee>10</total_fee>
<trade_type><![CDATA[JSAPI]]></trade_type>
<transaction_id><![CDATA[4200000004201711287554624429]]></transaction_id>
</xml>


执行日期：2017-11-28-09?M?S
【接收到的notify通知】:
<xml><appid><![CDATA[wx40f0420cee68574f]]></appid>
<attach><![CDATA[帮助支付信息]]></attach>
<bank_type><![CDATA[CFT]]></bank_type>
<cash_fee><![CDATA[10]]></cash_fee>
<fee_type><![CDATA[CNY]]></fee_type>
<is_subscribe><![CDATA[N]]></is_subscribe>
<mch_id><![CDATA[1490799822]]></mch_id>
<nonce_str><![CDATA[69xo2ak9gnitaceawa777rq4465ihvzg]]></nonce_str>
<openid><![CDATA[o3b7N1CXo6mXBodjvU0JXx2_YLto]]></openid>
<out_trade_no><![CDATA[claim4_91]]></out_trade_no>
<result_code><![CDATA[SUCCESS]]></result_code>
<return_code><![CDATA[SUCCESS]]></return_code>
<sign><![CDATA[B98A1D14906CB524D43503538EFA08EA]]></sign>
<time_end><![CDATA[20171128094445]]></time_end>
<total_fee>10</total_fee>
<trade_type><![CDATA[JSAPI]]></trade_type>
<transaction_id><![CDATA[4200000011201711287551465124]]></transaction_id>
</xml>


执行日期：2017-11-28-09?M?S
【支付成功】:
<xml><appid><![CDATA[wx40f0420cee68574f]]></appid>
<attach><![CDATA[帮助支付信息]]></attach>
<bank_type><![CDATA[CFT]]></bank_type>
<cash_fee><![CDATA[10]]></cash_fee>
<fee_type><![CDATA[CNY]]></fee_type>
<is_subscribe><![CDATA[N]]></is_subscribe>
<mch_id><![CDATA[1490799822]]></mch_id>
<nonce_str><![CDATA[69xo2ak9gnitaceawa777rq4465ihvzg]]></nonce_str>
<openid><![CDATA[o3b7N1CXo6mXBodjvU0JXx2_YLto]]></openid>
<out_trade_no><![CDATA[claim4_91]]></out_trade_no>
<result_code><![CDATA[SUCCESS]]></result_code>
<return_code><![CDATA[SUCCESS]]></return_code>
<sign><![CDATA[B98A1D14906CB524D43503538EFA08EA]]></sign>
<time_end><![CDATA[20171128094445]]></time_end>
<total_fee>10</total_fee>
<trade_type><![CDATA[JSAPI]]></trade_type>
<transaction_id><![CDATA[4200000011201711287551465124]]></transaction_id>
</xml>


执行日期：2017-11-28-09?M?S
【接收到的notify通知】:
<xml><appid><![CDATA[wx40f0420cee68574f]]></appid>
<attach><![CDATA[帮助支付信息]]></attach>
<bank_type><![CDATA[CFT]]></bank_type>
<cash_fee><![CDATA[50]]></cash_fee>
<fee_type><![CDATA[CNY]]></fee_type>
<is_subscribe><![CDATA[Y]]></is_subscribe>
<mch_id><![CDATA[1490799822]]></mch_id>
<nonce_str><![CDATA[ugy5h3c9dr0ckghqnjtjshkls7zufwau]]></nonce_str>
<openid><![CDATA[o3b7N1OIo88XIDTwT_bJjk7zVuP4]]></openid>
<out_trade_no><![CDATA[claim4_92]]></out_trade_no>
<result_code><![CDATA[SUCCESS]]></result_code>
<return_code><![CDATA[SUCCESS]]></return_code>
<sign><![CDATA[54EDEA0D91AC8D3151F642C2F23A55F2]]></sign>
<time_end><![CDATA[20171128094501]]></time_end>
<total_fee>50</total_fee>
<trade_type><![CDATA[JSAPI]]></trade_type>
<transaction_id><![CDATA[4200000022201711287550067303]]></transaction_id>
</xml>


执行日期：2017-11-28-09?M?S
【支付成功】:
<xml><appid><![CDATA[wx40f0420cee68574f]]></appid>
<attach><![CDATA[帮助支付信息]]></attach>
<bank_type><![CDATA[CFT]]></bank_type>
<cash_fee><![CDATA[50]]></cash_fee>
<fee_type><![CDATA[CNY]]></fee_type>
<is_subscribe><![CDATA[Y]]></is_subscribe>
<mch_id><![CDATA[1490799822]]></mch_id>
<nonce_str><![CDATA[ugy5h3c9dr0ckghqnjtjshkls7zufwau]]></nonce_str>
<openid><![CDATA[o3b7N1OIo88XIDTwT_bJjk7zVuP4]]></openid>
<out_trade_no><![CDATA[claim4_92]]></out_trade_no>
<result_code><![CDATA[SUCCESS]]></result_code>
<return_code><![CDATA[SUCCESS]]></return_code>
<sign><![CDATA[54EDEA0D91AC8D3151F642C2F23A55F2]]></sign>
<time_end><![CDATA[20171128094501]]></time_end>
<total_fee>50</total_fee>
<trade_type><![CDATA[JSAPI]]></trade_type>
<transaction_id><![CDATA[4200000022201711287550067303]]></transaction_id>
</xml>


执行日期：2017-11-28-09?M?S
【接收到的notify通知】:
<xml><appid><![CDATA[wx40f0420cee68574f]]></appid>
<attach><![CDATA[帮助支付信息]]></attach>
<bank_type><![CDATA[CFT]]></bank_type>
<cash_fee><![CDATA[5]]></cash_fee>
<fee_type><![CDATA[CNY]]></fee_type>
<is_subscribe><![CDATA[N]]></is_subscribe>
<mch_id><![CDATA[1490799822]]></mch_id>
<nonce_str><![CDATA[s2ayd3c6aofacsk903o8ytwf5b20ajga]]></nonce_str>
<openid><![CDATA[o3b7N1CR3IUVr5zlr5ADomxSJAYQ]]></openid>
<out_trade_no><![CDATA[claim4_93]]></out_trade_no>
<result_code><![CDATA[SUCCESS]]></result_code>
<return_code><![CDATA[SUCCESS]]></return_code>
<sign><![CDATA[7AB35AEE29096A8FF96927CCC376376C]]></sign>
<time_end><![CDATA[20171128094759]]></time_end>
<total_fee>5</total_fee>
<trade_type><![CDATA[JSAPI]]></trade_type>
<transaction_id><![CDATA[4200000007201711287551642060]]></transaction_id>
</xml>


执行日期：2017-11-28-09?M?S
【支付成功】:
<xml><appid><![CDATA[wx40f0420cee68574f]]></appid>
<attach><![CDATA[帮助支付信息]]></attach>
<bank_type><![CDATA[CFT]]></bank_type>
<cash_fee><![CDATA[5]]></cash_fee>
<fee_type><![CDATA[CNY]]></fee_type>
<is_subscribe><![CDATA[N]]></is_subscribe>
<mch_id><![CDATA[1490799822]]></mch_id>
<nonce_str><![CDATA[s2ayd3c6aofacsk903o8ytwf5b20ajga]]></nonce_str>
<openid><![CDATA[o3b7N1CR3IUVr5zlr5ADomxSJAYQ]]></openid>
<out_trade_no><![CDATA[claim4_93]]></out_trade_no>
<result_code><![CDATA[SUCCESS]]></result_code>
<return_code><![CDATA[SUCCESS]]></return_code>
<sign><![CDATA[7AB35AEE29096A8FF96927CCC376376C]]></sign>
<time_end><![CDATA[20171128094759]]></time_end>
<total_fee>5</total_fee>
<trade_type><![CDATA[JSAPI]]></trade_type>
<transaction_id><![CDATA[4200000007201711287551642060]]></transaction_id>
</xml>


执行日期：2017-11-28-09?M?S
【接收到的notify通知】:
<xml><appid><![CDATA[wx40f0420cee68574f]]></appid>
<attach><![CDATA[帮助支付信息]]></attach>
<bank_type><![CDATA[CFT]]></bank_type>
<cash_fee><![CDATA[10]]></cash_fee>
<fee_type><![CDATA[CNY]]></fee_type>
<is_subscribe><![CDATA[N]]></is_subscribe>
<mch_id><![CDATA[1490799822]]></mch_id>
<nonce_str><![CDATA[9xx0giybtr1qld060it7yo0rp8o87gtc]]></nonce_str>
<openid><![CDATA[o3b7N1JqCn_CYresJOfbiOixEPPU]]></openid>
<out_trade_no><![CDATA[claim4_94]]></out_trade_no>
<result_code><![CDATA[SUCCESS]]></result_code>
<return_code><![CDATA[SUCCESS]]></return_code>
<sign><![CDATA[A912520A5B264681228E0BDE4E530424]]></sign>
<time_end><![CDATA[20171128094952]]></time_end>
<total_fee>10</total_fee>
<trade_type><![CDATA[JSAPI]]></trade_type>
<transaction_id><![CDATA[4200000020201711287554891838]]></transaction_id>
</xml>


执行日期：2017-11-28-09?M?S
【支付成功】:
<xml><appid><![CDATA[wx40f0420cee68574f]]></appid>
<attach><![CDATA[帮助支付信息]]></attach>
<bank_type><![CDATA[CFT]]></bank_type>
<cash_fee><![CDATA[10]]></cash_fee>
<fee_type><![CDATA[CNY]]></fee_type>
<is_subscribe><![CDATA[N]]></is_subscribe>
<mch_id><![CDATA[1490799822]]></mch_id>
<nonce_str><![CDATA[9xx0giybtr1qld060it7yo0rp8o87gtc]]></nonce_str>
<openid><![CDATA[o3b7N1JqCn_CYresJOfbiOixEPPU]]></openid>
<out_trade_no><![CDATA[claim4_94]]></out_trade_no>
<result_code><![CDATA[SUCCESS]]></result_code>
<return_code><![CDATA[SUCCESS]]></return_code>
<sign><![CDATA[A912520A5B264681228E0BDE4E530424]]></sign>
<time_end><![CDATA[20171128094952]]></time_end>
<total_fee>10</total_fee>
<trade_type><![CDATA[JSAPI]]></trade_type>
<transaction_id><![CDATA[4200000020201711287554891838]]></transaction_id>
</xml>


执行日期：2017-11-28-09?M?S
【接收到的notify通知】:
<xml><appid><![CDATA[wx40f0420cee68574f]]></appid>
<attach><![CDATA[帮助支付信息]]></attach>
<bank_type><![CDATA[CFT]]></bank_type>
<cash_fee><![CDATA[10]]></cash_fee>
<fee_type><![CDATA[CNY]]></fee_type>
<is_subscribe><![CDATA[N]]></is_subscribe>
<mch_id><![CDATA[1490799822]]></mch_id>
<nonce_str><![CDATA[ogprn5edcqw8ody5q3jun8gwjhsna9qc]]></nonce_str>
<openid><![CDATA[o3b7N1EywxGabVoIhJ13KzWGDggY]]></openid>
<out_trade_no><![CDATA[claim4_99]]></out_trade_no>
<result_code><![CDATA[SUCCESS]]></result_code>
<return_code><![CDATA[SUCCESS]]></return_code>
<sign><![CDATA[1BE94242CA0EDF2F7B4EA64E862A8F48]]></sign>
<time_end><![CDATA[20171128095853]]></time_end>
<total_fee>10</total_fee>
<trade_type><![CDATA[JSAPI]]></trade_type>
<transaction_id><![CDATA[4200000008201711287556624868]]></transaction_id>
</xml>


执行日期：2017-11-28-09?M?S
【支付成功】:
<xml><appid><![CDATA[wx40f0420cee68574f]]></appid>
<attach><![CDATA[帮助支付信息]]></attach>
<bank_type><![CDATA[CFT]]></bank_type>
<cash_fee><![CDATA[10]]></cash_fee>
<fee_type><![CDATA[CNY]]></fee_type>
<is_subscribe><![CDATA[N]]></is_subscribe>
<mch_id><![CDATA[1490799822]]></mch_id>
<nonce_str><![CDATA[ogprn5edcqw8ody5q3jun8gwjhsna9qc]]></nonce_str>
<openid><![CDATA[o3b7N1EywxGabVoIhJ13KzWGDggY]]></openid>
<out_trade_no><![CDATA[claim4_99]]></out_trade_no>
<result_code><![CDATA[SUCCESS]]></result_code>
<return_code><![CDATA[SUCCESS]]></return_code>
<sign><![CDATA[1BE94242CA0EDF2F7B4EA64E862A8F48]]></sign>
<time_end><![CDATA[20171128095853]]></time_end>
<total_fee>10</total_fee>
<trade_type><![CDATA[JSAPI]]></trade_type>
<transaction_id><![CDATA[4200000008201711287556624868]]></transaction_id>
</xml>


执行日期：2017-11-28-10?M?S
【接收到的notify通知】:
<xml><appid><![CDATA[wx40f0420cee68574f]]></appid>
<attach><![CDATA[帮助支付信息]]></attach>
<bank_type><![CDATA[CFT]]></bank_type>
<cash_fee><![CDATA[1]]></cash_fee>
<fee_type><![CDATA[CNY]]></fee_type>
<is_subscribe><![CDATA[Y]]></is_subscribe>
<mch_id><![CDATA[1490799822]]></mch_id>
<nonce_str><![CDATA[y8p64inoe9180s2bhyp2mo2mwccd7bqx]]></nonce_str>
<openid><![CDATA[o3b7N1NlX0PojqSBwFVK9CjU1LgQ]]></openid>
<out_trade_no><![CDATA[claim4_102]]></out_trade_no>
<result_code><![CDATA[SUCCESS]]></result_code>
<return_code><![CDATA[SUCCESS]]></return_code>
<sign><![CDATA[097E29E09FCE712385630BD3E79142CB]]></sign>
<time_end><![CDATA[20171128105658]]></time_end>
<total_fee>1</total_fee>
<trade_type><![CDATA[JSAPI]]></trade_type>
<transaction_id><![CDATA[4200000004201711287565071714]]></transaction_id>
</xml>


执行日期：2017-11-28-10?M?S
【支付成功】:
<xml><appid><![CDATA[wx40f0420cee68574f]]></appid>
<attach><![CDATA[帮助支付信息]]></attach>
<bank_type><![CDATA[CFT]]></bank_type>
<cash_fee><![CDATA[1]]></cash_fee>
<fee_type><![CDATA[CNY]]></fee_type>
<is_subscribe><![CDATA[Y]]></is_subscribe>
<mch_id><![CDATA[1490799822]]></mch_id>
<nonce_str><![CDATA[y8p64inoe9180s2bhyp2mo2mwccd7bqx]]></nonce_str>
<openid><![CDATA[o3b7N1NlX0PojqSBwFVK9CjU1LgQ]]></openid>
<out_trade_no><![CDATA[claim4_102]]></out_trade_no>
<result_code><![CDATA[SUCCESS]]></result_code>
<return_code><![CDATA[SUCCESS]]></return_code>
<sign><![CDATA[097E29E09FCE712385630BD3E79142CB]]></sign>
<time_end><![CDATA[20171128105658]]></time_end>
<total_fee>1</total_fee>
<trade_type><![CDATA[JSAPI]]></trade_type>
<transaction_id><![CDATA[4200000004201711287565071714]]></transaction_id>
</xml>


执行日期：2017-11-28-12?M?S
【接收到的notify通知】:
<xml><appid><![CDATA[wx40f0420cee68574f]]></appid>
<attach><![CDATA[帮助支付信息]]></attach>
<bank_type><![CDATA[CFT]]></bank_type>
<cash_fee><![CDATA[1]]></cash_fee>
<fee_type><![CDATA[CNY]]></fee_type>
<is_subscribe><![CDATA[N]]></is_subscribe>
<mch_id><![CDATA[1490799822]]></mch_id>
<nonce_str><![CDATA[4ua83mb8zip7gr4kmwto89kgpmhuhjcf]]></nonce_str>
<openid><![CDATA[o3b7N1DBG8-QxZtcxUJ6dfpBFnMI]]></openid>
<out_trade_no><![CDATA[claim4_105]]></out_trade_no>
<result_code><![CDATA[SUCCESS]]></result_code>
<return_code><![CDATA[SUCCESS]]></return_code>
<sign><![CDATA[FDE8CC5A6DDC79C14AC21F484939278E]]></sign>
<time_end><![CDATA[20171128124029]]></time_end>
<total_fee>1</total_fee>
<trade_type><![CDATA[JSAPI]]></trade_type>
<transaction_id><![CDATA[4200000006201711287587820785]]></transaction_id>
</xml>


执行日期：2017-11-28-12?M?S
【支付成功】:
<xml><appid><![CDATA[wx40f0420cee68574f]]></appid>
<attach><![CDATA[帮助支付信息]]></attach>
<bank_type><![CDATA[CFT]]></bank_type>
<cash_fee><![CDATA[1]]></cash_fee>
<fee_type><![CDATA[CNY]]></fee_type>
<is_subscribe><![CDATA[N]]></is_subscribe>
<mch_id><![CDATA[1490799822]]></mch_id>
<nonce_str><![CDATA[4ua83mb8zip7gr4kmwto89kgpmhuhjcf]]></nonce_str>
<openid><![CDATA[o3b7N1DBG8-QxZtcxUJ6dfpBFnMI]]></openid>
<out_trade_no><![CDATA[claim4_105]]></out_trade_no>
<result_code><![CDATA[SUCCESS]]></result_code>
<return_code><![CDATA[SUCCESS]]></return_code>
<sign><![CDATA[FDE8CC5A6DDC79C14AC21F484939278E]]></sign>
<time_end><![CDATA[20171128124029]]></time_end>
<total_fee>1</total_fee>
<trade_type><![CDATA[JSAPI]]></trade_type>
<transaction_id><![CDATA[4200000006201711287587820785]]></transaction_id>
</xml>


执行日期：2017-11-28-13?M?S
【接收到的notify通知】:
<xml><appid><![CDATA[wx40f0420cee68574f]]></appid>
<attach><![CDATA[帮助支付信息]]></attach>
<bank_type><![CDATA[CFT]]></bank_type>
<cash_fee><![CDATA[1]]></cash_fee>
<fee_type><![CDATA[CNY]]></fee_type>
<is_subscribe><![CDATA[N]]></is_subscribe>
<mch_id><![CDATA[1490799822]]></mch_id>
<nonce_str><![CDATA[y7zqdnikrta3kpxu1sjgoyntndjr5v7b]]></nonce_str>
<openid><![CDATA[o3b7N1EywxGabVoIhJ13KzWGDggY]]></openid>
<out_trade_no><![CDATA[claim4_106]]></out_trade_no>
<result_code><![CDATA[SUCCESS]]></result_code>
<return_code><![CDATA[SUCCESS]]></return_code>
<sign><![CDATA[5382D4FE42B01E8D03151AB1440F1988]]></sign>
<time_end><![CDATA[20171128132012]]></time_end>
<total_fee>1</total_fee>
<trade_type><![CDATA[JSAPI]]></trade_type>
<transaction_id><![CDATA[4200000026201711287596964279]]></transaction_id>
</xml>


执行日期：2017-11-28-13?M?S
【支付成功】:
<xml><appid><![CDATA[wx40f0420cee68574f]]></appid>
<attach><![CDATA[帮助支付信息]]></attach>
<bank_type><![CDATA[CFT]]></bank_type>
<cash_fee><![CDATA[1]]></cash_fee>
<fee_type><![CDATA[CNY]]></fee_type>
<is_subscribe><![CDATA[N]]></is_subscribe>
<mch_id><![CDATA[1490799822]]></mch_id>
<nonce_str><![CDATA[y7zqdnikrta3kpxu1sjgoyntndjr5v7b]]></nonce_str>
<openid><![CDATA[o3b7N1EywxGabVoIhJ13KzWGDggY]]></openid>
<out_trade_no><![CDATA[claim4_106]]></out_trade_no>
<result_code><![CDATA[SUCCESS]]></result_code>
<return_code><![CDATA[SUCCESS]]></return_code>
<sign><![CDATA[5382D4FE42B01E8D03151AB1440F1988]]></sign>
<time_end><![CDATA[20171128132012]]></time_end>
<total_fee>1</total_fee>
<trade_type><![CDATA[JSAPI]]></trade_type>
<transaction_id><![CDATA[4200000026201711287596964279]]></transaction_id>
</xml>


执行日期：2017-11-28-13?M?S
【接收到的notify通知】:



执行日期：2017-11-28-13?M?S
【业务出错<xml></xml>】:



执行日期：2017-11-28-13?M?S
【接收到的notify通知】:



执行日期：2017-11-28-13?M?S
【业务出错<xml></xml>】:



执行日期：2017-11-28-13?M?S
【接收到的notify通知】:



执行日期：2017-11-28-13?M?S
【业务出错<xml></xml>】:



执行日期：2017-11-28-13?M?S
【接收到的notify通知】:



执行日期：2017-11-28-13?M?S
【业务出错<xml></xml>】:



执行日期：2017-11-28-13?M?S
【接收到的notify通知】:



执行日期：2017-11-28-13?M?S
【业务出错<xml></xml>】:



执行日期：2017-11-28-13?M?S
【接收到的notify通知】:



执行日期：2017-11-28-13?M?S
【业务出错<xml></xml>】:



执行日期：2017-11-28-13?M?S
【接收到的notify通知】:
<xml><appid><![CDATA[wx40f0420cee68574f]]></appid>
<attach><![CDATA[帮助支付信息]]></attach>
<bank_type><![CDATA[CFT]]></bank_type>
<cash_fee><![CDATA[1]]></cash_fee>
<fee_type><![CDATA[CNY]]></fee_type>
<is_subscribe><![CDATA[N]]></is_subscribe>
<mch_id><![CDATA[1490799822]]></mch_id>
<nonce_str><![CDATA[gjm6e98e8o2viqn6kpwmn47fec0jtqne]]></nonce_str>
<openid><![CDATA[o3b7N1DBG8-QxZtcxUJ6dfpBFnMI]]></openid>
<out_trade_no><![CDATA[claim4_107]]></out_trade_no>
<result_code><![CDATA[SUCCESS]]></result_code>
<return_code><![CDATA[SUCCESS]]></return_code>
<sign><![CDATA[C9AC4CACF0D1B012BFF0BA8CBAE3BDD6]]></sign>
<time_end><![CDATA[20171128135544]]></time_end>
<total_fee>1</total_fee>
<trade_type><![CDATA[JSAPI]]></trade_type>
<transaction_id><![CDATA[4200000010201711287600297738]]></transaction_id>
</xml>


执行日期：2017-11-28-13?M?S
【支付成功】:
<xml><appid><![CDATA[wx40f0420cee68574f]]></appid>
<attach><![CDATA[帮助支付信息]]></attach>
<bank_type><![CDATA[CFT]]></bank_type>
<cash_fee><![CDATA[1]]></cash_fee>
<fee_type><![CDATA[CNY]]></fee_type>
<is_subscribe><![CDATA[N]]></is_subscribe>
<mch_id><![CDATA[1490799822]]></mch_id>
<nonce_str><![CDATA[gjm6e98e8o2viqn6kpwmn47fec0jtqne]]></nonce_str>
<openid><![CDATA[o3b7N1DBG8-QxZtcxUJ6dfpBFnMI]]></openid>
<out_trade_no><![CDATA[claim4_107]]></out_trade_no>
<result_code><![CDATA[SUCCESS]]></result_code>
<return_code><![CDATA[SUCCESS]]></return_code>
<sign><![CDATA[C9AC4CACF0D1B012BFF0BA8CBAE3BDD6]]></sign>
<time_end><![CDATA[20171128135544]]></time_end>
<total_fee>1</total_fee>
<trade_type><![CDATA[JSAPI]]></trade_type>
<transaction_id><![CDATA[4200000010201711287600297738]]></transaction_id>
</xml>


执行日期：2017-11-28-14?M?S
【接收到的notify通知】:
<xml><appid><![CDATA[wx40f0420cee68574f]]></appid>
<attach><![CDATA[帮助支付信息]]></attach>
<bank_type><![CDATA[CFT]]></bank_type>
<cash_fee><![CDATA[1]]></cash_fee>
<fee_type><![CDATA[CNY]]></fee_type>
<is_subscribe><![CDATA[Y]]></is_subscribe>
<mch_id><![CDATA[1490799822]]></mch_id>
<nonce_str><![CDATA[alpezjz7kj96wdw45mn1ufkzjorzhsw2]]></nonce_str>
<openid><![CDATA[o3b7N1OIo88XIDTwT_bJjk7zVuP4]]></openid>
<out_trade_no><![CDATA[claim4_108]]></out_trade_no>
<result_code><![CDATA[SUCCESS]]></result_code>
<return_code><![CDATA[SUCCESS]]></return_code>
<sign><![CDATA[B5E4C7D10BB91E558E1C910AB044B8A6]]></sign>
<time_end><![CDATA[20171128140950]]></time_end>
<total_fee>1</total_fee>
<trade_type><![CDATA[JSAPI]]></trade_type>
<transaction_id><![CDATA[4200000017201711287606871497]]></transaction_id>
</xml>


执行日期：2017-11-28-14?M?S
【支付成功】:
<xml><appid><![CDATA[wx40f0420cee68574f]]></appid>
<attach><![CDATA[帮助支付信息]]></attach>
<bank_type><![CDATA[CFT]]></bank_type>
<cash_fee><![CDATA[1]]></cash_fee>
<fee_type><![CDATA[CNY]]></fee_type>
<is_subscribe><![CDATA[Y]]></is_subscribe>
<mch_id><![CDATA[1490799822]]></mch_id>
<nonce_str><![CDATA[alpezjz7kj96wdw45mn1ufkzjorzhsw2]]></nonce_str>
<openid><![CDATA[o3b7N1OIo88XIDTwT_bJjk7zVuP4]]></openid>
<out_trade_no><![CDATA[claim4_108]]></out_trade_no>
<result_code><![CDATA[SUCCESS]]></result_code>
<return_code><![CDATA[SUCCESS]]></return_code>
<sign><![CDATA[B5E4C7D10BB91E558E1C910AB044B8A6]]></sign>
<time_end><![CDATA[20171128140950]]></time_end>
<total_fee>1</total_fee>
<trade_type><![CDATA[JSAPI]]></trade_type>
<transaction_id><![CDATA[4200000017201711287606871497]]></transaction_id>
</xml>


