执行日期：2017-11-24-10?M?S
【接收到的notify通知】:
<xml><appid><![CDATA[wx40f0420cee68574f]]></appid>
<attach><![CDATA[帮助支付信息]]></attach>
<bank_type><![CDATA[CFT]]></bank_type>
<cash_fee><![CDATA[1]]></cash_fee>
<fee_type><![CDATA[CNY]]></fee_type>
<is_subscribe><![CDATA[N]]></is_subscribe>
<mch_id><![CDATA[1490799822]]></mch_id>
<nonce_str><![CDATA[e18cwrr5yickdjlhz0vwfhy6l5emh7ho]]></nonce_str>
<openid><![CDATA[o3b7N1EywxGabVoIhJ13KzWGDggY]]></openid>
<out_trade_no><![CDATA[claim4_67]]></out_trade_no>
<result_code><![CDATA[SUCCESS]]></result_code>
<return_code><![CDATA[SUCCESS]]></return_code>
<sign><![CDATA[CEF25083DF85F35520EEFCB9D7A1BEB9]]></sign>
<time_end><![CDATA[20171124101651]]></time_end>
<total_fee>1</total_fee>
<trade_type><![CDATA[JSAPI]]></trade_type>
<transaction_id><![CDATA[4200000006201711246673219030]]></transaction_id>
</xml>


执行日期：2017-11-24-10?M?S
【支付成功】:
<xml><appid><![CDATA[wx40f0420cee68574f]]></appid>
<attach><![CDATA[帮助支付信息]]></attach>
<bank_type><![CDATA[CFT]]></bank_type>
<cash_fee><![CDATA[1]]></cash_fee>
<fee_type><![CDATA[CNY]]></fee_type>
<is_subscribe><![CDATA[N]]></is_subscribe>
<mch_id><![CDATA[1490799822]]></mch_id>
<nonce_str><![CDATA[e18cwrr5yickdjlhz0vwfhy6l5emh7ho]]></nonce_str>
<openid><![CDATA[o3b7N1EywxGabVoIhJ13KzWGDggY]]></openid>
<out_trade_no><![CDATA[claim4_67]]></out_trade_no>
<result_code><![CDATA[SUCCESS]]></result_code>
<return_code><![CDATA[SUCCESS]]></return_code>
<sign><![CDATA[CEF25083DF85F35520EEFCB9D7A1BEB9]]></sign>
<time_end><![CDATA[20171124101651]]></time_end>
<total_fee>1</total_fee>
<trade_type><![CDATA[JSAPI]]></trade_type>
<transaction_id><![CDATA[4200000006201711246673219030]]></transaction_id>
</xml>


执行日期：2017-11-24-14?M?S
【接收到的notify通知】:



执行日期：2017-11-24-14?M?S
【业务出错<xml></xml>】:



执行日期：2017-11-24-14?M?S
【接收到的notify通知】:



执行日期：2017-11-24-14?M?S
【业务出错<xml></xml>】:



执行日期：2017-11-24-14?M?S
【接收到的notify通知】:



执行日期：2017-11-24-14?M?S
【业务出错<xml></xml>】:



执行日期：2017-11-24-14?M?S
【接收到的notify通知】:



执行日期：2017-11-24-14?M?S
【业务出错<xml></xml>】:



执行日期：2017-11-24-14?M?S
【接收到的notify通知】:



执行日期：2017-11-24-14?M?S
【业务出错<xml></xml>】:



执行日期：2017-11-24-14?M?S
【接收到的notify通知】:



执行日期：2017-11-24-14?M?S
【业务出错<xml></xml>】:



执行日期：2017-11-24-14?M?S
【接收到的notify通知】:



执行日期：2017-11-24-14?M?S
【业务出错<xml></xml>】:



执行日期：2017-11-24-14?M?S
【接收到的notify通知】:



执行日期：2017-11-24-14?M?S
【业务出错<xml></xml>】:



执行日期：2017-11-24-14?M?S
【接收到的notify通知】:



执行日期：2017-11-24-14?M?S
【业务出错<xml></xml>】:



执行日期：2017-11-24-14?M?S
【接收到的notify通知】:



执行日期：2017-11-24-14?M?S
【业务出错<xml></xml>】:



执行日期：2017-11-24-14?M?S
【接收到的notify通知】:



执行日期：2017-11-24-14?M?S
【业务出错<xml></xml>】:



执行日期：2017-11-24-14?M?S
【接收到的notify通知】:



执行日期：2017-11-24-14?M?S
【业务出错<xml></xml>】:



执行日期：2017-11-24-14?M?S
【接收到的notify通知】:



执行日期：2017-11-24-14?M?S
【业务出错<xml></xml>】:



执行日期：2017-11-24-14?M?S
【接收到的notify通知】:



执行日期：2017-11-24-14?M?S
【业务出错<xml></xml>】:



执行日期：2017-11-24-14?M?S
【接收到的notify通知】:



执行日期：2017-11-24-14?M?S
【业务出错<xml></xml>】:



执行日期：2017-11-24-16?M?S
【接收到的notify通知】:
<xml><appid><![CDATA[wx40f0420cee68574f]]></appid>
<attach><![CDATA[帮助支付信息]]></attach>
<bank_type><![CDATA[CMB_DEBIT]]></bank_type>
<cash_fee><![CDATA[1]]></cash_fee>
<fee_type><![CDATA[CNY]]></fee_type>
<is_subscribe><![CDATA[Y]]></is_subscribe>
<mch_id><![CDATA[1490799822]]></mch_id>
<nonce_str><![CDATA[53s58u4qujl7pbjvprxrc7hkma8064rx]]></nonce_str>
<openid><![CDATA[o3b7N1OR9ndhA2i9374vhlNpWnZU]]></openid>
<out_trade_no><![CDATA[claim4_71]]></out_trade_no>
<result_code><![CDATA[SUCCESS]]></result_code>
<return_code><![CDATA[SUCCESS]]></return_code>
<sign><![CDATA[AB638DBC7899B140A8396D1F14779C2B]]></sign>
<time_end><![CDATA[20171124164122]]></time_end>
<total_fee>1</total_fee>
<trade_type><![CDATA[JSAPI]]></trade_type>
<transaction_id><![CDATA[4200000008201711246749981561]]></transaction_id>
</xml>


执行日期：2017-11-24-16?M?S
【支付成功】:
<xml><appid><![CDATA[wx40f0420cee68574f]]></appid>
<attach><![CDATA[帮助支付信息]]></attach>
<bank_type><![CDATA[CMB_DEBIT]]></bank_type>
<cash_fee><![CDATA[1]]></cash_fee>
<fee_type><![CDATA[CNY]]></fee_type>
<is_subscribe><![CDATA[Y]]></is_subscribe>
<mch_id><![CDATA[1490799822]]></mch_id>
<nonce_str><![CDATA[53s58u4qujl7pbjvprxrc7hkma8064rx]]></nonce_str>
<openid><![CDATA[o3b7N1OR9ndhA2i9374vhlNpWnZU]]></openid>
<out_trade_no><![CDATA[claim4_71]]></out_trade_no>
<result_code><![CDATA[SUCCESS]]></result_code>
<return_code><![CDATA[SUCCESS]]></return_code>
<sign><![CDATA[AB638DBC7899B140A8396D1F14779C2B]]></sign>
<time_end><![CDATA[20171124164122]]></time_end>
<total_fee>1</total_fee>
<trade_type><![CDATA[JSAPI]]></trade_type>
<transaction_id><![CDATA[4200000008201711246749981561]]></transaction_id>
</xml>


执行日期：2017-11-24-17?M?S
【接收到的notify通知】:



执行日期：2017-11-24-17?M?S
【业务出错<xml></xml>】:



执行日期：2017-11-24-17?M?S
【接收到的notify通知】:
<xml><appid><![CDATA[wx40f0420cee68574f]]></appid>
<attach><![CDATA[帮助支付信息]]></attach>
<bank_type><![CDATA[CFT]]></bank_type>
<cash_fee><![CDATA[5]]></cash_fee>
<fee_type><![CDATA[CNY]]></fee_type>
<is_subscribe><![CDATA[N]]></is_subscribe>
<mch_id><![CDATA[1490799822]]></mch_id>
<nonce_str><![CDATA[ki7h4g18khdqk31p817x2xqy772m7gpz]]></nonce_str>
<openid><![CDATA[o3b7N1AhqVDMKloPIrupt0DthVCE]]></openid>
<out_trade_no><![CDATA[claim4_74]]></out_trade_no>
<result_code><![CDATA[SUCCESS]]></result_code>
<return_code><![CDATA[SUCCESS]]></return_code>
<sign><![CDATA[3BD45FC3CC581791A070E516D8A8D039]]></sign>
<time_end><![CDATA[20171124180002]]></time_end>
<total_fee>5</total_fee>
<trade_type><![CDATA[JSAPI]]></trade_type>
<transaction_id><![CDATA[4200000011201711246766223761]]></transaction_id>
</xml>


执行日期：2017-11-24-17?M?S
【支付成功】:
<xml><appid><![CDATA[wx40f0420cee68574f]]></appid>
<attach><![CDATA[帮助支付信息]]></attach>
<bank_type><![CDATA[CFT]]></bank_type>
<cash_fee><![CDATA[5]]></cash_fee>
<fee_type><![CDATA[CNY]]></fee_type>
<is_subscribe><![CDATA[N]]></is_subscribe>
<mch_id><![CDATA[1490799822]]></mch_id>
<nonce_str><![CDATA[ki7h4g18khdqk31p817x2xqy772m7gpz]]></nonce_str>
<openid><![CDATA[o3b7N1AhqVDMKloPIrupt0DthVCE]]></openid>
<out_trade_no><![CDATA[claim4_74]]></out_trade_no>
<result_code><![CDATA[SUCCESS]]></result_code>
<return_code><![CDATA[SUCCESS]]></return_code>
<sign><![CDATA[3BD45FC3CC581791A070E516D8A8D039]]></sign>
<time_end><![CDATA[20171124180002]]></time_end>
<total_fee>5</total_fee>
<trade_type><![CDATA[JSAPI]]></trade_type>
<transaction_id><![CDATA[4200000011201711246766223761]]></transaction_id>
</xml>


