[ 2018-03-19T08:59:47+08:00 ] ::1 /enterprise/index.php/Admin/Department/ajaxindex.html?p=1
INFO: [ app_init ] --START--
INFO: Run Behavior\BuildLiteBehavior [ RunTime:0.000000s ]
INFO: [ app_init ] --END-- [ RunTime:0.087005s ]
INFO: [ app_begin ] --START--
INFO: Run Behavior\ReadHtmlCacheBehavior [ RunTime:0.025002s ]
INFO: [ app_begin ] --END-- [ RunTime:0.025002s ]

[ 2018-03-19T09:24:44+08:00 ] ::1 /enterprise/index.php/Admin/Department/index
INFO: [ app_init ] --START--
INFO: Run Behavior\BuildLiteBehavior [ RunTime:0.000000s ]
INFO: [ app_init ] --END-- [ RunTime:0.001000s ]
INFO: [ app_begin ] --START--
INFO: Run Behavior\ReadHtmlCacheBehavior [ RunTime:0.001000s ]
INFO: [ app_begin ] --END-- [ RunTime:0.001000s ]
INFO: [ view_parse ] --START--
INFO: [ template_filter ] --START--
INFO: Run Behavior\ContentReplaceBehavior [ RunTime:0.000000s ]
INFO: [ template_filter ] --END-- [ RunTime:0.000000s ]
NOTIC: [8] Undefined variable: store_name D:\wampp\htdocs\enterprise\Application\Runtime\Cache\Admin\4ed8841c37f0d99bc82cb2d1f226ebaa.php 第 5 行.
NOTIC: [8] Undefined variable: store_name D:\wampp\htdocs\enterprise\Application\Runtime\Cache\Admin\4ed8841c37f0d99bc82cb2d1f226ebaa.php 第 39 行.
NOTIC: [8] Undefined variable: store_name D:\wampp\htdocs\enterprise\Application\Runtime\Cache\Admin\4ed8841c37f0d99bc82cb2d1f226ebaa.php 第 41 行.
INFO: Run Behavior\ParseTemplateBehavior [ RunTime:0.008001s ]
INFO: [ view_parse ] --END-- [ RunTime:0.008001s ]
INFO: [ view_filter ] --START--
INFO: Run Behavior\WriteHtmlCacheBehavior [ RunTime:0.000000s ]
INFO: [ view_filter ] --END-- [ RunTime:0.000000s ]

[ 2018-03-19T09:24:47+08:00 ] ::1 /enterprise/index.php/Admin/Index/index.html
INFO: [ app_init ] --START--
INFO: Run Behavior\BuildLiteBehavior [ RunTime:0.000000s ]
INFO: [ app_init ] --END-- [ RunTime:0.001000s ]
INFO: [ app_begin ] --START--
INFO: Run Behavior\ReadHtmlCacheBehavior [ RunTime:0.001000s ]
INFO: [ app_begin ] --END-- [ RunTime:0.001000s ]
SQL: SHOW COLUMNS FROM `config` [ RunTime:0.0100s ]
SQL: SELECT * FROM `config`  [ RunTime:0.0000s ]
INFO: [ view_parse ] --START--
INFO: [ template_filter ] --START--
INFO: Run Behavior\ContentReplaceBehavior [ RunTime:0.000000s ]
INFO: [ template_filter ] --END-- [ RunTime:0.000000s ]
INFO: Run Behavior\ParseTemplateBehavior [ RunTime:0.016001s ]
INFO: [ view_parse ] --END-- [ RunTime:0.016001s ]
INFO: [ view_filter ] --START--
INFO: Run Behavior\WriteHtmlCacheBehavior [ RunTime:0.000000s ]
INFO: [ view_filter ] --END-- [ RunTime:0.000000s ]
INFO: [ app_end ] --START--
INFO: Run Behavior\ShowPageTraceBehavior [ RunTime:0.013000s ]
INFO: [ app_end ] --END-- [ RunTime:0.013000s ]

[ 2018-03-19T09:24:47+08:00 ] ::1 /enterprise/index.php/Admin/Index/verify.html
INFO: [ app_init ] --START--
INFO: Run Behavior\BuildLiteBehavior [ RunTime:0.000000s ]
INFO: [ app_init ] --END-- [ RunTime:0.000000s ]
INFO: [ app_begin ] --START--
INFO: Run Behavior\ReadHtmlCacheBehavior [ RunTime:0.002000s ]
INFO: [ app_begin ] --END-- [ RunTime:0.002000s ]
SQL: SHOW COLUMNS FROM `config` [ RunTime:0.0030s ]
SQL: SELECT * FROM `config`  [ RunTime:0.0010s ]
INFO: [ app_end ] --START--
INFO: Run Behavior\ShowPageTraceBehavior [ RunTime:0.001000s ]
INFO: [ app_end ] --END-- [ RunTime:0.001000s ]

[ 2018-03-19T09:25:02+08:00 ] ::1 /enterprise/index.php/Admin/Index/login.html
INFO: [ app_init ] --START--
INFO: Run Behavior\BuildLiteBehavior [ RunTime:0.000000s ]
INFO: [ app_init ] --END-- [ RunTime:0.000000s ]
INFO: [ app_begin ] --START--
INFO: Run Behavior\ReadHtmlCacheBehavior [ RunTime:0.001000s ]
INFO: [ app_begin ] --END-- [ RunTime:0.001000s ]
SQL: SHOW COLUMNS FROM `config` [ RunTime:0.0020s ]
SQL: SELECT * FROM `config`  [ RunTime:0.0000s ]
SQL: SHOW COLUMNS FROM `user` [ RunTime:0.0930s ]
SQL: SELECT * FROM `user` WHERE `username` = 'admin' AND `password` = '21232f297a57a5a743894a0e4a801fc3' LIMIT 1   [ RunTime:0.0010s ]
SQL: SHOW COLUMNS FROM `role` [ RunTime:0.0270s ]
NOTIC: [8] Undefined index: mapping_order D:\wampp\htdocs\enterprise\ThinkPHP\Library\Think\Model\RelationModel.class.php 第 186 行.
NOTIC: [8] Undefined index: mapping_limit D:\wampp\htdocs\enterprise\ThinkPHP\Library\Think\Model\RelationModel.class.php 第 187 行.
NOTIC: [8] Undefined index: relation_foreign_key D:\wampp\htdocs\enterprise\ThinkPHP\Library\Think\Model\RelationModel.class.php 第 188 行.
SQL: SELECT b.name,id FROM role_user AS a, role AS b WHERE a.Role_id = b.id AND a. user_id='1' [ RunTime:0.0200s ]
SQL: UPDATE `user` SET `logintime`='1521422702',`loginIP`='::1' WHERE ( id=1 ) [ RunTime:0.0110s ]
SQL: SHOW COLUMNS FROM `login_log` [ RunTime:0.0190s ]
SQL: INSERT INTO `login_log` (`user_id`,`log_time`,`log_ip`) VALUES ('1','1521422702','::1') [ RunTime:0.0090s ]
NOTIC: [8] Undefined index: name D:\wampp\htdocs\enterprise\Application\Admin\Controller\IndexController.class.php 第 83 行.
INFO: [ view_parse ] --START--
INFO: [ template_filter ] --START--
INFO: Run Behavior\ContentReplaceBehavior [ RunTime:0.000000s ]
INFO: [ template_filter ] --END-- [ RunTime:0.000000s ]
INFO: Run Behavior\ParseTemplateBehavior [ RunTime:0.013001s ]
INFO: [ view_parse ] --END-- [ RunTime:0.013001s ]
INFO: [ view_filter ] --START--
INFO: Run Behavior\WriteHtmlCacheBehavior [ RunTime:0.001000s ]
INFO: [ view_filter ] --END-- [ RunTime:0.001000s ]
INFO: [ app_end ] --START--
INFO: Run Behavior\ShowPageTraceBehavior [ RunTime:0.002000s ]
INFO: [ app_end ] --END-- [ RunTime:0.002000s ]

[ 2018-03-19T09:25:03+08:00 ] ::1 /enterprise/index.php/Admin/Main/index.html
INFO: [ app_init ] --START--
INFO: Run Behavior\BuildLiteBehavior [ RunTime:0.000000s ]
INFO: [ app_init ] --END-- [ RunTime:0.001000s ]
INFO: [ app_begin ] --START--
INFO: Run Behavior\ReadHtmlCacheBehavior [ RunTime:0.001000s ]
INFO: [ app_begin ] --END-- [ RunTime:0.001000s ]
SQL: SHOW COLUMNS FROM `config` [ RunTime:0.0020s ]
SQL: SELECT * FROM `config`  [ RunTime:0.0010s ]
SQL: SHOW COLUMNS FROM `node` [ RunTime:0.0410s ]
SQL: SELECT * FROM `node` WHERE ( level = 2 ) ORDER BY sort  [ RunTime:0.0010s ]
SQL: SELECT * FROM `node` WHERE ( 1=1 AND pid='27' ) ORDER BY sort  [ RunTime:0.0010s ]
SQL: SELECT * FROM `node` WHERE ( 1=1 AND pid='55' ) ORDER BY sort  [ RunTime:0.0000s ]
SQL: SELECT * FROM `node` WHERE ( 1=1 AND pid='40' ) ORDER BY sort  [ RunTime:0.0000s ]
SQL: SELECT * FROM `node` WHERE ( 1=1 AND pid='34' ) ORDER BY sort  [ RunTime:0.0000s ]
SQL: SELECT * FROM `node` WHERE ( 1=1 AND pid='68' ) ORDER BY sort  [ RunTime:0.0000s ]
SQL: SELECT * FROM `node` WHERE ( 1=1 AND pid='23' ) ORDER BY sort  [ RunTime:0.0000s ]
SQL: SELECT * FROM `node` WHERE ( 1=1 AND pid='2' ) ORDER BY sort  [ RunTime:0.0000s ]
SQL: SELECT * FROM `node` WHERE ( 1=1 AND pid='31' ) ORDER BY sort  [ RunTime:0.0000s ]
INFO: [ view_parse ] --START--
INFO: [ template_filter ] --START--
INFO: Run Behavior\ContentReplaceBehavior [ RunTime:0.000000s ]
INFO: [ template_filter ] --END-- [ RunTime:0.000000s ]
NOTIC: [8] Undefined variable: order_amount D:\wampp\htdocs\enterprise\Application\Runtime\Cache\Admin\ceb25a752d454a3315706634952427db.php 第 225 行.
INFO: Run Behavior\ParseTemplateBehavior [ RunTime:0.052003s ]
INFO: [ view_parse ] --END-- [ RunTime:0.052003s ]
INFO: [ view_filter ] --START--
INFO: Run Behavior\WriteHtmlCacheBehavior [ RunTime:0.001000s ]
INFO: [ view_filter ] --END-- [ RunTime:0.001000s ]
INFO: [ app_end ] --START--
INFO: Run Behavior\ShowPageTraceBehavior [ RunTime:0.001000s ]
INFO: [ app_end ] --END-- [ RunTime:0.001000s ]

[ 2018-03-19T09:25:03+08:00 ] ::1 /enterprise/index.php/Admin/Main/welcome.html
INFO: [ app_init ] --START--
INFO: Run Behavior\BuildLiteBehavior [ RunTime:0.000000s ]
INFO: [ app_init ] --END-- [ RunTime:0.000000s ]
INFO: [ app_begin ] --START--
INFO: Run Behavior\ReadHtmlCacheBehavior [ RunTime:0.000000s ]
INFO: [ app_begin ] --END-- [ RunTime:0.000000s ]
SQL: SHOW COLUMNS FROM `config` [ RunTime:0.0020s ]
SQL: SELECT * FROM `config`  [ RunTime:0.0000s ]
SQL: SELECT VERSION() as version [ RunTime:0.0000s ]
NOTIC: [8] Undefined index: version D:\wampp\htdocs\enterprise\Application\Admin\Controller\MainController.class.php 第 114 行.
INFO: [ view_parse ] --START--
INFO: [ template_filter ] --START--
INFO: Run Behavior\ContentReplaceBehavior [ RunTime:0.000000s ]
INFO: [ template_filter ] --END-- [ RunTime:0.000000s ]
NOTIC: [8] Undefined variable: navigate_admin D:\wampp\htdocs\enterprise\Application\Runtime\Cache\Admin\89a96b9380e94957b60a130fd4752dc8.php 第 68 行.
NOTIC: [8] Undefined index: handle_order D:\wampp\htdocs\enterprise\Application\Runtime\Cache\Admin\89a96b9380e94957b60a130fd4752dc8.php 第 81 行.
NOTIC: [8] Undefined index: goods D:\wampp\htdocs\enterprise\Application\Runtime\Cache\Admin\89a96b9380e94957b60a130fd4752dc8.php 第 90 行.
NOTIC: [8] Undefined index: article D:\wampp\htdocs\enterprise\Application\Runtime\Cache\Admin\89a96b9380e94957b60a130fd4752dc8.php 第 99 行.
NOTIC: [8] Undefined index: users D:\wampp\htdocs\enterprise\Application\Runtime\Cache\Admin\89a96b9380e94957b60a130fd4752dc8.php 第 108 行.
NOTIC: [8] Undefined index: new_order D:\wampp\htdocs\enterprise\Application\Runtime\Cache\Admin\89a96b9380e94957b60a130fd4752dc8.php 第 123 行.
NOTIC: [8] Undefined index: today_login D:\wampp\htdocs\enterprise\Application\Runtime\Cache\Admin\89a96b9380e94957b60a130fd4752dc8.php 第 126 行.
NOTIC: [8] Undefined index: new_users D:\wampp\htdocs\enterprise\Application\Runtime\Cache\Admin\89a96b9380e94957b60a130fd4752dc8.php 第 129 行.
NOTIC: [8] Undefined index: comment D:\wampp\htdocs\enterprise\Application\Runtime\Cache\Admin\89a96b9380e94957b60a130fd4752dc8.php 第 132 行.
INFO: Run Behavior\ParseTemplateBehavior [ RunTime:0.041002s ]
INFO: [ view_parse ] --END-- [ RunTime:0.041002s ]
INFO: [ view_filter ] --START--
INFO: Run Behavior\WriteHtmlCacheBehavior [ RunTime:0.001000s ]
INFO: [ view_filter ] --END-- [ RunTime:0.001000s ]
INFO: [ app_end ] --START--
INFO: Run Behavior\ShowPageTraceBehavior [ RunTime:0.008001s ]
INFO: [ app_end ] --END-- [ RunTime:0.008001s ]

[ 2018-03-19T09:25:07+08:00 ] ::1 /enterprise/index.php/Admin/Department/index
INFO: [ app_init ] --START--
INFO: Run Behavior\BuildLiteBehavior [ RunTime:0.000000s ]
INFO: [ app_init ] --END-- [ RunTime:0.000000s ]
INFO: [ app_begin ] --START--
INFO: Run Behavior\ReadHtmlCacheBehavior [ RunTime:0.001000s ]
INFO: [ app_begin ] --END-- [ RunTime:0.001000s ]
SQL: SHOW COLUMNS FROM `config` [ RunTime:0.0150s ]
SQL: SELECT * FROM `config`  [ RunTime:0.0010s ]
INFO: [ view_parse ] --START--
INFO: [ template_filter ] --START--
INFO: Run Behavior\ContentReplaceBehavior [ RunTime:0.000000s ]
INFO: [ template_filter ] --END-- [ RunTime:0.000000s ]
NOTIC: [8] Undefined variable: navigate_admin D:\wampp\htdocs\enterprise\Application\Runtime\Cache\Admin\2dbbfc7cc9356e8aaacba4b83c676c79.php 第 75 行.
INFO: Run Behavior\ParseTemplateBehavior [ RunTime:0.013001s ]
INFO: [ view_parse ] --END-- [ RunTime:0.013001s ]
INFO: [ view_filter ] --START--
INFO: Run Behavior\WriteHtmlCacheBehavior [ RunTime:0.001000s ]
INFO: [ view_filter ] --END-- [ RunTime:0.001000s ]
INFO: [ app_end ] --START--
INFO: Run Behavior\ShowPageTraceBehavior [ RunTime:0.001000s ]
INFO: [ app_end ] --END-- [ RunTime:0.001000s ]

[ 2018-03-19T09:25:07+08:00 ] ::1 /enterprise/index.php/Admin/Department/ajaxindex.html?p=1
INFO: [ app_init ] --START--
INFO: Run Behavior\BuildLiteBehavior [ RunTime:0.000000s ]
INFO: [ app_init ] --END-- [ RunTime:0.000000s ]
INFO: [ app_begin ] --START--
INFO: Run Behavior\ReadHtmlCacheBehavior [ RunTime:0.001000s ]
INFO: [ app_begin ] --END-- [ RunTime:0.001000s ]
SQL: SHOW COLUMNS FROM `config` [ RunTime:0.0020s ]
SQL: SELECT * FROM `config`  [ RunTime:0.0010s ]
SQL: SHOW COLUMNS FROM `department` [ RunTime:0.0020s ]
SQL: SELECT COUNT(*) AS tp_count FROM `department` LIMIT 1   [ RunTime:0.0010s ]
SQL: SELECT * FROM `department` LIMIT 0,10   [ RunTime:0.0010s ]
INFO: [ view_parse ] --START--
INFO: [ template_filter ] --START--
INFO: Run Behavior\ContentReplaceBehavior [ RunTime:0.000000s ]
INFO: [ template_filter ] --END-- [ RunTime:0.001000s ]
INFO: Run Behavior\ParseTemplateBehavior [ RunTime:0.019001s ]
INFO: [ view_parse ] --END-- [ RunTime:0.019001s ]
INFO: [ view_filter ] --START--
INFO: Run Behavior\WriteHtmlCacheBehavior [ RunTime:0.001000s ]
INFO: [ view_filter ] --END-- [ RunTime:0.001000s ]
INFO: [ app_end ] --START--
INFO: Run Behavior\ShowPageTraceBehavior [ RunTime:0.001000s ]
INFO: [ app_end ] --END-- [ RunTime:0.001000s ]

[ 2018-03-19T09:26:16+08:00 ] ::1 /enterprise/index.php/Admin/Department/sendEmail
INFO: [ app_init ] --START--
INFO: Run Behavior\BuildLiteBehavior [ RunTime:0.000000s ]
INFO: [ app_init ] --END-- [ RunTime:0.000000s ]
INFO: [ app_begin ] --START--
INFO: Run Behavior\ReadHtmlCacheBehavior [ RunTime:0.001000s ]
INFO: [ app_begin ] --END-- [ RunTime:0.001000s ]
SQL: SHOW COLUMNS FROM `config` [ RunTime:0.0020s ]
SQL: SELECT * FROM `config`  [ RunTime:0.0010s ]
NOTIC: [2] stream_socket_client(): SSL operation failed with code 1. OpenSSL Error messages:
error:140770FC:SSL routines:SSL23_GET_SERVER_HELLO:unknown protocol D:\wampp\htdocs\enterprise\ThinkPHP\Library\Org\Nx\class.smtp.php 第 278 行.
NOTIC: [2] stream_socket_client(): Failed to enable crypto D:\wampp\htdocs\enterprise\ThinkPHP\Library\Org\Nx\class.smtp.php 第 278 行.
NOTIC: [2] stream_socket_client(): unable to connect to ssl://smtp.qq.com:25 (Unknown error) D:\wampp\htdocs\enterprise\ThinkPHP\Library\Org\Nx\class.smtp.php 第 278 行.

[ 2018-03-19T09:26:29+08:00 ] ::1 /enterprise/index.php/Admin/Department/index
INFO: [ app_init ] --START--
INFO: Run Behavior\BuildLiteBehavior [ RunTime:0.000000s ]
INFO: [ app_init ] --END-- [ RunTime:0.001000s ]
INFO: [ app_begin ] --START--
INFO: Run Behavior\ReadHtmlCacheBehavior [ RunTime:0.002000s ]
INFO: [ app_begin ] --END-- [ RunTime:0.002000s ]
SQL: SHOW COLUMNS FROM `config` [ RunTime:0.0020s ]
SQL: SELECT * FROM `config`  [ RunTime:0.0000s ]
INFO: [ view_parse ] --START--
INFO: [ template_filter ] --START--
INFO: Run Behavior\ContentReplaceBehavior [ RunTime:0.000000s ]
INFO: [ template_filter ] --END-- [ RunTime:0.000000s ]
NOTIC: [8] Undefined variable: navigate_admin D:\wampp\htdocs\enterprise\Application\Runtime\Cache\Admin\2dbbfc7cc9356e8aaacba4b83c676c79.php 第 75 行.
INFO: Run Behavior\ParseTemplateBehavior [ RunTime:0.008001s ]
INFO: [ view_parse ] --END-- [ RunTime:0.008001s ]
INFO: [ view_filter ] --START--
INFO: Run Behavior\WriteHtmlCacheBehavior [ RunTime:0.001000s ]
INFO: [ view_filter ] --END-- [ RunTime:0.001000s ]
INFO: [ app_end ] --START--
INFO: Run Behavior\ShowPageTraceBehavior [ RunTime:0.001000s ]
INFO: [ app_end ] --END-- [ RunTime:0.001000s ]

[ 2018-03-19T09:26:29+08:00 ] ::1 /enterprise/index.php/Admin/Department/ajaxindex.html?p=1
INFO: [ app_init ] --START--
INFO: Run Behavior\BuildLiteBehavior [ RunTime:0.000000s ]
INFO: [ app_init ] --END-- [ RunTime:0.001000s ]
INFO: [ app_begin ] --START--
INFO: Run Behavior\ReadHtmlCacheBehavior [ RunTime:0.001000s ]
INFO: [ app_begin ] --END-- [ RunTime:0.001000s ]
SQL: SHOW COLUMNS FROM `config` [ RunTime:0.0020s ]
SQL: SELECT * FROM `config`  [ RunTime:0.0010s ]
SQL: SHOW COLUMNS FROM `department` [ RunTime:0.0020s ]
SQL: SELECT COUNT(*) AS tp_count FROM `department` LIMIT 1   [ RunTime:0.0010s ]
SQL: SELECT * FROM `department` LIMIT 0,10   [ RunTime:0.0000s ]
INFO: [ view_parse ] --START--
INFO: [ template_filter ] --START--
INFO: Run Behavior\ContentReplaceBehavior [ RunTime:0.000000s ]
INFO: [ template_filter ] --END-- [ RunTime:0.000000s ]
INFO: Run Behavior\ParseTemplateBehavior [ RunTime:0.007000s ]
INFO: [ view_parse ] --END-- [ RunTime:0.007000s ]
INFO: [ view_filter ] --START--
INFO: Run Behavior\WriteHtmlCacheBehavior [ RunTime:0.000000s ]
INFO: [ view_filter ] --END-- [ RunTime:0.000000s ]
INFO: [ app_end ] --START--
INFO: Run Behavior\ShowPageTraceBehavior [ RunTime:0.001000s ]
INFO: [ app_end ] --END-- [ RunTime:0.001000s ]

[ 2018-03-19T09:55:33+08:00 ] ::1 /enterprise/index.php/Admin/Department/sendEmail
INFO: [ app_init ] --START--
INFO: Run Behavior\BuildLiteBehavior [ RunTime:0.000000s ]
INFO: [ app_init ] --END-- [ RunTime:0.000000s ]
INFO: [ app_begin ] --START--
INFO: Run Behavior\ReadHtmlCacheBehavior [ RunTime:0.001000s ]
INFO: [ app_begin ] --END-- [ RunTime:0.001000s ]
SQL: SHOW COLUMNS FROM `config` [ RunTime:0.0030s ]
SQL: SELECT * FROM `config`  [ RunTime:0.0010s ]

[ 2018-03-19T09:56:31+08:00 ] ::1 /enterprise/index.php/Admin/Department/index
INFO: [ app_init ] --START--
INFO: Run Behavior\BuildLiteBehavior [ RunTime:0.000000s ]
INFO: [ app_init ] --END-- [ RunTime:0.001000s ]
INFO: [ app_begin ] --START--
INFO: Run Behavior\ReadHtmlCacheBehavior [ RunTime:0.002000s ]
INFO: [ app_begin ] --END-- [ RunTime:0.002000s ]
SQL: SHOW COLUMNS FROM `config` [ RunTime:0.0020s ]
SQL: SELECT * FROM `config`  [ RunTime:0.0010s ]
INFO: [ view_parse ] --START--
INFO: [ template_filter ] --START--
INFO: Run Behavior\ContentReplaceBehavior [ RunTime:0.000000s ]
INFO: [ template_filter ] --END-- [ RunTime:0.000000s ]
NOTIC: [8] Undefined variable: navigate_admin D:\wampp\htdocs\enterprise\Application\Runtime\Cache\Admin\2dbbfc7cc9356e8aaacba4b83c676c79.php 第 75 行.
INFO: Run Behavior\ParseTemplateBehavior [ RunTime:0.054003s ]
INFO: [ view_parse ] --END-- [ RunTime:0.054003s ]
INFO: [ view_filter ] --START--
INFO: Run Behavior\WriteHtmlCacheBehavior [ RunTime:0.007000s ]
INFO: [ view_filter ] --END-- [ RunTime:0.007000s ]
INFO: [ app_end ] --START--
INFO: Run Behavior\ShowPageTraceBehavior [ RunTime:0.001000s ]
INFO: [ app_end ] --END-- [ RunTime:0.002001s ]

[ 2018-03-19T09:56:31+08:00 ] ::1 /enterprise/index.php/Admin/Department/ajaxindex.html?p=1
INFO: [ app_init ] --START--
INFO: Run Behavior\BuildLiteBehavior [ RunTime:0.000000s ]
INFO: [ app_init ] --END-- [ RunTime:0.000000s ]
INFO: [ app_begin ] --START--
INFO: Run Behavior\ReadHtmlCacheBehavior [ RunTime:0.000000s ]
INFO: [ app_begin ] --END-- [ RunTime:0.000000s ]
SQL: SHOW COLUMNS FROM `config` [ RunTime:0.0020s ]
SQL: SELECT * FROM `config`  [ RunTime:0.0000s ]
SQL: SHOW COLUMNS FROM `department` [ RunTime:0.0020s ]
SQL: SELECT COUNT(*) AS tp_count FROM `department` LIMIT 1   [ RunTime:0.0000s ]
SQL: SELECT * FROM `department` LIMIT 0,10   [ RunTime:0.0000s ]
INFO: [ view_parse ] --START--
INFO: [ template_filter ] --START--
INFO: Run Behavior\ContentReplaceBehavior [ RunTime:0.000000s ]
INFO: [ template_filter ] --END-- [ RunTime:0.000000s ]
INFO: Run Behavior\ParseTemplateBehavior [ RunTime:0.022001s ]
INFO: [ view_parse ] --END-- [ RunTime:0.022001s ]
INFO: [ view_filter ] --START--
INFO: Run Behavior\WriteHtmlCacheBehavior [ RunTime:0.000000s ]
INFO: [ view_filter ] --END-- [ RunTime:0.000000s ]
INFO: [ app_end ] --START--
INFO: Run Behavior\ShowPageTraceBehavior [ RunTime:0.001001s ]
INFO: [ app_end ] --END-- [ RunTime:0.001001s ]

[ 2018-03-19T09:56:52+08:00 ] ::1 /enterprise/index.php/Admin/Department/sendEmail
INFO: [ app_init ] --START--
INFO: Run Behavior\BuildLiteBehavior [ RunTime:0.000000s ]
INFO: [ app_init ] --END-- [ RunTime:0.000000s ]
INFO: [ app_begin ] --START--
INFO: Run Behavior\ReadHtmlCacheBehavior [ RunTime:0.001000s ]
INFO: [ app_begin ] --END-- [ RunTime:0.001000s ]
SQL: SHOW COLUMNS FROM `config` [ RunTime:0.0020s ]
SQL: SELECT * FROM `config`  [ RunTime:0.0000s ]

[ 2018-03-19T09:56:53+08:00 ] ::1 /enterprise/index.php/Admin/Department/sendEmail
INFO: [ app_init ] --START--
INFO: Run Behavior\BuildLiteBehavior [ RunTime:0.000000s ]
INFO: [ app_init ] --END-- [ RunTime:0.001000s ]
INFO: [ app_begin ] --START--
INFO: Run Behavior\ReadHtmlCacheBehavior [ RunTime:0.001000s ]
INFO: [ app_begin ] --END-- [ RunTime:0.001000s ]
SQL: SHOW COLUMNS FROM `config` [ RunTime:0.0030s ]
SQL: SELECT * FROM `config`  [ RunTime:0.0000s ]

[ 2018-03-19T09:57:28+08:00 ] ::1 /enterprise/index.php/Admin/Department/index
INFO: [ app_init ] --START--
INFO: Run Behavior\BuildLiteBehavior [ RunTime:0.000000s ]
INFO: [ app_init ] --END-- [ RunTime:0.001000s ]
INFO: [ app_begin ] --START--
INFO: Run Behavior\ReadHtmlCacheBehavior [ RunTime:0.000000s ]
INFO: [ app_begin ] --END-- [ RunTime:0.000000s ]
SQL: SHOW COLUMNS FROM `config` [ RunTime:0.0020s ]
SQL: SELECT * FROM `config`  [ RunTime:0.0000s ]
INFO: [ view_parse ] --START--
INFO: [ template_filter ] --START--
INFO: Run Behavior\ContentReplaceBehavior [ RunTime:0.000000s ]
INFO: [ template_filter ] --END-- [ RunTime:0.000000s ]
NOTIC: [8] Undefined variable: navigate_admin D:\wampp\htdocs\enterprise\Application\Runtime\Cache\Admin\2dbbfc7cc9356e8aaacba4b83c676c79.php 第 75 行.
INFO: Run Behavior\ParseTemplateBehavior [ RunTime:0.008000s ]
INFO: [ view_parse ] --END-- [ RunTime:0.008000s ]
INFO: [ view_filter ] --START--
INFO: Run Behavior\WriteHtmlCacheBehavior [ RunTime:0.000000s ]
INFO: [ view_filter ] --END-- [ RunTime:0.000000s ]
INFO: [ app_end ] --START--
INFO: Run Behavior\ShowPageTraceBehavior [ RunTime:0.001000s ]
INFO: [ app_end ] --END-- [ RunTime:0.001000s ]

[ 2018-03-19T09:57:28+08:00 ] ::1 /enterprise/index.php/Admin/Department/ajaxindex.html?p=1
INFO: [ app_init ] --START--
INFO: Run Behavior\BuildLiteBehavior [ RunTime:0.000000s ]
INFO: [ app_init ] --END-- [ RunTime:0.000000s ]
INFO: [ app_begin ] --START--
INFO: Run Behavior\ReadHtmlCacheBehavior [ RunTime:0.000000s ]
INFO: [ app_begin ] --END-- [ RunTime:0.001000s ]
SQL: SHOW COLUMNS FROM `config` [ RunTime:0.0030s ]
SQL: SELECT * FROM `config`  [ RunTime:0.0010s ]
SQL: SHOW COLUMNS FROM `department` [ RunTime:0.0030s ]
SQL: SELECT COUNT(*) AS tp_count FROM `department` LIMIT 1   [ RunTime:0.0000s ]
SQL: SELECT * FROM `department` LIMIT 0,10   [ RunTime:0.0000s ]
INFO: [ view_parse ] --START--
INFO: [ template_filter ] --START--
INFO: Run Behavior\ContentReplaceBehavior [ RunTime:0.000000s ]
INFO: [ template_filter ] --END-- [ RunTime:0.000000s ]
INFO: Run Behavior\ParseTemplateBehavior [ RunTime:0.008000s ]
INFO: [ view_parse ] --END-- [ RunTime:0.008000s ]
INFO: [ view_filter ] --START--
INFO: Run Behavior\WriteHtmlCacheBehavior [ RunTime:0.000000s ]
INFO: [ view_filter ] --END-- [ RunTime:0.000000s ]
INFO: [ app_end ] --START--
INFO: Run Behavior\ShowPageTraceBehavior [ RunTime:0.000000s ]
INFO: [ app_end ] --END-- [ RunTime:0.000000s ]

[ 2018-03-19T09:57:47+08:00 ] ::1 /enterprise/index.php/Admin/Department/sendEmail
INFO: [ app_init ] --START--
INFO: Run Behavior\BuildLiteBehavior [ RunTime:0.000000s ]
INFO: [ app_init ] --END-- [ RunTime:0.001000s ]
INFO: [ app_begin ] --START--
INFO: Run Behavior\ReadHtmlCacheBehavior [ RunTime:0.001000s ]
INFO: [ app_begin ] --END-- [ RunTime:0.001000s ]
SQL: SHOW COLUMNS FROM `config` [ RunTime:0.0020s ]
SQL: SELECT * FROM `config`  [ RunTime:0.0000s ]
INFO: [ view_parse ] --START--
INFO: [ template_filter ] --START--
INFO: Run Behavior\ContentReplaceBehavior [ RunTime:0.001000s ]
INFO: [ template_filter ] --END-- [ RunTime:0.001000s ]
INFO: Run Behavior\ParseTemplateBehavior [ RunTime:0.022001s ]
INFO: [ view_parse ] --END-- [ RunTime:0.022001s ]
INFO: [ view_filter ] --START--
INFO: Run Behavior\WriteHtmlCacheBehavior [ RunTime:0.001000s ]
INFO: [ view_filter ] --END-- [ RunTime:0.001000s ]
INFO: [ app_end ] --START--
INFO: Run Behavior\ShowPageTraceBehavior [ RunTime:0.001000s ]
INFO: [ app_end ] --END-- [ RunTime:0.001000s ]

[ 2018-03-19T09:57:48+08:00 ] ::1 /enterprise/index.php/Admin/Department/index
INFO: [ app_init ] --START--
INFO: Run Behavior\BuildLiteBehavior [ RunTime:0.000000s ]
INFO: [ app_init ] --END-- [ RunTime:0.001000s ]
INFO: [ app_begin ] --START--
INFO: Run Behavior\ReadHtmlCacheBehavior [ RunTime:0.001000s ]
INFO: [ app_begin ] --END-- [ RunTime:0.001000s ]
SQL: SHOW COLUMNS FROM `config` [ RunTime:0.0020s ]
SQL: SELECT * FROM `config`  [ RunTime:0.0000s ]
INFO: [ view_parse ] --START--
INFO: [ template_filter ] --START--
INFO: Run Behavior\ContentReplaceBehavior [ RunTime:0.000000s ]
INFO: [ template_filter ] --END-- [ RunTime:0.000000s ]
NOTIC: [8] Undefined variable: navigate_admin D:\wampp\htdocs\enterprise\Application\Runtime\Cache\Admin\2dbbfc7cc9356e8aaacba4b83c676c79.php 第 75 行.
INFO: Run Behavior\ParseTemplateBehavior [ RunTime:0.007000s ]
INFO: [ view_parse ] --END-- [ RunTime:0.008001s ]
INFO: [ view_filter ] --START--
INFO: Run Behavior\WriteHtmlCacheBehavior [ RunTime:0.001000s ]
INFO: [ view_filter ] --END-- [ RunTime:0.001000s ]
INFO: [ app_end ] --START--
INFO: Run Behavior\ShowPageTraceBehavior [ RunTime:0.001000s ]
INFO: [ app_end ] --END-- [ RunTime:0.001000s ]

[ 2018-03-19T09:57:48+08:00 ] ::1 /enterprise/index.php/Admin/Department/ajaxindex.html?p=1
INFO: [ app_init ] --START--
INFO: Run Behavior\BuildLiteBehavior [ RunTime:0.000000s ]
INFO: [ app_init ] --END-- [ RunTime:0.001000s ]
INFO: [ app_begin ] --START--
INFO: Run Behavior\ReadHtmlCacheBehavior [ RunTime:0.002000s ]
INFO: [ app_begin ] --END-- [ RunTime:0.002000s ]
SQL: SHOW COLUMNS FROM `config` [ RunTime:0.0020s ]
SQL: SELECT * FROM `config`  [ RunTime:0.0010s ]
SQL: SHOW COLUMNS FROM `department` [ RunTime:0.0020s ]
SQL: SELECT COUNT(*) AS tp_count FROM `department` LIMIT 1   [ RunTime:0.0000s ]
SQL: SELECT * FROM `department` LIMIT 0,10   [ RunTime:0.0000s ]
INFO: [ view_parse ] --START--
INFO: [ template_filter ] --START--
INFO: Run Behavior\ContentReplaceBehavior [ RunTime:0.000000s ]
INFO: [ template_filter ] --END-- [ RunTime:0.001000s ]
INFO: Run Behavior\ParseTemplateBehavior [ RunTime:0.007001s ]
INFO: [ view_parse ] --END-- [ RunTime:0.007001s ]
INFO: [ view_filter ] --START--
INFO: Run Behavior\WriteHtmlCacheBehavior [ RunTime:0.001000s ]
INFO: [ view_filter ] --END-- [ RunTime:0.001000s ]
INFO: [ app_end ] --START--
INFO: Run Behavior\ShowPageTraceBehavior [ RunTime:0.001000s ]
INFO: [ app_end ] --END-- [ RunTime:0.001000s ]

[ 2018-03-19T10:01:49+08:00 ] ::1 /enterprise/index.php/Admin/Main/index.html
INFO: [ app_init ] --START--
INFO: Run Behavior\BuildLiteBehavior [ RunTime:0.000000s ]
INFO: [ app_init ] --END-- [ RunTime:0.001000s ]
INFO: [ app_begin ] --START--
INFO: Run Behavior\ReadHtmlCacheBehavior [ RunTime:0.001000s ]
INFO: [ app_begin ] --END-- [ RunTime:0.001000s ]
SQL: SHOW COLUMNS FROM `config` [ RunTime:0.0070s ]
SQL: SELECT * FROM `config`  [ RunTime:0.0010s ]
SQL: SHOW COLUMNS FROM `node` [ RunTime:0.0070s ]
SQL: SELECT * FROM `node` WHERE ( level = 2 ) ORDER BY sort  [ RunTime:0.0020s ]
SQL: SELECT * FROM `node` WHERE ( 1=1 AND pid='27' ) ORDER BY sort  [ RunTime:0.0000s ]
SQL: SELECT * FROM `node` WHERE ( 1=1 AND pid='55' ) ORDER BY sort  [ RunTime:0.0010s ]
SQL: SELECT * FROM `node` WHERE ( 1=1 AND pid='40' ) ORDER BY sort  [ RunTime:0.0010s ]
SQL: SELECT * FROM `node` WHERE ( 1=1 AND pid='34' ) ORDER BY sort  [ RunTime:0.0020s ]
SQL: SELECT * FROM `node` WHERE ( 1=1 AND pid='68' ) ORDER BY sort  [ RunTime:0.0000s ]
SQL: SELECT * FROM `node` WHERE ( 1=1 AND pid='23' ) ORDER BY sort  [ RunTime:0.0010s ]
SQL: SELECT * FROM `node` WHERE ( 1=1 AND pid='2' ) ORDER BY sort  [ RunTime:0.0000s ]
SQL: SELECT * FROM `node` WHERE ( 1=1 AND pid='31' ) ORDER BY sort  [ RunTime:0.0010s ]
INFO: [ view_parse ] --START--
INFO: [ template_filter ] --START--
INFO: Run Behavior\ContentReplaceBehavior [ RunTime:0.000000s ]
INFO: [ template_filter ] --END-- [ RunTime:0.000000s ]
NOTIC: [8] Undefined variable: order_amount D:\wampp\htdocs\enterprise\Application\Runtime\Cache\Admin\ceb25a752d454a3315706634952427db.php 第 225 行.
INFO: Run Behavior\ParseTemplateBehavior [ RunTime:0.013001s ]
INFO: [ view_parse ] --END-- [ RunTime:0.013001s ]
INFO: [ view_filter ] --START--
INFO: Run Behavior\WriteHtmlCacheBehavior [ RunTime:0.001000s ]
INFO: [ view_filter ] --END-- [ RunTime:0.001000s ]
INFO: [ app_end ] --START--
INFO: Run Behavior\ShowPageTraceBehavior [ RunTime:0.001000s ]
INFO: [ app_end ] --END-- [ RunTime:0.001000s ]

[ 2018-03-19T10:01:49+08:00 ] ::1 /enterprise/index.php/Admin/Main/welcome.html
INFO: [ app_init ] --START--
INFO: Run Behavior\BuildLiteBehavior [ RunTime:0.001000s ]
INFO: [ app_init ] --END-- [ RunTime:0.001000s ]
INFO: [ app_begin ] --START--
INFO: Run Behavior\ReadHtmlCacheBehavior [ RunTime:0.000000s ]
INFO: [ app_begin ] --END-- [ RunTime:0.000000s ]
SQL: SHOW COLUMNS FROM `config` [ RunTime:0.0020s ]
SQL: SELECT * FROM `config`  [ RunTime:0.0000s ]
SQL: SELECT VERSION() as version [ RunTime:0.0000s ]
NOTIC: [8] Undefined index: version D:\wampp\htdocs\enterprise\Application\Admin\Controller\MainController.class.php 第 114 行.
INFO: [ view_parse ] --START--
INFO: [ template_filter ] --START--
INFO: Run Behavior\ContentReplaceBehavior [ RunTime:0.000000s ]
INFO: [ template_filter ] --END-- [ RunTime:0.000000s ]
NOTIC: [8] Undefined variable: navigate_admin D:\wampp\htdocs\enterprise\Application\Runtime\Cache\Admin\89a96b9380e94957b60a130fd4752dc8.php 第 68 行.
NOTIC: [8] Undefined index: handle_order D:\wampp\htdocs\enterprise\Application\Runtime\Cache\Admin\89a96b9380e94957b60a130fd4752dc8.php 第 81 行.
NOTIC: [8] Undefined index: goods D:\wampp\htdocs\enterprise\Application\Runtime\Cache\Admin\89a96b9380e94957b60a130fd4752dc8.php 第 90 行.
NOTIC: [8] Undefined index: article D:\wampp\htdocs\enterprise\Application\Runtime\Cache\Admin\89a96b9380e94957b60a130fd4752dc8.php 第 99 行.
NOTIC: [8] Undefined index: users D:\wampp\htdocs\enterprise\Application\Runtime\Cache\Admin\89a96b9380e94957b60a130fd4752dc8.php 第 108 行.
NOTIC: [8] Undefined index: new_order D:\wampp\htdocs\enterprise\Application\Runtime\Cache\Admin\89a96b9380e94957b60a130fd4752dc8.php 第 123 行.
NOTIC: [8] Undefined index: today_login D:\wampp\htdocs\enterprise\Application\Runtime\Cache\Admin\89a96b9380e94957b60a130fd4752dc8.php 第 126 行.
NOTIC: [8] Undefined index: new_users D:\wampp\htdocs\enterprise\Application\Runtime\Cache\Admin\89a96b9380e94957b60a130fd4752dc8.php 第 129 行.
NOTIC: [8] Undefined index: comment D:\wampp\htdocs\enterprise\Application\Runtime\Cache\Admin\89a96b9380e94957b60a130fd4752dc8.php 第 132 行.
INFO: Run Behavior\ParseTemplateBehavior [ RunTime:0.012000s ]
INFO: [ view_parse ] --END-- [ RunTime:0.012000s ]
INFO: [ view_filter ] --START--
INFO: Run Behavior\WriteHtmlCacheBehavior [ RunTime:0.001000s ]
INFO: [ view_filter ] --END-- [ RunTime:0.001000s ]
INFO: [ app_end ] --START--
INFO: Run Behavior\ShowPageTraceBehavior [ RunTime:0.001000s ]
INFO: [ app_end ] --END-- [ RunTime:0.001000s ]

[ 2018-03-19T10:01:51+08:00 ] ::1 /enterprise/index.php/Admin/Department/index
INFO: [ app_init ] --START--
INFO: Run Behavior\BuildLiteBehavior [ RunTime:0.000000s ]
INFO: [ app_init ] --END-- [ RunTime:0.001000s ]
INFO: [ app_begin ] --START--
INFO: Run Behavior\ReadHtmlCacheBehavior [ RunTime:0.001000s ]
INFO: [ app_begin ] --END-- [ RunTime:0.001000s ]
SQL: SHOW COLUMNS FROM `config` [ RunTime:0.0030s ]
SQL: SELECT * FROM `config`  [ RunTime:0.0000s ]
INFO: [ view_parse ] --START--
INFO: [ template_filter ] --START--
INFO: Run Behavior\ContentReplaceBehavior [ RunTime:0.000000s ]
INFO: [ template_filter ] --END-- [ RunTime:0.000000s ]
NOTIC: [8] Undefined variable: navigate_admin D:\wampp\htdocs\enterprise\Application\Runtime\Cache\Admin\2dbbfc7cc9356e8aaacba4b83c676c79.php 第 75 行.
INFO: Run Behavior\ParseTemplateBehavior [ RunTime:0.006001s ]
INFO: [ view_parse ] --END-- [ RunTime:0.006001s ]
INFO: [ view_filter ] --START--
INFO: Run Behavior\WriteHtmlCacheBehavior [ RunTime:0.000000s ]
INFO: [ view_filter ] --END-- [ RunTime:0.000000s ]
INFO: [ app_end ] --START--
INFO: Run Behavior\ShowPageTraceBehavior [ RunTime:0.001000s ]
INFO: [ app_end ] --END-- [ RunTime:0.001000s ]

[ 2018-03-19T10:01:51+08:00 ] ::1 /enterprise/index.php/Admin/Department/ajaxindex.html?p=1
INFO: [ app_init ] --START--
INFO: Run Behavior\BuildLiteBehavior [ RunTime:0.000000s ]
INFO: [ app_init ] --END-- [ RunTime:0.001000s ]
INFO: [ app_begin ] --START--
INFO: Run Behavior\ReadHtmlCacheBehavior [ RunTime:0.001000s ]
INFO: [ app_begin ] --END-- [ RunTime:0.001000s ]
SQL: SHOW COLUMNS FROM `config` [ RunTime:0.0040s ]
SQL: SELECT * FROM `config`  [ RunTime:0.0020s ]
SQL: SHOW COLUMNS FROM `department` [ RunTime:0.0040s ]
SQL: SELECT COUNT(*) AS tp_count FROM `department` LIMIT 1   [ RunTime:0.0000s ]
SQL: SELECT * FROM `department` LIMIT 0,10   [ RunTime:0.0000s ]
INFO: [ view_parse ] --START--
INFO: [ template_filter ] --START--
INFO: Run Behavior\ContentReplaceBehavior [ RunTime:0.000000s ]
INFO: [ template_filter ] --END-- [ RunTime:0.000000s ]
INFO: Run Behavior\ParseTemplateBehavior [ RunTime:0.006001s ]
INFO: [ view_parse ] --END-- [ RunTime:0.006001s ]
INFO: [ view_filter ] --START--
INFO: Run Behavior\WriteHtmlCacheBehavior [ RunTime:0.000000s ]
INFO: [ view_filter ] --END-- [ RunTime:0.000000s ]
INFO: [ app_end ] --START--
INFO: Run Behavior\ShowPageTraceBehavior [ RunTime:0.000000s ]
INFO: [ app_end ] --END-- [ RunTime:0.000000s ]

[ 2018-03-19T10:02:08+08:00 ] ::1 /enterprise/index.php/Admin/Department/sendEmail
INFO: [ app_init ] --START--
INFO: Run Behavior\BuildLiteBehavior [ RunTime:0.000000s ]
INFO: [ app_init ] --END-- [ RunTime:0.000000s ]
INFO: [ app_begin ] --START--
INFO: Run Behavior\ReadHtmlCacheBehavior [ RunTime:0.000000s ]
INFO: [ app_begin ] --END-- [ RunTime:0.000000s ]
SQL: SHOW COLUMNS FROM `config` [ RunTime:0.0030s ]
SQL: SELECT * FROM `config`  [ RunTime:0.0000s ]

[ 2018-03-19T10:02:39+08:00 ] ::1 /enterprise/index.php/Admin/Main/index.html
INFO: [ app_init ] --START--
INFO: Run Behavior\BuildLiteBehavior [ RunTime:0.000000s ]
INFO: [ app_init ] --END-- [ RunTime:0.001000s ]
INFO: [ app_begin ] --START--
INFO: Run Behavior\ReadHtmlCacheBehavior [ RunTime:0.000000s ]
INFO: [ app_begin ] --END-- [ RunTime:0.000000s ]
SQL: SHOW COLUMNS FROM `config` [ RunTime:0.0030s ]
SQL: SELECT * FROM `config`  [ RunTime:0.0000s ]
SQL: SHOW COLUMNS FROM `node` [ RunTime:0.0020s ]
SQL: SELECT * FROM `node` WHERE ( level = 2 ) ORDER BY sort  [ RunTime:0.0010s ]
SQL: SELECT * FROM `node` WHERE ( 1=1 AND pid='27' ) ORDER BY sort  [ RunTime:0.0000s ]
SQL: SELECT * FROM `node` WHERE ( 1=1 AND pid='55' ) ORDER BY sort  [ RunTime:0.0000s ]
SQL: SELECT * FROM `node` WHERE ( 1=1 AND pid='40' ) ORDER BY sort  [ RunTime:0.0010s ]
SQL: SELECT * FROM `node` WHERE ( 1=1 AND pid='34' ) ORDER BY sort  [ RunTime:0.0000s ]
SQL: SELECT * FROM `node` WHERE ( 1=1 AND pid='68' ) ORDER BY sort  [ RunTime:0.0000s ]
SQL: SELECT * FROM `node` WHERE ( 1=1 AND pid='23' ) ORDER BY sort  [ RunTime:0.0000s ]
SQL: SELECT * FROM `node` WHERE ( 1=1 AND pid='2' ) ORDER BY sort  [ RunTime:0.0000s ]
SQL: SELECT * FROM `node` WHERE ( 1=1 AND pid='31' ) ORDER BY sort  [ RunTime:0.0000s ]
INFO: [ view_parse ] --START--
INFO: [ template_filter ] --START--
INFO: Run Behavior\ContentReplaceBehavior [ RunTime:0.001001s ]
INFO: [ template_filter ] --END-- [ RunTime:0.001001s ]
NOTIC: [8] Undefined variable: order_amount D:\wampp\htdocs\enterprise\Application\Runtime\Cache\Admin\ceb25a752d454a3315706634952427db.php 第 225 行.
INFO: Run Behavior\ParseTemplateBehavior [ RunTime:0.007001s ]
INFO: [ view_parse ] --END-- [ RunTime:0.008001s ]
INFO: [ view_filter ] --START--
INFO: Run Behavior\WriteHtmlCacheBehavior [ RunTime:0.000000s ]
INFO: [ view_filter ] --END-- [ RunTime:0.000000s ]
INFO: [ app_end ] --START--
INFO: Run Behavior\ShowPageTraceBehavior [ RunTime:0.000000s ]
INFO: [ app_end ] --END-- [ RunTime:0.000000s ]

[ 2018-03-19T10:02:39+08:00 ] ::1 /enterprise/index.php/Admin/Main/welcome.html
INFO: [ app_init ] --START--
INFO: Run Behavior\BuildLiteBehavior [ RunTime:0.000000s ]
INFO: [ app_init ] --END-- [ RunTime:0.000000s ]
INFO: [ app_begin ] --START--
INFO: Run Behavior\ReadHtmlCacheBehavior [ RunTime:0.001000s ]
INFO: [ app_begin ] --END-- [ RunTime:0.001000s ]
SQL: SHOW COLUMNS FROM `config` [ RunTime:0.0020s ]
SQL: SELECT * FROM `config`  [ RunTime:0.0000s ]
SQL: SELECT VERSION() as version [ RunTime:0.0000s ]
NOTIC: [8] Undefined index: version D:\wampp\htdocs\enterprise\Application\Admin\Controller\MainController.class.php 第 114 行.
INFO: [ view_parse ] --START--
INFO: [ template_filter ] --START--
INFO: Run Behavior\ContentReplaceBehavior [ RunTime:0.000000s ]
INFO: [ template_filter ] --END-- [ RunTime:0.000000s ]
NOTIC: [8] Undefined variable: navigate_admin D:\wampp\htdocs\enterprise\Application\Runtime\Cache\Admin\89a96b9380e94957b60a130fd4752dc8.php 第 68 行.
NOTIC: [8] Undefined index: handle_order D:\wampp\htdocs\enterprise\Application\Runtime\Cache\Admin\89a96b9380e94957b60a130fd4752dc8.php 第 81 行.
NOTIC: [8] Undefined index: goods D:\wampp\htdocs\enterprise\Application\Runtime\Cache\Admin\89a96b9380e94957b60a130fd4752dc8.php 第 90 行.
NOTIC: [8] Undefined index: article D:\wampp\htdocs\enterprise\Application\Runtime\Cache\Admin\89a96b9380e94957b60a130fd4752dc8.php 第 99 行.
NOTIC: [8] Undefined index: users D:\wampp\htdocs\enterprise\Application\Runtime\Cache\Admin\89a96b9380e94957b60a130fd4752dc8.php 第 108 行.
NOTIC: [8] Undefined index: new_order D:\wampp\htdocs\enterprise\Application\Runtime\Cache\Admin\89a96b9380e94957b60a130fd4752dc8.php 第 123 行.
NOTIC: [8] Undefined index: today_login D:\wampp\htdocs\enterprise\Application\Runtime\Cache\Admin\89a96b9380e94957b60a130fd4752dc8.php 第 126 行.
NOTIC: [8] Undefined index: new_users D:\wampp\htdocs\enterprise\Application\Runtime\Cache\Admin\89a96b9380e94957b60a130fd4752dc8.php 第 129 行.
NOTIC: [8] Undefined index: comment D:\wampp\htdocs\enterprise\Application\Runtime\Cache\Admin\89a96b9380e94957b60a130fd4752dc8.php 第 132 行.
INFO: Run Behavior\ParseTemplateBehavior [ RunTime:0.008000s ]
INFO: [ view_parse ] --END-- [ RunTime:0.008000s ]
INFO: [ view_filter ] --START--
INFO: Run Behavior\WriteHtmlCacheBehavior [ RunTime:0.000000s ]
INFO: [ view_filter ] --END-- [ RunTime:0.000000s ]
INFO: [ app_end ] --START--
INFO: Run Behavior\ShowPageTraceBehavior [ RunTime:0.001000s ]
INFO: [ app_end ] --END-- [ RunTime:0.001000s ]

[ 2018-03-19T10:02:58+08:00 ] ::1 /enterprise/index.php/Admin/Department/index
INFO: [ app_init ] --START--
INFO: Run Behavior\BuildLiteBehavior [ RunTime:0.000000s ]
INFO: [ app_init ] --END-- [ RunTime:0.000000s ]
INFO: [ app_begin ] --START--
INFO: Run Behavior\ReadHtmlCacheBehavior [ RunTime:0.000000s ]
INFO: [ app_begin ] --END-- [ RunTime:0.000000s ]
SQL: SHOW COLUMNS FROM `config` [ RunTime:0.0010s ]
SQL: SELECT * FROM `config`  [ RunTime:0.0000s ]
INFO: [ view_parse ] --START--
INFO: [ template_filter ] --START--
INFO: Run Behavior\ContentReplaceBehavior [ RunTime:0.000000s ]
INFO: [ template_filter ] --END-- [ RunTime:0.000000s ]
NOTIC: [8] Undefined variable: navigate_admin D:\wampp\htdocs\enterprise\Application\Runtime\Cache\Admin\2dbbfc7cc9356e8aaacba4b83c676c79.php 第 75 行.
INFO: Run Behavior\ParseTemplateBehavior [ RunTime:0.007001s ]
INFO: [ view_parse ] --END-- [ RunTime:0.007001s ]
INFO: [ view_filter ] --START--
INFO: Run Behavior\WriteHtmlCacheBehavior [ RunTime:0.000000s ]
INFO: [ view_filter ] --END-- [ RunTime:0.000000s ]
INFO: [ app_end ] --START--
INFO: Run Behavior\ShowPageTraceBehavior [ RunTime:0.001000s ]
INFO: [ app_end ] --END-- [ RunTime:0.001000s ]

[ 2018-03-19T10:02:58+08:00 ] ::1 /enterprise/index.php/Admin/Department/ajaxindex.html?p=1
INFO: [ app_init ] --START--
INFO: Run Behavior\BuildLiteBehavior [ RunTime:0.000000s ]
INFO: [ app_init ] --END-- [ RunTime:0.000000s ]
INFO: [ app_begin ] --START--
INFO: Run Behavior\ReadHtmlCacheBehavior [ RunTime:0.000000s ]
INFO: [ app_begin ] --END-- [ RunTime:0.000000s ]
SQL: SHOW COLUMNS FROM `config` [ RunTime:0.0020s ]
SQL: SELECT * FROM `config`  [ RunTime:0.0010s ]
SQL: SHOW COLUMNS FROM `department` [ RunTime:0.0020s ]
SQL: SELECT COUNT(*) AS tp_count FROM `department` LIMIT 1   [ RunTime:0.0000s ]
SQL: SELECT * FROM `department` LIMIT 0,10   [ RunTime:0.0000s ]
INFO: [ view_parse ] --START--
INFO: [ template_filter ] --START--
INFO: Run Behavior\ContentReplaceBehavior [ RunTime:0.000000s ]
INFO: [ template_filter ] --END-- [ RunTime:0.000000s ]
INFO: Run Behavior\ParseTemplateBehavior [ RunTime:0.006001s ]
INFO: [ view_parse ] --END-- [ RunTime:0.006001s ]
INFO: [ view_filter ] --START--
INFO: Run Behavior\WriteHtmlCacheBehavior [ RunTime:0.000000s ]
INFO: [ view_filter ] --END-- [ RunTime:0.000000s ]
INFO: [ app_end ] --START--
INFO: Run Behavior\ShowPageTraceBehavior [ RunTime:0.001000s ]
INFO: [ app_end ] --END-- [ RunTime:0.001000s ]

[ 2018-03-19T10:03:14+08:00 ] ::1 /enterprise/index.php/Admin/Department/sendEmail
INFO: [ app_init ] --START--
INFO: Run Behavior\BuildLiteBehavior [ RunTime:0.000000s ]
INFO: [ app_init ] --END-- [ RunTime:0.000000s ]
INFO: [ app_begin ] --START--
INFO: Run Behavior\ReadHtmlCacheBehavior [ RunTime:0.001000s ]
INFO: [ app_begin ] --END-- [ RunTime:0.001000s ]
SQL: SHOW COLUMNS FROM `config` [ RunTime:0.0020s ]
SQL: SELECT * FROM `config`  [ RunTime:0.0000s ]
INFO: [ view_parse ] --START--
INFO: [ template_filter ] --START--
INFO: Run Behavior\ContentReplaceBehavior [ RunTime:0.000000s ]
INFO: [ template_filter ] --END-- [ RunTime:0.000000s ]
INFO: Run Behavior\ParseTemplateBehavior [ RunTime:0.005001s ]
INFO: [ view_parse ] --END-- [ RunTime:0.005001s ]
INFO: [ view_filter ] --START--
INFO: Run Behavior\WriteHtmlCacheBehavior [ RunTime:0.001000s ]
INFO: [ view_filter ] --END-- [ RunTime:0.001000s ]

[ 2018-03-19T10:03:17+08:00 ] ::1 /enterprise/index.php/Admin/Department/ajaxindex.html?p=1
INFO: [ app_init ] --START--
INFO: Run Behavior\BuildLiteBehavior [ RunTime:0.000000s ]
INFO: [ app_init ] --END-- [ RunTime:0.001000s ]
INFO: [ app_begin ] --START--
INFO: Run Behavior\ReadHtmlCacheBehavior [ RunTime:0.001000s ]
INFO: [ app_begin ] --END-- [ RunTime:0.001000s ]
SQL: SHOW COLUMNS FROM `config` [ RunTime:0.0020s ]
SQL: SELECT * FROM `config`  [ RunTime:0.0000s ]
SQL: SHOW COLUMNS FROM `department` [ RunTime:0.0110s ]
SQL: SELECT COUNT(*) AS tp_count FROM `department` LIMIT 1   [ RunTime:0.0000s ]
SQL: SELECT * FROM `department` LIMIT 0,10   [ RunTime:0.0000s ]
INFO: [ view_parse ] --START--
INFO: [ template_filter ] --START--
INFO: Run Behavior\ContentReplaceBehavior [ RunTime:0.000000s ]
INFO: [ template_filter ] --END-- [ RunTime:0.000000s ]
INFO: Run Behavior\ParseTemplateBehavior [ RunTime:0.007001s ]
INFO: [ view_parse ] --END-- [ RunTime:0.007001s ]
INFO: [ view_filter ] --START--
INFO: Run Behavior\WriteHtmlCacheBehavior [ RunTime:0.001000s ]
INFO: [ view_filter ] --END-- [ RunTime:0.001000s ]
INFO: [ app_end ] --START--
INFO: Run Behavior\ShowPageTraceBehavior [ RunTime:0.000000s ]
INFO: [ app_end ] --END-- [ RunTime:0.000000s ]

[ 2018-03-19T10:05:27+08:00 ] ::1 /enterprise/index.php/Admin/Department/sendEmail
INFO: [ app_init ] --START--
INFO: Run Behavior\BuildLiteBehavior [ RunTime:0.000000s ]
INFO: [ app_init ] --END-- [ RunTime:0.001000s ]
INFO: [ app_begin ] --START--
INFO: Run Behavior\ReadHtmlCacheBehavior [ RunTime:0.001000s ]
INFO: [ app_begin ] --END-- [ RunTime:0.002000s ]
SQL: SHOW COLUMNS FROM `config` [ RunTime:0.0030s ]
SQL: SELECT * FROM `config`  [ RunTime:0.0000s ]
INFO: [ view_parse ] --START--
INFO: [ template_filter ] --START--
INFO: Run Behavior\ContentReplaceBehavior [ RunTime:0.001000s ]
INFO: [ template_filter ] --END-- [ RunTime:0.001000s ]
INFO: Run Behavior\ParseTemplateBehavior [ RunTime:0.021001s ]
INFO: [ view_parse ] --END-- [ RunTime:0.021001s ]
INFO: [ view_filter ] --START--
INFO: Run Behavior\WriteHtmlCacheBehavior [ RunTime:0.001000s ]
INFO: [ view_filter ] --END-- [ RunTime:0.001000s ]

[ 2018-03-19T10:05:30+08:00 ] ::1 /enterprise/index.php/Admin/Department/ajaxindex.html?p=1
INFO: [ app_init ] --START--
INFO: Run Behavior\BuildLiteBehavior [ RunTime:0.000000s ]
INFO: [ app_init ] --END-- [ RunTime:0.001000s ]
INFO: [ app_begin ] --START--
INFO: Run Behavior\ReadHtmlCacheBehavior [ RunTime:0.001000s ]
INFO: [ app_begin ] --END-- [ RunTime:0.001000s ]
SQL: SHOW COLUMNS FROM `config` [ RunTime:0.0020s ]
SQL: SELECT * FROM `config`  [ RunTime:0.0010s ]
SQL: SHOW COLUMNS FROM `department` [ RunTime:0.0010s ]
SQL: SELECT COUNT(*) AS tp_count FROM `department` LIMIT 1   [ RunTime:0.0000s ]
SQL: SELECT * FROM `department` LIMIT 0,10   [ RunTime:0.0000s ]
INFO: [ view_parse ] --START--
INFO: [ template_filter ] --START--
INFO: Run Behavior\ContentReplaceBehavior [ RunTime:0.000000s ]
INFO: [ template_filter ] --END-- [ RunTime:0.000000s ]
INFO: Run Behavior\ParseTemplateBehavior [ RunTime:0.007001s ]
INFO: [ view_parse ] --END-- [ RunTime:0.007001s ]
INFO: [ view_filter ] --START--
INFO: Run Behavior\WriteHtmlCacheBehavior [ RunTime:0.001000s ]
INFO: [ view_filter ] --END-- [ RunTime:0.001000s ]
INFO: [ app_end ] --START--
INFO: Run Behavior\ShowPageTraceBehavior [ RunTime:0.001000s ]
INFO: [ app_end ] --END-- [ RunTime:0.001000s ]

[ 2018-03-19T10:06:11+08:00 ] ::1 /enterprise/index.php/Admin/Department/sendEmail
INFO: [ app_init ] --START--
INFO: Run Behavior\BuildLiteBehavior [ RunTime:0.000000s ]
INFO: [ app_init ] --END-- [ RunTime:0.000000s ]
INFO: [ app_begin ] --START--
INFO: Run Behavior\ReadHtmlCacheBehavior [ RunTime:0.002001s ]
INFO: [ app_begin ] --END-- [ RunTime:0.002001s ]
SQL: SHOW COLUMNS FROM `config` [ RunTime:0.0030s ]
SQL: SELECT * FROM `config`  [ RunTime:0.0010s ]

[ 2018-03-19T10:07:05+08:00 ] ::1 /enterprise/index.php/Admin/Department/index
INFO: [ app_init ] --START--
INFO: Run Behavior\BuildLiteBehavior [ RunTime:0.000000s ]
INFO: [ app_init ] --END-- [ RunTime:0.000000s ]
INFO: [ app_begin ] --START--
INFO: Run Behavior\ReadHtmlCacheBehavior [ RunTime:0.001000s ]
INFO: [ app_begin ] --END-- [ RunTime:0.001000s ]
SQL: SHOW COLUMNS FROM `config` [ RunTime:0.0020s ]
SQL: SELECT * FROM `config`  [ RunTime:0.0000s ]
INFO: [ view_parse ] --START--
INFO: [ template_filter ] --START--
INFO: Run Behavior\ContentReplaceBehavior [ RunTime:0.000000s ]
INFO: [ template_filter ] --END-- [ RunTime:0.000000s ]
NOTIC: [8] Undefined variable: navigate_admin D:\wampp\htdocs\enterprise\Application\Runtime\Cache\Admin\2dbbfc7cc9356e8aaacba4b83c676c79.php 第 75 行.
INFO: Run Behavior\ParseTemplateBehavior [ RunTime:0.008001s ]
INFO: [ view_parse ] --END-- [ RunTime:0.008001s ]
INFO: [ view_filter ] --START--
INFO: Run Behavior\WriteHtmlCacheBehavior [ RunTime:0.000000s ]
INFO: [ view_filter ] --END-- [ RunTime:0.000000s ]
INFO: [ app_end ] --START--
INFO: Run Behavior\ShowPageTraceBehavior [ RunTime:0.001000s ]
INFO: [ app_end ] --END-- [ RunTime:0.001000s ]

[ 2018-03-19T10:07:05+08:00 ] ::1 /enterprise/index.php/Admin/Department/ajaxindex.html?p=1
INFO: [ app_init ] --START--
INFO: Run Behavior\BuildLiteBehavior [ RunTime:0.000000s ]
INFO: [ app_init ] --END-- [ RunTime:0.001000s ]
INFO: [ app_begin ] --START--
INFO: Run Behavior\ReadHtmlCacheBehavior [ RunTime:0.001000s ]
INFO: [ app_begin ] --END-- [ RunTime:0.001000s ]
SQL: SHOW COLUMNS FROM `config` [ RunTime:0.0010s ]
SQL: SELECT * FROM `config`  [ RunTime:0.0000s ]
SQL: SHOW COLUMNS FROM `department` [ RunTime:0.0020s ]
SQL: SELECT COUNT(*) AS tp_count FROM `department` LIMIT 1   [ RunTime:0.0010s ]
SQL: SELECT * FROM `department` LIMIT 0,10   [ RunTime:0.0000s ]
INFO: [ view_parse ] --START--
INFO: [ template_filter ] --START--
INFO: Run Behavior\ContentReplaceBehavior [ RunTime:0.000000s ]
INFO: [ template_filter ] --END-- [ RunTime:0.000000s ]
INFO: Run Behavior\ParseTemplateBehavior [ RunTime:0.009001s ]
INFO: [ view_parse ] --END-- [ RunTime:0.009001s ]
INFO: [ view_filter ] --START--
INFO: Run Behavior\WriteHtmlCacheBehavior [ RunTime:0.001000s ]
INFO: [ view_filter ] --END-- [ RunTime:0.001000s ]
INFO: [ app_end ] --START--
INFO: Run Behavior\ShowPageTraceBehavior [ RunTime:0.000000s ]
INFO: [ app_end ] --END-- [ RunTime:0.000000s ]

