[ 2018-03-30T08:56:50+08:00 ] ::1 /enterprise/index.php/Admin/Department/ajaxRecruiList.html?p=1
INFO: [ app_init ] --START--
INFO: Run Behavior\BuildLiteBehavior [ RunTime:0.000000s ]
INFO: [ app_init ] --END-- [ RunTime:0.206012s ]
INFO: [ app_begin ] --START--
INFO: Run Behavior\ReadHtmlCacheBehavior [ RunTime:0.038002s ]
INFO: [ app_begin ] --END-- [ RunTime:0.038002s ]
SQL: SHOW COLUMNS FROM `config` [ RunTime:0.1090s ]
SQL: SELECT * FROM `config`  [ RunTime:0.0280s ]
SQL: SHOW COLUMNS FROM `recruitment` [ RunTime:0.1690s ]
SQL: SELECT COUNT(*) AS tp_count FROM `recruitment` LIMIT 1   [ RunTime:0.0000s ]
SQL: SELECT * FROM `recruitment` ORDER BY regtime desc LIMIT 0,10   [ RunTime:0.0010s ]
SQL: SHOW COLUMNS FROM `department` [ RunTime:0.2530s ]
SQL: SELECT `title`,`head` FROM `department` WHERE ( 1=1 AND id='1' ) LIMIT 1   [ RunTime:0.0000s ]
SQL: SELECT `title`,`head` FROM `department` WHERE ( 1=1 AND id='1' ) LIMIT 1   [ RunTime:0.0000s ]
SQL: SELECT `title`,`head` FROM `department` WHERE ( 1=1 AND id='1' ) LIMIT 1   [ RunTime:0.0000s ]
SQL: SELECT `title`,`head` FROM `department` WHERE ( 1=1 AND id='1' ) LIMIT 1   [ RunTime:0.0000s ]
SQL: SELECT `title`,`head` FROM `department` WHERE ( 1=1 AND id='1' ) LIMIT 1   [ RunTime:0.0010s ]
SQL: SELECT `title`,`head` FROM `department` WHERE ( 1=1 AND id='1' ) LIMIT 1   [ RunTime:0.0000s ]
SQL: SELECT `title`,`head` FROM `department` WHERE ( 1=1 AND id='1' ) LIMIT 1   [ RunTime:0.0000s ]
SQL: SELECT `title`,`head` FROM `department` WHERE ( 1=1 AND id='1' ) LIMIT 1   [ RunTime:0.0010s ]
SQL: SELECT `title`,`head` FROM `department` WHERE ( 1=1 AND id='1' ) LIMIT 1   [ RunTime:0.0000s ]
SQL: SELECT `title`,`head` FROM `department` WHERE ( 1=1 AND id='1' ) LIMIT 1   [ RunTime:0.0000s ]
INFO: [ view_parse ] --START--
INFO: [ template_filter ] --START--
INFO: Run Behavior\ContentReplaceBehavior [ RunTime:0.164010s ]
INFO: [ template_filter ] --END-- [ RunTime:0.164010s ]
INFO: Run Behavior\ParseTemplateBehavior [ RunTime:0.999057s ]
INFO: [ view_parse ] --END-- [ RunTime:0.999057s ]
INFO: [ view_filter ] --START--
INFO: Run Behavior\WriteHtmlCacheBehavior [ RunTime:0.061004s ]
INFO: [ view_filter ] --END-- [ RunTime:0.061004s ]
INFO: [ app_end ] --START--
INFO: Run Behavior\ShowPageTraceBehavior [ RunTime:0.133008s ]
INFO: [ app_end ] --END-- [ RunTime:0.133008s ]

