[ 2018-06-22T14:26:23+08:00 ] ::1 /enterprise/admin
INFO: [ app_init ] --START--
INFO: Run Behavior\BuildLiteBehavior [ RunTime:0.000000s ]
INFO: [ app_init ] --END-- [ RunTime:0.006000s ]
INFO: [ app_begin ] --START--
INFO: Run Behavior\ReadHtmlCacheBehavior [ RunTime:0.001000s ]
INFO: [ app_begin ] --END-- [ RunTime:0.001000s ]
SQL: SHOW COLUMNS FROM `config` [ RunTime:0.0250s ]
SQL: SELECT * FROM `config`  [ RunTime:0.0030s ]
INFO: [ view_parse ] --START--
INFO: [ template_filter ] --START--
INFO: Run Behavior\ContentReplaceBehavior [ RunTime:0.000000s ]
INFO: [ template_filter ] --END-- [ RunTime:0.000000s ]
INFO: Run Behavior\ParseTemplateBehavior [ RunTime:0.024001s ]
INFO: [ view_parse ] --END-- [ RunTime:0.024001s ]
INFO: [ view_filter ] --START--
INFO: Run Behavior\WriteHtmlCacheBehavior [ RunTime:0.024002s ]
INFO: [ view_filter ] --END-- [ RunTime:0.024002s ]
INFO: [ app_end ] --START--
INFO: Run Behavior\ShowPageTraceBehavior [ RunTime:0.014001s ]
INFO: [ app_end ] --END-- [ RunTime:0.014001s ]

[ 2018-06-22T14:26:24+08:00 ] ::1 /enterprise/index.php/Admin/Index/verify.html
INFO: [ app_init ] --START--
INFO: Run Behavior\BuildLiteBehavior [ RunTime:0.000000s ]
INFO: [ app_init ] --END-- [ RunTime:0.000000s ]
INFO: [ app_begin ] --START--
INFO: Run Behavior\ReadHtmlCacheBehavior [ RunTime:0.001000s ]
INFO: [ app_begin ] --END-- [ RunTime:0.001000s ]
SQL: SHOW COLUMNS FROM `config` [ RunTime:0.0020s ]
SQL: SELECT * FROM `config`  [ RunTime:0.0000s ]
INFO: [ app_end ] --START--
INFO: Run Behavior\ShowPageTraceBehavior [ RunTime:0.001000s ]
INFO: [ app_end ] --END-- [ RunTime:0.001000s ]

[ 2018-06-22T14:26:33+08:00 ] ::1 /enterprise/index.php/Admin/Index/login.html
INFO: [ app_init ] --START--
INFO: Run Behavior\BuildLiteBehavior [ RunTime:0.000000s ]
INFO: [ app_init ] --END-- [ RunTime:0.000000s ]
INFO: [ app_begin ] --START--
INFO: Run Behavior\ReadHtmlCacheBehavior [ RunTime:0.001000s ]
INFO: [ app_begin ] --END-- [ RunTime:0.001000s ]
SQL: SHOW COLUMNS FROM `config` [ RunTime:0.0020s ]
SQL: SELECT * FROM `config`  [ RunTime:0.0000s ]
SQL: SHOW COLUMNS FROM `user` [ RunTime:0.1300s ]
SQL: SELECT * FROM `user` WHERE `username` = 'admin' AND `password` = '21232f297a57a5a743894a0e4a801fc3' LIMIT 1   [ RunTime:0.0000s ]
SQL: SHOW COLUMNS FROM `role` [ RunTime:0.0570s ]
NOTIC: [8] Undefined index: mapping_order D:\wampp\htdocs\enterprise\ThinkPHP\Library\Think\Model\RelationModel.class.php 第 186 行.
NOTIC: [8] Undefined index: mapping_limit D:\wampp\htdocs\enterprise\ThinkPHP\Library\Think\Model\RelationModel.class.php 第 187 行.
NOTIC: [8] Undefined index: relation_foreign_key D:\wampp\htdocs\enterprise\ThinkPHP\Library\Think\Model\RelationModel.class.php 第 188 行.
SQL: SELECT b.name,id FROM role_user AS a, role AS b WHERE a.Role_id = b.id AND a. user_id='1' [ RunTime:0.0190s ]
SQL: UPDATE `user` SET `logintime`='1529648793',`loginIP`='::1' WHERE ( id=1 ) [ RunTime:0.0110s ]
SQL: SHOW COLUMNS FROM `login_log` [ RunTime:0.0130s ]
SQL: INSERT INTO `login_log` (`user_id`,`log_time`,`log_ip`) VALUES ('1','1529648793','::1') [ RunTime:0.0090s ]
NOTIC: [8] Undefined index: name D:\wampp\htdocs\enterprise\Application\Admin\Controller\IndexController.class.php 第 83 行.
INFO: [ view_parse ] --START--
INFO: [ template_filter ] --START--
INFO: Run Behavior\ContentReplaceBehavior [ RunTime:0.001000s ]
INFO: [ template_filter ] --END-- [ RunTime:0.001000s ]
INFO: Run Behavior\ParseTemplateBehavior [ RunTime:0.026002s ]
INFO: [ view_parse ] --END-- [ RunTime:0.026002s ]
INFO: [ view_filter ] --START--
INFO: Run Behavior\WriteHtmlCacheBehavior [ RunTime:0.001000s ]
INFO: [ view_filter ] --END-- [ RunTime:0.001000s ]
INFO: [ app_end ] --START--
INFO: Run Behavior\ShowPageTraceBehavior [ RunTime:0.001000s ]
INFO: [ app_end ] --END-- [ RunTime:0.001000s ]

[ 2018-06-22T14:26:34+08:00 ] ::1 /enterprise/index.php/Admin/Main/index.html
INFO: [ app_init ] --START--
INFO: Run Behavior\BuildLiteBehavior [ RunTime:0.000000s ]
INFO: [ app_init ] --END-- [ RunTime:0.000000s ]
INFO: [ app_begin ] --START--
INFO: Run Behavior\ReadHtmlCacheBehavior [ RunTime:0.001000s ]
INFO: [ app_begin ] --END-- [ RunTime:0.001000s ]
SQL: SHOW COLUMNS FROM `config` [ RunTime:0.0020s ]
SQL: SELECT * FROM `config`  [ RunTime:0.0000s ]
SQL: SHOW COLUMNS FROM `node` [ RunTime:0.0080s ]
SQL: SELECT * FROM `node` WHERE ( level = 2 ) ORDER BY sort  [ RunTime:0.0010s ]
SQL: SELECT * FROM `node` WHERE ( 1=1 AND pid='27' ) ORDER BY sort  [ RunTime:0.0010s ]
SQL: SELECT * FROM `node` WHERE ( 1=1 AND pid='55' ) ORDER BY sort  [ RunTime:0.0010s ]
SQL: SELECT * FROM `node` WHERE ( 1=1 AND pid='40' ) ORDER BY sort  [ RunTime:0.0000s ]
SQL: SELECT * FROM `node` WHERE ( 1=1 AND pid='34' ) ORDER BY sort  [ RunTime:0.0010s ]
SQL: SELECT * FROM `node` WHERE ( 1=1 AND pid='68' ) ORDER BY sort  [ RunTime:0.0000s ]
SQL: SELECT * FROM `node` WHERE ( 1=1 AND pid='23' ) ORDER BY sort  [ RunTime:0.0000s ]
SQL: SELECT * FROM `node` WHERE ( 1=1 AND pid='2' ) ORDER BY sort  [ RunTime:0.0000s ]
SQL: SELECT * FROM `node` WHERE ( 1=1 AND pid='31' ) ORDER BY sort  [ RunTime:0.0000s ]
INFO: [ view_parse ] --START--
INFO: [ template_filter ] --START--
INFO: Run Behavior\ContentReplaceBehavior [ RunTime:0.000000s ]
INFO: [ template_filter ] --END-- [ RunTime:0.000000s ]
NOTIC: [8] Undefined variable: order_amount D:\wampp\htdocs\enterprise\Application\Runtime\Cache\Admin\ceb25a752d454a3315706634952427db.php 第 225 行.
INFO: Run Behavior\ParseTemplateBehavior [ RunTime:0.012000s ]
INFO: [ view_parse ] --END-- [ RunTime:0.012000s ]
INFO: [ view_filter ] --START--
INFO: Run Behavior\WriteHtmlCacheBehavior [ RunTime:0.000000s ]
INFO: [ view_filter ] --END-- [ RunTime:0.000000s ]
INFO: [ app_end ] --START--
INFO: Run Behavior\ShowPageTraceBehavior [ RunTime:0.001001s ]
INFO: [ app_end ] --END-- [ RunTime:0.001001s ]

[ 2018-06-22T14:26:34+08:00 ] ::1 /enterprise/index.php/Admin/Main/welcome.html
INFO: [ app_init ] --START--
INFO: Run Behavior\BuildLiteBehavior [ RunTime:0.000000s ]
INFO: [ app_init ] --END-- [ RunTime:0.001000s ]
INFO: [ app_begin ] --START--
INFO: Run Behavior\ReadHtmlCacheBehavior [ RunTime:0.001000s ]
INFO: [ app_begin ] --END-- [ RunTime:0.001000s ]
SQL: SHOW COLUMNS FROM `config` [ RunTime:0.0030s ]
SQL: SELECT * FROM `config`  [ RunTime:0.0000s ]
SQL: SELECT VERSION() as version [ RunTime:0.0000s ]
NOTIC: [8] Undefined index: version D:\wampp\htdocs\enterprise\Application\Admin\Controller\MainController.class.php 第 114 行.
INFO: [ view_parse ] --START--
INFO: [ template_filter ] --START--
INFO: Run Behavior\ContentReplaceBehavior [ RunTime:0.000000s ]
INFO: [ template_filter ] --END-- [ RunTime:0.000000s ]
NOTIC: [8] Undefined variable: navigate_admin D:\wampp\htdocs\enterprise\Application\Runtime\Cache\Admin\89a96b9380e94957b60a130fd4752dc8.php 第 68 行.
NOTIC: [8] Undefined index: handle_order D:\wampp\htdocs\enterprise\Application\Runtime\Cache\Admin\89a96b9380e94957b60a130fd4752dc8.php 第 81 行.
NOTIC: [8] Undefined index: goods D:\wampp\htdocs\enterprise\Application\Runtime\Cache\Admin\89a96b9380e94957b60a130fd4752dc8.php 第 90 行.
NOTIC: [8] Undefined index: article D:\wampp\htdocs\enterprise\Application\Runtime\Cache\Admin\89a96b9380e94957b60a130fd4752dc8.php 第 99 行.
NOTIC: [8] Undefined index: users D:\wampp\htdocs\enterprise\Application\Runtime\Cache\Admin\89a96b9380e94957b60a130fd4752dc8.php 第 108 行.
NOTIC: [8] Undefined index: new_order D:\wampp\htdocs\enterprise\Application\Runtime\Cache\Admin\89a96b9380e94957b60a130fd4752dc8.php 第 123 行.
NOTIC: [8] Undefined index: today_login D:\wampp\htdocs\enterprise\Application\Runtime\Cache\Admin\89a96b9380e94957b60a130fd4752dc8.php 第 126 行.
NOTIC: [8] Undefined index: new_users D:\wampp\htdocs\enterprise\Application\Runtime\Cache\Admin\89a96b9380e94957b60a130fd4752dc8.php 第 129 行.
NOTIC: [8] Undefined index: comment D:\wampp\htdocs\enterprise\Application\Runtime\Cache\Admin\89a96b9380e94957b60a130fd4752dc8.php 第 132 行.
INFO: Run Behavior\ParseTemplateBehavior [ RunTime:0.045003s ]
INFO: [ view_parse ] --END-- [ RunTime:0.045003s ]
INFO: [ view_filter ] --START--
INFO: Run Behavior\WriteHtmlCacheBehavior [ RunTime:0.001000s ]
INFO: [ view_filter ] --END-- [ RunTime:0.001000s ]
INFO: [ app_end ] --START--
INFO: Run Behavior\ShowPageTraceBehavior [ RunTime:0.001000s ]
INFO: [ app_end ] --END-- [ RunTime:0.001000s ]

[ 2018-06-22T14:26:45+08:00 ] ::1 /enterprise/index.php/Admin/System/backupMysql
INFO: [ app_init ] --START--
INFO: Run Behavior\BuildLiteBehavior [ RunTime:0.000000s ]
INFO: [ app_init ] --END-- [ RunTime:0.001000s ]
INFO: [ app_begin ] --START--
INFO: Run Behavior\ReadHtmlCacheBehavior [ RunTime:0.001001s ]
INFO: [ app_begin ] --END-- [ RunTime:0.001001s ]
SQL: SHOW COLUMNS FROM `config` [ RunTime:0.0030s ]
SQL: SELECT * FROM `config`  [ RunTime:0.0000s ]
NOTIC: [2] mkdir(): File exists D:\wampp\htdocs\enterprise\Application\Admin\Controller\SystemController.class.php 第 59 行.
INFO: [ view_parse ] --START--
INFO: [ template_filter ] --START--
INFO: Run Behavior\ContentReplaceBehavior [ RunTime:0.000000s ]
INFO: [ template_filter ] --END-- [ RunTime:0.000000s ]
NOTIC: [8] Undefined variable: navigate_admin D:\wampp\htdocs\enterprise\Application\Runtime\Cache\Admin\8abad17956f3a00cd1c564095b9409be.php 第 73 行.
INFO: Run Behavior\ParseTemplateBehavior [ RunTime:0.038002s ]
INFO: [ view_parse ] --END-- [ RunTime:0.038002s ]
INFO: [ view_filter ] --START--
INFO: Run Behavior\WriteHtmlCacheBehavior [ RunTime:0.003000s ]
INFO: [ view_filter ] --END-- [ RunTime:0.003000s ]
INFO: [ app_end ] --START--
INFO: Run Behavior\ShowPageTraceBehavior [ RunTime:0.003000s ]
INFO: [ app_end ] --END-- [ RunTime:0.003000s ]

[ 2018-06-22T14:26:45+08:00 ] ::1 /enterprise/index.php/Admin/System/ajaxBackupMysql.html?p=1
INFO: [ app_init ] --START--
INFO: Run Behavior\BuildLiteBehavior [ RunTime:0.000000s ]
INFO: [ app_init ] --END-- [ RunTime:0.001000s ]
INFO: [ app_begin ] --START--
INFO: Run Behavior\ReadHtmlCacheBehavior [ RunTime:0.001000s ]
INFO: [ app_begin ] --END-- [ RunTime:0.001000s ]
SQL: SHOW COLUMNS FROM `config` [ RunTime:0.0030s ]
SQL: SELECT * FROM `config`  [ RunTime:0.0010s ]
NOTIC: [2] mkdir(): File exists D:\wampp\htdocs\enterprise\Application\Admin\Controller\SystemController.class.php 第 113 行.
INFO: [ view_parse ] --START--
INFO: [ template_filter ] --START--
INFO: Run Behavior\ContentReplaceBehavior [ RunTime:0.000000s ]
INFO: [ template_filter ] --END-- [ RunTime:0.000000s ]
INFO: Run Behavior\ParseTemplateBehavior [ RunTime:0.045002s ]
INFO: [ view_parse ] --END-- [ RunTime:0.045002s ]
INFO: [ view_filter ] --START--
INFO: Run Behavior\WriteHtmlCacheBehavior [ RunTime:0.001000s ]
INFO: [ view_filter ] --END-- [ RunTime:0.001000s ]
INFO: [ app_end ] --START--
INFO: Run Behavior\ShowPageTraceBehavior [ RunTime:0.000000s ]
INFO: [ app_end ] --END-- [ RunTime:0.000000s ]

