[ 2018-04-03T08:50:40+08:00 ] ::1 /enterprise/index.php/Admin/Department/ajaxRecruiList.html?p=1
INFO: [ app_init ] --START--
INFO: Run Behavior\BuildLiteBehavior [ RunTime:0.000000s ]
INFO: [ app_init ] --END-- [ RunTime:0.157009s ]
INFO: [ app_begin ] --START--
INFO: Run Behavior\ReadHtmlCacheBehavior [ RunTime:0.015001s ]
INFO: [ app_begin ] --END-- [ RunTime:0.015001s ]
SQL: SHOW COLUMNS FROM `config` [ RunTime:0.0860s ]
SQL: SELECT * FROM `config`  [ RunTime:0.0170s ]
SQL: SHOW COLUMNS FROM `recruitment` [ RunTime:0.1720s ]
SQL: SELECT COUNT(*) AS tp_count FROM `recruitment` LIMIT 1   [ RunTime:0.0000s ]
SQL: SELECT * FROM `recruitment` ORDER BY regtime desc LIMIT 0,10   [ RunTime:0.0000s ]
SQL: SHOW COLUMNS FROM `department` [ RunTime:0.0810s ]
SQL: SELECT `title`,`head` FROM `department` WHERE ( 1=1 AND id='1' ) LIMIT 1   [ RunTime:0.0010s ]
SQL: SELECT `title`,`head` FROM `department` WHERE ( 1=1 AND id='1' ) LIMIT 1   [ RunTime:0.0000s ]
SQL: SELECT `title`,`head` FROM `department` WHERE ( 1=1 AND id='1' ) LIMIT 1   [ RunTime:0.0010s ]
SQL: SELECT `title`,`head` FROM `department` WHERE ( 1=1 AND id='1' ) LIMIT 1   [ RunTime:0.0000s ]
SQL: SELECT `title`,`head` FROM `department` WHERE ( 1=1 AND id='1' ) LIMIT 1   [ RunTime:0.0000s ]
SQL: SELECT `title`,`head` FROM `department` WHERE ( 1=1 AND id='1' ) LIMIT 1   [ RunTime:0.0000s ]
SQL: SELECT `title`,`head` FROM `department` WHERE ( 1=1 AND id='1' ) LIMIT 1   [ RunTime:0.0000s ]
SQL: SELECT `title`,`head` FROM `department` WHERE ( 1=1 AND id='1' ) LIMIT 1   [ RunTime:0.0000s ]
SQL: SELECT `title`,`head` FROM `department` WHERE ( 1=1 AND id='1' ) LIMIT 1   [ RunTime:0.0000s ]
SQL: SELECT `title`,`head` FROM `department` WHERE ( 1=1 AND id='1' ) LIMIT 1   [ RunTime:0.0000s ]
INFO: [ view_parse ] --START--
INFO: [ template_filter ] --START--
INFO: Run Behavior\ContentReplaceBehavior [ RunTime:0.009000s ]
INFO: [ template_filter ] --END-- [ RunTime:0.009000s ]
INFO: Run Behavior\ParseTemplateBehavior [ RunTime:0.071004s ]
INFO: [ view_parse ] --END-- [ RunTime:0.071004s ]
INFO: [ view_filter ] --START--
INFO: Run Behavior\WriteHtmlCacheBehavior [ RunTime:0.000000s ]
INFO: [ view_filter ] --END-- [ RunTime:0.000000s ]
INFO: [ app_end ] --START--
INFO: Run Behavior\ShowPageTraceBehavior [ RunTime:0.001000s ]
INFO: [ app_end ] --END-- [ RunTime:0.001000s ]

[ 2018-04-03T10:06:48+08:00 ] ::1 /enterprise/index.php/Admin/Department/ajaxRecruiList.html?p=1
INFO: [ app_init ] --START--
INFO: Run Behavior\BuildLiteBehavior [ RunTime:0.000000s ]
INFO: [ app_init ] --END-- [ RunTime:0.008001s ]
INFO: [ app_begin ] --START--
INFO: Run Behavior\ReadHtmlCacheBehavior [ RunTime:0.001000s ]
INFO: [ app_begin ] --END-- [ RunTime:0.001000s ]
SQL: SHOW COLUMNS FROM `config` [ RunTime:0.1570s ]
SQL: SELECT * FROM `config`  [ RunTime:0.0020s ]
SQL: SHOW COLUMNS FROM `recruitment` [ RunTime:0.0350s ]
SQL: SELECT COUNT(*) AS tp_count FROM `recruitment` LIMIT 1   [ RunTime:0.0460s ]
SQL: SELECT * FROM `recruitment` ORDER BY regtime desc LIMIT 0,10   [ RunTime:0.0020s ]
SQL: SHOW COLUMNS FROM `department` [ RunTime:0.0030s ]
SQL: SELECT `title`,`head` FROM `department` WHERE ( 1=1 AND id='1' ) LIMIT 1   [ RunTime:0.0110s ]
SQL: SELECT `title`,`head` FROM `department` WHERE ( 1=1 AND id='1' ) LIMIT 1   [ RunTime:0.0000s ]
SQL: SELECT `title`,`head` FROM `department` WHERE ( 1=1 AND id='1' ) LIMIT 1   [ RunTime:0.0000s ]
SQL: SELECT `title`,`head` FROM `department` WHERE ( 1=1 AND id='1' ) LIMIT 1   [ RunTime:0.0000s ]
SQL: SELECT `title`,`head` FROM `department` WHERE ( 1=1 AND id='1' ) LIMIT 1   [ RunTime:0.0000s ]
SQL: SELECT `title`,`head` FROM `department` WHERE ( 1=1 AND id='1' ) LIMIT 1   [ RunTime:0.0010s ]
SQL: SELECT `title`,`head` FROM `department` WHERE ( 1=1 AND id='1' ) LIMIT 1   [ RunTime:0.0000s ]
SQL: SELECT `title`,`head` FROM `department` WHERE ( 1=1 AND id='1' ) LIMIT 1   [ RunTime:0.0000s ]
SQL: SELECT `title`,`head` FROM `department` WHERE ( 1=1 AND id='1' ) LIMIT 1   [ RunTime:0.0000s ]
SQL: SELECT `title`,`head` FROM `department` WHERE ( 1=1 AND id='1' ) LIMIT 1   [ RunTime:0.0010s ]
INFO: [ view_parse ] --START--
INFO: [ template_filter ] --START--
INFO: Run Behavior\ContentReplaceBehavior [ RunTime:0.000000s ]
INFO: [ template_filter ] --END-- [ RunTime:0.000000s ]
INFO: Run Behavior\ParseTemplateBehavior [ RunTime:0.131008s ]
INFO: [ view_parse ] --END-- [ RunTime:0.131008s ]
INFO: [ view_filter ] --START--
INFO: Run Behavior\WriteHtmlCacheBehavior [ RunTime:0.012000s ]
INFO: [ view_filter ] --END-- [ RunTime:0.012000s ]
INFO: [ app_end ] --START--
INFO: Run Behavior\ShowPageTraceBehavior [ RunTime:0.033002s ]
INFO: [ app_end ] --END-- [ RunTime:0.033002s ]

[ 2018-04-03T10:06:48+08:00 ] ::1 /enterprise/index.php/Admin/Main/index.html
INFO: [ app_init ] --START--
INFO: Run Behavior\BuildLiteBehavior [ RunTime:0.000000s ]
INFO: [ app_init ] --END-- [ RunTime:0.000000s ]
INFO: [ app_begin ] --START--
INFO: Run Behavior\ReadHtmlCacheBehavior [ RunTime:0.001000s ]
INFO: [ app_begin ] --END-- [ RunTime:0.001000s ]
SQL: SHOW COLUMNS FROM `config` [ RunTime:0.0020s ]
SQL: SELECT * FROM `config`  [ RunTime:0.0010s ]
SQL: SHOW COLUMNS FROM `node` [ RunTime:0.2900s ]
SQL: SELECT * FROM `node` WHERE ( level = 2 ) ORDER BY sort  [ RunTime:0.0440s ]
SQL: SELECT * FROM `node` WHERE ( 1=1 AND pid='27' ) ORDER BY sort  [ RunTime:0.0010s ]
SQL: SELECT * FROM `node` WHERE ( 1=1 AND pid='55' ) ORDER BY sort  [ RunTime:0.0000s ]
SQL: SELECT * FROM `node` WHERE ( 1=1 AND pid='40' ) ORDER BY sort  [ RunTime:0.0150s ]
SQL: SELECT * FROM `node` WHERE ( 1=1 AND pid='34' ) ORDER BY sort  [ RunTime:0.0010s ]
SQL: SELECT * FROM `node` WHERE ( 1=1 AND pid='68' ) ORDER BY sort  [ RunTime:0.0010s ]
SQL: SELECT * FROM `node` WHERE ( 1=1 AND pid='23' ) ORDER BY sort  [ RunTime:0.0020s ]
SQL: SELECT * FROM `node` WHERE ( 1=1 AND pid='2' ) ORDER BY sort  [ RunTime:0.0600s ]
SQL: SELECT * FROM `node` WHERE ( 1=1 AND pid='31' ) ORDER BY sort  [ RunTime:0.0010s ]
INFO: [ view_parse ] --START--
INFO: [ template_filter ] --START--
INFO: Run Behavior\ContentReplaceBehavior [ RunTime:0.000000s ]
INFO: [ template_filter ] --END-- [ RunTime:0.000000s ]
NOTIC: [8] Undefined variable: order_amount D:\wampp\htdocs\enterprise\Application\Runtime\Cache\Admin\ceb25a752d454a3315706634952427db.php 第 225 行.
INFO: Run Behavior\ParseTemplateBehavior [ RunTime:0.012000s ]
INFO: [ view_parse ] --END-- [ RunTime:0.012000s ]
INFO: [ view_filter ] --START--
INFO: Run Behavior\WriteHtmlCacheBehavior [ RunTime:0.000000s ]
INFO: [ view_filter ] --END-- [ RunTime:0.001000s ]
INFO: [ app_end ] --START--
INFO: Run Behavior\ShowPageTraceBehavior [ RunTime:0.002000s ]
INFO: [ app_end ] --END-- [ RunTime:0.002000s ]

[ 2018-04-03T10:06:49+08:00 ] ::1 /enterprise/index.php/Admin/Main/welcome.html
INFO: [ app_init ] --START--
INFO: Run Behavior\BuildLiteBehavior [ RunTime:0.000000s ]
INFO: [ app_init ] --END-- [ RunTime:0.000000s ]
INFO: [ app_begin ] --START--
INFO: Run Behavior\ReadHtmlCacheBehavior [ RunTime:0.001000s ]
INFO: [ app_begin ] --END-- [ RunTime:0.001000s ]
SQL: SHOW COLUMNS FROM `config` [ RunTime:0.0020s ]
SQL: SELECT * FROM `config`  [ RunTime:0.0010s ]
SQL: SELECT VERSION() as version [ RunTime:0.0100s ]
NOTIC: [8] Undefined index: version D:\wampp\htdocs\enterprise\Application\Admin\Controller\MainController.class.php 第 114 行.
INFO: [ view_parse ] --START--
INFO: [ template_filter ] --START--
INFO: Run Behavior\ContentReplaceBehavior [ RunTime:0.000000s ]
INFO: [ template_filter ] --END-- [ RunTime:0.000000s ]
NOTIC: [8] Undefined variable: navigate_admin D:\wampp\htdocs\enterprise\Application\Runtime\Cache\Admin\89a96b9380e94957b60a130fd4752dc8.php 第 68 行.
NOTIC: [8] Undefined index: handle_order D:\wampp\htdocs\enterprise\Application\Runtime\Cache\Admin\89a96b9380e94957b60a130fd4752dc8.php 第 81 行.
NOTIC: [8] Undefined index: goods D:\wampp\htdocs\enterprise\Application\Runtime\Cache\Admin\89a96b9380e94957b60a130fd4752dc8.php 第 90 行.
NOTIC: [8] Undefined index: article D:\wampp\htdocs\enterprise\Application\Runtime\Cache\Admin\89a96b9380e94957b60a130fd4752dc8.php 第 99 行.
NOTIC: [8] Undefined index: users D:\wampp\htdocs\enterprise\Application\Runtime\Cache\Admin\89a96b9380e94957b60a130fd4752dc8.php 第 108 行.
NOTIC: [8] Undefined index: new_order D:\wampp\htdocs\enterprise\Application\Runtime\Cache\Admin\89a96b9380e94957b60a130fd4752dc8.php 第 123 行.
NOTIC: [8] Undefined index: today_login D:\wampp\htdocs\enterprise\Application\Runtime\Cache\Admin\89a96b9380e94957b60a130fd4752dc8.php 第 126 行.
NOTIC: [8] Undefined index: new_users D:\wampp\htdocs\enterprise\Application\Runtime\Cache\Admin\89a96b9380e94957b60a130fd4752dc8.php 第 129 行.
NOTIC: [8] Undefined index: comment D:\wampp\htdocs\enterprise\Application\Runtime\Cache\Admin\89a96b9380e94957b60a130fd4752dc8.php 第 132 行.
INFO: Run Behavior\ParseTemplateBehavior [ RunTime:0.010001s ]
INFO: [ view_parse ] --END-- [ RunTime:0.010001s ]
INFO: [ view_filter ] --START--
INFO: Run Behavior\WriteHtmlCacheBehavior [ RunTime:0.001000s ]
INFO: [ view_filter ] --END-- [ RunTime:0.001000s ]
INFO: [ app_end ] --START--
INFO: Run Behavior\ShowPageTraceBehavior [ RunTime:0.002000s ]
INFO: [ app_end ] --END-- [ RunTime:0.002000s ]

[ 2018-04-03T10:06:50+08:00 ] ::1 /enterprise/index.php/Admin/Main/index.html
INFO: [ app_init ] --START--
INFO: Run Behavior\BuildLiteBehavior [ RunTime:0.000000s ]
INFO: [ app_init ] --END-- [ RunTime:0.000000s ]
INFO: [ app_begin ] --START--
INFO: Run Behavior\ReadHtmlCacheBehavior [ RunTime:0.001000s ]
INFO: [ app_begin ] --END-- [ RunTime:0.001000s ]
SQL: SHOW COLUMNS FROM `config` [ RunTime:0.0020s ]
SQL: SELECT * FROM `config`  [ RunTime:0.0010s ]
SQL: SHOW COLUMNS FROM `node` [ RunTime:0.0020s ]
SQL: SELECT * FROM `node` WHERE ( level = 2 ) ORDER BY sort  [ RunTime:0.0010s ]
SQL: SELECT * FROM `node` WHERE ( 1=1 AND pid='27' ) ORDER BY sort  [ RunTime:0.0000s ]
SQL: SELECT * FROM `node` WHERE ( 1=1 AND pid='55' ) ORDER BY sort  [ RunTime:0.0000s ]
SQL: SELECT * FROM `node` WHERE ( 1=1 AND pid='40' ) ORDER BY sort  [ RunTime:0.0000s ]
SQL: SELECT * FROM `node` WHERE ( 1=1 AND pid='34' ) ORDER BY sort  [ RunTime:0.0000s ]
SQL: SELECT * FROM `node` WHERE ( 1=1 AND pid='68' ) ORDER BY sort  [ RunTime:0.0000s ]
SQL: SELECT * FROM `node` WHERE ( 1=1 AND pid='23' ) ORDER BY sort  [ RunTime:0.0000s ]
SQL: SELECT * FROM `node` WHERE ( 1=1 AND pid='2' ) ORDER BY sort  [ RunTime:0.0010s ]
SQL: SELECT * FROM `node` WHERE ( 1=1 AND pid='31' ) ORDER BY sort  [ RunTime:0.0000s ]
INFO: [ view_parse ] --START--
INFO: [ template_filter ] --START--
INFO: Run Behavior\ContentReplaceBehavior [ RunTime:0.000000s ]
INFO: [ template_filter ] --END-- [ RunTime:0.000000s ]
NOTIC: [8] Undefined variable: order_amount D:\wampp\htdocs\enterprise\Application\Runtime\Cache\Admin\ceb25a752d454a3315706634952427db.php 第 225 行.
INFO: Run Behavior\ParseTemplateBehavior [ RunTime:0.010000s ]
INFO: [ view_parse ] --END-- [ RunTime:0.010000s ]
INFO: [ view_filter ] --START--
INFO: Run Behavior\WriteHtmlCacheBehavior [ RunTime:0.001000s ]
INFO: [ view_filter ] --END-- [ RunTime:0.001000s ]
INFO: [ app_end ] --START--
INFO: Run Behavior\ShowPageTraceBehavior [ RunTime:0.005001s ]
INFO: [ app_end ] --END-- [ RunTime:0.005001s ]

[ 2018-04-03T10:06:50+08:00 ] ::1 /enterprise/index.php/Admin/Main/welcome.html
INFO: [ app_init ] --START--
INFO: Run Behavior\BuildLiteBehavior [ RunTime:0.000000s ]
INFO: [ app_init ] --END-- [ RunTime:0.000000s ]
INFO: [ app_begin ] --START--
INFO: Run Behavior\ReadHtmlCacheBehavior [ RunTime:0.001000s ]
INFO: [ app_begin ] --END-- [ RunTime:0.001000s ]
SQL: SHOW COLUMNS FROM `config` [ RunTime:0.0020s ]
SQL: SELECT * FROM `config`  [ RunTime:0.0010s ]
SQL: SELECT VERSION() as version [ RunTime:0.0000s ]
NOTIC: [8] Undefined index: version D:\wampp\htdocs\enterprise\Application\Admin\Controller\MainController.class.php 第 114 行.
INFO: [ view_parse ] --START--
INFO: [ template_filter ] --START--
INFO: Run Behavior\ContentReplaceBehavior [ RunTime:0.000000s ]
INFO: [ template_filter ] --END-- [ RunTime:0.000000s ]
NOTIC: [8] Undefined variable: navigate_admin D:\wampp\htdocs\enterprise\Application\Runtime\Cache\Admin\89a96b9380e94957b60a130fd4752dc8.php 第 68 行.
NOTIC: [8] Undefined index: handle_order D:\wampp\htdocs\enterprise\Application\Runtime\Cache\Admin\89a96b9380e94957b60a130fd4752dc8.php 第 81 行.
NOTIC: [8] Undefined index: goods D:\wampp\htdocs\enterprise\Application\Runtime\Cache\Admin\89a96b9380e94957b60a130fd4752dc8.php 第 90 行.
NOTIC: [8] Undefined index: article D:\wampp\htdocs\enterprise\Application\Runtime\Cache\Admin\89a96b9380e94957b60a130fd4752dc8.php 第 99 行.
NOTIC: [8] Undefined index: users D:\wampp\htdocs\enterprise\Application\Runtime\Cache\Admin\89a96b9380e94957b60a130fd4752dc8.php 第 108 行.
NOTIC: [8] Undefined index: new_order D:\wampp\htdocs\enterprise\Application\Runtime\Cache\Admin\89a96b9380e94957b60a130fd4752dc8.php 第 123 行.
NOTIC: [8] Undefined index: today_login D:\wampp\htdocs\enterprise\Application\Runtime\Cache\Admin\89a96b9380e94957b60a130fd4752dc8.php 第 126 行.
NOTIC: [8] Undefined index: new_users D:\wampp\htdocs\enterprise\Application\Runtime\Cache\Admin\89a96b9380e94957b60a130fd4752dc8.php 第 129 行.
NOTIC: [8] Undefined index: comment D:\wampp\htdocs\enterprise\Application\Runtime\Cache\Admin\89a96b9380e94957b60a130fd4752dc8.php 第 132 行.
INFO: Run Behavior\ParseTemplateBehavior [ RunTime:0.019001s ]
INFO: [ view_parse ] --END-- [ RunTime:0.019001s ]
INFO: [ view_filter ] --START--
INFO: Run Behavior\WriteHtmlCacheBehavior [ RunTime:0.000000s ]
INFO: [ view_filter ] --END-- [ RunTime:0.000000s ]
INFO: [ app_end ] --START--
INFO: Run Behavior\ShowPageTraceBehavior [ RunTime:0.001000s ]
INFO: [ app_end ] --END-- [ RunTime:0.001000s ]

[ 2018-04-03T15:25:04+08:00 ] ::1 /enterprise/index.php/Admin/Main/index.html
INFO: [ app_init ] --START--
INFO: Run Behavior\BuildLiteBehavior [ RunTime:0.000000s ]
INFO: [ app_init ] --END-- [ RunTime:0.006000s ]
INFO: [ app_begin ] --START--
INFO: Run Behavior\ReadHtmlCacheBehavior [ RunTime:0.002000s ]
INFO: [ app_begin ] --END-- [ RunTime:0.002000s ]
SQL: SHOW COLUMNS FROM `config` [ RunTime:0.0640s ]
SQL: SELECT * FROM `config`  [ RunTime:0.0010s ]
SQL: SHOW COLUMNS FROM `node` [ RunTime:0.0400s ]
SQL: SELECT * FROM `node` WHERE ( level = 2 ) ORDER BY sort  [ RunTime:0.0010s ]
SQL: SELECT * FROM `node` WHERE ( 1=1 AND pid='27' ) ORDER BY sort  [ RunTime:0.0160s ]
SQL: SELECT * FROM `node` WHERE ( 1=1 AND pid='55' ) ORDER BY sort  [ RunTime:0.0120s ]
SQL: SELECT * FROM `node` WHERE ( 1=1 AND pid='40' ) ORDER BY sort  [ RunTime:0.0010s ]
SQL: SELECT * FROM `node` WHERE ( 1=1 AND pid='34' ) ORDER BY sort  [ RunTime:0.0220s ]
SQL: SELECT * FROM `node` WHERE ( 1=1 AND pid='68' ) ORDER BY sort  [ RunTime:0.0120s ]
SQL: SELECT * FROM `node` WHERE ( 1=1 AND pid='23' ) ORDER BY sort  [ RunTime:0.0000s ]
SQL: SELECT * FROM `node` WHERE ( 1=1 AND pid='2' ) ORDER BY sort  [ RunTime:0.0000s ]
SQL: SELECT * FROM `node` WHERE ( 1=1 AND pid='31' ) ORDER BY sort  [ RunTime:0.0010s ]
INFO: [ view_parse ] --START--
INFO: [ template_filter ] --START--
INFO: Run Behavior\ContentReplaceBehavior [ RunTime:0.000000s ]
INFO: [ template_filter ] --END-- [ RunTime:0.000000s ]
NOTIC: [8] Undefined variable: order_amount D:\wampp\htdocs\enterprise\Application\Runtime\Cache\Admin\ceb25a752d454a3315706634952427db.php 第 225 行.
INFO: Run Behavior\ParseTemplateBehavior [ RunTime:0.035002s ]
INFO: [ view_parse ] --END-- [ RunTime:0.035002s ]
INFO: [ view_filter ] --START--
INFO: Run Behavior\WriteHtmlCacheBehavior [ RunTime:0.012001s ]
INFO: [ view_filter ] --END-- [ RunTime:0.012001s ]
INFO: [ app_end ] --START--
INFO: Run Behavior\ShowPageTraceBehavior [ RunTime:0.012000s ]
INFO: [ app_end ] --END-- [ RunTime:0.012000s ]

[ 2018-04-03T15:25:04+08:00 ] ::1 /enterprise/index.php/Admin/Main/welcome.html
INFO: [ app_init ] --START--
INFO: Run Behavior\BuildLiteBehavior [ RunTime:0.000000s ]
INFO: [ app_init ] --END-- [ RunTime:0.000000s ]
INFO: [ app_begin ] --START--
INFO: Run Behavior\ReadHtmlCacheBehavior [ RunTime:0.001000s ]
INFO: [ app_begin ] --END-- [ RunTime:0.001000s ]
SQL: SHOW COLUMNS FROM `config` [ RunTime:0.0020s ]
SQL: SELECT * FROM `config`  [ RunTime:0.0010s ]
SQL: SELECT VERSION() as version [ RunTime:0.0000s ]
NOTIC: [8] Undefined index: version D:\wampp\htdocs\enterprise\Application\Admin\Controller\MainController.class.php 第 114 行.
INFO: [ view_parse ] --START--
INFO: [ template_filter ] --START--
INFO: Run Behavior\ContentReplaceBehavior [ RunTime:0.000000s ]
INFO: [ template_filter ] --END-- [ RunTime:0.000000s ]
NOTIC: [8] Undefined variable: navigate_admin D:\wampp\htdocs\enterprise\Application\Runtime\Cache\Admin\89a96b9380e94957b60a130fd4752dc8.php 第 68 行.
NOTIC: [8] Undefined index: handle_order D:\wampp\htdocs\enterprise\Application\Runtime\Cache\Admin\89a96b9380e94957b60a130fd4752dc8.php 第 81 行.
NOTIC: [8] Undefined index: goods D:\wampp\htdocs\enterprise\Application\Runtime\Cache\Admin\89a96b9380e94957b60a130fd4752dc8.php 第 90 行.
NOTIC: [8] Undefined index: article D:\wampp\htdocs\enterprise\Application\Runtime\Cache\Admin\89a96b9380e94957b60a130fd4752dc8.php 第 99 行.
NOTIC: [8] Undefined index: users D:\wampp\htdocs\enterprise\Application\Runtime\Cache\Admin\89a96b9380e94957b60a130fd4752dc8.php 第 108 行.
NOTIC: [8] Undefined index: new_order D:\wampp\htdocs\enterprise\Application\Runtime\Cache\Admin\89a96b9380e94957b60a130fd4752dc8.php 第 123 行.
NOTIC: [8] Undefined index: today_login D:\wampp\htdocs\enterprise\Application\Runtime\Cache\Admin\89a96b9380e94957b60a130fd4752dc8.php 第 126 行.
NOTIC: [8] Undefined index: new_users D:\wampp\htdocs\enterprise\Application\Runtime\Cache\Admin\89a96b9380e94957b60a130fd4752dc8.php 第 129 行.
NOTIC: [8] Undefined index: comment D:\wampp\htdocs\enterprise\Application\Runtime\Cache\Admin\89a96b9380e94957b60a130fd4752dc8.php 第 132 行.
INFO: Run Behavior\ParseTemplateBehavior [ RunTime:0.041002s ]
INFO: [ view_parse ] --END-- [ RunTime:0.041002s ]
INFO: [ view_filter ] --START--
INFO: Run Behavior\WriteHtmlCacheBehavior [ RunTime:0.000000s ]
INFO: [ view_filter ] --END-- [ RunTime:0.000000s ]
INFO: [ app_end ] --START--
INFO: Run Behavior\ShowPageTraceBehavior [ RunTime:0.001000s ]
INFO: [ app_end ] --END-- [ RunTime:0.001000s ]

