[ 2018-04-02T08:50:56+08:00 ] ::1 /enterprise/index.php/Admin/Department/ajaxRecruiList.html?p=1
INFO: [ app_init ] --START--
INFO: Run Behavior\BuildLiteBehavior [ RunTime:0.000000s ]
INFO: [ app_init ] --END-- [ RunTime:0.051003s ]
INFO: [ app_begin ] --START--
INFO: Run Behavior\ReadHtmlCacheBehavior [ RunTime:0.014001s ]
INFO: [ app_begin ] --END-- [ RunTime:0.014001s ]
SQL: SHOW COLUMNS FROM `config` [ RunTime:0.1930s ]
SQL: SELECT * FROM `config`  [ RunTime:0.0680s ]
SQL: SHOW COLUMNS FROM `recruitment` [ RunTime:0.4070s ]
SQL: SELECT COUNT(*) AS tp_count FROM `recruitment` LIMIT 1   [ RunTime:0.0000s ]
SQL: SELECT * FROM `recruitment` ORDER BY regtime desc LIMIT 0,10   [ RunTime:0.0010s ]
SQL: SHOW COLUMNS FROM `department` [ RunTime:0.3440s ]
SQL: SELECT `title`,`head` FROM `department` WHERE ( 1=1 AND id='1' ) LIMIT 1   [ RunTime:0.0000s ]
SQL: SELECT `title`,`head` FROM `department` WHERE ( 1=1 AND id='1' ) LIMIT 1   [ RunTime:0.0000s ]
SQL: SELECT `title`,`head` FROM `department` WHERE ( 1=1 AND id='1' ) LIMIT 1   [ RunTime:0.0000s ]
SQL: SELECT `title`,`head` FROM `department` WHERE ( 1=1 AND id='1' ) LIMIT 1   [ RunTime:0.0000s ]
SQL: SELECT `title`,`head` FROM `department` WHERE ( 1=1 AND id='1' ) LIMIT 1   [ RunTime:0.0010s ]
SQL: SELECT `title`,`head` FROM `department` WHERE ( 1=1 AND id='1' ) LIMIT 1   [ RunTime:0.0000s ]
SQL: SELECT `title`,`head` FROM `department` WHERE ( 1=1 AND id='1' ) LIMIT 1   [ RunTime:0.0000s ]
SQL: SELECT `title`,`head` FROM `department` WHERE ( 1=1 AND id='1' ) LIMIT 1   [ RunTime:0.0000s ]
SQL: SELECT `title`,`head` FROM `department` WHERE ( 1=1 AND id='1' ) LIMIT 1   [ RunTime:0.0000s ]
SQL: SELECT `title`,`head` FROM `department` WHERE ( 1=1 AND id='1' ) LIMIT 1   [ RunTime:0.0000s ]
INFO: [ view_parse ] --START--
INFO: [ template_filter ] --START--
INFO: Run Behavior\ContentReplaceBehavior [ RunTime:0.000000s ]
INFO: [ template_filter ] --END-- [ RunTime:0.000000s ]
INFO: Run Behavior\ParseTemplateBehavior [ RunTime:0.366021s ]
INFO: [ view_parse ] --END-- [ RunTime:0.366021s ]
INFO: [ view_filter ] --START--
INFO: Run Behavior\WriteHtmlCacheBehavior [ RunTime:0.093005s ]
INFO: [ view_filter ] --END-- [ RunTime:0.094005s ]
INFO: [ app_end ] --START--
INFO: Run Behavior\ShowPageTraceBehavior [ RunTime:0.115007s ]
INFO: [ app_end ] --END-- [ RunTime:0.115007s ]

