[ 2018-01-19T08:57:50+08:00 ] ::1 /enterprise/index.php/Admin/Company/ajaxCityList.html
INFO: [ app_init ] --START--
INFO: Run Behavior\BuildLiteBehavior [ RunTime:0.000000s ]
INFO: [ app_init ] --END-- [ RunTime:0.016001s ]
INFO: [ app_begin ] --START--
INFO: Run Behavior\ReadHtmlCacheBehavior [ RunTime:0.011001s ]
INFO: [ app_begin ] --END-- [ RunTime:0.012001s ]

[ 2018-01-19T08:57:50+08:00 ] ::1 /enterprise/index.php/Admin/Company/ajaxCityList.html
INFO: [ app_init ] --START--
INFO: Run Behavior\BuildLiteBehavior [ RunTime:0.000000s ]
INFO: [ app_init ] --END-- [ RunTime:0.015000s ]
INFO: [ app_begin ] --START--
INFO: Run Behavior\ReadHtmlCacheBehavior [ RunTime:0.016001s ]
INFO: [ app_begin ] --END-- [ RunTime:0.016001s ]

[ 2018-01-19T10:38:56+08:00 ] ::1 /enterprise/index.php/Admin/Goods/goodsList
INFO: [ app_init ] --START--
INFO: Run Behavior\BuildLiteBehavior [ RunTime:0.000000s ]
INFO: [ app_init ] --END-- [ RunTime:0.001000s ]
INFO: [ app_begin ] --START--
INFO: Run Behavior\ReadHtmlCacheBehavior [ RunTime:0.001000s ]
INFO: [ app_begin ] --END-- [ RunTime:0.001000s ]
SQL: SHOW COLUMNS FROM `config` [ RunTime:0.0020s ]
SQL: SELECT * FROM `config`  [ RunTime:0.0060s ]
INFO: [ view_parse ] --START--
INFO: [ template_filter ] --START--
INFO: Run Behavior\ContentReplaceBehavior [ RunTime:0.000000s ]
INFO: [ template_filter ] --END-- [ RunTime:0.000000s ]
NOTIC: [8] Undefined variable: navigate_admin D:\wampp\htdocs\enterprise\Application\Runtime\Cache\Admin\3268fbbbd0eb3ffe30140f78ff508f86.php 第 68 行.
INFO: Run Behavior\ParseTemplateBehavior [ RunTime:0.019001s ]
INFO: [ view_parse ] --END-- [ RunTime:0.019001s ]
INFO: [ view_filter ] --START--
INFO: Run Behavior\WriteHtmlCacheBehavior [ RunTime:0.000000s ]
INFO: [ view_filter ] --END-- [ RunTime:0.000000s ]
INFO: [ app_end ] --START--
INFO: Run Behavior\ShowPageTraceBehavior [ RunTime:0.001000s ]
INFO: [ app_end ] --END-- [ RunTime:0.001000s ]

[ 2018-01-19T10:38:56+08:00 ] ::1 /enterprise/index.php/Admin/Goods/ajaxGoodsList.html?p=1
INFO: [ app_init ] --START--
INFO: Run Behavior\BuildLiteBehavior [ RunTime:0.000000s ]
INFO: [ app_init ] --END-- [ RunTime:0.000000s ]
INFO: [ app_begin ] --START--
INFO: Run Behavior\ReadHtmlCacheBehavior [ RunTime:0.001001s ]
INFO: [ app_begin ] --END-- [ RunTime:0.001001s ]
SQL: SHOW COLUMNS FROM `config` [ RunTime:0.0020s ]
SQL: SELECT * FROM `config`  [ RunTime:0.0000s ]
SQL: SHOW COLUMNS FROM `goods` [ RunTime:0.0020s ]
SQL: SELECT COUNT(*) AS tp_count FROM `goods` LIMIT 1   [ RunTime:0.0000s ]
SQL: SELECT * FROM `goods` ORDER BY goods_id desc LIMIT 0,10   [ RunTime:0.0000s ]
INFO: [ view_parse ] --START--
INFO: [ template_filter ] --START--
INFO: Run Behavior\ContentReplaceBehavior [ RunTime:0.001000s ]
INFO: [ template_filter ] --END-- [ RunTime:0.001000s ]
NOTIC: [8] Use of undefined constant goods_id - assumed 'goods_id' D:\wampp\htdocs\enterprise\Application\Runtime\Cache\Admin\904a25b5eb876e612ef13e8d5a7b0bef.php 第 68 行.
NOTIC: [8] Use of undefined constant goods_id - assumed 'goods_id' D:\wampp\htdocs\enterprise\Application\Runtime\Cache\Admin\904a25b5eb876e612ef13e8d5a7b0bef.php 第 68 行.
NOTIC: [8] Use of undefined constant goods_id - assumed 'goods_id' D:\wampp\htdocs\enterprise\Application\Runtime\Cache\Admin\904a25b5eb876e612ef13e8d5a7b0bef.php 第 68 行.
NOTIC: [8] Use of undefined constant goods_id - assumed 'goods_id' D:\wampp\htdocs\enterprise\Application\Runtime\Cache\Admin\904a25b5eb876e612ef13e8d5a7b0bef.php 第 68 行.
INFO: Run Behavior\ParseTemplateBehavior [ RunTime:0.011001s ]
INFO: [ view_parse ] --END-- [ RunTime:0.011001s ]
INFO: [ view_filter ] --START--
INFO: Run Behavior\WriteHtmlCacheBehavior [ RunTime:0.001000s ]
INFO: [ view_filter ] --END-- [ RunTime:0.001000s ]
INFO: [ app_end ] --START--
INFO: Run Behavior\ShowPageTraceBehavior [ RunTime:0.001000s ]
INFO: [ app_end ] --END-- [ RunTime:0.001000s ]

[ 2018-01-19T10:38:59+08:00 ] ::1 /enterprise/index.php/Admin/Goods/detail/id/2.html
INFO: [ app_init ] --START--
INFO: Run Behavior\BuildLiteBehavior [ RunTime:0.000000s ]
INFO: [ app_init ] --END-- [ RunTime:0.000000s ]
INFO: [ app_begin ] --START--
INFO: Run Behavior\ReadHtmlCacheBehavior [ RunTime:0.002000s ]
INFO: [ app_begin ] --END-- [ RunTime:0.002000s ]
SQL: SHOW COLUMNS FROM `config` [ RunTime:0.0020s ]
SQL: SELECT * FROM `config`  [ RunTime:0.0000s ]
SQL: SHOW COLUMNS FROM `goods` [ RunTime:0.0020s ]
SQL: SELECT * FROM `goods` WHERE `goods_id` = 2 LIMIT 1   [ RunTime:0.0010s ]
SQL: SHOW COLUMNS FROM `classification` [ RunTime:0.0020s ]
SQL: SELECT * FROM `classification`  [ RunTime:0.0010s ]
NOTIC: [8] Use of undefined constant goodsInfo - assumed 'goodsInfo' D:\wampp\htdocs\enterprise\Application\Admin\Controller\GoodsController.class.php 第 117 行.
INFO: [ view_parse ] --START--
INFO: [ template_filter ] --START--
INFO: Run Behavior\ContentReplaceBehavior [ RunTime:0.000000s ]
INFO: [ template_filter ] --END-- [ RunTime:0.000000s ]
NOTIC: [8] Undefined variable: navigate_admin D:\wampp\htdocs\enterprise\Application\Runtime\Cache\Admin\c9ad264db824770bc735d4d4f4bceb6c.php 第 143 行.
NOTIC: [8] Undefined index: kind D:\wampp\htdocs\enterprise\Application\Runtime\Cache\Admin\c9ad264db824770bc735d4d4f4bceb6c.php 第 163 行.
NOTIC: [8] Undefined index: nums D:\wampp\htdocs\enterprise\Application\Runtime\Cache\Admin\c9ad264db824770bc735d4d4f4bceb6c.php 第 271 行.
INFO: Run Behavior\ParseTemplateBehavior [ RunTime:0.023001s ]
INFO: [ view_parse ] --END-- [ RunTime:0.023001s ]
INFO: [ view_filter ] --START--
INFO: Run Behavior\WriteHtmlCacheBehavior [ RunTime:0.001000s ]
INFO: [ view_filter ] --END-- [ RunTime:0.001000s ]
INFO: [ app_end ] --START--
INFO: Run Behavior\ShowPageTraceBehavior [ RunTime:0.001000s ]
INFO: [ app_end ] --END-- [ RunTime:0.001000s ]

[ 2018-01-19T10:39:04+08:00 ] ::1 /enterprise/index.php/Admin/Goods/goodsList
INFO: [ app_init ] --START--
INFO: Run Behavior\BuildLiteBehavior [ RunTime:0.000000s ]
INFO: [ app_init ] --END-- [ RunTime:0.000000s ]
INFO: [ app_begin ] --START--
INFO: Run Behavior\ReadHtmlCacheBehavior [ RunTime:0.001000s ]
INFO: [ app_begin ] --END-- [ RunTime:0.001000s ]
SQL: SHOW COLUMNS FROM `config` [ RunTime:0.0020s ]
SQL: SELECT * FROM `config`  [ RunTime:0.0000s ]
INFO: [ view_parse ] --START--
INFO: [ template_filter ] --START--
INFO: Run Behavior\ContentReplaceBehavior [ RunTime:0.000000s ]
INFO: [ template_filter ] --END-- [ RunTime:0.001000s ]
NOTIC: [8] Undefined variable: navigate_admin D:\wampp\htdocs\enterprise\Application\Runtime\Cache\Admin\3268fbbbd0eb3ffe30140f78ff508f86.php 第 68 行.
INFO: Run Behavior\ParseTemplateBehavior [ RunTime:0.008001s ]
INFO: [ view_parse ] --END-- [ RunTime:0.008001s ]
INFO: [ view_filter ] --START--
INFO: Run Behavior\WriteHtmlCacheBehavior [ RunTime:0.000000s ]
INFO: [ view_filter ] --END-- [ RunTime:0.000000s ]
INFO: [ app_end ] --START--
INFO: Run Behavior\ShowPageTraceBehavior [ RunTime:0.000000s ]
INFO: [ app_end ] --END-- [ RunTime:0.000000s ]

[ 2018-01-19T10:39:04+08:00 ] ::1 /enterprise/index.php/Admin/Goods/ajaxGoodsList.html?p=1
INFO: [ app_init ] --START--
INFO: Run Behavior\BuildLiteBehavior [ RunTime:0.000000s ]
INFO: [ app_init ] --END-- [ RunTime:0.000000s ]
INFO: [ app_begin ] --START--
INFO: Run Behavior\ReadHtmlCacheBehavior [ RunTime:0.003000s ]
INFO: [ app_begin ] --END-- [ RunTime:0.003000s ]
SQL: SHOW COLUMNS FROM `config` [ RunTime:0.0020s ]
SQL: SELECT * FROM `config`  [ RunTime:0.0000s ]
SQL: SHOW COLUMNS FROM `goods` [ RunTime:0.0020s ]
SQL: SELECT COUNT(*) AS tp_count FROM `goods` LIMIT 1   [ RunTime:0.0010s ]
SQL: SELECT * FROM `goods` ORDER BY goods_id desc LIMIT 0,10   [ RunTime:0.0010s ]
INFO: [ view_parse ] --START--
INFO: [ template_filter ] --START--
INFO: Run Behavior\ContentReplaceBehavior [ RunTime:0.000000s ]
INFO: [ template_filter ] --END-- [ RunTime:0.000000s ]
NOTIC: [8] Use of undefined constant goods_id - assumed 'goods_id' D:\wampp\htdocs\enterprise\Application\Runtime\Cache\Admin\904a25b5eb876e612ef13e8d5a7b0bef.php 第 68 行.
NOTIC: [8] Use of undefined constant goods_id - assumed 'goods_id' D:\wampp\htdocs\enterprise\Application\Runtime\Cache\Admin\904a25b5eb876e612ef13e8d5a7b0bef.php 第 68 行.
NOTIC: [8] Use of undefined constant goods_id - assumed 'goods_id' D:\wampp\htdocs\enterprise\Application\Runtime\Cache\Admin\904a25b5eb876e612ef13e8d5a7b0bef.php 第 68 行.
NOTIC: [8] Use of undefined constant goods_id - assumed 'goods_id' D:\wampp\htdocs\enterprise\Application\Runtime\Cache\Admin\904a25b5eb876e612ef13e8d5a7b0bef.php 第 68 行.
INFO: Run Behavior\ParseTemplateBehavior [ RunTime:0.007001s ]
INFO: [ view_parse ] --END-- [ RunTime:0.007001s ]
INFO: [ view_filter ] --START--
INFO: Run Behavior\WriteHtmlCacheBehavior [ RunTime:0.001000s ]
INFO: [ view_filter ] --END-- [ RunTime:0.001000s ]
INFO: [ app_end ] --START--
INFO: Run Behavior\ShowPageTraceBehavior [ RunTime:0.001000s ]
INFO: [ app_end ] --END-- [ RunTime:0.001000s ]

[ 2018-01-19T10:39:06+08:00 ] ::1 /enterprise/index.php/Admin/Goods/detail/id/3.html
INFO: [ app_init ] --START--
INFO: Run Behavior\BuildLiteBehavior [ RunTime:0.000000s ]
INFO: [ app_init ] --END-- [ RunTime:0.000000s ]
INFO: [ app_begin ] --START--
INFO: Run Behavior\ReadHtmlCacheBehavior [ RunTime:0.001000s ]
INFO: [ app_begin ] --END-- [ RunTime:0.001000s ]
SQL: SHOW COLUMNS FROM `config` [ RunTime:0.0040s ]
SQL: SELECT * FROM `config`  [ RunTime:0.0000s ]
SQL: SHOW COLUMNS FROM `goods` [ RunTime:0.0030s ]
SQL: SELECT * FROM `goods` WHERE `goods_id` = 3 LIMIT 1   [ RunTime:0.0000s ]
SQL: SHOW COLUMNS FROM `classification` [ RunTime:0.0020s ]
SQL: SELECT * FROM `classification`  [ RunTime:0.0010s ]
NOTIC: [8] Use of undefined constant goodsInfo - assumed 'goodsInfo' D:\wampp\htdocs\enterprise\Application\Admin\Controller\GoodsController.class.php 第 117 行.
INFO: [ view_parse ] --START--
INFO: [ template_filter ] --START--
INFO: Run Behavior\ContentReplaceBehavior [ RunTime:0.000000s ]
INFO: [ template_filter ] --END-- [ RunTime:0.001000s ]
NOTIC: [8] Undefined variable: navigate_admin D:\wampp\htdocs\enterprise\Application\Runtime\Cache\Admin\c9ad264db824770bc735d4d4f4bceb6c.php 第 143 行.
NOTIC: [8] Undefined index: kind D:\wampp\htdocs\enterprise\Application\Runtime\Cache\Admin\c9ad264db824770bc735d4d4f4bceb6c.php 第 163 行.
NOTIC: [8] Undefined index: nums D:\wampp\htdocs\enterprise\Application\Runtime\Cache\Admin\c9ad264db824770bc735d4d4f4bceb6c.php 第 271 行.
INFO: Run Behavior\ParseTemplateBehavior [ RunTime:0.012001s ]
INFO: [ view_parse ] --END-- [ RunTime:0.012001s ]
INFO: [ view_filter ] --START--
INFO: Run Behavior\WriteHtmlCacheBehavior [ RunTime:0.000000s ]
INFO: [ view_filter ] --END-- [ RunTime:0.000000s ]
INFO: [ app_end ] --START--
INFO: Run Behavior\ShowPageTraceBehavior [ RunTime:0.000000s ]
INFO: [ app_end ] --END-- [ RunTime:0.001000s ]

[ 2018-01-19T10:39:09+08:00 ] ::1 /enterprise/index.php/Admin/Goods/detail
INFO: [ app_init ] --START--
INFO: Run Behavior\BuildLiteBehavior [ RunTime:0.000000s ]
INFO: [ app_init ] --END-- [ RunTime:0.001000s ]
INFO: [ app_begin ] --START--
INFO: Run Behavior\ReadHtmlCacheBehavior [ RunTime:0.000000s ]
INFO: [ app_begin ] --END-- [ RunTime:0.000000s ]
SQL: SHOW COLUMNS FROM `config` [ RunTime:0.0020s ]
SQL: SELECT * FROM `config`  [ RunTime:0.0000s ]
SQL: SHOW COLUMNS FROM `goods` [ RunTime:0.0020s ]
SQL: SELECT * FROM `goods` WHERE `goods_id` = 3 LIMIT 1   [ RunTime:0.0000s ]
SQL: SHOW COLUMNS FROM `classification` [ RunTime:0.0020s ]
SQL: SELECT * FROM `classification`  [ RunTime:0.0000s ]
NOTIC: [8] Use of undefined constant goodsInfo - assumed 'goodsInfo' D:\wampp\htdocs\enterprise\Application\Admin\Controller\GoodsController.class.php 第 117 行.
SQL: UPDATE `goods` SET `goods_name`='CSDN1111',`goods_remark`='啊啊啊啊啊啊啊啊啊啊啊',`goods_sn`='GF123425',`cat_id`='9',`keywords`='',`is_recommend`='0',`original_img`='[\"\\/enterprise\\/uploads\\/image\\/20180112\\/20180112100509_66532.jpg\"]',`market_price`='32.00',`shop_price`='15.00',`cost_price`='1.00',`store_count`='0',`weight`='143',`goods_content`='' WHERE ( goods_id=3 ) [ RunTime:0.0440s ]
INFO: [ view_parse ] --START--
INFO: Run Behavior\ParseTemplateBehavior [ RunTime:0.001000s ]
INFO: [ view_parse ] --END-- [ RunTime:0.001000s ]
INFO: [ view_filter ] --START--
INFO: Run Behavior\WriteHtmlCacheBehavior [ RunTime:0.000000s ]
INFO: [ view_filter ] --END-- [ RunTime:0.000000s ]

[ 2018-01-19T10:39:10+08:00 ] ::1 /enterprise/index.php/Admin/Goods/goodsList.html
INFO: [ app_init ] --START--
INFO: Run Behavior\BuildLiteBehavior [ RunTime:0.000000s ]
INFO: [ app_init ] --END-- [ RunTime:0.001000s ]
INFO: [ app_begin ] --START--
INFO: Run Behavior\ReadHtmlCacheBehavior [ RunTime:0.001001s ]
INFO: [ app_begin ] --END-- [ RunTime:0.001001s ]
SQL: SHOW COLUMNS FROM `config` [ RunTime:0.0020s ]
SQL: SELECT * FROM `config`  [ RunTime:0.0010s ]
INFO: [ view_parse ] --START--
INFO: [ template_filter ] --START--
INFO: Run Behavior\ContentReplaceBehavior [ RunTime:0.000000s ]
INFO: [ template_filter ] --END-- [ RunTime:0.000000s ]
NOTIC: [8] Undefined variable: navigate_admin D:\wampp\htdocs\enterprise\Application\Runtime\Cache\Admin\3268fbbbd0eb3ffe30140f78ff508f86.php 第 68 行.
INFO: Run Behavior\ParseTemplateBehavior [ RunTime:0.008000s ]
INFO: [ view_parse ] --END-- [ RunTime:0.008000s ]
INFO: [ view_filter ] --START--
INFO: Run Behavior\WriteHtmlCacheBehavior [ RunTime:0.002001s ]
INFO: [ view_filter ] --END-- [ RunTime:0.002001s ]
INFO: [ app_end ] --START--
INFO: Run Behavior\ShowPageTraceBehavior [ RunTime:0.000000s ]
INFO: [ app_end ] --END-- [ RunTime:0.001000s ]

[ 2018-01-19T10:39:10+08:00 ] ::1 /enterprise/index.php/Admin/Goods/ajaxGoodsList.html?p=1
INFO: [ app_init ] --START--
INFO: Run Behavior\BuildLiteBehavior [ RunTime:0.000000s ]
INFO: [ app_init ] --END-- [ RunTime:0.000000s ]
INFO: [ app_begin ] --START--
INFO: Run Behavior\ReadHtmlCacheBehavior [ RunTime:0.001000s ]
INFO: [ app_begin ] --END-- [ RunTime:0.001000s ]
SQL: SHOW COLUMNS FROM `config` [ RunTime:0.0020s ]
SQL: SELECT * FROM `config`  [ RunTime:0.0010s ]
SQL: SHOW COLUMNS FROM `goods` [ RunTime:0.0020s ]
SQL: SELECT COUNT(*) AS tp_count FROM `goods` LIMIT 1   [ RunTime:0.0010s ]
SQL: SELECT * FROM `goods` ORDER BY goods_id desc LIMIT 0,10   [ RunTime:0.0230s ]
INFO: [ view_parse ] --START--
INFO: [ template_filter ] --START--
INFO: Run Behavior\ContentReplaceBehavior [ RunTime:0.000000s ]
INFO: [ template_filter ] --END-- [ RunTime:0.000000s ]
NOTIC: [8] Use of undefined constant goods_id - assumed 'goods_id' D:\wampp\htdocs\enterprise\Application\Runtime\Cache\Admin\904a25b5eb876e612ef13e8d5a7b0bef.php 第 68 行.
NOTIC: [8] Use of undefined constant goods_id - assumed 'goods_id' D:\wampp\htdocs\enterprise\Application\Runtime\Cache\Admin\904a25b5eb876e612ef13e8d5a7b0bef.php 第 68 行.
NOTIC: [8] Use of undefined constant goods_id - assumed 'goods_id' D:\wampp\htdocs\enterprise\Application\Runtime\Cache\Admin\904a25b5eb876e612ef13e8d5a7b0bef.php 第 68 行.
NOTIC: [8] Use of undefined constant goods_id - assumed 'goods_id' D:\wampp\htdocs\enterprise\Application\Runtime\Cache\Admin\904a25b5eb876e612ef13e8d5a7b0bef.php 第 68 行.
INFO: Run Behavior\ParseTemplateBehavior [ RunTime:0.008000s ]
INFO: [ view_parse ] --END-- [ RunTime:0.008000s ]
INFO: [ view_filter ] --START--
INFO: Run Behavior\WriteHtmlCacheBehavior [ RunTime:0.001000s ]
INFO: [ view_filter ] --END-- [ RunTime:0.002000s ]
INFO: [ app_end ] --START--
INFO: Run Behavior\ShowPageTraceBehavior [ RunTime:0.001000s ]
INFO: [ app_end ] --END-- [ RunTime:0.001000s ]

[ 2018-01-19T10:39:12+08:00 ] ::1 /enterprise/index.php/Admin/Goods/detail/id/1.html
INFO: [ app_init ] --START--
INFO: Run Behavior\BuildLiteBehavior [ RunTime:0.000000s ]
INFO: [ app_init ] --END-- [ RunTime:0.001000s ]
INFO: [ app_begin ] --START--
INFO: Run Behavior\ReadHtmlCacheBehavior [ RunTime:0.001000s ]
INFO: [ app_begin ] --END-- [ RunTime:0.001000s ]
SQL: SHOW COLUMNS FROM `config` [ RunTime:0.0030s ]
SQL: SELECT * FROM `config`  [ RunTime:0.0000s ]
SQL: SHOW COLUMNS FROM `goods` [ RunTime:0.0030s ]
SQL: SELECT * FROM `goods` WHERE `goods_id` = 1 LIMIT 1   [ RunTime:0.0010s ]
SQL: SHOW COLUMNS FROM `classification` [ RunTime:0.0030s ]
SQL: SELECT * FROM `classification`  [ RunTime:0.0000s ]
NOTIC: [8] Use of undefined constant goodsInfo - assumed 'goodsInfo' D:\wampp\htdocs\enterprise\Application\Admin\Controller\GoodsController.class.php 第 117 行.
INFO: [ view_parse ] --START--
INFO: [ template_filter ] --START--
INFO: Run Behavior\ContentReplaceBehavior [ RunTime:0.000000s ]
INFO: [ template_filter ] --END-- [ RunTime:0.000000s ]
NOTIC: [8] Undefined variable: navigate_admin D:\wampp\htdocs\enterprise\Application\Runtime\Cache\Admin\c9ad264db824770bc735d4d4f4bceb6c.php 第 143 行.
NOTIC: [8] Undefined index: kind D:\wampp\htdocs\enterprise\Application\Runtime\Cache\Admin\c9ad264db824770bc735d4d4f4bceb6c.php 第 163 行.
NOTIC: [8] Undefined index: nums D:\wampp\htdocs\enterprise\Application\Runtime\Cache\Admin\c9ad264db824770bc735d4d4f4bceb6c.php 第 271 行.
INFO: Run Behavior\ParseTemplateBehavior [ RunTime:0.014001s ]
INFO: [ view_parse ] --END-- [ RunTime:0.014001s ]
INFO: [ view_filter ] --START--
INFO: Run Behavior\WriteHtmlCacheBehavior [ RunTime:0.001000s ]
INFO: [ view_filter ] --END-- [ RunTime:0.001000s ]
INFO: [ app_end ] --START--
INFO: Run Behavior\ShowPageTraceBehavior [ RunTime:0.001000s ]
INFO: [ app_end ] --END-- [ RunTime:0.001000s ]

[ 2018-01-19T10:39:17+08:00 ] ::1 /enterprise/index.php/Admin/Goods/detail
INFO: [ app_init ] --START--
INFO: Run Behavior\BuildLiteBehavior [ RunTime:0.000000s ]
INFO: [ app_init ] --END-- [ RunTime:0.001000s ]
INFO: [ app_begin ] --START--
INFO: Run Behavior\ReadHtmlCacheBehavior [ RunTime:0.001000s ]
INFO: [ app_begin ] --END-- [ RunTime:0.001000s ]
SQL: SHOW COLUMNS FROM `config` [ RunTime:0.0030s ]
SQL: SELECT * FROM `config`  [ RunTime:0.0010s ]
SQL: SHOW COLUMNS FROM `goods` [ RunTime:0.0030s ]
SQL: SELECT * FROM `goods` WHERE `goods_id` = 1 LIMIT 1   [ RunTime:0.0010s ]
SQL: SHOW COLUMNS FROM `classification` [ RunTime:0.0020s ]
SQL: SELECT * FROM `classification`  [ RunTime:0.0000s ]
NOTIC: [8] Use of undefined constant goodsInfo - assumed 'goodsInfo' D:\wampp\htdocs\enterprise\Application\Admin\Controller\GoodsController.class.php 第 117 行.
SQL: UPDATE `goods` SET `goods_name`='茅台A酒-----茅台 白酒  好酒  好酒  好酒',`goods_remark`='茅台A酒茅台A酒茅台A酒茅台A酒茅台A酒茅台A酒茅台A酒茅台A酒茅台A酒茅台A酒茅台A酒茅台A酒茅台A酒茅台A酒茅台A酒茅台A酒茅台A酒茅台A酒茅台A酒茅台A酒茅台A酒茅台A酒茅台A酒茅台A酒',`goods_sn`='MT5355614',`cat_id`='11',`keywords`='茅台 白酒  好酒',`is_recommend`='0',`original_img`='[\"\\/enterprise\\/uploads\\/image\\/20180111\\/20180111150038_35032.jpg\"]',`market_price`='600.00',`shop_price`='580.00',`cost_price`='500.00',`store_count`='0',`weight`='500',`goods_content`='' WHERE ( goods_id=1 ) [ RunTime:0.0730s ]
INFO: [ view_parse ] --START--
INFO: Run Behavior\ParseTemplateBehavior [ RunTime:0.001000s ]
INFO: [ view_parse ] --END-- [ RunTime:0.001000s ]
INFO: [ view_filter ] --START--
INFO: Run Behavior\WriteHtmlCacheBehavior [ RunTime:0.002000s ]
INFO: [ view_filter ] --END-- [ RunTime:0.002000s ]

[ 2018-01-19T10:39:19+08:00 ] ::1 /enterprise/index.php/Admin/Goods/goodsList.html
INFO: [ app_init ] --START--
INFO: Run Behavior\BuildLiteBehavior [ RunTime:0.000000s ]
INFO: [ app_init ] --END-- [ RunTime:0.000000s ]
INFO: [ app_begin ] --START--
INFO: Run Behavior\ReadHtmlCacheBehavior [ RunTime:0.001000s ]
INFO: [ app_begin ] --END-- [ RunTime:0.001000s ]
SQL: SHOW COLUMNS FROM `config` [ RunTime:0.0020s ]
SQL: SELECT * FROM `config`  [ RunTime:0.0000s ]
INFO: [ view_parse ] --START--
INFO: [ template_filter ] --START--
INFO: Run Behavior\ContentReplaceBehavior [ RunTime:0.001000s ]
INFO: [ template_filter ] --END-- [ RunTime:0.001000s ]
NOTIC: [8] Undefined variable: navigate_admin D:\wampp\htdocs\enterprise\Application\Runtime\Cache\Admin\3268fbbbd0eb3ffe30140f78ff508f86.php 第 68 行.
INFO: Run Behavior\ParseTemplateBehavior [ RunTime:0.009000s ]
INFO: [ view_parse ] --END-- [ RunTime:0.009000s ]
INFO: [ view_filter ] --START--
INFO: Run Behavior\WriteHtmlCacheBehavior [ RunTime:0.001000s ]
INFO: [ view_filter ] --END-- [ RunTime:0.001000s ]
INFO: [ app_end ] --START--
INFO: Run Behavior\ShowPageTraceBehavior [ RunTime:0.000000s ]
INFO: [ app_end ] --END-- [ RunTime:0.000000s ]

[ 2018-01-19T10:39:19+08:00 ] ::1 /enterprise/index.php/Admin/Goods/ajaxGoodsList.html?p=1
INFO: [ app_init ] --START--
INFO: Run Behavior\BuildLiteBehavior [ RunTime:0.000000s ]
INFO: [ app_init ] --END-- [ RunTime:0.000000s ]
INFO: [ app_begin ] --START--
INFO: Run Behavior\ReadHtmlCacheBehavior [ RunTime:0.001000s ]
INFO: [ app_begin ] --END-- [ RunTime:0.001000s ]
SQL: SHOW COLUMNS FROM `config` [ RunTime:0.0020s ]
SQL: SELECT * FROM `config`  [ RunTime:0.0000s ]
SQL: SHOW COLUMNS FROM `goods` [ RunTime:0.0030s ]
SQL: SELECT COUNT(*) AS tp_count FROM `goods` LIMIT 1   [ RunTime:0.0000s ]
SQL: SELECT * FROM `goods` ORDER BY goods_id desc LIMIT 0,10   [ RunTime:0.0010s ]
INFO: [ view_parse ] --START--
INFO: [ template_filter ] --START--
INFO: Run Behavior\ContentReplaceBehavior [ RunTime:0.000000s ]
INFO: [ template_filter ] --END-- [ RunTime:0.000000s ]
NOTIC: [8] Use of undefined constant goods_id - assumed 'goods_id' D:\wampp\htdocs\enterprise\Application\Runtime\Cache\Admin\904a25b5eb876e612ef13e8d5a7b0bef.php 第 68 行.
NOTIC: [8] Use of undefined constant goods_id - assumed 'goods_id' D:\wampp\htdocs\enterprise\Application\Runtime\Cache\Admin\904a25b5eb876e612ef13e8d5a7b0bef.php 第 68 行.
NOTIC: [8] Use of undefined constant goods_id - assumed 'goods_id' D:\wampp\htdocs\enterprise\Application\Runtime\Cache\Admin\904a25b5eb876e612ef13e8d5a7b0bef.php 第 68 行.
NOTIC: [8] Use of undefined constant goods_id - assumed 'goods_id' D:\wampp\htdocs\enterprise\Application\Runtime\Cache\Admin\904a25b5eb876e612ef13e8d5a7b0bef.php 第 68 行.
INFO: Run Behavior\ParseTemplateBehavior [ RunTime:0.010001s ]
INFO: [ view_parse ] --END-- [ RunTime:0.010001s ]
INFO: [ view_filter ] --START--
INFO: Run Behavior\WriteHtmlCacheBehavior [ RunTime:0.001000s ]
INFO: [ view_filter ] --END-- [ RunTime:0.001000s ]
INFO: [ app_end ] --START--
INFO: Run Behavior\ShowPageTraceBehavior [ RunTime:0.001000s ]
INFO: [ app_end ] --END-- [ RunTime:0.001000s ]

[ 2018-01-19T10:54:58+08:00 ] ::1 /enterprise/index.php/Admin/Goods/goods.html
INFO: [ app_init ] --START--
INFO: Run Behavior\BuildLiteBehavior [ RunTime:0.000000s ]
INFO: [ app_init ] --END-- [ RunTime:0.000000s ]
INFO: [ app_begin ] --START--
INFO: Run Behavior\ReadHtmlCacheBehavior [ RunTime:0.001000s ]
INFO: [ app_begin ] --END-- [ RunTime:0.001000s ]
SQL: SHOW COLUMNS FROM `config` [ RunTime:0.0020s ]
SQL: SELECT * FROM `config`  [ RunTime:0.0000s ]
SQL: SHOW COLUMNS FROM `classification` [ RunTime:0.0020s ]
SQL: SELECT * FROM `classification`  [ RunTime:0.0010s ]
NOTIC: [8] Use of undefined constant _goods - assumed '_goods' D:\wampp\htdocs\enterprise\Application\Admin\Controller\GoodsController.class.php 第 62 行.
INFO: [ view_parse ] --START--
INFO: [ template_filter ] --START--
INFO: Run Behavior\ContentReplaceBehavior [ RunTime:0.001000s ]
INFO: [ template_filter ] --END-- [ RunTime:0.001000s ]
NOTIC: [8] Undefined variable: navigate_admin D:\wampp\htdocs\enterprise\Application\Runtime\Cache\Admin\c5b83c1ac2aaddb7d217c711b27315d2.php 第 141 行.
NOTIC: [8] Undefined variable: goodsInfo D:\wampp\htdocs\enterprise\Application\Runtime\Cache\Admin\c5b83c1ac2aaddb7d217c711b27315d2.php 第 175 行.
NOTIC: [8] Undefined variable: goodsInfo D:\wampp\htdocs\enterprise\Application\Runtime\Cache\Admin\c5b83c1ac2aaddb7d217c711b27315d2.php 第 182 行.
NOTIC: [8] Undefined variable: goodsInfo D:\wampp\htdocs\enterprise\Application\Runtime\Cache\Admin\c5b83c1ac2aaddb7d217c711b27315d2.php 第 197 行.
NOTIC: [8] Undefined variable: goodsInfo D:\wampp\htdocs\enterprise\Application\Runtime\Cache\Admin\c5b83c1ac2aaddb7d217c711b27315d2.php 第 205 行.
NOTIC: [8] Undefined variable: projArr D:\wampp\htdocs\enterprise\Application\Runtime\Cache\Admin\c5b83c1ac2aaddb7d217c711b27315d2.php 第 222 行.
NOTIC: [8] Undefined variable: goodsInfo D:\wampp\htdocs\enterprise\Application\Runtime\Cache\Admin\c5b83c1ac2aaddb7d217c711b27315d2.php 第 241 行.
NOTIC: [8] Undefined variable: goodsInfo D:\wampp\htdocs\enterprise\Application\Runtime\Cache\Admin\c5b83c1ac2aaddb7d217c711b27315d2.php 第 248 行.
NOTIC: [8] Undefined variable: goodsInfo D:\wampp\htdocs\enterprise\Application\Runtime\Cache\Admin\c5b83c1ac2aaddb7d217c711b27315d2.php 第 255 行.
NOTIC: [8] Undefined variable: goodsInfo D:\wampp\htdocs\enterprise\Application\Runtime\Cache\Admin\c5b83c1ac2aaddb7d217c711b27315d2.php 第 263 行.
NOTIC: [8] Undefined variable: goodsInfo D:\wampp\htdocs\enterprise\Application\Runtime\Cache\Admin\c5b83c1ac2aaddb7d217c711b27315d2.php 第 270 行.
INFO: Run Behavior\ParseTemplateBehavior [ RunTime:0.024001s ]
INFO: [ view_parse ] --END-- [ RunTime:0.024001s ]
INFO: [ view_filter ] --START--
INFO: Run Behavior\WriteHtmlCacheBehavior [ RunTime:0.000000s ]
INFO: [ view_filter ] --END-- [ RunTime:0.000000s ]
INFO: [ app_end ] --START--
INFO: Run Behavior\ShowPageTraceBehavior [ RunTime:0.000000s ]
INFO: [ app_end ] --END-- [ RunTime:0.000000s ]

[ 2018-01-19T10:56:16+08:00 ] ::1 /enterprise/index.php/Admin/Goods/addEditGoods
INFO: [ app_init ] --START--
INFO: Run Behavior\BuildLiteBehavior [ RunTime:0.000000s ]
INFO: [ app_init ] --END-- [ RunTime:0.000000s ]
INFO: [ app_begin ] --START--
INFO: Run Behavior\ReadHtmlCacheBehavior [ RunTime:0.001000s ]
INFO: [ app_begin ] --END-- [ RunTime:0.001000s ]
SQL: SHOW COLUMNS FROM `config` [ RunTime:0.0020s ]
SQL: SELECT * FROM `config`  [ RunTime:0.0010s ]
SQL: SHOW COLUMNS FROM `goods` [ RunTime:0.0020s ]
SQL: INSERT INTO `goods` (`goods_name`,`goods_remark`,`goods_sn`,`cat_id`,`keywords`,`is_recommend`,`original_img`,`market_price`,`shop_price`,`cost_price`,`store_count`,`weight`,`goods_content`,`regtime`) VALUES ('啊啊啊啊','adgagaga','dsabs','9','','0','[\"\\/enterprise\\/uploads\\/image\\/20180119\\/20180119105605_66856.png\"]','12','11','','0','0','tgjhdfjgj','1516330576') [ RunTime:0.0290s ]
INFO: [ view_parse ] --START--
INFO: [ template_filter ] --START--
INFO: Run Behavior\ContentReplaceBehavior [ RunTime:0.000000s ]
INFO: [ template_filter ] --END-- [ RunTime:0.000000s ]
INFO: Run Behavior\ParseTemplateBehavior [ RunTime:0.005000s ]
INFO: [ view_parse ] --END-- [ RunTime:0.005000s ]
INFO: [ view_filter ] --START--
INFO: Run Behavior\WriteHtmlCacheBehavior [ RunTime:0.001000s ]
INFO: [ view_filter ] --END-- [ RunTime:0.001000s ]

[ 2018-01-19T10:56:18+08:00 ] ::1 /enterprise/index.php/Admin/Goods/goodsList.html
INFO: [ app_init ] --START--
INFO: Run Behavior\BuildLiteBehavior [ RunTime:0.000000s ]
INFO: [ app_init ] --END-- [ RunTime:0.001000s ]
INFO: [ app_begin ] --START--
INFO: Run Behavior\ReadHtmlCacheBehavior [ RunTime:0.001000s ]
INFO: [ app_begin ] --END-- [ RunTime:0.001000s ]
SQL: SHOW COLUMNS FROM `config` [ RunTime:0.0020s ]
SQL: SELECT * FROM `config`  [ RunTime:0.0010s ]
INFO: [ view_parse ] --START--
INFO: [ template_filter ] --START--
INFO: Run Behavior\ContentReplaceBehavior [ RunTime:0.000000s ]
INFO: [ template_filter ] --END-- [ RunTime:0.000000s ]
NOTIC: [8] Undefined variable: navigate_admin D:\wampp\htdocs\enterprise\Application\Runtime\Cache\Admin\3268fbbbd0eb3ffe30140f78ff508f86.php 第 68 行.
INFO: Run Behavior\ParseTemplateBehavior [ RunTime:0.010001s ]
INFO: [ view_parse ] --END-- [ RunTime:0.010001s ]
INFO: [ view_filter ] --START--
INFO: Run Behavior\WriteHtmlCacheBehavior [ RunTime:0.000000s ]
INFO: [ view_filter ] --END-- [ RunTime:0.000000s ]
INFO: [ app_end ] --START--
INFO: Run Behavior\ShowPageTraceBehavior [ RunTime:0.000000s ]
INFO: [ app_end ] --END-- [ RunTime:0.000000s ]

[ 2018-01-19T10:56:18+08:00 ] ::1 /enterprise/index.php/Admin/Goods/ajaxGoodsList.html?p=1
INFO: [ app_init ] --START--
INFO: Run Behavior\BuildLiteBehavior [ RunTime:0.000000s ]
INFO: [ app_init ] --END-- [ RunTime:0.000000s ]
INFO: [ app_begin ] --START--
INFO: Run Behavior\ReadHtmlCacheBehavior [ RunTime:0.000000s ]
INFO: [ app_begin ] --END-- [ RunTime:0.000000s ]
SQL: SHOW COLUMNS FROM `config` [ RunTime:0.0040s ]
SQL: SELECT * FROM `config`  [ RunTime:0.0010s ]
SQL: SHOW COLUMNS FROM `goods` [ RunTime:0.0040s ]
SQL: SELECT COUNT(*) AS tp_count FROM `goods` LIMIT 1   [ RunTime:0.0020s ]
SQL: SELECT * FROM `goods` ORDER BY goods_id desc LIMIT 0,10   [ RunTime:0.0000s ]
INFO: [ view_parse ] --START--
INFO: [ template_filter ] --START--
INFO: Run Behavior\ContentReplaceBehavior [ RunTime:0.000000s ]
INFO: [ template_filter ] --END-- [ RunTime:0.000000s ]
NOTIC: [8] Use of undefined constant goods_id - assumed 'goods_id' D:\wampp\htdocs\enterprise\Application\Runtime\Cache\Admin\904a25b5eb876e612ef13e8d5a7b0bef.php 第 68 行.
NOTIC: [8] Use of undefined constant goods_id - assumed 'goods_id' D:\wampp\htdocs\enterprise\Application\Runtime\Cache\Admin\904a25b5eb876e612ef13e8d5a7b0bef.php 第 68 行.
NOTIC: [8] Use of undefined constant goods_id - assumed 'goods_id' D:\wampp\htdocs\enterprise\Application\Runtime\Cache\Admin\904a25b5eb876e612ef13e8d5a7b0bef.php 第 68 行.
NOTIC: [8] Use of undefined constant goods_id - assumed 'goods_id' D:\wampp\htdocs\enterprise\Application\Runtime\Cache\Admin\904a25b5eb876e612ef13e8d5a7b0bef.php 第 68 行.
NOTIC: [8] Use of undefined constant goods_id - assumed 'goods_id' D:\wampp\htdocs\enterprise\Application\Runtime\Cache\Admin\904a25b5eb876e612ef13e8d5a7b0bef.php 第 68 行.
INFO: Run Behavior\ParseTemplateBehavior [ RunTime:0.018001s ]
INFO: [ view_parse ] --END-- [ RunTime:0.018001s ]
INFO: [ view_filter ] --START--
INFO: Run Behavior\WriteHtmlCacheBehavior [ RunTime:0.001000s ]
INFO: [ view_filter ] --END-- [ RunTime:0.001000s ]
INFO: [ app_end ] --START--
INFO: Run Behavior\ShowPageTraceBehavior [ RunTime:0.001000s ]
INFO: [ app_end ] --END-- [ RunTime:0.001000s ]

[ 2018-01-19T10:56:22+08:00 ] ::1 /enterprise/index.php/Admin/Goods/goods.html
INFO: [ app_init ] --START--
INFO: Run Behavior\BuildLiteBehavior [ RunTime:0.000000s ]
INFO: [ app_init ] --END-- [ RunTime:0.000000s ]
INFO: [ app_begin ] --START--
INFO: Run Behavior\ReadHtmlCacheBehavior [ RunTime:0.000000s ]
INFO: [ app_begin ] --END-- [ RunTime:0.001000s ]
SQL: SHOW COLUMNS FROM `config` [ RunTime:0.0020s ]
SQL: SELECT * FROM `config`  [ RunTime:0.0000s ]
SQL: SHOW COLUMNS FROM `classification` [ RunTime:0.0020s ]
SQL: SELECT * FROM `classification`  [ RunTime:0.0010s ]
NOTIC: [8] Use of undefined constant _goods - assumed '_goods' D:\wampp\htdocs\enterprise\Application\Admin\Controller\GoodsController.class.php 第 62 行.
INFO: [ view_parse ] --START--
INFO: [ template_filter ] --START--
INFO: Run Behavior\ContentReplaceBehavior [ RunTime:0.001000s ]
INFO: [ template_filter ] --END-- [ RunTime:0.001000s ]
NOTIC: [8] Undefined variable: navigate_admin D:\wampp\htdocs\enterprise\Application\Runtime\Cache\Admin\c5b83c1ac2aaddb7d217c711b27315d2.php 第 141 行.
NOTIC: [8] Undefined variable: goodsInfo D:\wampp\htdocs\enterprise\Application\Runtime\Cache\Admin\c5b83c1ac2aaddb7d217c711b27315d2.php 第 175 行.
NOTIC: [8] Undefined variable: goodsInfo D:\wampp\htdocs\enterprise\Application\Runtime\Cache\Admin\c5b83c1ac2aaddb7d217c711b27315d2.php 第 182 行.
NOTIC: [8] Undefined variable: goodsInfo D:\wampp\htdocs\enterprise\Application\Runtime\Cache\Admin\c5b83c1ac2aaddb7d217c711b27315d2.php 第 197 行.
NOTIC: [8] Undefined variable: goodsInfo D:\wampp\htdocs\enterprise\Application\Runtime\Cache\Admin\c5b83c1ac2aaddb7d217c711b27315d2.php 第 205 行.
NOTIC: [8] Undefined variable: projArr D:\wampp\htdocs\enterprise\Application\Runtime\Cache\Admin\c5b83c1ac2aaddb7d217c711b27315d2.php 第 222 行.
NOTIC: [8] Undefined variable: goodsInfo D:\wampp\htdocs\enterprise\Application\Runtime\Cache\Admin\c5b83c1ac2aaddb7d217c711b27315d2.php 第 241 行.
NOTIC: [8] Undefined variable: goodsInfo D:\wampp\htdocs\enterprise\Application\Runtime\Cache\Admin\c5b83c1ac2aaddb7d217c711b27315d2.php 第 248 行.
NOTIC: [8] Undefined variable: goodsInfo D:\wampp\htdocs\enterprise\Application\Runtime\Cache\Admin\c5b83c1ac2aaddb7d217c711b27315d2.php 第 255 行.
NOTIC: [8] Undefined variable: goodsInfo D:\wampp\htdocs\enterprise\Application\Runtime\Cache\Admin\c5b83c1ac2aaddb7d217c711b27315d2.php 第 263 行.
NOTIC: [8] Undefined variable: goodsInfo D:\wampp\htdocs\enterprise\Application\Runtime\Cache\Admin\c5b83c1ac2aaddb7d217c711b27315d2.php 第 270 行.
INFO: Run Behavior\ParseTemplateBehavior [ RunTime:0.011000s ]
INFO: [ view_parse ] --END-- [ RunTime:0.011000s ]
INFO: [ view_filter ] --START--
INFO: Run Behavior\WriteHtmlCacheBehavior [ RunTime:0.001000s ]
INFO: [ view_filter ] --END-- [ RunTime:0.001000s ]
INFO: [ app_end ] --START--
INFO: Run Behavior\ShowPageTraceBehavior [ RunTime:0.001000s ]
INFO: [ app_end ] --END-- [ RunTime:0.001000s ]

[ 2018-01-19T10:57:02+08:00 ] ::1 /enterprise/index.php/Admin/Goods/addEditGoods
INFO: [ app_init ] --START--
INFO: Run Behavior\BuildLiteBehavior [ RunTime:0.000000s ]
INFO: [ app_init ] --END-- [ RunTime:0.000000s ]
INFO: [ app_begin ] --START--
INFO: Run Behavior\ReadHtmlCacheBehavior [ RunTime:0.000000s ]
INFO: [ app_begin ] --END-- [ RunTime:0.000000s ]
SQL: SHOW COLUMNS FROM `config` [ RunTime:0.0020s ]
SQL: SELECT * FROM `config`  [ RunTime:0.0000s ]
SQL: SHOW COLUMNS FROM `goods` [ RunTime:0.0030s ]
SQL: INSERT INTO `goods` (`goods_name`,`goods_remark`,`goods_sn`,`cat_id`,`keywords`,`is_recommend`,`original_img`,`market_price`,`shop_price`,`cost_price`,`store_count`,`weight`,`goods_content`,`regtime`) VALUES ('jhggfj','sfhfh','sdfgsfg','9','','0','[\"\\/enterprise\\/uploads\\/image\\/20180119\\/20180119105645_91787.png\"]','','1234','','0','0','sfhsjhsgj','1516330622') [ RunTime:0.0100s ]
INFO: [ view_parse ] --START--
INFO: Run Behavior\ParseTemplateBehavior [ RunTime:0.002000s ]
INFO: [ view_parse ] --END-- [ RunTime:0.002000s ]
INFO: [ view_filter ] --START--
INFO: Run Behavior\WriteHtmlCacheBehavior [ RunTime:0.001000s ]
INFO: [ view_filter ] --END-- [ RunTime:0.001000s ]

[ 2018-01-19T10:57:03+08:00 ] ::1 /enterprise/index.php/Admin/Goods/goodsList.html
INFO: [ app_init ] --START--
INFO: Run Behavior\BuildLiteBehavior [ RunTime:0.000000s ]
INFO: [ app_init ] --END-- [ RunTime:0.000000s ]
INFO: [ app_begin ] --START--
INFO: Run Behavior\ReadHtmlCacheBehavior [ RunTime:0.000000s ]
INFO: [ app_begin ] --END-- [ RunTime:0.001000s ]
SQL: SHOW COLUMNS FROM `config` [ RunTime:0.0020s ]
SQL: SELECT * FROM `config`  [ RunTime:0.0010s ]
INFO: [ view_parse ] --START--
INFO: [ template_filter ] --START--
INFO: Run Behavior\ContentReplaceBehavior [ RunTime:0.000000s ]
INFO: [ template_filter ] --END-- [ RunTime:0.000000s ]
NOTIC: [8] Undefined variable: navigate_admin D:\wampp\htdocs\enterprise\Application\Runtime\Cache\Admin\3268fbbbd0eb3ffe30140f78ff508f86.php 第 68 行.
INFO: Run Behavior\ParseTemplateBehavior [ RunTime:0.014000s ]
INFO: [ view_parse ] --END-- [ RunTime:0.014000s ]
INFO: [ view_filter ] --START--
INFO: Run Behavior\WriteHtmlCacheBehavior [ RunTime:0.001001s ]
INFO: [ view_filter ] --END-- [ RunTime:0.001001s ]
INFO: [ app_end ] --START--
INFO: Run Behavior\ShowPageTraceBehavior [ RunTime:0.001000s ]
INFO: [ app_end ] --END-- [ RunTime:0.001000s ]

[ 2018-01-19T10:57:04+08:00 ] ::1 /enterprise/index.php/Admin/Goods/ajaxGoodsList.html?p=1
INFO: [ app_init ] --START--
INFO: Run Behavior\BuildLiteBehavior [ RunTime:0.000000s ]
INFO: [ app_init ] --END-- [ RunTime:0.000000s ]
INFO: [ app_begin ] --START--
INFO: Run Behavior\ReadHtmlCacheBehavior [ RunTime:0.001000s ]
INFO: [ app_begin ] --END-- [ RunTime:0.001000s ]
SQL: SHOW COLUMNS FROM `config` [ RunTime:0.0020s ]
SQL: SELECT * FROM `config`  [ RunTime:0.0000s ]
SQL: SHOW COLUMNS FROM `goods` [ RunTime:0.0040s ]
SQL: SELECT COUNT(*) AS tp_count FROM `goods` LIMIT 1   [ RunTime:0.0010s ]
SQL: SELECT * FROM `goods` ORDER BY goods_id desc LIMIT 0,10   [ RunTime:0.0180s ]
INFO: [ view_parse ] --START--
INFO: [ template_filter ] --START--
INFO: Run Behavior\ContentReplaceBehavior [ RunTime:0.000000s ]
INFO: [ template_filter ] --END-- [ RunTime:0.000000s ]
NOTIC: [8] Use of undefined constant goods_id - assumed 'goods_id' D:\wampp\htdocs\enterprise\Application\Runtime\Cache\Admin\904a25b5eb876e612ef13e8d5a7b0bef.php 第 68 行.
NOTIC: [8] Use of undefined constant goods_id - assumed 'goods_id' D:\wampp\htdocs\enterprise\Application\Runtime\Cache\Admin\904a25b5eb876e612ef13e8d5a7b0bef.php 第 68 行.
NOTIC: [8] Use of undefined constant goods_id - assumed 'goods_id' D:\wampp\htdocs\enterprise\Application\Runtime\Cache\Admin\904a25b5eb876e612ef13e8d5a7b0bef.php 第 68 行.
NOTIC: [8] Use of undefined constant goods_id - assumed 'goods_id' D:\wampp\htdocs\enterprise\Application\Runtime\Cache\Admin\904a25b5eb876e612ef13e8d5a7b0bef.php 第 68 行.
NOTIC: [8] Use of undefined constant goods_id - assumed 'goods_id' D:\wampp\htdocs\enterprise\Application\Runtime\Cache\Admin\904a25b5eb876e612ef13e8d5a7b0bef.php 第 68 行.
NOTIC: [8] Use of undefined constant goods_id - assumed 'goods_id' D:\wampp\htdocs\enterprise\Application\Runtime\Cache\Admin\904a25b5eb876e612ef13e8d5a7b0bef.php 第 68 行.
INFO: Run Behavior\ParseTemplateBehavior [ RunTime:0.012001s ]
INFO: [ view_parse ] --END-- [ RunTime:0.012001s ]
INFO: [ view_filter ] --START--
INFO: Run Behavior\WriteHtmlCacheBehavior [ RunTime:0.000000s ]
INFO: [ view_filter ] --END-- [ RunTime:0.000000s ]
INFO: [ app_end ] --START--
INFO: Run Behavior\ShowPageTraceBehavior [ RunTime:0.000000s ]
INFO: [ app_end ] --END-- [ RunTime:0.001000s ]

[ 2018-01-19T10:57:06+08:00 ] ::1 /enterprise/index.php/Admin/Goods/goods.html
INFO: [ app_init ] --START--
INFO: Run Behavior\BuildLiteBehavior [ RunTime:0.000000s ]
INFO: [ app_init ] --END-- [ RunTime:0.000000s ]
INFO: [ app_begin ] --START--
INFO: Run Behavior\ReadHtmlCacheBehavior [ RunTime:0.000000s ]
INFO: [ app_begin ] --END-- [ RunTime:0.000000s ]
SQL: SHOW COLUMNS FROM `config` [ RunTime:0.0040s ]
SQL: SELECT * FROM `config`  [ RunTime:0.0000s ]
SQL: SHOW COLUMNS FROM `classification` [ RunTime:0.0020s ]
SQL: SELECT * FROM `classification`  [ RunTime:0.0000s ]
NOTIC: [8] Use of undefined constant _goods - assumed '_goods' D:\wampp\htdocs\enterprise\Application\Admin\Controller\GoodsController.class.php 第 62 行.
INFO: [ view_parse ] --START--
INFO: [ template_filter ] --START--
INFO: Run Behavior\ContentReplaceBehavior [ RunTime:0.000000s ]
INFO: [ template_filter ] --END-- [ RunTime:0.000000s ]
NOTIC: [8] Undefined variable: navigate_admin D:\wampp\htdocs\enterprise\Application\Runtime\Cache\Admin\c5b83c1ac2aaddb7d217c711b27315d2.php 第 141 行.
NOTIC: [8] Undefined variable: goodsInfo D:\wampp\htdocs\enterprise\Application\Runtime\Cache\Admin\c5b83c1ac2aaddb7d217c711b27315d2.php 第 175 行.
NOTIC: [8] Undefined variable: goodsInfo D:\wampp\htdocs\enterprise\Application\Runtime\Cache\Admin\c5b83c1ac2aaddb7d217c711b27315d2.php 第 182 行.
NOTIC: [8] Undefined variable: goodsInfo D:\wampp\htdocs\enterprise\Application\Runtime\Cache\Admin\c5b83c1ac2aaddb7d217c711b27315d2.php 第 197 行.
NOTIC: [8] Undefined variable: goodsInfo D:\wampp\htdocs\enterprise\Application\Runtime\Cache\Admin\c5b83c1ac2aaddb7d217c711b27315d2.php 第 205 行.
NOTIC: [8] Undefined variable: projArr D:\wampp\htdocs\enterprise\Application\Runtime\Cache\Admin\c5b83c1ac2aaddb7d217c711b27315d2.php 第 222 行.
NOTIC: [8] Undefined variable: goodsInfo D:\wampp\htdocs\enterprise\Application\Runtime\Cache\Admin\c5b83c1ac2aaddb7d217c711b27315d2.php 第 241 行.
NOTIC: [8] Undefined variable: goodsInfo D:\wampp\htdocs\enterprise\Application\Runtime\Cache\Admin\c5b83c1ac2aaddb7d217c711b27315d2.php 第 248 行.
NOTIC: [8] Undefined variable: goodsInfo D:\wampp\htdocs\enterprise\Application\Runtime\Cache\Admin\c5b83c1ac2aaddb7d217c711b27315d2.php 第 255 行.
NOTIC: [8] Undefined variable: goodsInfo D:\wampp\htdocs\enterprise\Application\Runtime\Cache\Admin\c5b83c1ac2aaddb7d217c711b27315d2.php 第 263 行.
NOTIC: [8] Undefined variable: goodsInfo D:\wampp\htdocs\enterprise\Application\Runtime\Cache\Admin\c5b83c1ac2aaddb7d217c711b27315d2.php 第 270 行.
INFO: Run Behavior\ParseTemplateBehavior [ RunTime:0.009000s ]
INFO: [ view_parse ] --END-- [ RunTime:0.009000s ]
INFO: [ view_filter ] --START--
INFO: Run Behavior\WriteHtmlCacheBehavior [ RunTime:0.001000s ]
INFO: [ view_filter ] --END-- [ RunTime:0.001000s ]
INFO: [ app_end ] --START--
INFO: Run Behavior\ShowPageTraceBehavior [ RunTime:0.001000s ]
INFO: [ app_end ] --END-- [ RunTime:0.001000s ]

[ 2018-01-19T10:57:29+08:00 ] ::1 /enterprise/index.php/Admin/Goods/addEditGoods
INFO: [ app_init ] --START--
INFO: Run Behavior\BuildLiteBehavior [ RunTime:0.000000s ]
INFO: [ app_init ] --END-- [ RunTime:0.001000s ]
INFO: [ app_begin ] --START--
INFO: Run Behavior\ReadHtmlCacheBehavior [ RunTime:0.002000s ]
INFO: [ app_begin ] --END-- [ RunTime:0.002000s ]
SQL: SHOW COLUMNS FROM `config` [ RunTime:0.0170s ]
SQL: SELECT * FROM `config`  [ RunTime:0.0010s ]
SQL: SHOW COLUMNS FROM `goods` [ RunTime:0.0030s ]
SQL: INSERT INTO `goods` (`goods_name`,`goods_remark`,`goods_sn`,`cat_id`,`keywords`,`is_recommend`,`original_img`,`market_price`,`shop_price`,`cost_price`,`store_count`,`weight`,`goods_content`,`regtime`) VALUES ('fhgfjj','sfdhsfh','fdhsx','9','','0','[\"\\/enterprise\\/uploads\\/image\\/20180119\\/20180119105722_12134.jpg\"]','','22','','0','0','fsdh','1516330649') [ RunTime:0.0070s ]
INFO: [ view_parse ] --START--
INFO: Run Behavior\ParseTemplateBehavior [ RunTime:0.001000s ]
INFO: [ view_parse ] --END-- [ RunTime:0.001000s ]
INFO: [ view_filter ] --START--
INFO: Run Behavior\WriteHtmlCacheBehavior [ RunTime:0.002000s ]
INFO: [ view_filter ] --END-- [ RunTime:0.002000s ]

[ 2018-01-19T10:57:30+08:00 ] ::1 /enterprise/index.php/Admin/Goods/goodsList.html
INFO: [ app_init ] --START--
INFO: Run Behavior\BuildLiteBehavior [ RunTime:0.000000s ]
INFO: [ app_init ] --END-- [ RunTime:0.001000s ]
INFO: [ app_begin ] --START--
INFO: Run Behavior\ReadHtmlCacheBehavior [ RunTime:0.001000s ]
INFO: [ app_begin ] --END-- [ RunTime:0.001000s ]
SQL: SHOW COLUMNS FROM `config` [ RunTime:0.0020s ]
SQL: SELECT * FROM `config`  [ RunTime:0.0000s ]
INFO: [ view_parse ] --START--
INFO: [ template_filter ] --START--
INFO: Run Behavior\ContentReplaceBehavior [ RunTime:0.000000s ]
INFO: [ template_filter ] --END-- [ RunTime:0.000000s ]
NOTIC: [8] Undefined variable: navigate_admin D:\wampp\htdocs\enterprise\Application\Runtime\Cache\Admin\3268fbbbd0eb3ffe30140f78ff508f86.php 第 68 行.
INFO: Run Behavior\ParseTemplateBehavior [ RunTime:0.012001s ]
INFO: [ view_parse ] --END-- [ RunTime:0.012001s ]
INFO: [ view_filter ] --START--
INFO: Run Behavior\WriteHtmlCacheBehavior [ RunTime:0.001000s ]
INFO: [ view_filter ] --END-- [ RunTime:0.001000s ]
INFO: [ app_end ] --START--
INFO: Run Behavior\ShowPageTraceBehavior [ RunTime:0.002000s ]
INFO: [ app_end ] --END-- [ RunTime:0.002000s ]

[ 2018-01-19T10:57:30+08:00 ] ::1 /enterprise/index.php/Admin/Goods/ajaxGoodsList.html?p=1
INFO: [ app_init ] --START--
INFO: Run Behavior\BuildLiteBehavior [ RunTime:0.000000s ]
INFO: [ app_init ] --END-- [ RunTime:0.001000s ]
INFO: [ app_begin ] --START--
INFO: Run Behavior\ReadHtmlCacheBehavior [ RunTime:0.001000s ]
INFO: [ app_begin ] --END-- [ RunTime:0.001000s ]
SQL: SHOW COLUMNS FROM `config` [ RunTime:0.0000s ]
SQL: SELECT * FROM `config`  [ RunTime:0.0000s ]
SQL: SHOW COLUMNS FROM `goods` [ RunTime:0.0000s ]
SQL: SELECT COUNT(*) AS tp_count FROM `goods` LIMIT 1   [ RunTime:0.0000s ]
SQL: SELECT * FROM `goods` ORDER BY goods_id desc LIMIT 0,10   [ RunTime:0.0000s ]
INFO: [ view_parse ] --START--
INFO: [ template_filter ] --START--
INFO: Run Behavior\ContentReplaceBehavior [ RunTime:0.000000s ]
INFO: [ template_filter ] --END-- [ RunTime:0.000000s ]
NOTIC: [8] Use of undefined constant goods_id - assumed 'goods_id' D:\wampp\htdocs\enterprise\Application\Runtime\Cache\Admin\904a25b5eb876e612ef13e8d5a7b0bef.php 第 68 行.
NOTIC: [8] Use of undefined constant goods_id - assumed 'goods_id' D:\wampp\htdocs\enterprise\Application\Runtime\Cache\Admin\904a25b5eb876e612ef13e8d5a7b0bef.php 第 68 行.
NOTIC: [8] Use of undefined constant goods_id - assumed 'goods_id' D:\wampp\htdocs\enterprise\Application\Runtime\Cache\Admin\904a25b5eb876e612ef13e8d5a7b0bef.php 第 68 行.
NOTIC: [8] Use of undefined constant goods_id - assumed 'goods_id' D:\wampp\htdocs\enterprise\Application\Runtime\Cache\Admin\904a25b5eb876e612ef13e8d5a7b0bef.php 第 68 行.
NOTIC: [8] Use of undefined constant goods_id - assumed 'goods_id' D:\wampp\htdocs\enterprise\Application\Runtime\Cache\Admin\904a25b5eb876e612ef13e8d5a7b0bef.php 第 68 行.
NOTIC: [8] Use of undefined constant goods_id - assumed 'goods_id' D:\wampp\htdocs\enterprise\Application\Runtime\Cache\Admin\904a25b5eb876e612ef13e8d5a7b0bef.php 第 68 行.
NOTIC: [8] Use of undefined constant goods_id - assumed 'goods_id' D:\wampp\htdocs\enterprise\Application\Runtime\Cache\Admin\904a25b5eb876e612ef13e8d5a7b0bef.php 第 68 行.
INFO: Run Behavior\ParseTemplateBehavior [ RunTime:0.015600s ]
INFO: [ view_parse ] --END-- [ RunTime:0.015600s ]
INFO: [ view_filter ] --START--
INFO: Run Behavior\WriteHtmlCacheBehavior [ RunTime:0.000000s ]
INFO: [ view_filter ] --END-- [ RunTime:0.000000s ]
INFO: [ app_end ] --START--
INFO: Run Behavior\ShowPageTraceBehavior [ RunTime:0.000000s ]
INFO: [ app_end ] --END-- [ RunTime:0.000000s ]

[ 2018-01-19T13:16:16+08:00 ] ::1 /enterprise/index.php/Admin/Goods/goods.html
INFO: [ app_init ] --START--
INFO: Run Behavior\BuildLiteBehavior [ RunTime:0.000000s ]
INFO: [ app_init ] --END-- [ RunTime:0.001000s ]
INFO: [ app_begin ] --START--
INFO: Run Behavior\ReadHtmlCacheBehavior [ RunTime:0.001000s ]
INFO: [ app_begin ] --END-- [ RunTime:0.001000s ]
SQL: SHOW COLUMNS FROM `config` [ RunTime:0.0020s ]
SQL: SELECT * FROM `config`  [ RunTime:0.0000s ]
SQL: SHOW COLUMNS FROM `classification` [ RunTime:0.0020s ]
SQL: SELECT * FROM `classification`  [ RunTime:0.0000s ]
NOTIC: [8] Use of undefined constant _goods - assumed '_goods' D:\wampp\htdocs\enterprise\Application\Admin\Controller\GoodsController.class.php 第 62 行.
INFO: [ view_parse ] --START--
INFO: [ template_filter ] --START--
INFO: Run Behavior\ContentReplaceBehavior [ RunTime:0.000000s ]
INFO: [ template_filter ] --END-- [ RunTime:0.001000s ]
NOTIC: [8] Undefined variable: navigate_admin D:\wampp\htdocs\enterprise\Application\Runtime\Cache\Admin\c5b83c1ac2aaddb7d217c711b27315d2.php 第 141 行.
NOTIC: [8] Undefined variable: goodsInfo D:\wampp\htdocs\enterprise\Application\Runtime\Cache\Admin\c5b83c1ac2aaddb7d217c711b27315d2.php 第 175 行.
NOTIC: [8] Undefined variable: goodsInfo D:\wampp\htdocs\enterprise\Application\Runtime\Cache\Admin\c5b83c1ac2aaddb7d217c711b27315d2.php 第 182 行.
NOTIC: [8] Undefined variable: goodsInfo D:\wampp\htdocs\enterprise\Application\Runtime\Cache\Admin\c5b83c1ac2aaddb7d217c711b27315d2.php 第 197 行.
NOTIC: [8] Undefined variable: goodsInfo D:\wampp\htdocs\enterprise\Application\Runtime\Cache\Admin\c5b83c1ac2aaddb7d217c711b27315d2.php 第 205 行.
NOTIC: [8] Undefined variable: projArr D:\wampp\htdocs\enterprise\Application\Runtime\Cache\Admin\c5b83c1ac2aaddb7d217c711b27315d2.php 第 222 行.
NOTIC: [8] Undefined variable: goodsInfo D:\wampp\htdocs\enterprise\Application\Runtime\Cache\Admin\c5b83c1ac2aaddb7d217c711b27315d2.php 第 241 行.
NOTIC: [8] Undefined variable: goodsInfo D:\wampp\htdocs\enterprise\Application\Runtime\Cache\Admin\c5b83c1ac2aaddb7d217c711b27315d2.php 第 248 行.
NOTIC: [8] Undefined variable: goodsInfo D:\wampp\htdocs\enterprise\Application\Runtime\Cache\Admin\c5b83c1ac2aaddb7d217c711b27315d2.php 第 255 行.
NOTIC: [8] Undefined variable: goodsInfo D:\wampp\htdocs\enterprise\Application\Runtime\Cache\Admin\c5b83c1ac2aaddb7d217c711b27315d2.php 第 263 行.
NOTIC: [8] Undefined variable: goodsInfo D:\wampp\htdocs\enterprise\Application\Runtime\Cache\Admin\c5b83c1ac2aaddb7d217c711b27315d2.php 第 270 行.
INFO: Run Behavior\ParseTemplateBehavior [ RunTime:0.015001s ]
INFO: [ view_parse ] --END-- [ RunTime:0.015001s ]
INFO: [ view_filter ] --START--
INFO: Run Behavior\WriteHtmlCacheBehavior [ RunTime:0.001000s ]
INFO: [ view_filter ] --END-- [ RunTime:0.001000s ]
INFO: [ app_end ] --START--
INFO: Run Behavior\ShowPageTraceBehavior [ RunTime:0.001000s ]
INFO: [ app_end ] --END-- [ RunTime:0.001000s ]

[ 2018-01-19T13:16:37+08:00 ] ::1 /enterprise/index.php/Admin/Goods/addEditGoods
INFO: [ app_init ] --START--
INFO: Run Behavior\BuildLiteBehavior [ RunTime:0.000000s ]
INFO: [ app_init ] --END-- [ RunTime:0.001000s ]
INFO: [ app_begin ] --START--
INFO: Run Behavior\ReadHtmlCacheBehavior [ RunTime:0.001000s ]
INFO: [ app_begin ] --END-- [ RunTime:0.001000s ]
SQL: SHOW COLUMNS FROM `config` [ RunTime:0.0040s ]
SQL: SELECT * FROM `config`  [ RunTime:0.0000s ]
SQL: SHOW COLUMNS FROM `goods` [ RunTime:0.0030s ]
SQL: INSERT INTO `goods` (`goods_name`,`goods_remark`,`goods_sn`,`cat_id`,`keywords`,`is_recommend`,`original_img`,`market_price`,`shop_price`,`cost_price`,`store_count`,`weight`,`goods_content`,`regtime`) VALUES ('gfhjgfj','shsfhs','sfhgsfh','9','','0','[\"\\/enterprise\\/uploads\\/image\\/20180119\\/20180119131632_45955.jpg\"]','','33','','0','0','sfdhgfh','1516338997') [ RunTime:0.0140s ]
INFO: [ view_parse ] --START--
INFO: Run Behavior\ParseTemplateBehavior [ RunTime:0.001000s ]
INFO: [ view_parse ] --END-- [ RunTime:0.001000s ]
INFO: [ view_filter ] --START--
INFO: Run Behavior\WriteHtmlCacheBehavior [ RunTime:0.001000s ]
INFO: [ view_filter ] --END-- [ RunTime:0.001000s ]

[ 2018-01-19T13:16:39+08:00 ] ::1 /enterprise/index.php/Admin/Goods/goodsList.html
INFO: [ app_init ] --START--
INFO: Run Behavior\BuildLiteBehavior [ RunTime:0.000000s ]
INFO: [ app_init ] --END-- [ RunTime:0.001000s ]
INFO: [ app_begin ] --START--
INFO: Run Behavior\ReadHtmlCacheBehavior [ RunTime:0.001001s ]
INFO: [ app_begin ] --END-- [ RunTime:0.001001s ]
SQL: SHOW COLUMNS FROM `config` [ RunTime:0.0020s ]
SQL: SELECT * FROM `config`  [ RunTime:0.0000s ]
INFO: [ view_parse ] --START--
INFO: [ template_filter ] --START--
INFO: Run Behavior\ContentReplaceBehavior [ RunTime:0.000000s ]
INFO: [ template_filter ] --END-- [ RunTime:0.000000s ]
NOTIC: [8] Undefined variable: navigate_admin D:\wampp\htdocs\enterprise\Application\Runtime\Cache\Admin\3268fbbbd0eb3ffe30140f78ff508f86.php 第 68 行.
INFO: Run Behavior\ParseTemplateBehavior [ RunTime:0.020001s ]
INFO: [ view_parse ] --END-- [ RunTime:0.020001s ]
INFO: [ view_filter ] --START--
INFO: Run Behavior\WriteHtmlCacheBehavior [ RunTime:0.001000s ]
INFO: [ view_filter ] --END-- [ RunTime:0.001000s ]
INFO: [ app_end ] --START--
INFO: Run Behavior\ShowPageTraceBehavior [ RunTime:0.001000s ]
INFO: [ app_end ] --END-- [ RunTime:0.001000s ]

[ 2018-01-19T13:16:39+08:00 ] ::1 /enterprise/index.php/Admin/Goods/ajaxGoodsList.html?p=1
INFO: [ app_init ] --START--
INFO: Run Behavior\BuildLiteBehavior [ RunTime:0.000000s ]
INFO: [ app_init ] --END-- [ RunTime:0.000000s ]
INFO: [ app_begin ] --START--
INFO: Run Behavior\ReadHtmlCacheBehavior [ RunTime:0.001000s ]
INFO: [ app_begin ] --END-- [ RunTime:0.001000s ]
SQL: SHOW COLUMNS FROM `config` [ RunTime:0.0030s ]
SQL: SELECT * FROM `config`  [ RunTime:0.0000s ]
SQL: SHOW COLUMNS FROM `goods` [ RunTime:0.0030s ]
SQL: SELECT COUNT(*) AS tp_count FROM `goods` LIMIT 1   [ RunTime:0.0000s ]
SQL: SELECT * FROM `goods` ORDER BY goods_id desc LIMIT 0,10   [ RunTime:0.0010s ]
INFO: [ view_parse ] --START--
INFO: [ template_filter ] --START--
INFO: Run Behavior\ContentReplaceBehavior [ RunTime:0.000000s ]
INFO: [ template_filter ] --END-- [ RunTime:0.000000s ]
NOTIC: [8] Use of undefined constant goods_id - assumed 'goods_id' D:\wampp\htdocs\enterprise\Application\Runtime\Cache\Admin\904a25b5eb876e612ef13e8d5a7b0bef.php 第 68 行.
NOTIC: [8] Use of undefined constant goods_id - assumed 'goods_id' D:\wampp\htdocs\enterprise\Application\Runtime\Cache\Admin\904a25b5eb876e612ef13e8d5a7b0bef.php 第 68 行.
NOTIC: [8] Use of undefined constant goods_id - assumed 'goods_id' D:\wampp\htdocs\enterprise\Application\Runtime\Cache\Admin\904a25b5eb876e612ef13e8d5a7b0bef.php 第 68 行.
NOTIC: [8] Use of undefined constant goods_id - assumed 'goods_id' D:\wampp\htdocs\enterprise\Application\Runtime\Cache\Admin\904a25b5eb876e612ef13e8d5a7b0bef.php 第 68 行.
NOTIC: [8] Use of undefined constant goods_id - assumed 'goods_id' D:\wampp\htdocs\enterprise\Application\Runtime\Cache\Admin\904a25b5eb876e612ef13e8d5a7b0bef.php 第 68 行.
NOTIC: [8] Use of undefined constant goods_id - assumed 'goods_id' D:\wampp\htdocs\enterprise\Application\Runtime\Cache\Admin\904a25b5eb876e612ef13e8d5a7b0bef.php 第 68 行.
NOTIC: [8] Use of undefined constant goods_id - assumed 'goods_id' D:\wampp\htdocs\enterprise\Application\Runtime\Cache\Admin\904a25b5eb876e612ef13e8d5a7b0bef.php 第 68 行.
NOTIC: [8] Use of undefined constant goods_id - assumed 'goods_id' D:\wampp\htdocs\enterprise\Application\Runtime\Cache\Admin\904a25b5eb876e612ef13e8d5a7b0bef.php 第 68 行.
INFO: Run Behavior\ParseTemplateBehavior [ RunTime:0.031002s ]
INFO: [ view_parse ] --END-- [ RunTime:0.031002s ]
INFO: [ view_filter ] --START--
INFO: Run Behavior\WriteHtmlCacheBehavior [ RunTime:0.001000s ]
INFO: [ view_filter ] --END-- [ RunTime:0.001000s ]
INFO: [ app_end ] --START--
INFO: Run Behavior\ShowPageTraceBehavior [ RunTime:0.001000s ]
INFO: [ app_end ] --END-- [ RunTime:0.002001s ]

[ 2018-01-19T13:16:41+08:00 ] ::1 /enterprise/index.php/Admin/Goods/goods.html
INFO: [ app_init ] --START--
INFO: Run Behavior\BuildLiteBehavior [ RunTime:0.000000s ]
INFO: [ app_init ] --END-- [ RunTime:0.001000s ]
INFO: [ app_begin ] --START--
INFO: Run Behavior\ReadHtmlCacheBehavior [ RunTime:0.001000s ]
INFO: [ app_begin ] --END-- [ RunTime:0.001000s ]
SQL: SHOW COLUMNS FROM `config` [ RunTime:0.0020s ]
SQL: SELECT * FROM `config`  [ RunTime:0.0000s ]
SQL: SHOW COLUMNS FROM `classification` [ RunTime:0.0030s ]
SQL: SELECT * FROM `classification`  [ RunTime:0.0000s ]
NOTIC: [8] Use of undefined constant _goods - assumed '_goods' D:\wampp\htdocs\enterprise\Application\Admin\Controller\GoodsController.class.php 第 62 行.
INFO: [ view_parse ] --START--
INFO: [ template_filter ] --START--
INFO: Run Behavior\ContentReplaceBehavior [ RunTime:0.000000s ]
INFO: [ template_filter ] --END-- [ RunTime:0.000000s ]
NOTIC: [8] Undefined variable: navigate_admin D:\wampp\htdocs\enterprise\Application\Runtime\Cache\Admin\c5b83c1ac2aaddb7d217c711b27315d2.php 第 141 行.
NOTIC: [8] Undefined variable: goodsInfo D:\wampp\htdocs\enterprise\Application\Runtime\Cache\Admin\c5b83c1ac2aaddb7d217c711b27315d2.php 第 175 行.
NOTIC: [8] Undefined variable: goodsInfo D:\wampp\htdocs\enterprise\Application\Runtime\Cache\Admin\c5b83c1ac2aaddb7d217c711b27315d2.php 第 182 行.
NOTIC: [8] Undefined variable: goodsInfo D:\wampp\htdocs\enterprise\Application\Runtime\Cache\Admin\c5b83c1ac2aaddb7d217c711b27315d2.php 第 197 行.
NOTIC: [8] Undefined variable: goodsInfo D:\wampp\htdocs\enterprise\Application\Runtime\Cache\Admin\c5b83c1ac2aaddb7d217c711b27315d2.php 第 205 行.
NOTIC: [8] Undefined variable: projArr D:\wampp\htdocs\enterprise\Application\Runtime\Cache\Admin\c5b83c1ac2aaddb7d217c711b27315d2.php 第 222 行.
NOTIC: [8] Undefined variable: goodsInfo D:\wampp\htdocs\enterprise\Application\Runtime\Cache\Admin\c5b83c1ac2aaddb7d217c711b27315d2.php 第 241 行.
NOTIC: [8] Undefined variable: goodsInfo D:\wampp\htdocs\enterprise\Application\Runtime\Cache\Admin\c5b83c1ac2aaddb7d217c711b27315d2.php 第 248 行.
NOTIC: [8] Undefined variable: goodsInfo D:\wampp\htdocs\enterprise\Application\Runtime\Cache\Admin\c5b83c1ac2aaddb7d217c711b27315d2.php 第 255 行.
NOTIC: [8] Undefined variable: goodsInfo D:\wampp\htdocs\enterprise\Application\Runtime\Cache\Admin\c5b83c1ac2aaddb7d217c711b27315d2.php 第 263 行.
NOTIC: [8] Undefined variable: goodsInfo D:\wampp\htdocs\enterprise\Application\Runtime\Cache\Admin\c5b83c1ac2aaddb7d217c711b27315d2.php 第 270 行.
INFO: Run Behavior\ParseTemplateBehavior [ RunTime:0.014001s ]
INFO: [ view_parse ] --END-- [ RunTime:0.014001s ]
INFO: [ view_filter ] --START--
INFO: Run Behavior\WriteHtmlCacheBehavior [ RunTime:0.000000s ]
INFO: [ view_filter ] --END-- [ RunTime:0.001000s ]
INFO: [ app_end ] --START--
INFO: Run Behavior\ShowPageTraceBehavior [ RunTime:0.001000s ]
INFO: [ app_end ] --END-- [ RunTime:0.001000s ]

[ 2018-01-19T13:16:59+08:00 ] ::1 /enterprise/index.php/Admin/Goods/addEditGoods
INFO: [ app_init ] --START--
INFO: Run Behavior\BuildLiteBehavior [ RunTime:0.000000s ]
INFO: [ app_init ] --END-- [ RunTime:0.001000s ]
INFO: [ app_begin ] --START--
INFO: Run Behavior\ReadHtmlCacheBehavior [ RunTime:0.001000s ]
INFO: [ app_begin ] --END-- [ RunTime:0.001000s ]
SQL: SHOW COLUMNS FROM `config` [ RunTime:0.0030s ]
SQL: SELECT * FROM `config`  [ RunTime:0.0000s ]
SQL: SHOW COLUMNS FROM `goods` [ RunTime:0.0020s ]
SQL: INSERT INTO `goods` (`goods_name`,`goods_remark`,`goods_sn`,`cat_id`,`keywords`,`is_recommend`,`original_img`,`market_price`,`shop_price`,`cost_price`,`store_count`,`weight`,`goods_content`,`regtime`) VALUES ('agtarg','dsagds','adsgadf','9','','0','[\"\\/enterprise\\/uploads\\/image\\/20180119\\/20180119131654_35809.jpg\"]','','55','','0','0','fdhbsfdnsg','1516339019') [ RunTime:0.0160s ]
INFO: [ view_parse ] --START--
INFO: Run Behavior\ParseTemplateBehavior [ RunTime:0.001000s ]
INFO: [ view_parse ] --END-- [ RunTime:0.001000s ]
INFO: [ view_filter ] --START--
INFO: Run Behavior\WriteHtmlCacheBehavior [ RunTime:0.001000s ]
INFO: [ view_filter ] --END-- [ RunTime:0.001000s ]

[ 2018-01-19T13:17:00+08:00 ] ::1 /enterprise/index.php/Admin/Goods/goodsList.html
INFO: [ app_init ] --START--
INFO: Run Behavior\BuildLiteBehavior [ RunTime:0.000000s ]
INFO: [ app_init ] --END-- [ RunTime:0.000000s ]
INFO: [ app_begin ] --START--
INFO: Run Behavior\ReadHtmlCacheBehavior [ RunTime:0.000000s ]
INFO: [ app_begin ] --END-- [ RunTime:0.000000s ]
SQL: SHOW COLUMNS FROM `config` [ RunTime:0.0030s ]
SQL: SELECT * FROM `config`  [ RunTime:0.0000s ]
INFO: [ view_parse ] --START--
INFO: [ template_filter ] --START--
INFO: Run Behavior\ContentReplaceBehavior [ RunTime:0.000000s ]
INFO: [ template_filter ] --END-- [ RunTime:0.000000s ]
NOTIC: [8] Undefined variable: navigate_admin D:\wampp\htdocs\enterprise\Application\Runtime\Cache\Admin\3268fbbbd0eb3ffe30140f78ff508f86.php 第 68 行.
INFO: Run Behavior\ParseTemplateBehavior [ RunTime:0.010001s ]
INFO: [ view_parse ] --END-- [ RunTime:0.011001s ]
INFO: [ view_filter ] --START--
INFO: Run Behavior\WriteHtmlCacheBehavior [ RunTime:0.001000s ]
INFO: [ view_filter ] --END-- [ RunTime:0.001000s ]
INFO: [ app_end ] --START--
INFO: Run Behavior\ShowPageTraceBehavior [ RunTime:0.001000s ]
INFO: [ app_end ] --END-- [ RunTime:0.001000s ]

[ 2018-01-19T13:17:01+08:00 ] ::1 /enterprise/index.php/Admin/Goods/ajaxGoodsList.html?p=1
INFO: [ app_init ] --START--
INFO: Run Behavior\BuildLiteBehavior [ RunTime:0.000000s ]
INFO: [ app_init ] --END-- [ RunTime:0.000000s ]
INFO: [ app_begin ] --START--
INFO: Run Behavior\ReadHtmlCacheBehavior [ RunTime:0.001000s ]
INFO: [ app_begin ] --END-- [ RunTime:0.001000s ]
SQL: SHOW COLUMNS FROM `config` [ RunTime:0.0070s ]
SQL: SELECT * FROM `config`  [ RunTime:0.0010s ]
SQL: SHOW COLUMNS FROM `goods` [ RunTime:0.0030s ]
SQL: SELECT COUNT(*) AS tp_count FROM `goods` LIMIT 1   [ RunTime:0.0010s ]
SQL: SELECT * FROM `goods` ORDER BY goods_id desc LIMIT 0,10   [ RunTime:0.0000s ]
INFO: [ view_parse ] --START--
INFO: [ template_filter ] --START--
INFO: Run Behavior\ContentReplaceBehavior [ RunTime:0.000000s ]
INFO: [ template_filter ] --END-- [ RunTime:0.000000s ]
NOTIC: [8] Use of undefined constant goods_id - assumed 'goods_id' D:\wampp\htdocs\enterprise\Application\Runtime\Cache\Admin\904a25b5eb876e612ef13e8d5a7b0bef.php 第 68 行.
NOTIC: [8] Use of undefined constant goods_id - assumed 'goods_id' D:\wampp\htdocs\enterprise\Application\Runtime\Cache\Admin\904a25b5eb876e612ef13e8d5a7b0bef.php 第 68 行.
NOTIC: [8] Use of undefined constant goods_id - assumed 'goods_id' D:\wampp\htdocs\enterprise\Application\Runtime\Cache\Admin\904a25b5eb876e612ef13e8d5a7b0bef.php 第 68 行.
NOTIC: [8] Use of undefined constant goods_id - assumed 'goods_id' D:\wampp\htdocs\enterprise\Application\Runtime\Cache\Admin\904a25b5eb876e612ef13e8d5a7b0bef.php 第 68 行.
NOTIC: [8] Use of undefined constant goods_id - assumed 'goods_id' D:\wampp\htdocs\enterprise\Application\Runtime\Cache\Admin\904a25b5eb876e612ef13e8d5a7b0bef.php 第 68 行.
NOTIC: [8] Use of undefined constant goods_id - assumed 'goods_id' D:\wampp\htdocs\enterprise\Application\Runtime\Cache\Admin\904a25b5eb876e612ef13e8d5a7b0bef.php 第 68 行.
NOTIC: [8] Use of undefined constant goods_id - assumed 'goods_id' D:\wampp\htdocs\enterprise\Application\Runtime\Cache\Admin\904a25b5eb876e612ef13e8d5a7b0bef.php 第 68 行.
NOTIC: [8] Use of undefined constant goods_id - assumed 'goods_id' D:\wampp\htdocs\enterprise\Application\Runtime\Cache\Admin\904a25b5eb876e612ef13e8d5a7b0bef.php 第 68 行.
NOTIC: [8] Use of undefined constant goods_id - assumed 'goods_id' D:\wampp\htdocs\enterprise\Application\Runtime\Cache\Admin\904a25b5eb876e612ef13e8d5a7b0bef.php 第 68 行.
INFO: Run Behavior\ParseTemplateBehavior [ RunTime:0.009000s ]
INFO: [ view_parse ] --END-- [ RunTime:0.009000s ]
INFO: [ view_filter ] --START--
INFO: Run Behavior\WriteHtmlCacheBehavior [ RunTime:0.003000s ]
INFO: [ view_filter ] --END-- [ RunTime:0.003000s ]
INFO: [ app_end ] --START--
INFO: Run Behavior\ShowPageTraceBehavior [ RunTime:0.002000s ]
INFO: [ app_end ] --END-- [ RunTime:0.002000s ]

