[ 2018-03-27T09:16:20+08:00 ] ::1 /enterprise/index.php/Admin/Main/index.html
INFO: [ app_init ] --START--
INFO: Run Behavior\BuildLiteBehavior [ RunTime:0.000000s ]
INFO: [ app_init ] --END-- [ RunTime:0.030002s ]
INFO: [ app_begin ] --START--
INFO: Run Behavior\ReadHtmlCacheBehavior [ RunTime:0.014001s ]
INFO: [ app_begin ] --END-- [ RunTime:0.014001s ]
INFO: [ view_parse ] --START--
INFO: [ template_filter ] --START--
INFO: Run Behavior\ContentReplaceBehavior [ RunTime:0.002000s ]
INFO: [ template_filter ] --END-- [ RunTime:0.002000s ]
NOTIC: [8] Undefined variable: store_name D:\wampp\htdocs\enterprise\Application\Runtime\Cache\Admin\4ed8841c37f0d99bc82cb2d1f226ebaa.php 第 5 行.
NOTIC: [8] Undefined variable: store_name D:\wampp\htdocs\enterprise\Application\Runtime\Cache\Admin\4ed8841c37f0d99bc82cb2d1f226ebaa.php 第 39 行.
NOTIC: [8] Undefined variable: store_name D:\wampp\htdocs\enterprise\Application\Runtime\Cache\Admin\4ed8841c37f0d99bc82cb2d1f226ebaa.php 第 41 行.
INFO: Run Behavior\ParseTemplateBehavior [ RunTime:0.131008s ]
INFO: [ view_parse ] --END-- [ RunTime:0.131008s ]
INFO: [ view_filter ] --START--
INFO: Run Behavior\WriteHtmlCacheBehavior [ RunTime:0.001000s ]
INFO: [ view_filter ] --END-- [ RunTime:0.001000s ]

[ 2018-03-27T09:16:25+08:00 ] ::1 /enterprise/index.php/Admin/Index/index.html
INFO: [ app_init ] --START--
INFO: Run Behavior\BuildLiteBehavior [ RunTime:0.000000s ]
INFO: [ app_init ] --END-- [ RunTime:0.001000s ]
INFO: [ app_begin ] --START--
INFO: Run Behavior\ReadHtmlCacheBehavior [ RunTime:0.001000s ]
INFO: [ app_begin ] --END-- [ RunTime:0.001000s ]
SQL: SHOW COLUMNS FROM `config` [ RunTime:0.3310s ]
SQL: SELECT * FROM `config`  [ RunTime:0.0310s ]
INFO: [ view_parse ] --START--
INFO: [ template_filter ] --START--
INFO: Run Behavior\ContentReplaceBehavior [ RunTime:0.001000s ]
INFO: [ template_filter ] --END-- [ RunTime:0.001000s ]
INFO: Run Behavior\ParseTemplateBehavior [ RunTime:0.024002s ]
INFO: [ view_parse ] --END-- [ RunTime:0.024002s ]
INFO: [ view_filter ] --START--
INFO: Run Behavior\WriteHtmlCacheBehavior [ RunTime:0.000000s ]
INFO: [ view_filter ] --END-- [ RunTime:0.000000s ]
INFO: [ app_end ] --START--
INFO: Run Behavior\ShowPageTraceBehavior [ RunTime:0.021001s ]
INFO: [ app_end ] --END-- [ RunTime:0.021001s ]

[ 2018-03-27T09:16:27+08:00 ] ::1 /enterprise/index.php/Admin/Index/verify.html
INFO: [ app_init ] --START--
INFO: Run Behavior\BuildLiteBehavior [ RunTime:0.000000s ]
INFO: [ app_init ] --END-- [ RunTime:0.001000s ]
INFO: [ app_begin ] --START--
INFO: Run Behavior\ReadHtmlCacheBehavior [ RunTime:0.001000s ]
INFO: [ app_begin ] --END-- [ RunTime:0.001000s ]
SQL: SHOW COLUMNS FROM `config` [ RunTime:0.0030s ]
SQL: SELECT * FROM `config`  [ RunTime:0.0000s ]
INFO: [ app_end ] --START--
INFO: Run Behavior\ShowPageTraceBehavior [ RunTime:0.000000s ]
INFO: [ app_end ] --END-- [ RunTime:0.000000s ]

[ 2018-03-27T09:16:40+08:00 ] ::1 /enterprise/index.php/Admin/Index/login.html
INFO: [ app_init ] --START--
INFO: Run Behavior\BuildLiteBehavior [ RunTime:0.000000s ]
INFO: [ app_init ] --END-- [ RunTime:0.000000s ]
INFO: [ app_begin ] --START--
INFO: Run Behavior\ReadHtmlCacheBehavior [ RunTime:0.001000s ]
INFO: [ app_begin ] --END-- [ RunTime:0.001000s ]
SQL: SHOW COLUMNS FROM `config` [ RunTime:0.0020s ]
SQL: SELECT * FROM `config`  [ RunTime:0.0000s ]
SQL: SHOW COLUMNS FROM `user` [ RunTime:0.1970s ]
SQL: SELECT * FROM `user` WHERE `username` = 'admin' AND `password` = '21232f297a57a5a743894a0e4a801fc3' LIMIT 1   [ RunTime:0.0340s ]
SQL: SHOW COLUMNS FROM `role` [ RunTime:0.0210s ]
NOTIC: [8] Undefined index: mapping_order D:\wampp\htdocs\enterprise\ThinkPHP\Library\Think\Model\RelationModel.class.php 第 186 行.
NOTIC: [8] Undefined index: mapping_limit D:\wampp\htdocs\enterprise\ThinkPHP\Library\Think\Model\RelationModel.class.php 第 187 行.
NOTIC: [8] Undefined index: relation_foreign_key D:\wampp\htdocs\enterprise\ThinkPHP\Library\Think\Model\RelationModel.class.php 第 188 行.
SQL: SELECT b.name,id FROM role_user AS a, role AS b WHERE a.Role_id = b.id AND a. user_id='1' [ RunTime:0.0590s ]
SQL: UPDATE `user` SET `logintime`='1522113400',`loginIP`='::1' WHERE ( id=1 ) [ RunTime:0.0530s ]
SQL: SHOW COLUMNS FROM `login_log` [ RunTime:0.0270s ]
SQL: INSERT INTO `login_log` (`user_id`,`log_time`,`log_ip`) VALUES ('1','1522113400','::1') [ RunTime:0.0080s ]
NOTIC: [8] Undefined index: name D:\wampp\htdocs\enterprise\Application\Admin\Controller\IndexController.class.php 第 83 行.
INFO: [ view_parse ] --START--
INFO: [ template_filter ] --START--
INFO: Run Behavior\ContentReplaceBehavior [ RunTime:0.000000s ]
INFO: [ template_filter ] --END-- [ RunTime:0.000000s ]
INFO: Run Behavior\ParseTemplateBehavior [ RunTime:0.006001s ]
INFO: [ view_parse ] --END-- [ RunTime:0.007001s ]
INFO: [ view_filter ] --START--
INFO: Run Behavior\WriteHtmlCacheBehavior [ RunTime:0.000000s ]
INFO: [ view_filter ] --END-- [ RunTime:0.000000s ]
INFO: [ app_end ] --START--
INFO: Run Behavior\ShowPageTraceBehavior [ RunTime:0.001000s ]
INFO: [ app_end ] --END-- [ RunTime:0.001000s ]

[ 2018-03-27T09:16:41+08:00 ] ::1 /enterprise/index.php/Admin/Main/index.html
INFO: [ app_init ] --START--
INFO: Run Behavior\BuildLiteBehavior [ RunTime:0.000000s ]
INFO: [ app_init ] --END-- [ RunTime:0.000000s ]
INFO: [ app_begin ] --START--
INFO: Run Behavior\ReadHtmlCacheBehavior [ RunTime:0.001000s ]
INFO: [ app_begin ] --END-- [ RunTime:0.001000s ]
SQL: SHOW COLUMNS FROM `config` [ RunTime:0.0050s ]
SQL: SELECT * FROM `config`  [ RunTime:0.0000s ]
SQL: SHOW COLUMNS FROM `node` [ RunTime:0.0290s ]
SQL: SELECT * FROM `node` WHERE ( level = 2 ) ORDER BY sort  [ RunTime:0.0000s ]
SQL: SELECT * FROM `node` WHERE ( 1=1 AND pid='27' ) ORDER BY sort  [ RunTime:0.0010s ]
SQL: SELECT * FROM `node` WHERE ( 1=1 AND pid='55' ) ORDER BY sort  [ RunTime:0.0010s ]
SQL: SELECT * FROM `node` WHERE ( 1=1 AND pid='40' ) ORDER BY sort  [ RunTime:0.0010s ]
SQL: SELECT * FROM `node` WHERE ( 1=1 AND pid='34' ) ORDER BY sort  [ RunTime:0.0000s ]
SQL: SELECT * FROM `node` WHERE ( 1=1 AND pid='68' ) ORDER BY sort  [ RunTime:0.0020s ]
SQL: SELECT * FROM `node` WHERE ( 1=1 AND pid='23' ) ORDER BY sort  [ RunTime:0.0000s ]
SQL: SELECT * FROM `node` WHERE ( 1=1 AND pid='2' ) ORDER BY sort  [ RunTime:0.0260s ]
SQL: SELECT * FROM `node` WHERE ( 1=1 AND pid='31' ) ORDER BY sort  [ RunTime:0.0000s ]
INFO: [ view_parse ] --START--
INFO: [ template_filter ] --START--
INFO: Run Behavior\ContentReplaceBehavior [ RunTime:0.000000s ]
INFO: [ template_filter ] --END-- [ RunTime:0.000000s ]
NOTIC: [8] Undefined variable: order_amount D:\wampp\htdocs\enterprise\Application\Runtime\Cache\Admin\ceb25a752d454a3315706634952427db.php 第 225 行.
INFO: Run Behavior\ParseTemplateBehavior [ RunTime:0.052003s ]
INFO: [ view_parse ] --END-- [ RunTime:0.052003s ]
INFO: [ view_filter ] --START--
INFO: Run Behavior\WriteHtmlCacheBehavior [ RunTime:0.000000s ]
INFO: [ view_filter ] --END-- [ RunTime:0.001000s ]
INFO: [ app_end ] --START--
INFO: Run Behavior\ShowPageTraceBehavior [ RunTime:0.001000s ]
INFO: [ app_end ] --END-- [ RunTime:0.001000s ]

[ 2018-03-27T09:16:42+08:00 ] ::1 /enterprise/index.php/Admin/Main/welcome.html
INFO: [ app_init ] --START--
INFO: Run Behavior\BuildLiteBehavior [ RunTime:0.000000s ]
INFO: [ app_init ] --END-- [ RunTime:0.001000s ]
INFO: [ app_begin ] --START--
INFO: Run Behavior\ReadHtmlCacheBehavior [ RunTime:0.000000s ]
INFO: [ app_begin ] --END-- [ RunTime:0.000000s ]
SQL: SHOW COLUMNS FROM `config` [ RunTime:0.0020s ]
SQL: SELECT * FROM `config`  [ RunTime:0.0000s ]
SQL: SELECT VERSION() as version [ RunTime:0.0230s ]
NOTIC: [8] Undefined index: version D:\wampp\htdocs\enterprise\Application\Admin\Controller\MainController.class.php 第 114 行.
INFO: [ view_parse ] --START--
INFO: [ template_filter ] --START--
INFO: Run Behavior\ContentReplaceBehavior [ RunTime:0.000000s ]
INFO: [ template_filter ] --END-- [ RunTime:0.000000s ]
NOTIC: [8] Undefined variable: navigate_admin D:\wampp\htdocs\enterprise\Application\Runtime\Cache\Admin\89a96b9380e94957b60a130fd4752dc8.php 第 68 行.
NOTIC: [8] Undefined index: handle_order D:\wampp\htdocs\enterprise\Application\Runtime\Cache\Admin\89a96b9380e94957b60a130fd4752dc8.php 第 81 行.
NOTIC: [8] Undefined index: goods D:\wampp\htdocs\enterprise\Application\Runtime\Cache\Admin\89a96b9380e94957b60a130fd4752dc8.php 第 90 行.
NOTIC: [8] Undefined index: article D:\wampp\htdocs\enterprise\Application\Runtime\Cache\Admin\89a96b9380e94957b60a130fd4752dc8.php 第 99 行.
NOTIC: [8] Undefined index: users D:\wampp\htdocs\enterprise\Application\Runtime\Cache\Admin\89a96b9380e94957b60a130fd4752dc8.php 第 108 行.
NOTIC: [8] Undefined index: new_order D:\wampp\htdocs\enterprise\Application\Runtime\Cache\Admin\89a96b9380e94957b60a130fd4752dc8.php 第 123 行.
NOTIC: [8] Undefined index: today_login D:\wampp\htdocs\enterprise\Application\Runtime\Cache\Admin\89a96b9380e94957b60a130fd4752dc8.php 第 126 行.
NOTIC: [8] Undefined index: new_users D:\wampp\htdocs\enterprise\Application\Runtime\Cache\Admin\89a96b9380e94957b60a130fd4752dc8.php 第 129 行.
NOTIC: [8] Undefined index: comment D:\wampp\htdocs\enterprise\Application\Runtime\Cache\Admin\89a96b9380e94957b60a130fd4752dc8.php 第 132 行.
INFO: Run Behavior\ParseTemplateBehavior [ RunTime:0.044002s ]
INFO: [ view_parse ] --END-- [ RunTime:0.044002s ]
INFO: [ view_filter ] --START--
INFO: Run Behavior\WriteHtmlCacheBehavior [ RunTime:0.000000s ]
INFO: [ view_filter ] --END-- [ RunTime:0.000000s ]
INFO: [ app_end ] --START--
INFO: Run Behavior\ShowPageTraceBehavior [ RunTime:0.004000s ]
INFO: [ app_end ] --END-- [ RunTime:0.004000s ]

[ 2018-03-27T09:16:59+08:00 ] ::1 /enterprise/index.php/Admin/Comment/index
INFO: [ app_init ] --START--
INFO: Run Behavior\BuildLiteBehavior [ RunTime:0.000000s ]
INFO: [ app_init ] --END-- [ RunTime:0.000000s ]
INFO: [ app_begin ] --START--
INFO: Run Behavior\ReadHtmlCacheBehavior [ RunTime:0.000000s ]
INFO: [ app_begin ] --END-- [ RunTime:0.000000s ]
SQL: SHOW COLUMNS FROM `config` [ RunTime:0.0020s ]
SQL: SELECT * FROM `config`  [ RunTime:0.0010s ]
INFO: [ view_parse ] --START--
INFO: [ template_filter ] --START--
INFO: Run Behavior\ContentReplaceBehavior [ RunTime:0.001001s ]
INFO: [ template_filter ] --END-- [ RunTime:0.001001s ]
NOTIC: [8] Undefined variable: navigate_admin D:\wampp\htdocs\enterprise\Application\Runtime\Cache\Admin\9422665904e471006147a1d12ed26ddc.php 第 68 行.
NOTIC: [8] Undefined variable: mid D:\wampp\htdocs\enterprise\Application\Runtime\Cache\Admin\9422665904e471006147a1d12ed26ddc.php 第 102 行.
INFO: Run Behavior\ParseTemplateBehavior [ RunTime:0.008001s ]
INFO: [ view_parse ] --END-- [ RunTime:0.008001s ]
INFO: [ view_filter ] --START--
INFO: Run Behavior\WriteHtmlCacheBehavior [ RunTime:0.000000s ]
INFO: [ view_filter ] --END-- [ RunTime:0.000000s ]
INFO: [ app_end ] --START--
INFO: Run Behavior\ShowPageTraceBehavior [ RunTime:0.001000s ]
INFO: [ app_end ] --END-- [ RunTime:0.001000s ]

[ 2018-03-27T09:16:59+08:00 ] ::1 /enterprise/index.php/Admin/Comment/ajaxindex.html?p=1
INFO: [ app_init ] --START--
INFO: Run Behavior\BuildLiteBehavior [ RunTime:0.000000s ]
INFO: [ app_init ] --END-- [ RunTime:0.001000s ]
INFO: [ app_begin ] --START--
INFO: Run Behavior\ReadHtmlCacheBehavior [ RunTime:0.001000s ]
INFO: [ app_begin ] --END-- [ RunTime:0.001000s ]
SQL: SHOW COLUMNS FROM `config` [ RunTime:0.0020s ]
SQL: SELECT * FROM `config`  [ RunTime:0.0000s ]
ERR: 1146:Table 'testqiye.commentlist' doesn't exist
 [ SQL语句 ] : SHOW COLUMNS FROM `commentlist`
ERR: 1146:Table 'testqiye.commentlist' doesn't exist
 [ SQL语句 ] : SHOW COLUMNS FROM `commentlist`

[ 2018-03-27T09:17:02+08:00 ] ::1 /enterprise/index.php/Admin/Goods/goodsList
INFO: [ app_init ] --START--
INFO: Run Behavior\BuildLiteBehavior [ RunTime:0.000000s ]
INFO: [ app_init ] --END-- [ RunTime:0.000000s ]
INFO: [ app_begin ] --START--
INFO: Run Behavior\ReadHtmlCacheBehavior [ RunTime:0.001000s ]
INFO: [ app_begin ] --END-- [ RunTime:0.001000s ]
SQL: SHOW COLUMNS FROM `config` [ RunTime:0.0020s ]
SQL: SELECT * FROM `config`  [ RunTime:0.0010s ]
INFO: [ view_parse ] --START--
INFO: [ template_filter ] --START--
INFO: Run Behavior\ContentReplaceBehavior [ RunTime:0.000000s ]
INFO: [ template_filter ] --END-- [ RunTime:0.000000s ]
NOTIC: [8] Undefined variable: navigate_admin D:\wampp\htdocs\enterprise\Application\Runtime\Cache\Admin\3268fbbbd0eb3ffe30140f78ff508f86.php 第 68 行.
INFO: Run Behavior\ParseTemplateBehavior [ RunTime:0.049002s ]
INFO: [ view_parse ] --END-- [ RunTime:0.049002s ]
INFO: [ view_filter ] --START--
INFO: Run Behavior\WriteHtmlCacheBehavior [ RunTime:0.000000s ]
INFO: [ view_filter ] --END-- [ RunTime:0.000000s ]
INFO: [ app_end ] --START--
INFO: Run Behavior\ShowPageTraceBehavior [ RunTime:0.001000s ]
INFO: [ app_end ] --END-- [ RunTime:0.001000s ]

[ 2018-03-27T09:17:02+08:00 ] ::1 /enterprise/index.php/Admin/Goods/ajaxGoodsList.html?p=1
INFO: [ app_init ] --START--
INFO: Run Behavior\BuildLiteBehavior [ RunTime:0.000000s ]
INFO: [ app_init ] --END-- [ RunTime:0.000000s ]
INFO: [ app_begin ] --START--
INFO: Run Behavior\ReadHtmlCacheBehavior [ RunTime:0.001000s ]
INFO: [ app_begin ] --END-- [ RunTime:0.001000s ]
SQL: SHOW COLUMNS FROM `config` [ RunTime:0.0020s ]
SQL: SELECT * FROM `config`  [ RunTime:0.0000s ]
SQL: SHOW COLUMNS FROM `goods` [ RunTime:0.0900s ]
SQL: SELECT COUNT(*) AS tp_count FROM `goods` LIMIT 1   [ RunTime:0.0140s ]
SQL: SELECT * FROM `goods` ORDER BY goods_id desc LIMIT 0,10   [ RunTime:0.0130s ]
INFO: [ view_parse ] --START--
INFO: [ template_filter ] --START--
INFO: Run Behavior\ContentReplaceBehavior [ RunTime:0.000000s ]
INFO: [ template_filter ] --END-- [ RunTime:0.000000s ]
NOTIC: [8] Use of undefined constant goods_id - assumed 'goods_id' D:\wampp\htdocs\enterprise\Application\Runtime\Cache\Admin\904a25b5eb876e612ef13e8d5a7b0bef.php 第 68 行.
NOTIC: [8] Use of undefined constant goods_id - assumed 'goods_id' D:\wampp\htdocs\enterprise\Application\Runtime\Cache\Admin\904a25b5eb876e612ef13e8d5a7b0bef.php 第 68 行.
NOTIC: [8] Use of undefined constant goods_id - assumed 'goods_id' D:\wampp\htdocs\enterprise\Application\Runtime\Cache\Admin\904a25b5eb876e612ef13e8d5a7b0bef.php 第 68 行.
NOTIC: [8] Use of undefined constant goods_id - assumed 'goods_id' D:\wampp\htdocs\enterprise\Application\Runtime\Cache\Admin\904a25b5eb876e612ef13e8d5a7b0bef.php 第 68 行.
NOTIC: [8] Use of undefined constant goods_id - assumed 'goods_id' D:\wampp\htdocs\enterprise\Application\Runtime\Cache\Admin\904a25b5eb876e612ef13e8d5a7b0bef.php 第 68 行.
NOTIC: [8] Use of undefined constant goods_id - assumed 'goods_id' D:\wampp\htdocs\enterprise\Application\Runtime\Cache\Admin\904a25b5eb876e612ef13e8d5a7b0bef.php 第 68 行.
NOTIC: [8] Use of undefined constant goods_id - assumed 'goods_id' D:\wampp\htdocs\enterprise\Application\Runtime\Cache\Admin\904a25b5eb876e612ef13e8d5a7b0bef.php 第 68 行.
NOTIC: [8] Use of undefined constant goods_id - assumed 'goods_id' D:\wampp\htdocs\enterprise\Application\Runtime\Cache\Admin\904a25b5eb876e612ef13e8d5a7b0bef.php 第 68 行.
NOTIC: [8] Use of undefined constant goods_id - assumed 'goods_id' D:\wampp\htdocs\enterprise\Application\Runtime\Cache\Admin\904a25b5eb876e612ef13e8d5a7b0bef.php 第 68 行.
INFO: Run Behavior\ParseTemplateBehavior [ RunTime:0.023002s ]
INFO: [ view_parse ] --END-- [ RunTime:0.023002s ]
INFO: [ view_filter ] --START--
INFO: Run Behavior\WriteHtmlCacheBehavior [ RunTime:0.000000s ]
INFO: [ view_filter ] --END-- [ RunTime:0.000000s ]
INFO: [ app_end ] --START--
INFO: Run Behavior\ShowPageTraceBehavior [ RunTime:0.001000s ]
INFO: [ app_end ] --END-- [ RunTime:0.001000s ]

[ 2018-03-27T09:17:30+08:00 ] ::1 /enterprise/index.php/Admin/Department/index
INFO: [ app_init ] --START--
INFO: Run Behavior\BuildLiteBehavior [ RunTime:0.000000s ]
INFO: [ app_init ] --END-- [ RunTime:0.001000s ]
INFO: [ app_begin ] --START--
INFO: Run Behavior\ReadHtmlCacheBehavior [ RunTime:0.001000s ]
INFO: [ app_begin ] --END-- [ RunTime:0.001000s ]
SQL: SHOW COLUMNS FROM `config` [ RunTime:0.0020s ]
SQL: SELECT * FROM `config`  [ RunTime:0.0010s ]
INFO: [ view_parse ] --START--
INFO: [ template_filter ] --START--
INFO: Run Behavior\ContentReplaceBehavior [ RunTime:0.000000s ]
INFO: [ template_filter ] --END-- [ RunTime:0.000000s ]
NOTIC: [8] Undefined variable: navigate_admin D:\wampp\htdocs\enterprise\Application\Runtime\Cache\Admin\2dbbfc7cc9356e8aaacba4b83c676c79.php 第 75 行.
INFO: Run Behavior\ParseTemplateBehavior [ RunTime:0.037002s ]
INFO: [ view_parse ] --END-- [ RunTime:0.037002s ]
INFO: [ view_filter ] --START--
INFO: Run Behavior\WriteHtmlCacheBehavior [ RunTime:0.001000s ]
INFO: [ view_filter ] --END-- [ RunTime:0.001000s ]
INFO: [ app_end ] --START--
INFO: Run Behavior\ShowPageTraceBehavior [ RunTime:0.000000s ]
INFO: [ app_end ] --END-- [ RunTime:0.000000s ]

[ 2018-03-27T09:17:31+08:00 ] ::1 /enterprise/index.php/Admin/Department/ajaxindex.html?p=1
INFO: [ app_init ] --START--
INFO: Run Behavior\BuildLiteBehavior [ RunTime:0.000000s ]
INFO: [ app_init ] --END-- [ RunTime:0.001000s ]
INFO: [ app_begin ] --START--
INFO: Run Behavior\ReadHtmlCacheBehavior [ RunTime:0.001000s ]
INFO: [ app_begin ] --END-- [ RunTime:0.001000s ]
SQL: SHOW COLUMNS FROM `config` [ RunTime:0.0020s ]
SQL: SELECT * FROM `config`  [ RunTime:0.0000s ]
SQL: SHOW COLUMNS FROM `department` [ RunTime:0.1050s ]
SQL: SELECT COUNT(*) AS tp_count FROM `department` LIMIT 1   [ RunTime:0.0010s ]
SQL: SELECT * FROM `department` LIMIT 0,10   [ RunTime:0.0010s ]
INFO: [ view_parse ] --START--
INFO: [ template_filter ] --START--
INFO: Run Behavior\ContentReplaceBehavior [ RunTime:0.000000s ]
INFO: [ template_filter ] --END-- [ RunTime:0.000000s ]
INFO: Run Behavior\ParseTemplateBehavior [ RunTime:0.014001s ]
INFO: [ view_parse ] --END-- [ RunTime:0.014001s ]
INFO: [ view_filter ] --START--
INFO: Run Behavior\WriteHtmlCacheBehavior [ RunTime:0.001000s ]
INFO: [ view_filter ] --END-- [ RunTime:0.001000s ]
INFO: [ app_end ] --START--
INFO: Run Behavior\ShowPageTraceBehavior [ RunTime:0.000000s ]
INFO: [ app_end ] --END-- [ RunTime:0.000000s ]

[ 2018-03-27T09:17:32+08:00 ] ::1 /enterprise/index.php/Admin/Department/recruiList
INFO: [ app_init ] --START--
INFO: Run Behavior\BuildLiteBehavior [ RunTime:0.000000s ]
INFO: [ app_init ] --END-- [ RunTime:0.000000s ]
INFO: [ app_begin ] --START--
INFO: Run Behavior\ReadHtmlCacheBehavior [ RunTime:0.000000s ]
INFO: [ app_begin ] --END-- [ RunTime:0.000000s ]
SQL: SHOW COLUMNS FROM `config` [ RunTime:0.0040s ]
SQL: SELECT * FROM `config`  [ RunTime:0.0000s ]
INFO: [ view_parse ] --START--
INFO: [ template_filter ] --START--
INFO: Run Behavior\ContentReplaceBehavior [ RunTime:0.000000s ]
INFO: [ template_filter ] --END-- [ RunTime:0.000000s ]
NOTIC: [8] Undefined variable: navigate_admin D:\wampp\htdocs\enterprise\Application\Runtime\Cache\Admin\557c373045578bf8c883721a43f9ce6d.php 第 74 行.
NOTIC: [8] Undefined variable: projArr D:\wampp\htdocs\enterprise\Application\Runtime\Cache\Admin\557c373045578bf8c883721a43f9ce6d.php 第 90 行.
NOTIC: [8] Undefined variable: projArr D:\wampp\htdocs\enterprise\Application\Runtime\Cache\Admin\557c373045578bf8c883721a43f9ce6d.php 第 129 行.
INFO: Run Behavior\ParseTemplateBehavior [ RunTime:0.022002s ]
INFO: [ view_parse ] --END-- [ RunTime:0.022002s ]
INFO: [ view_filter ] --START--
INFO: Run Behavior\WriteHtmlCacheBehavior [ RunTime:0.000000s ]
INFO: [ view_filter ] --END-- [ RunTime:0.000000s ]
INFO: [ app_end ] --START--
INFO: Run Behavior\ShowPageTraceBehavior [ RunTime:0.001000s ]
INFO: [ app_end ] --END-- [ RunTime:0.001000s ]

[ 2018-03-27T09:17:32+08:00 ] ::1 /enterprise/index.php/Admin/Department/ajaxRecruiList.html?p=1
INFO: [ app_init ] --START--
INFO: Run Behavior\BuildLiteBehavior [ RunTime:0.000000s ]
INFO: [ app_init ] --END-- [ RunTime:0.001000s ]
INFO: [ app_begin ] --START--
INFO: Run Behavior\ReadHtmlCacheBehavior [ RunTime:0.000000s ]
INFO: [ app_begin ] --END-- [ RunTime:0.000000s ]
SQL: SHOW COLUMNS FROM `config` [ RunTime:0.0030s ]
SQL: SELECT * FROM `config`  [ RunTime:0.0010s ]
SQL: SHOW COLUMNS FROM `recruitment` [ RunTime:0.0640s ]
SQL: SELECT COUNT(*) AS tp_count FROM `recruitment` LIMIT 1   [ RunTime:0.0010s ]
SQL: SELECT * FROM `recruitment` ORDER BY regtime desc LIMIT 0,10   [ RunTime:0.0010s ]
SQL: SHOW COLUMNS FROM `department` [ RunTime:0.0020s ]
SQL: SELECT `title`,`head` FROM `department` WHERE ( 1=1 AND id='1' ) LIMIT 1   [ RunTime:0.0000s ]
SQL: SELECT `title`,`head` FROM `department` WHERE ( 1=1 AND id='1' ) LIMIT 1   [ RunTime:0.0000s ]
SQL: SELECT `title`,`head` FROM `department` WHERE ( 1=1 AND id='1' ) LIMIT 1   [ RunTime:0.0000s ]
SQL: SELECT `title`,`head` FROM `department` WHERE ( 1=1 AND id='1' ) LIMIT 1   [ RunTime:0.0000s ]
SQL: SELECT `title`,`head` FROM `department` WHERE ( 1=1 AND id='1' ) LIMIT 1   [ RunTime:0.0000s ]
SQL: SELECT `title`,`head` FROM `department` WHERE ( 1=1 AND id='1' ) LIMIT 1   [ RunTime:0.0010s ]
SQL: SELECT `title`,`head` FROM `department` WHERE ( 1=1 AND id='1' ) LIMIT 1   [ RunTime:0.0000s ]
SQL: SELECT `title`,`head` FROM `department` WHERE ( 1=1 AND id='1' ) LIMIT 1   [ RunTime:0.0000s ]
SQL: SELECT `title`,`head` FROM `department` WHERE ( 1=1 AND id='1' ) LIMIT 1   [ RunTime:0.0080s ]
SQL: SELECT `title`,`head` FROM `department` WHERE ( 1=1 AND id='1' ) LIMIT 1   [ RunTime:0.0000s ]
INFO: [ view_parse ] --START--
INFO: [ template_filter ] --START--
INFO: Run Behavior\ContentReplaceBehavior [ RunTime:0.000000s ]
INFO: [ template_filter ] --END-- [ RunTime:0.000000s ]
INFO: Run Behavior\ParseTemplateBehavior [ RunTime:0.021001s ]
INFO: [ view_parse ] --END-- [ RunTime:0.021001s ]
INFO: [ view_filter ] --START--
INFO: Run Behavior\WriteHtmlCacheBehavior [ RunTime:0.001000s ]
INFO: [ view_filter ] --END-- [ RunTime:0.001000s ]
INFO: [ app_end ] --START--
INFO: Run Behavior\ShowPageTraceBehavior [ RunTime:0.001000s ]
INFO: [ app_end ] --END-- [ RunTime:0.001000s ]

[ 2018-03-27T13:13:15+08:00 ] ::1 /enterprise/index.php/Admin/Department/ajaxRecruiList.html?p=1
INFO: [ app_init ] --START--
INFO: Run Behavior\BuildLiteBehavior [ RunTime:0.000000s ]
INFO: [ app_init ] --END-- [ RunTime:0.001000s ]
INFO: [ app_begin ] --START--
INFO: Run Behavior\ReadHtmlCacheBehavior [ RunTime:0.001000s ]
INFO: [ app_begin ] --END-- [ RunTime:0.001000s ]

